2018-03-15 02:11:11,887:INFO: Loading the datasets...
2018-03-15 02:11:11,890:INFO: Names of 14 diseases:
2018-03-15 02:11:11,895:INFO: Epoch 0/9
2018-03-15 02:11:11,895:INFO: ----------
2018-03-15 02:13:33,375:INFO: - Train metrics: total_accuracy: 0.931811 ; loss: 0.201843
2018-03-15 02:13:33,376:INFO: 

2018-03-15 02:13:33,376:INFO: Metric Report for the dev set
2018-03-15 02:14:16,949:INFO: - Eval metrics : total_accuracy: 0.000000 ; loss: 0.196642
2018-03-15 02:14:17,002:INFO: ROC AUC is :
2018-03-15 02:14:17,002:INFO: [0.4680890449214075, 0.49651709353364404, 0.47354416575790625, 0.4841556846537742, 0.5114055788157251, 0.54466970089482, 0.4410904947916667, 0.5001595614874885, 0.454853217703685, 0.4475758697261288, 0.35173922021362464, 0.6615038146888501, 0.46672942899357994, 0.4371472943810891, 0.4098127716482782]
2018-03-15 02:14:17,002:INFO: average ROC_AUC scores :
2018-03-15 02:14:17,002:INFO: 0.4765995294807779
2018-03-15 02:14:17,003:INFO: Found better model!
2018-03-15 02:14:17,008:INFO: 

2018-03-15 02:14:17,008:INFO: Epoch 1/9
2018-03-15 02:14:17,008:INFO: ----------
2018-03-15 02:16:44,946:INFO: - Train metrics: total_accuracy: 0.931783 ; loss: 0.200693
2018-03-15 02:16:44,947:INFO: 

2018-03-15 02:16:44,947:INFO: Metric Report for the dev set
2018-03-15 02:17:28,637:INFO: - Eval metrics : total_accuracy: 0.000000 ; loss: 0.188735
2018-03-15 02:17:28,655:INFO: ROC AUC is :
2018-03-15 02:17:28,656:INFO: [0.5477895688715125, 0.5123577424317842, 0.5123518720465285, 0.551656074547723, 0.5441661682344625, 0.563249396917446, 0.45900390625, 0.5199827298154718, 0.5571061715921529, 0.5465581051073279, 0.6176343601584352, 0.4733661182093942, 0.4917559068502464, 0.40796019900497515, 0.3792209963223002]
2018-03-15 02:17:28,656:INFO: average ROC_AUC scores :
2018-03-15 02:17:28,656:INFO: 0.5122772877573174
2018-03-15 02:17:28,656:INFO: Found better model!
2018-03-15 02:17:28,660:INFO: 

2018-03-15 02:17:28,660:INFO: Epoch 2/9
2018-03-15 02:17:28,660:INFO: ----------
2018-03-15 02:20:10,845:INFO: - Train metrics: total_accuracy: 0.932068 ; loss: 0.200631
2018-03-15 02:20:10,846:INFO: 

2018-03-15 02:20:10,846:INFO: Metric Report for the dev set
2018-03-15 02:21:09,427:INFO: - Eval metrics : total_accuracy: 0.000000 ; loss: 0.232145
2018-03-15 02:21:09,465:INFO: ROC AUC is :
2018-03-15 02:21:09,465:INFO: [0.5514003031995532, 0.540974704737771, 0.5211632133769538, 0.5045390153878145, 0.5553281496384102, 0.5086629986571758, 0.4436783854166666, 0.4823262187681853, 0.43020824562880633, 0.5546336047372317, 0.6038369844756059, 0.46532309954959095, 0.5162005256344879, 0.5389748173831388, 0.5011701771982615]
2018-03-15 02:21:09,465:INFO: average ROC_AUC scores :
2018-03-15 02:21:09,465:INFO: 0.5145613629193103
2018-03-15 02:21:09,466:INFO: 

2018-03-15 02:21:09,466:INFO: Epoch 3/9
2018-03-15 02:21:09,466:INFO: ----------
2018-03-15 02:23:38,081:INFO: - Train metrics: total_accuracy: 0.932182 ; loss: 0.199799
2018-03-15 02:23:38,082:INFO: 

2018-03-15 02:23:38,082:INFO: Metric Report for the dev set
2018-03-15 02:24:23,301:INFO: - Eval metrics : total_accuracy: 0.000000 ; loss: 0.215203
2018-03-15 02:24:23,321:INFO: ROC AUC is :
2018-03-15 02:24:23,321:INFO: [0.45781004813957815, 0.48939997284945014, 0.5538422391857507, 0.5211549958411312, 0.4305366755478223, 0.5555964872669368, 0.44600911458333337, 0.5107281635411387, 0.563420897533047, 0.5910029607698002, 0.3974395074243022, 0.47973159297729573, 0.40879195596176726, 0.40885409612554285, 0.48495486459378134]
2018-03-15 02:24:23,322:INFO: average ROC_AUC scores :
2018-03-15 02:24:23,322:INFO: 0.4866182381560452
2018-03-15 02:24:23,323:INFO: 

2018-03-15 02:24:23,323:INFO: Epoch 4/9
2018-03-15 02:24:23,323:INFO: ----------
2018-03-15 02:26:51,628:INFO: - Train metrics: total_accuracy: 0.933029 ; loss: 0.195327
2018-03-15 02:26:51,629:INFO: 

2018-03-15 02:26:51,629:INFO: Metric Report for the dev set
2018-03-15 02:27:27,681:INFO: - Eval metrics : total_accuracy: 0.000000 ; loss: 0.189349
2018-03-15 02:27:27,701:INFO: ROC AUC is :
2018-03-15 02:27:27,702:INFO: [0.5987691161998989, 0.5836152088329788, 0.5993166121410396, 0.603812512996465, 0.6276483062367463, 0.6043065441884232, 0.4288802083333333, 0.5196823787801993, 0.5854242092559849, 0.6424500370096226, 0.7232265209964146, 0.5710773048993474, 0.4425397821624237, 0.44229848940415883, 0.22885322634570376]
2018-03-15 02:27:27,702:INFO: average ROC_AUC scores :
2018-03-15 02:27:27,702:INFO: 0.5467933638521827
2018-03-15 02:27:27,703:INFO: 

2018-03-15 02:27:27,703:INFO: Epoch 5/9
2018-03-15 02:27:27,703:INFO: ----------
2018-03-15 02:28:57,797:INFO: - Train metrics: total_accuracy: 0.933704 ; loss: 0.193042
2018-03-15 02:28:57,798:INFO: 

2018-03-15 02:28:57,798:INFO: Metric Report for the dev set
2018-03-15 02:29:22,330:INFO: - Eval metrics : total_accuracy: 0.000000 ; loss: 0.183001
2018-03-15 02:29:22,350:INFO: ROC AUC is :
2018-03-15 02:29:22,350:INFO: [0.62514375382324, 0.6117725915199783, 0.6308833151581243, 0.6451997556664587, 0.6544222717633625, 0.6417154876353223, 0.50662109375, 0.506804828142892, 0.5241959248968595, 0.6524944485566248, 0.7878019935799966, 0.5704568434598768, 0.487087958786072, 0.6157055015304602, 0.46146773654296225]
2018-03-15 02:29:22,351:INFO: average ROC_AUC scores :
2018-03-15 02:29:22,351:INFO: 0.5947849003208154
2018-03-15 02:29:22,352:INFO: Found better model!
2018-03-15 02:29:22,356:INFO: 

2018-03-15 02:29:22,356:INFO: Epoch 6/9
2018-03-15 02:29:22,356:INFO: ----------
2018-03-15 02:30:55,828:INFO: - Train metrics: total_accuracy: 0.934294 ; loss: 0.191371
2018-03-15 02:30:55,829:INFO: 

2018-03-15 02:30:55,829:INFO: Metric Report for the dev set
2018-03-15 02:31:34,664:INFO: - Eval metrics : total_accuracy: 0.000000 ; loss: 0.182182
2018-03-15 02:31:34,684:INFO: ROC AUC is :
2018-03-15 02:31:34,684:INFO: [0.6244948003936275, 0.6199432101000044, 0.6200218102508179, 0.6547781503431067, 0.6503811647001251, 0.6547753443215173, 0.4701627604166667, 0.5058474592179609, 0.5547276248210828, 0.6621835677276092, 0.7998911227497137, 0.5651944112510341, 0.5683063324572758, 0.6179492735957238, 0.4082246740220662]
2018-03-15 02:31:34,684:INFO: average ROC_AUC scores :
2018-03-15 02:31:34,684:INFO: 0.5984587804245555
2018-03-15 02:31:34,685:INFO: Found better model!
2018-03-15 02:31:34,690:INFO: 

2018-03-15 02:31:34,690:INFO: Epoch 7/9
2018-03-15 02:31:34,690:INFO: ----------
2018-03-15 02:33:43,812:INFO: - Train metrics: total_accuracy: 0.934637 ; loss: 0.190879
2018-03-15 02:33:43,813:INFO: 

2018-03-15 02:33:43,813:INFO: Metric Report for the dev set
2018-03-15 02:34:22,749:INFO: - Eval metrics : total_accuracy: 0.000000 ; loss: 0.181869
2018-03-15 02:34:22,769:INFO: ROC AUC is :
2018-03-15 02:34:22,769:INFO: [0.6282198994654112, 0.640156228788633, 0.6095674300254452, 0.6598305260969016, 0.6592093959001686, 0.6449477724566552, 0.4574609375, 0.5039890371872126, 0.6110198984030759, 0.6478534418948927, 0.779842691145276, 0.5406517143119772, 0.5785771257469371, 0.5437512979566775, 0.3092611166833835]
2018-03-15 02:34:22,769:INFO: average ROC_AUC scores :
2018-03-15 02:34:22,770:INFO: 0.5876225675708433
2018-03-15 02:34:22,770:INFO: Found better model!
2018-03-15 02:34:22,775:INFO: 

2018-03-15 02:34:22,775:INFO: Epoch 8/9
2018-03-15 02:34:22,775:INFO: ----------
2018-03-15 02:36:31,561:INFO: - Train metrics: total_accuracy: 0.934760 ; loss: 0.190302
2018-03-15 02:36:31,561:INFO: 

2018-03-15 02:36:31,561:INFO: Metric Report for the dev set
2018-03-15 02:37:08,332:INFO: - Eval metrics : total_accuracy: 0.000000 ; loss: 0.180523
2018-03-15 02:37:08,352:INFO: ROC AUC is :
2018-03-15 02:37:08,352:INFO: [0.632583845315035, 0.6485389610389611, 0.6348673209741912, 0.6708190372218757, 0.66323527812517, 0.6491782628845766, 0.4804166666666666, 0.49231289069099504, 0.6255648171536022, 0.6628793486306439, 0.7818512886936607, 0.5013788031988234, 0.5989879574785235, 0.5904235627669275, 0.35314276161818786]
2018-03-15 02:37:08,353:INFO: average ROC_AUC scores :
2018-03-15 02:37:08,353:INFO: 0.599078720163856
2018-03-15 02:37:08,353:INFO: Found better model!
2018-03-15 02:37:08,358:INFO: 

2018-03-15 02:37:08,358:INFO: Epoch 9/9
2018-03-15 02:37:08,358:INFO: ----------
2018-03-15 02:38:36,666:INFO: - Train metrics: total_accuracy: 0.934922 ; loss: 0.189620
2018-03-15 02:38:36,666:INFO: 

2018-03-15 02:38:36,667:INFO: Metric Report for the dev set
2018-03-15 02:39:01,173:INFO: - Eval metrics : total_accuracy: 0.000000 ; loss: 0.180519
2018-03-15 02:39:01,193:INFO: ROC AUC is :
2018-03-15 02:39:01,194:INFO: [0.6327455517433974, 0.6483834110140732, 0.6448200654307525, 0.6758762866500313, 0.6593311946060574, 0.6567479887345368, 0.48978841145833335, 0.4928009611233129, 0.6319111167242007, 0.6665877128053292, 0.784272868915545, 0.4784447099917272, 0.6068986257665503, 0.5734440321080623, 0.3686058174523571]
2018-03-15 02:39:01,194:INFO: average ROC_AUC scores :
2018-03-15 02:39:01,194:INFO: 0.6007105836349511
2018-03-15 02:39:01,195:INFO: Found better model!
2018-03-15 02:39:01,199:INFO: 

2018-03-15 02:39:01,199:INFO: Best eval loss: 0.180519
2018-03-15 02:39:01,199:INFO: Training complete in 27m 49s
