2018-03-14 06:18:37,699:INFO: Loading the datasets...
2018-03-14 06:18:37,708:INFO: Names of 14 diseases:
2018-03-14 06:18:37,721:INFO: Epoch 0/9
2018-03-14 06:18:37,721:INFO: ----------
2018-03-14 06:21:49,755:INFO: - Train metrics: total_accuracy: 0.936330 ; loss: 2.383605
2018-03-14 06:21:49,757:INFO: 

2018-03-14 06:21:49,758:INFO: Metric Report for the dev set
2018-03-14 06:22:53,818:INFO: - Eval metrics : total_accuracy: 0.000000 ; loss: 0.140824
2018-03-14 06:22:53,834:INFO: ROC AUC is :
2018-03-14 06:22:53,834:INFO: [0.6841937285566105, 0.7269050635775375, 0.7003416939294802, 0.7965793304221251, 0.6476037192104834, 0.660039690556262, 0.5688411458333333, 0.5351880009761409, 0.5811442283404901, 0.7183271650629164, 0.8127499014473166, 0.6515764316573214, 0.6027013951542254, 0.6135384782078717, 0.5748077566031428]
2018-03-14 06:22:53,834:INFO: average ROC_AUC scores :
2018-03-14 06:22:53,835:INFO: 0.6583025153023505
2018-03-14 06:22:53,838:INFO: Found better model!
2018-03-14 06:22:53,863:INFO: 

2018-03-14 06:22:53,864:INFO: Epoch 1/9
2018-03-14 06:22:53,864:INFO: ----------
2018-03-14 06:26:04,016:INFO: - Train metrics: total_accuracy: 0.936330 ; loss: 2.363094
2018-03-14 06:26:04,018:INFO: 

2018-03-14 06:26:04,018:INFO: Metric Report for the dev set
2018-03-14 06:27:08,294:INFO: - Eval metrics : total_accuracy: 0.000000 ; loss: 0.141016
2018-03-14 06:27:08,314:INFO: ROC AUC is :
2018-03-14 06:27:08,314:INFO: [0.6827011356685018, 0.7317384270781484, 0.7328680479825518, 0.7841092222915367, 0.6349410037518352, 0.6983398890090432, 0.5846744791666666, 0.5480092357943347, 0.6137562796441302, 0.7162620281273131, 0.8033451596553471, 0.673154701718908, 0.6585337151374888, 0.6293487191989238, 0.6227014376462721]
2018-03-14 06:27:08,314:INFO: average ROC_AUC scores :
2018-03-14 06:27:08,315:INFO: 0.6742988987914003
2018-03-14 06:27:08,318:INFO: 

2018-03-14 06:27:08,318:INFO: Epoch 2/9
2018-03-14 06:27:08,319:INFO: ----------
2018-03-14 06:30:19,508:INFO: - Train metrics: total_accuracy: 0.935978 ; loss: 2.353536
2018-03-14 06:30:19,509:INFO: 

2018-03-14 06:30:19,510:INFO: Metric Report for the dev set
2018-03-14 06:31:23,958:INFO: - Eval metrics : total_accuracy: 0.000000 ; loss: 0.140794
2018-03-14 06:31:23,978:INFO: ROC AUC is :
2018-03-14 06:31:23,978:INFO: [0.6755158381871859, 0.7383620299561067, 0.7210614322064703, 0.808474344978166, 0.6202185851775326, 0.6634502263787714, 0.5860026041666667, 0.5496611664883333, 0.6220426033510146, 0.6843893412287195, 0.8263032419139871, 0.6756135674234764, 0.6652022123720236, 0.6520212007115059, 0.5753092611166833]
2018-03-14 06:31:23,978:INFO: average ROC_AUC scores :
2018-03-14 06:31:23,978:INFO: 0.6709085103771095
2018-03-14 06:31:23,981:INFO: Found better model!
2018-03-14 06:31:24,008:INFO: 

2018-03-14 06:31:24,008:INFO: Epoch 3/9
2018-03-14 06:31:24,008:INFO: ----------
2018-03-14 06:34:35,904:INFO: - Train metrics: total_accuracy: 0.936539 ; loss: 2.323657
2018-03-14 06:34:35,906:INFO: 

2018-03-14 06:34:35,906:INFO: Metric Report for the dev set
2018-03-14 06:35:40,507:INFO: - Eval metrics : total_accuracy: 0.000000 ; loss: 0.137453
2018-03-14 06:35:40,527:INFO: ROC AUC is :
2018-03-14 06:35:40,527:INFO: [0.6914800925556531, 0.7414899995474908, 0.7516830243547801, 0.822146626117696, 0.6117905497254091, 0.6585067319461445, 0.5921158854166666, 0.535263088734959, 0.6353526423619882, 0.706861584011843, 0.8287248221358712, 0.7096929864877287, 0.6498254422782724, 0.6447797311085227, 0.6270478100969576]
2018-03-14 06:35:40,527:INFO: average ROC_AUC scores :
2018-03-14 06:35:40,527:INFO: 0.6804507344586656
2018-03-14 06:35:40,531:INFO: Found better model!
2018-03-14 06:35:40,559:INFO: 

2018-03-14 06:35:40,559:INFO: Epoch 4/9
2018-03-14 06:35:40,559:INFO: ----------
2018-03-14 06:38:52,391:INFO: - Train metrics: total_accuracy: 0.936492 ; loss: 2.300430
2018-03-14 06:38:52,393:INFO: 

2018-03-14 06:38:52,394:INFO: Metric Report for the dev set
2018-03-14 06:39:56,714:INFO: - Eval metrics : total_accuracy: 0.000000 ; loss: 0.137124
2018-03-14 06:39:56,735:INFO: ROC AUC is :
2018-03-14 06:39:56,735:INFO: [0.6929992818957951, 0.7452429974206978, 0.7562777171937477, 0.8232318309419837, 0.6110075580446959, 0.6614894653658303, 0.59009765625, 0.5361078260216627, 0.6473716707361568, 0.7111250925240562, 0.8337181580972762, 0.7200799705855319, 0.6562847317564298, 0.6454478966329875, 0.631477766633233]
2018-03-14 06:39:56,735:INFO: average ROC_AUC scores :
2018-03-14 06:39:56,735:INFO: 0.6841306413400055
2018-03-14 06:39:56,739:INFO: Found better model!
2018-03-14 06:39:56,766:INFO: 

2018-03-14 06:39:56,767:INFO: Epoch 5/9
2018-03-14 06:39:56,767:INFO: ----------
2018-03-14 06:43:07,440:INFO: - Train metrics: total_accuracy: 0.936396 ; loss: 2.292516
2018-03-14 06:43:07,442:INFO: 

2018-03-14 06:43:07,443:INFO: Metric Report for the dev set
2018-03-14 06:44:12,577:INFO: - Eval metrics : total_accuracy: 0.000000 ; loss: 0.136925
2018-03-14 06:44:12,591:INFO: ROC AUC is :
2018-03-14 06:44:12,591:INFO: [0.6941705896433414, 0.7472198968279109, 0.7756306797528172, 0.8230206383863589, 0.6057419389918983, 0.6747394564532804, 0.59025390625, 0.5286741378986691, 0.6586820465325139, 0.7118726868985936, 0.833887105554617, 0.7246070410883353, 0.6634239464428144, 0.6517051764769618, 0.6390003343363424]
2018-03-14 06:44:12,591:INFO: average ROC_AUC scores :
2018-03-14 06:44:12,591:INFO: 0.6881753054356303
2018-03-14 06:44:12,593:INFO: Found better model!
2018-03-14 06:44:12,635:INFO: 

2018-03-14 06:44:12,636:INFO: Epoch 6/9
2018-03-14 06:44:12,636:INFO: ----------
2018-03-14 06:47:25,978:INFO: - Train metrics: total_accuracy: 0.937024 ; loss: 2.281756
2018-03-14 06:47:25,980:INFO: 

2018-03-14 06:47:25,980:INFO: Metric Report for the dev set
2018-03-14 06:48:30,442:INFO: - Eval metrics : total_accuracy: 0.000000 ; loss: 0.136753
2018-03-14 06:48:30,455:INFO: ROC AUC is :
2018-03-14 06:48:30,455:INFO: [0.6938269634830714, 0.7464647721616362, 0.7763722282806252, 0.8228744281555417, 0.6069882007503671, 0.676082280662143, 0.58951171875, 0.5269471194458524, 0.6612640678061239, 0.7128867505551444, 0.8353325449118657, 0.7262845849802372, 0.6606650191555852, 0.6508112793563942, 0.639501838849883]
2018-03-14 06:48:30,455:INFO: average ROC_AUC scores :
2018-03-14 06:48:30,455:INFO: 0.6883875864869647
2018-03-14 06:48:30,457:INFO: Found better model!
2018-03-14 06:48:30,476:INFO: 

2018-03-14 06:48:30,476:INFO: Epoch 7/9
2018-03-14 06:48:30,476:INFO: ----------
2018-03-14 06:51:41,075:INFO: - Train metrics: total_accuracy: 0.936178 ; loss: 2.279255
2018-03-14 06:51:41,076:INFO: 

2018-03-14 06:51:41,077:INFO: Metric Report for the dev set
2018-03-14 06:52:45,338:INFO: - Eval metrics : total_accuracy: 0.000000 ; loss: 0.136754
2018-03-14 06:52:45,358:INFO: ROC AUC is :
2018-03-14 06:52:45,358:INFO: [0.6941673980690977, 0.7468578894972623, 0.7759505634314795, 0.8236379704720317, 0.6066162797020282, 0.6775320554717116, 0.5894205729166666, 0.5249009780180587, 0.6634531727989671, 0.7126646928201333, 0.8359707908618197, 0.7269050464197077, 0.659435923586867, 0.651407210770106, 0.6414242728184554]
2018-03-14 06:52:45,359:INFO: average ROC_AUC scores :
2018-03-14 06:52:45,359:INFO: 0.6886896545102928
2018-03-14 06:52:45,362:INFO: 

2018-03-14 06:52:45,363:INFO: Epoch 8/9
2018-03-14 06:52:45,363:INFO: ----------
2018-03-14 06:55:57,490:INFO: - Train metrics: total_accuracy: 0.936853 ; loss: 2.277123
2018-03-14 06:55:57,492:INFO: 

2018-03-14 06:55:57,492:INFO: Metric Report for the dev set
2018-03-14 06:57:02,041:INFO: - Eval metrics : total_accuracy: 0.000000 ; loss: 0.136749
2018-03-14 06:57:02,054:INFO: ROC AUC is :
2018-03-14 06:57:02,054:INFO: [0.6941679299981383, 0.7464280057921173, 0.7757033805888769, 0.8237516895404451, 0.6063922570822685, 0.6782331760763389, 0.5886067708333333, 0.5240750126710593, 0.6646670034520502, 0.7121465581051073, 0.8366090368117738, 0.7265143855133744, 0.6577753370206201, 0.650513313649538, 0.6420093614175861]
2018-03-14 06:57:02,054:INFO: average ROC_AUC scores :
2018-03-14 06:57:02,055:INFO: 0.6885062145701751
2018-03-14 06:57:02,056:INFO: Found better model!
2018-03-14 06:57:02,078:INFO: 

2018-03-14 06:57:02,078:INFO: Epoch 9/9
2018-03-14 06:57:02,078:INFO: ----------
2018-03-14 07:00:14,440:INFO: - Train metrics: total_accuracy: 0.936615 ; loss: 2.277406
2018-03-14 07:00:14,442:INFO: 

2018-03-14 07:00:14,443:INFO: Metric Report for the dev set
2018-03-14 07:01:19,370:INFO: - Eval metrics : total_accuracy: 0.000000 ; loss: 0.136755
2018-03-14 07:01:19,390:INFO: ROC AUC is :
2018-03-14 07:01:19,391:INFO: [0.6940482459639883, 0.7466316349156069, 0.7763140676117776, 0.8240473591183198, 0.6062617584688162, 0.6762011146629273, 0.5880664062500001, 0.5240562407313547, 0.6646950689006764, 0.7113545521835677, 0.8360458786206377, 0.7269280264730213, 0.6596843577975653, 0.6517864398515589, 0.6428452022734872]
2018-03-14 07:01:19,391:INFO: average ROC_AUC scores :
2018-03-14 07:01:19,391:INFO: 0.6885977569215539
2018-03-14 07:01:19,395:INFO: 

2018-03-14 07:01:19,395:INFO: Best eval loss: 0.136749
2018-03-14 07:01:19,395:INFO: Training complete in 42m 42s
