2018-03-15 01:34:38,506:INFO: Loading the datasets...
2018-03-15 01:34:38,510:INFO: Names of 14 diseases:
2018-03-15 01:34:38,513:INFO: Epoch 0/9
2018-03-15 01:34:38,513:INFO: ----------
2018-03-15 01:37:14,664:INFO: - Train metrics: total_accuracy: 0.932810 ; loss: 2.476942
2018-03-15 01:37:14,665:INFO: 

2018-03-15 01:37:14,665:INFO: Metric Report for the dev set
2018-03-15 01:38:27,150:INFO: - Eval metrics : total_accuracy: 0.000000 ; loss: 0.145693
2018-03-15 01:38:27,183:INFO: ROC AUC is :
2018-03-15 01:38:27,183:INFO: [0.62515173275885, 0.6765153400606363, 0.7053289712831698, 0.683721277812435, 0.6359501930291991, 0.6460410452638709, 0.5587890625, 0.5150644816128851, 0.46155735174426765, 0.65019985196151, 0.7932083122149012, 0.5648497104513281, 0.6055518508348697, 0.5948659605782342, 0.7825977933801405]
2018-03-15 01:38:27,183:INFO: average ROC_AUC scores :
2018-03-15 01:38:27,183:INFO: 0.6332928623657531
2018-03-15 01:38:27,185:INFO: Found better model!
2018-03-15 01:38:27,193:INFO: 

2018-03-15 01:38:27,194:INFO: Epoch 1/9
2018-03-15 01:38:27,194:INFO: ----------
2018-03-15 01:41:07,771:INFO: - Train metrics: total_accuracy: 0.933695 ; loss: 2.457431
2018-03-15 01:41:07,772:INFO: 

2018-03-15 01:41:07,772:INFO: Metric Report for the dev set
2018-03-15 01:42:06,336:INFO: - Eval metrics : total_accuracy: 0.000000 ; loss: 0.151888
2018-03-15 01:42:06,357:INFO: ROC AUC is :
2018-03-15 01:42:06,357:INFO: [0.6260113300885661, 0.6600638037920269, 0.6477062886223192, 0.6521431170721564, 0.6491914523408189, 0.6163087782676379, 0.5823795572916667, 0.4950160500084474, 0.49257668883837114, 0.6788008882309401, 0.7994593681365095, 0.5163388179060575, 0.6496227722642818, 0.5983693149497521, 0.7031929120695419]
2018-03-15 01:42:06,357:INFO: average ROC_AUC scores :
2018-03-15 01:42:06,357:INFO: 0.6244787426586061
2018-03-15 01:42:06,358:INFO: 

2018-03-15 01:42:06,358:INFO: Epoch 2/9
2018-03-15 01:42:06,358:INFO: ----------
2018-03-15 01:44:43,394:INFO: - Train metrics: total_accuracy: 0.933704 ; loss: 2.458864
2018-03-15 01:44:43,395:INFO: 

2018-03-15 01:44:43,396:INFO: Metric Report for the dev set
2018-03-15 01:45:38,584:INFO: - Eval metrics : total_accuracy: 0.000000 ; loss: 0.171098
2018-03-15 01:45:38,604:INFO: ROC AUC is :
2018-03-15 01:45:38,604:INFO: [0.6312976408947046, 0.6187553735463143, 0.6514721919302072, 0.6586998336452485, 0.6313827415583709, 0.590498033297287, 0.48688151041666666, 0.5001220176080794, 0.4658092672111363, 0.6574907475943745, 0.7886655028064049, 0.6194732971780494, 0.6267733626224192, 0.6088252024812417, 0.6738548980274155]
2018-03-15 01:45:38,604:INFO: average ROC_AUC scores :
2018-03-15 01:45:38,605:INFO: 0.614000108054528
2018-03-15 01:45:38,606:INFO: 

2018-03-15 01:45:38,606:INFO: Epoch 3/9
2018-03-15 01:45:38,606:INFO: ----------
2018-03-15 01:48:14,175:INFO: - Train metrics: total_accuracy: 0.934456 ; loss: 2.431250
2018-03-15 01:48:14,179:INFO: 

2018-03-15 01:48:14,179:INFO: Metric Report for the dev set
2018-03-15 01:49:11,033:INFO: - Eval metrics : total_accuracy: 0.000000 ; loss: 0.142710
2018-03-15 01:49:11,084:INFO: ROC AUC is :
2018-03-15 01:49:11,084:INFO: [0.6365062900609059, 0.6876612063894294, 0.7216721192293711, 0.6978549334580995, 0.6343450600837366, 0.5821083528419151, 0.5841796875, 0.49980289463310246, 0.5316718587746625, 0.6889193190229459, 0.8143079724427924, 0.6348354628182737, 0.5985303155114475, 0.5854935847080387, 0.7630391173520562]
2018-03-15 01:49:11,085:INFO: average ROC_AUC scores :
2018-03-15 01:49:11,085:INFO: 0.6440618783217852
2018-03-15 01:49:11,086:INFO: Found better model!
2018-03-15 01:49:11,091:INFO: 

2018-03-15 01:49:11,091:INFO: Epoch 4/9
2018-03-15 01:49:11,091:INFO: ----------
2018-03-15 01:52:00,937:INFO: - Train metrics: total_accuracy: 0.934132 ; loss: 2.424074
2018-03-15 01:52:00,937:INFO: 

2018-03-15 01:52:00,938:INFO: Metric Report for the dev set
2018-03-15 01:53:10,410:INFO: - Eval metrics : total_accuracy: 0.000000 ; loss: 0.142558
2018-03-15 01:53:10,440:INFO: ROC AUC is :
2018-03-15 01:53:10,440:INFO: [0.6379276044575655, 0.6893383184759492, 0.7253071610323518, 0.6989921241422333, 0.6332662715458649, 0.5780323466150135, 0.5812239583333334, 0.5051716693885979, 0.5352712525609722, 0.6913101406365655, 0.8167107807249723, 0.6364785366302049, 0.6083107781220989, 0.5890782024541539, 0.7568538950183885]
2018-03-15 01:53:10,440:INFO: average ROC_AUC scores :
2018-03-15 01:53:10,440:INFO: 0.6455515360092176
2018-03-15 01:53:10,441:INFO: Found better model!
2018-03-15 01:53:10,445:INFO: 

2018-03-15 01:53:10,445:INFO: Epoch 5/9
2018-03-15 01:53:10,445:INFO: ----------
2018-03-15 01:55:45,904:INFO: - Train metrics: total_accuracy: 0.934132 ; loss: 2.421144
2018-03-15 01:55:45,905:INFO: 

2018-03-15 01:55:45,906:INFO: Metric Report for the dev set
2018-03-15 01:56:44,137:INFO: - Eval metrics : total_accuracy: 0.000000 ; loss: 0.142628
2018-03-15 01:56:44,158:INFO: ROC AUC is :
2018-03-15 01:56:44,158:INFO: [0.6382584643208596, 0.6865808407620254, 0.72680479825518, 0.7016369047619047, 0.6290402914469033, 0.5835343608513268, 0.5790885416666667, 0.5053030729665295, 0.5348502708315792, 0.6886454478164323, 0.8151339377897918, 0.6303198823421271, 0.6204186770224506, 0.5873174960045509, 0.7459043798060849]
2018-03-15 01:56:44,158:INFO: average ROC_AUC scores :
2018-03-15 01:56:44,158:INFO: 0.6448558244429609
2018-03-15 01:56:44,159:INFO: 

2018-03-15 01:56:44,159:INFO: Epoch 6/9
2018-03-15 01:56:44,160:INFO: ----------
2018-03-15 01:59:11,480:INFO: - Train metrics: total_accuracy: 0.934446 ; loss: 2.417523
2018-03-15 01:59:11,480:INFO: 

2018-03-15 01:59:11,481:INFO: Metric Report for the dev set
2018-03-15 02:00:07,867:INFO: - Eval metrics : total_accuracy: 0.000000 ; loss: 0.142442
2018-03-15 02:00:07,886:INFO: ROC AUC is :
2018-03-15 02:00:07,886:INFO: [0.6400883002207506, 0.6805850943481606, 0.7275172664485641, 0.7060622010813058, 0.6283268990266978, 0.5716271939727395, 0.5767447916666666, 0.5031067560210996, 0.5380497319749656, 0.6910880829015543, 0.8157909556794503, 0.6353754940711462, 0.6176989761895423, 0.5848254191835739, 0.7370444667335339]
2018-03-15 02:00:07,887:INFO: average ROC_AUC scores :
2018-03-15 02:00:07,887:INFO: 0.6435954419679835
2018-03-15 02:00:07,888:INFO: Found better model!
2018-03-15 02:00:07,912:INFO: 

2018-03-15 02:00:07,912:INFO: Epoch 7/9
2018-03-15 02:00:07,912:INFO: ----------
2018-03-15 02:02:42,643:INFO: - Train metrics: total_accuracy: 0.934484 ; loss: 2.415665
2018-03-15 02:02:42,644:INFO: 

2018-03-15 02:02:42,644:INFO: Metric Report for the dev set
2018-03-15 02:03:39,013:INFO: - Eval metrics : total_accuracy: 0.000000 ; loss: 0.142416
2018-03-15 02:03:39,090:INFO: ROC AUC is :
2018-03-15 02:03:39,090:INFO: [0.6405542700603739, 0.6792417077695823, 0.7276190476190476, 0.7065235755874403, 0.6288249687347072, 0.5678958063481123, 0.57703125, 0.5019992115785323, 0.5421613201987033, 0.692161361954108, 0.8161663944735409, 0.6376734994025186, 0.6207586396265642, 0.5836606441476827, 0.7339518555667002]
2018-03-15 02:03:39,090:INFO: average ROC_AUC scores :
2018-03-15 02:03:39,090:INFO: 0.6437482368711741
2018-03-15 02:03:39,091:INFO: Found better model!
2018-03-15 02:03:39,095:INFO: 

2018-03-15 02:03:39,095:INFO: Epoch 8/9
2018-03-15 02:03:39,095:INFO: ----------
2018-03-15 02:06:37,744:INFO: - Train metrics: total_accuracy: 0.934494 ; loss: 2.413882
2018-03-15 02:06:37,745:INFO: 

2018-03-15 02:06:37,745:INFO: Metric Report for the dev set
2018-03-15 02:07:38,515:INFO: - Eval metrics : total_accuracy: 0.000000 ; loss: 0.142424
2018-03-15 02:07:38,536:INFO: ROC AUC is :
2018-03-15 02:07:38,536:INFO: [0.6405489507699673, 0.6786788994977148, 0.7280407124681934, 0.7066372946558537, 0.6281268011527378, 0.567527420945681, 0.57646484375, 0.5022432467946913, 0.5423718110633998, 0.6921539600296077, 0.8162602541720636, 0.6376275392958911, 0.6206801867179226, 0.5833536491769825, 0.7321965897693079]
2018-03-15 02:07:38,536:INFO: average ROC_AUC scores :
2018-03-15 02:07:38,536:INFO: 0.6435274773506676
2018-03-15 02:07:38,537:INFO: 

2018-03-15 02:07:38,538:INFO: Epoch 9/9
2018-03-15 02:07:38,538:INFO: ----------
2018-03-15 02:10:13,883:INFO: - Train metrics: total_accuracy: 0.934561 ; loss: 2.415158
2018-03-15 02:10:13,884:INFO: 

2018-03-15 02:10:13,884:INFO: Metric Report for the dev set
2018-03-15 02:11:11,824:INFO: - Eval metrics : total_accuracy: 0.000000 ; loss: 0.142419
2018-03-15 02:11:11,878:INFO: ROC AUC is :
2018-03-15 02:11:11,878:INFO: [0.6406191654033352, 0.6786817276799856, 0.7279098509632861, 0.7067120243293824, 0.6282355499972813, 0.56761060474623, 0.5766601562500001, 0.502093071277055, 0.5424068928741825, 0.6920947446336048, 0.816241482232359, 0.6376275392958911, 0.6205363563854129, 0.5830195664147502, 0.7323637579404881]
2018-03-15 02:11:11,878:INFO: average ROC_AUC scores :
2018-03-15 02:11:11,878:INFO: 0.6435208326948828
2018-03-15 02:11:11,880:INFO: 

2018-03-15 02:11:11,880:INFO: Best eval loss: 0.142416
2018-03-15 02:11:11,880:INFO: Training complete in 36m 33s
