2018-03-15 00:02:49,281:INFO: Loading the datasets...
2018-03-15 00:02:51,633:INFO: Names of 14 diseases:
2018-03-15 00:02:51,650:INFO: Epoch 0/9
2018-03-15 00:02:51,650:INFO: ----------
2018-03-15 00:06:04,696:INFO: - Train metrics: total_accuracy: 0.847232 ; loss: 0.453532
2018-03-15 00:06:04,698:INFO: 

2018-03-15 00:06:04,698:INFO: Metric Report for the dev set
2018-03-15 00:07:02,100:INFO: - Eval metrics : total_accuracy: 0.000000 ; loss: 0.284804
2018-03-15 00:07:02,113:INFO: ROC AUC is :
2018-03-15 00:07:02,113:INFO: [0.6808712997686108, 0.6713114846825649, 0.5973973100690657, 0.7212128301102101, 0.6714871404491327, 0.587241981675797, 0.5050911458333334, 0.5465825683767904, 0.5541452667620892, 0.6497557364914878, 0.7300782789885678, 0.5613567423476423, 0.548333529465605, 0.4520320358281189, 0.5198094282848545]
2018-03-15 00:07:02,114:INFO: average ROC_AUC scores :
2018-03-15 00:07:02,114:INFO: 0.599780451942258
2018-03-15 00:07:02,116:INFO: Found better model!
2018-03-15 00:07:02,131:INFO: 

2018-03-15 00:07:02,131:INFO: Epoch 1/9
2018-03-15 00:07:02,131:INFO: ----------
2018-03-15 00:13:14,173:INFO: - Train metrics: total_accuracy: 0.938232 ; loss: 0.235749
2018-03-15 00:13:14,175:INFO: 

2018-03-15 00:13:14,175:INFO: Metric Report for the dev set
2018-03-15 00:16:41,085:INFO: - Eval metrics : total_accuracy: 0.000000 ; loss: 0.202285
2018-03-15 00:16:41,104:INFO: ROC AUC is :
2018-03-15 00:16:41,104:INFO: [0.7002117077581851, 0.7112397619801801, 0.6188295165394402, 0.7756485236015803, 0.6870969495949106, 0.6772112036695939, 0.538046875, 0.5455313397533368, 0.6472173107687127, 0.7038193930421909, 0.7945411199339227, 0.6233109660814412, 0.631493612625688, 0.5725095033001959, 0.5177198261451019]
2018-03-15 00:16:41,105:INFO: average ROC_AUC scores :
2018-03-15 00:16:41,126:INFO: 0.6496285073196321
2018-03-15 00:16:41,129:INFO: Found better model!
2018-03-15 00:16:41,154:INFO: 

2018-03-15 00:16:41,155:INFO: Epoch 2/9
2018-03-15 00:16:41,155:INFO: ----------
2018-03-15 00:24:27,481:INFO: - Train metrics: total_accuracy: 0.939888 ; loss: 0.191677
2018-03-15 00:24:27,483:INFO: 

2018-03-15 00:24:27,483:INFO: Metric Report for the dev set
2018-03-15 00:27:50,525:INFO: - Eval metrics : total_accuracy: 0.000000 ; loss: 0.183072
2018-03-15 00:27:50,556:INFO: ROC AUC is :
2018-03-15 00:27:50,556:INFO: [0.7058070693369505, 0.7296031494637767, 0.6512977099236641, 0.7974078550634228, 0.6900527431896035, 0.7037230692445723, 0.5612890625000001, 0.530588875748531, 0.6737531924447813, 0.7228497409326426, 0.8216478008672636, 0.6376275392958912, 0.6610703591835667, 0.635840759902845, 0.5158809762621197]
2018-03-15 00:27:50,557:INFO: average ROC_AUC scores :
2018-03-15 00:27:50,557:INFO: 0.6692293268906421
2018-03-15 00:27:50,559:INFO: Found better model!
2018-03-15 00:27:50,591:INFO: 

2018-03-15 00:27:50,591:INFO: Epoch 3/9
2018-03-15 00:27:50,592:INFO: ----------
2018-03-15 00:34:10,033:INFO: - Train metrics: total_accuracy: 0.941591 ; loss: 0.175351
2018-03-15 00:34:10,035:INFO: 

2018-03-15 00:34:10,035:INFO: Metric Report for the dev set
2018-03-15 00:37:21,222:INFO: - Eval metrics : total_accuracy: 0.000000 ; loss: 0.176238
2018-03-15 00:37:21,240:INFO: ROC AUC is :
2018-03-15 00:37:21,240:INFO: [0.7062113354078565, 0.736865921534911, 0.6626826608505998, 0.807294915782907, 0.6905399380131586, 0.6965336121971218, 0.5747981770833334, 0.519137992528768, 0.6875613931688699, 0.7146262028127313, 0.8172363950366991, 0.6614578545822226, 0.6624040586304737, 0.6527164540275031, 0.5055165496489469]
2018-03-15 00:37:21,241:INFO: average ROC_AUC scores :
2018-03-15 00:37:21,241:INFO: 0.6730388974204068
2018-03-15 00:37:21,243:INFO: Found better model!
2018-03-15 00:37:21,271:INFO: 

2018-03-15 00:37:21,271:INFO: Epoch 4/9
2018-03-15 00:37:21,271:INFO: ----------
2018-03-15 00:43:34,064:INFO: - Train metrics: total_accuracy: 0.944235 ; loss: 0.163883
2018-03-15 00:43:34,065:INFO: 

2018-03-15 00:43:34,065:INFO: Metric Report for the dev set
2018-03-15 00:46:24,889:INFO: - Eval metrics : total_accuracy: 0.000000 ; loss: 0.175105
2018-03-15 00:46:24,907:INFO: ROC AUC is :
2018-03-15 00:46:24,908:INFO: [0.7002101119710631, 0.7394480519480521, 0.6670883315158124, 0.8157848565190269, 0.68589636235115, 0.6936459459780633, 0.5895963541666667, 0.47346586322764733, 0.6956231932867447, 0.7184678016284234, 0.8110791988136133, 0.6503584888316941, 0.6309182912956497, 0.6554974672914916, 0.4957372116349047]
2018-03-15 00:46:24,908:INFO: average ROC_AUC scores :
2018-03-15 00:46:24,908:INFO: 0.6681878353640002
2018-03-15 00:46:24,910:INFO: Found better model!
2018-03-15 00:46:24,950:INFO: 

2018-03-15 00:46:24,950:INFO: Epoch 5/9
2018-03-15 00:46:24,950:INFO: ----------
2018-03-15 00:52:37,823:INFO: - Train metrics: total_accuracy: 0.947517 ; loss: 0.151846
2018-03-15 00:52:37,824:INFO: 

2018-03-15 00:52:37,824:INFO: Metric Report for the dev set
2018-03-15 00:55:42,281:INFO: - Eval metrics : total_accuracy: 0.000000 ; loss: 0.178260
2018-03-15 00:55:42,299:INFO: ROC AUC is :
2018-03-15 00:55:42,299:INFO: [0.688537461102689, 0.7378670980587356, 0.6596001454016721, 0.8203856051154086, 0.6775161763906259, 0.7086784470772778, 0.6029882812499999, 0.4433556719415817, 0.7008363503690607, 0.7210288675055515, 0.7996283155938503, 0.6479455832337531, 0.5903581375279487, 0.661899215356972, 0.4873788030758944]
2018-03-15 00:55:42,299:INFO: average ROC_AUC scores :
2018-03-15 00:55:42,300:INFO: 0.6632002772667348
2018-03-15 00:55:42,302:INFO: 

2018-03-15 00:55:42,302:INFO: Epoch 6/9
2018-03-15 00:55:42,302:INFO: ----------
2018-03-15 01:03:55,394:INFO: - Train metrics: total_accuracy: 0.952045 ; loss: 0.140477
2018-03-15 01:03:55,396:INFO: 

2018-03-15 01:03:55,396:INFO: Metric Report for the dev set
2018-03-15 01:09:16,742:INFO: - Eval metrics : total_accuracy: 0.000000 ; loss: 0.178061
2018-03-15 01:09:16,762:INFO: ROC AUC is :
2018-03-15 01:09:16,762:INFO: [0.6776882363892656, 0.733664419204489, 0.645845147219193, 0.822283088999792, 0.6641335435810996, 0.687371510736652, 0.61640625, 0.45033883351166676, 0.6958056187028149, 0.7157438934122872, 0.7674907548196955, 0.6504044489383215, 0.596791276036559, 0.6800119186282743, 0.4857907054496824]
2018-03-15 01:09:16,763:INFO: average ROC_AUC scores :
2018-03-15 01:09:16,763:INFO: 0.6593179763753195
2018-03-15 01:09:16,766:INFO: 

2018-03-15 01:09:16,766:INFO: Epoch 7/9
2018-03-15 01:09:16,766:INFO: ----------
2018-03-15 01:17:15,817:INFO: - Train metrics: total_accuracy: 0.952502 ; loss: 0.138011
2018-03-15 01:17:15,818:INFO: 

2018-03-15 01:17:15,818:INFO: Metric Report for the dev set
2018-03-15 01:23:31,102:INFO: - Eval metrics : total_accuracy: 0.000000 ; loss: 0.178778
2018-03-15 01:23:31,134:INFO: ROC AUC is :
2018-03-15 01:23:31,134:INFO: [0.6735136572781192, 0.730935223313272, 0.6395347146492185, 0.8212173788729465, 0.6634049263226578, 0.6808356406935152, 0.6097395833333333, 0.44923128906909954, 0.6945286407903231, 0.712738712065137, 0.7731411086707589, 0.6516223917639489, 0.5911295911295912, 0.6799396845175213, 0.4954864593781344]
2018-03-15 01:23:31,135:INFO: average ROC_AUC scores :
2018-03-15 01:23:31,135:INFO: 0.6577999334565052
2018-03-15 01:23:31,137:INFO: 

2018-03-15 01:23:31,138:INFO: Epoch 8/9
2018-03-15 01:23:31,138:INFO: ----------
2018-03-15 01:31:10,117:INFO: - Train metrics: total_accuracy: 0.953729 ; loss: 0.136090
2018-03-15 01:31:10,119:INFO: 

2018-03-15 01:31:10,119:INFO: Metric Report for the dev set
2018-03-15 01:37:26,013:INFO: - Eval metrics : total_accuracy: 0.000000 ; loss: 0.178596
2018-03-15 01:37:26,033:INFO: ROC AUC is :
2018-03-15 01:37:26,033:INFO: [0.6748860342030373, 0.732702837232454, 0.6476190476190476, 0.822240850488667, 0.6638779837964223, 0.6824280163040248, 0.6095442708333333, 0.4459274276811023, 0.695742471443406, 0.7157623982235382, 0.7710949672429652, 0.6470263811012043, 0.5926463473633286, 0.676346037507562, 0.4897191574724173]
2018-03-15 01:37:26,033:INFO: average ROC_AUC scores :
2018-03-15 01:37:26,033:INFO: 0.6578376152341673
2018-03-15 01:37:26,036:INFO: 

2018-03-15 01:37:26,036:INFO: Epoch 9/9
2018-03-15 01:37:26,036:INFO: ----------
2018-03-15 01:44:58,173:INFO: - Train metrics: total_accuracy: 0.953615 ; loss: 0.135920
2018-03-15 01:44:58,174:INFO: 

2018-03-15 01:44:58,175:INFO: Metric Report for the dev set
2018-03-15 01:50:51,316:INFO: - Eval metrics : total_accuracy: 0.000000 ; loss: 0.178801
2018-03-15 01:50:51,346:INFO: ROC AUC is :
2018-03-15 01:50:51,347:INFO: [0.674150908268837, 0.7317893343590207, 0.6428062522719011, 0.8224487939280516, 0.6638007721167963, 0.6814892276978289, 0.6095703125, 0.44818006044564584, 0.6964862058320002, 0.7142931162102146, 0.7708509320268063, 0.6482443239268315, 0.5888021548398906, 0.6791541385630829, 0.4898863256435974]
2018-03-15 01:50:51,347:INFO: average ROC_AUC scores :
2018-03-15 01:50:51,347:INFO: 0.6574635239087004
2018-03-15 01:50:51,350:INFO: 

2018-03-15 01:50:51,350:INFO: Best eval loss: 0.175105
2018-03-15 01:50:51,350:INFO: Training complete in 107m 60s
