2018-03-14 07:42:33,461:INFO: Loading the datasets...
2018-03-14 07:42:33,471:INFO: Names of 14 diseases:
2018-03-14 07:42:33,486:INFO: Epoch 0/9
2018-03-14 07:42:33,486:INFO: ----------
2018-03-14 07:45:45,052:INFO: - Train metrics: total_accuracy: 0.937586 ; loss: 2.294887
2018-03-14 07:45:45,054:INFO: 

2018-03-14 07:45:45,054:INFO: Metric Report for the dev set
2018-03-14 07:46:49,905:INFO: - Eval metrics : total_accuracy: 0.000000 ; loss: 0.137324
2018-03-14 07:46:49,925:INFO: ROC AUC is :
2018-03-14 07:46:49,925:INFO: [0.6950057182371872, 0.7543384316032399, 0.8064703744093057, 0.821509799334581, 0.6206622804632701, 0.6763080652636332, 0.6044010416666666, 0.5393365996508419, 0.6949917206926552, 0.7165433012583272, 0.8468772878301515, 0.7127493335784539, 0.6938244485414297, 0.6897544943160784, 0.629806084921431]
2018-03-14 07:46:49,925:INFO: average ROC_AUC scores :
2018-03-14 07:46:49,925:INFO: 0.7001719321178168
2018-03-14 07:46:49,930:INFO: Found better model!
2018-03-14 07:46:49,958:INFO: 

2018-03-14 07:46:49,959:INFO: Epoch 1/9
2018-03-14 07:46:49,959:INFO: ----------
2018-03-14 07:50:02,904:INFO: - Train metrics: total_accuracy: 0.936006 ; loss: 2.251281
2018-03-14 07:50:02,905:INFO: 

2018-03-14 07:50:02,906:INFO: Metric Report for the dev set
2018-03-14 07:51:07,937:INFO: - Eval metrics : total_accuracy: 0.000000 ; loss: 0.137191
2018-03-14 07:51:07,950:INFO: ROC AUC is :
2018-03-14 07:51:07,950:INFO: [0.6949684832043406, 0.7578878003529572, 0.8144674663758633, 0.8211523965481388, 0.59420368658583, 0.6842580599161031, 0.6002408854166665, 0.5362955454187082, 0.7020501810221438, 0.7206365655070319, 0.8413395656173153, 0.7190918282930416, 0.6819257573974555, 0.6824407906023422, 0.6415914409896355]
2018-03-14 07:51:07,950:INFO: average ROC_AUC scores :
2018-03-14 07:51:07,951:INFO: 0.6995033635498383
2018-03-14 07:51:07,953:INFO: Found better model!
2018-03-14 07:51:07,970:INFO: 

2018-03-14 07:51:07,971:INFO: Epoch 2/9
2018-03-14 07:51:07,971:INFO: ----------
2018-03-14 07:54:19,578:INFO: - Train metrics: total_accuracy: 0.935493 ; loss: 2.241613
2018-03-14 07:54:19,579:INFO: 

2018-03-14 07:54:19,579:INFO: Metric Report for the dev set
2018-03-14 07:55:24,502:INFO: - Eval metrics : total_accuracy: 0.000000 ; loss: 0.136977
2018-03-14 07:55:24,516:INFO: ROC AUC is :
2018-03-14 07:55:24,516:INFO: [0.6936950450809862, 0.7606339653377981, 0.8119374772809888, 0.8202881316281971, 0.5901799793377196, 0.6815367612981426, 0.59369140625, 0.5489666047192656, 0.694247986304061, 0.7226646928201332, 0.8372660547014322, 0.6975365382847688, 0.6702362740098589, 0.678323446289424, 0.6353226345703777]
2018-03-14 07:55:24,516:INFO: average ROC_AUC scores :
2018-03-14 07:55:24,516:INFO: 0.6957684665275436
2018-03-14 07:55:24,518:INFO: Found better model!
2018-03-14 07:55:24,535:INFO: 

2018-03-14 07:55:24,536:INFO: Epoch 3/9
2018-03-14 07:55:24,536:INFO: ----------
2018-03-14 07:58:35,992:INFO: - Train metrics: total_accuracy: 0.936235 ; loss: 2.216164
2018-03-14 07:58:35,993:INFO: 

2018-03-14 07:58:35,994:INFO: Metric Report for the dev set
2018-03-14 07:59:40,775:INFO: - Eval metrics : total_accuracy: 0.000000 ; loss: 0.136352
2018-03-14 07:59:40,788:INFO: ROC AUC is :
2018-03-14 07:59:40,788:INFO: [0.6929471528498099, 0.7581253676636952, 0.8128971283169757, 0.8210906633395717, 0.5955630471426242, 0.676248648263241, 0.59849609375, 0.5436166019034747, 0.7035166007128624, 0.7220651369356034, 0.8409265829438156, 0.7297545730306094, 0.6494593287046118, 0.6749103845563471, 0.6430123704446673]
2018-03-14 07:59:40,789:INFO: average ROC_AUC scores :
2018-03-14 07:59:40,789:INFO: 0.6975086453705274
2018-03-14 07:59:40,791:INFO: Found better model!
2018-03-14 07:59:40,819:INFO: 

2018-03-14 07:59:40,819:INFO: Epoch 4/9
2018-03-14 07:59:40,819:INFO: ----------
2018-03-14 08:02:51,721:INFO: - Train metrics: total_accuracy: 0.935674 ; loss: 2.206193
2018-03-14 08:02:51,722:INFO: 

2018-03-14 08:02:51,722:INFO: Metric Report for the dev set
2018-03-14 08:03:56,326:INFO: - Eval metrics : total_accuracy: 0.000000 ; loss: 0.136255
2018-03-14 08:03:56,339:INFO: ROC AUC is :
2018-03-14 08:03:56,339:INFO: [0.6932434373254609, 0.7568951083759446, 0.8082442748091603, 0.8224975306716572, 0.5915632646403133, 0.6778647906739076, 0.6024479166666666, 0.5388109853391151, 0.7056706238949229, 0.7238193930421909, 0.8441178126935857, 0.7350399852927658, 0.6468965336889865, 0.678395680400177, 0.650033433634236]
2018-03-14 08:03:56,339:INFO: average ROC_AUC scores :
2018-03-14 08:03:56,339:INFO: 0.6983693847432728
2018-03-14 08:03:56,341:INFO: Found better model!
2018-03-14 08:03:56,358:INFO: 

2018-03-14 08:03:56,358:INFO: Epoch 5/9
2018-03-14 08:03:56,358:INFO: ----------
2018-03-14 08:07:07,783:INFO: - Train metrics: total_accuracy: 0.935807 ; loss: 2.199045
2018-03-14 08:07:07,785:INFO: 

2018-03-14 08:07:07,786:INFO: Metric Report for the dev set
2018-03-14 08:08:12,106:INFO: - Eval metrics : total_accuracy: 0.000000 ; loss: 0.136293
2018-03-14 08:08:12,119:INFO: ROC AUC is :
2018-03-14 08:08:12,119:INFO: [0.693329077901008, 0.7568074347255532, 0.8072700836059614, 0.8220329070492827, 0.5898950573650155, 0.6768665850673193, 0.6015885416666666, 0.5397683542640461, 0.7071510763099548, 0.7232272390821614, 0.8442116723921083, 0.7361200477985109, 0.6483479124988558, 0.6792263726738358, 0.6486960882647944]
2018-03-14 08:08:12,120:INFO: average ROC_AUC scores :
2018-03-14 08:08:12,120:INFO: 0.6983025633776717
2018-03-14 08:08:12,121:INFO: 

2018-03-14 08:08:12,122:INFO: Epoch 6/9
2018-03-14 08:08:12,122:INFO: ----------
2018-03-14 08:11:24,142:INFO: - Train metrics: total_accuracy: 0.935987 ; loss: 2.196080
2018-03-14 08:11:24,143:INFO: 

2018-03-14 08:11:24,143:INFO: Metric Report for the dev set
2018-03-14 08:12:28,882:INFO: - Eval metrics : total_accuracy: 0.000000 ; loss: 0.136234
2018-03-14 08:12:28,902:INFO: ROC AUC is :
2018-03-14 08:12:28,902:INFO: [0.6929950264634698, 0.757023790669261, 0.8063685932388223, 0.8215130484508214, 0.5932793214072101, 0.6796116504854369, 0.60318359375, 0.5385857220626606, 0.7077825489040442, 0.7242931162102145, 0.8434232509245181, 0.7371311701443148, 0.6452620980922867, 0.6776823685564916, 0.6527917084587095]
2018-03-14 08:12:28,902:INFO: average ROC_AUC scores :
2018-03-14 08:12:28,902:INFO: 0.698728467187884
2018-03-14 08:12:28,906:INFO: Found better model!
2018-03-14 08:12:28,934:INFO: 

2018-03-14 08:12:28,934:INFO: Epoch 7/9
2018-03-14 08:12:28,934:INFO: ----------
2018-03-14 08:15:39,707:INFO: - Train metrics: total_accuracy: 0.935654 ; loss: 2.198984
2018-03-14 08:15:39,708:INFO: 

2018-03-14 08:15:39,709:INFO: Metric Report for the dev set
2018-03-14 08:16:44,261:INFO: - Eval metrics : total_accuracy: 0.000000 ; loss: 0.136200
2018-03-14 08:16:44,281:INFO: ROC AUC is :
2018-03-14 08:16:44,281:INFO: [0.6931407750206122, 0.7567706683560341, 0.8053217011995638, 0.8216852516115616, 0.5928965254744167, 0.6790055970814369, 0.6027213541666667, 0.539693266505228, 0.7080561870281497, 0.724500370096225, 0.8438737774774268, 0.7369013696111775, 0.6440853044626629, 0.6768877933382091, 0.6502841858910063]
2018-03-14 08:16:44,281:INFO: average ROC_AUC scores :
2018-03-14 08:16:44,281:INFO: 0.6983882751546919
2018-03-14 08:16:44,285:INFO: Found better model!
2018-03-14 08:16:44,313:INFO: 

2018-03-14 08:16:44,313:INFO: Epoch 8/9
2018-03-14 08:16:44,313:INFO: ----------
