2018-03-14 20:03:21,771:INFO: Loading the datasets...
2018-03-14 20:03:21,774:INFO: Names of 14 diseases:
2018-03-14 20:03:21,777:INFO: Epoch 0/9
2018-03-14 20:03:21,777:INFO: ----------
2018-03-14 20:04:35,196:INFO: - Train metrics: total_accuracy: 0.935759 ; loss: 2.368365
2018-03-14 20:04:35,196:INFO: 

2018-03-14 20:04:35,197:INFO: Metric Report for the dev set
2018-03-14 20:04:58,564:INFO: - Eval metrics : total_accuracy: 0.000000 ; loss: 0.140721
2018-03-14 20:04:58,584:INFO: ROC AUC is :
2018-03-14 20:04:58,584:INFO: [0.6940259049442805, 0.7062876148242002, 0.699236641221374, 0.8123148003742982, 0.6322440324071557, 0.6299271547575191, 0.5888606770833333, 0.5120421993204558, 0.5832210715388286, 0.7121761658031089, 0.8140827091663381, 0.6052256641235408, 0.652022123720237, 0.6659172377676048, 0.7543463724506854]
2018-03-14 20:04:58,584:INFO: average ROC_AUC scores :
2018-03-14 20:04:58,584:INFO: 0.6707953579668641
2018-03-14 20:04:58,585:INFO: Found better model!
2018-03-14 20:04:58,590:INFO: 

2018-03-14 20:04:58,590:INFO: Epoch 1/9
2018-03-14 20:04:58,590:INFO: ----------
2018-03-14 20:06:11,668:INFO: - Train metrics: total_accuracy: 0.935150 ; loss: 2.344899
2018-03-14 20:06:11,668:INFO: 

2018-03-14 20:06:11,668:INFO: Metric Report for the dev set
2018-03-14 20:06:35,086:INFO: - Eval metrics : total_accuracy: 0.000000 ; loss: 0.141359
2018-03-14 20:06:35,099:INFO: ROC AUC is :
2018-03-14 20:06:35,099:INFO: [0.6909311417856858, 0.6800420833521879, 0.6427771719374773, 0.8055338947806197, 0.6246207384046545, 0.6408836496298321, 0.5730208333333333, 0.4713258621013309, 0.583571889646656, 0.7254700222057735, 0.8134256912766796, 0.6560345620001838, 0.630003007361498, 0.6820976785762658, 0.7296890672016048]
2018-03-14 20:06:35,100:INFO: average ROC_AUC scores :
2018-03-14 20:06:35,100:INFO: 0.6632951529062523
2018-03-14 20:06:35,101:INFO: 

2018-03-14 20:06:35,101:INFO: Epoch 2/9
2018-03-14 20:06:35,101:INFO: ----------
2018-03-14 20:07:48,092:INFO: - Train metrics: total_accuracy: 0.934941 ; loss: 2.321977
2018-03-14 20:07:48,093:INFO: 

2018-03-14 20:07:48,093:INFO: Metric Report for the dev set
2018-03-14 20:08:11,731:INFO: - Eval metrics : total_accuracy: 0.000000 ; loss: 0.143212
2018-03-14 20:08:11,750:INFO: ROC AUC is :
2018-03-14 20:08:11,750:INFO: [0.6891523710736988, 0.68966921580162, 0.6119810977826244, 0.8074151330838012, 0.6251340329508999, 0.6348468823899894, 0.5567122395833333, 0.5180492200259053, 0.5773553927759535, 0.7213915618060697, 0.8023127029715981, 0.6084198915341483, 0.6914970122517292, 0.6961562423815586, 0.7066198595787362]
2018-03-14 20:08:11,750:INFO: average ROC_AUC scores :
2018-03-14 20:08:11,751:INFO: 0.6624475237327778
2018-03-14 20:08:11,752:INFO: 

2018-03-14 20:08:11,752:INFO: Epoch 3/9
2018-03-14 20:08:11,752:INFO: ----------
2018-03-14 20:09:24,537:INFO: - Train metrics: total_accuracy: 0.936844 ; loss: 2.272999
2018-03-14 20:09:24,537:INFO: 

2018-03-14 20:09:24,537:INFO: Metric Report for the dev set
2018-03-14 20:09:47,873:INFO: - Eval metrics : total_accuracy: 0.000000 ; loss: 0.139755
2018-03-14 20:09:47,886:INFO: ROC AUC is :
2018-03-14 20:09:47,886:INFO: [0.6938173887603394, 0.6980321507760532, 0.668876772082879, 0.8051440008317737, 0.6039475830569301, 0.6333139237798718, 0.5882747395833333, 0.49822605169792195, 0.5919003115264798, 0.7370244263508512, 0.7973193670101932, 0.6705809357477709, 0.6278063259195334, 0.6689600996830729, 0.6746071547977265]
2018-03-14 20:09:47,886:INFO: average ROC_AUC scores :
2018-03-14 20:09:47,886:INFO: 0.6638554154403153
2018-03-14 20:09:47,887:INFO: Found better model!
2018-03-14 20:09:47,890:INFO: 

2018-03-14 20:09:47,890:INFO: Epoch 4/9
2018-03-14 20:09:47,890:INFO: ----------
2018-03-14 20:11:00,657:INFO: - Train metrics: total_accuracy: 0.935911 ; loss: 2.241440
2018-03-14 20:11:00,658:INFO: 

2018-03-14 20:11:00,658:INFO: Metric Report for the dev set
2018-03-14 20:11:23,980:INFO: - Eval metrics : total_accuracy: 0.000000 ; loss: 0.139937
2018-03-14 20:11:23,993:INFO: ROC AUC is :
2018-03-14 20:11:23,993:INFO: [0.6923886273571106, 0.7023055341870673, 0.6692548164303889, 0.7995750155957579, 0.6091577401990104, 0.6463024800655964, 0.5866276041666667, 0.5004599125227609, 0.5921879823748982, 0.741339748334567, 0.7917441009179478, 0.6720056990532218, 0.6070163051295127, 0.6504681673303176, 0.6714309595453026]
2018-03-14 20:11:23,993:INFO: average ROC_AUC scores :
2018-03-14 20:11:23,993:INFO: 0.6621509795473416
2018-03-14 20:11:23,994:INFO: 

2018-03-14 20:11:23,994:INFO: Epoch 5/9
2018-03-14 20:11:23,994:INFO: ----------
2018-03-14 20:12:36,949:INFO: - Train metrics: total_accuracy: 0.935968 ; loss: 2.219060
2018-03-14 20:12:36,949:INFO: 

2018-03-14 20:12:36,950:INFO: Metric Report for the dev set
2018-03-14 20:13:00,358:INFO: - Eval metrics : total_accuracy: 0.000000 ; loss: 0.139941
2018-03-14 20:13:00,378:INFO: ROC AUC is :
2018-03-14 20:13:00,378:INFO: [0.6927088486395914, 0.7037818453323679, 0.6717266448564159, 0.7995555208983156, 0.6095394486433582, 0.649522881486851, 0.5864713541666667, 0.5009292110153742, 0.5925107350340995, 0.7419541080680977, 0.7903174335004036, 0.671821858626712, 0.606127172164908, 0.6500799089850204, 0.6733533935138749]
2018-03-14 20:13:00,378:INFO: average ROC_AUC scores :
2018-03-14 20:13:00,378:INFO: 0.6626933576621371
2018-03-14 20:13:00,380:INFO: 

2018-03-14 20:13:00,380:INFO: Epoch 6/9
2018-03-14 20:13:00,380:INFO: ----------
2018-03-14 20:14:13,030:INFO: - Train metrics: total_accuracy: 0.935864 ; loss: 2.220043
2018-03-14 20:14:13,031:INFO: 

2018-03-14 20:14:13,031:INFO: Metric Report for the dev set
2018-03-14 20:14:36,449:INFO: - Eval metrics : total_accuracy: 0.000000 ; loss: 0.139960
2018-03-14 20:14:36,468:INFO: ROC AUC is :
2018-03-14 20:14:36,469:INFO: [0.6920811723716056, 0.7042852617765508, 0.6748091603053435, 0.7988017259305469, 0.6095002990593226, 0.6530522513101449, 0.5877799479166667, 0.5000844737286704, 0.5953453453453453, 0.7430717986676535, 0.7901860299224719, 0.6736602628918099, 0.605800285045568, 0.6499083529719821, 0.6710966232029422]
2018-03-14 20:14:36,469:INFO: average ROC_AUC scores :
2018-03-14 20:14:36,469:INFO: 0.6632975326964416
2018-03-14 20:14:36,470:INFO: 

2018-03-14 20:14:36,470:INFO: Epoch 7/9
2018-03-14 20:14:36,470:INFO: ----------
2018-03-14 20:15:49,264:INFO: - Train metrics: total_accuracy: 0.935521 ; loss: 2.217352
2018-03-14 20:15:49,265:INFO: 

2018-03-14 20:15:49,265:INFO: Metric Report for the dev set
2018-03-14 20:16:12,736:INFO: - Eval metrics : total_accuracy: 0.000000 ; loss: 0.139942
2018-03-14 20:16:12,749:INFO: ROC AUC is :
2018-03-14 20:16:12,749:INFO: [0.6920130854544004, 0.7034254943662609, 0.6747655398037077, 0.7989414379288833, 0.6107552607253548, 0.6517688441016745, 0.5885807291666667, 0.5011920181712377, 0.5944893491622464, 0.7430495928941525, 0.7898105911283813, 0.6735223825719275, 0.6061402476496816, 0.6505855477602911, 0.6701771982614511]
2018-03-14 20:16:12,749:INFO: average ROC_AUC scores :
2018-03-14 20:16:12,749:INFO: 0.6632811546097545
2018-03-14 20:16:12,750:INFO: 

2018-03-14 20:16:12,750:INFO: Epoch 8/9
2018-03-14 20:16:12,750:INFO: ----------
2018-03-14 20:17:25,669:INFO: - Train metrics: total_accuracy: 0.936130 ; loss: 2.215364
2018-03-14 20:17:25,669:INFO: 

2018-03-14 20:17:25,670:INFO: Metric Report for the dev set
2018-03-14 20:17:49,121:INFO: - Eval metrics : total_accuracy: 0.000000 ; loss: 0.139971
2018-03-14 20:17:49,140:INFO: ROC AUC is :
2018-03-14 20:17:49,140:INFO: [0.6919481901114392, 0.7039147698990904, 0.6750563431479462, 0.7992728477854023, 0.6094285248219238, 0.6522798303050468, 0.5874999999999999, 0.4999342982110342, 0.5954716398641632, 0.7432124352331606, 0.7903737493195172, 0.6726951006526335, 0.6071209090077014, 0.6512988596039765, 0.6716817118020729]
2018-03-14 20:17:49,140:INFO: average ROC_AUC scores :
2018-03-14 20:17:49,141:INFO: 0.6634126139843405
2018-03-14 20:17:49,142:INFO: 

2018-03-14 20:17:49,142:INFO: Epoch 9/9
2018-03-14 20:17:49,142:INFO: ----------
2018-03-14 20:19:02,147:INFO: - Train metrics: total_accuracy: 0.935626 ; loss: 2.214090
2018-03-14 20:19:02,148:INFO: 

2018-03-14 20:19:02,148:INFO: Metric Report for the dev set
2018-03-14 20:19:25,590:INFO: - Eval metrics : total_accuracy: 0.000000 ; loss: 0.139925
2018-03-14 20:19:25,609:INFO: ROC AUC is :
2018-03-14 20:19:25,609:INFO: [0.691970531131147, 0.7041975881261595, 0.6768157033805889, 0.7993280827614889, 0.6093219509542711, 0.6513648084990078, 0.5877669270833333, 0.4992960522610801, 0.5941174819679493, 0.7432272390821614, 0.7899044508269039, 0.6732236418788491, 0.6061794741040024, 0.6513891522424177, 0.6713473754597125]
2018-03-14 20:19:25,609:INFO: average ROC_AUC scores :
2018-03-14 20:19:25,609:INFO: 0.6632966973172716
2018-03-14 20:19:25,610:INFO: 

2018-03-14 20:19:25,611:INFO: Best eval loss: 0.139755
2018-03-14 20:19:25,611:INFO: Training complete in 16m 4s
