2018-03-14 07:01:19,410:INFO: Loading the datasets...
2018-03-14 07:01:19,423:INFO: Names of 14 diseases:
2018-03-14 07:01:19,437:INFO: Epoch 0/9
2018-03-14 07:01:19,438:INFO: ----------
2018-03-14 07:04:30,289:INFO: - Train metrics: total_accuracy: 0.938984 ; loss: 0.177540
2018-03-14 07:04:30,290:INFO: 

2018-03-14 07:04:30,290:INFO: Metric Report for the dev set
2018-03-14 07:05:28,805:INFO: - Eval metrics : total_accuracy: 0.000000 ; loss: 0.170912
2018-03-14 07:05:28,825:INFO: ROC AUC is :
2018-03-14 07:05:28,826:INFO: [0.6950291231149764, 0.7527659622607357, 0.7332460923300619, 0.8222765907673114, 0.6756141590995596, 0.7024277786360233, 0.6444921874999999, 0.5443111636725423, 0.6981841654738852, 0.7255292376017765, 0.8326293855944134, 0.6988693813769647, 0.734698413943697, 0.6835423607913247, 0.6223671013039117]
2018-03-14 07:05:28,826:INFO: average ROC_AUC scores :
2018-03-14 07:05:28,826:INFO: 0.7043988735644788
2018-03-14 07:05:28,829:INFO: Found better model!
2018-03-14 07:05:28,858:INFO: 

2018-03-14 07:05:28,858:INFO: Epoch 1/9
2018-03-14 07:05:28,858:INFO: ----------
2018-03-14 07:08:39,085:INFO: - Train metrics: total_accuracy: 0.939193 ; loss: 0.174514
2018-03-14 07:08:39,087:INFO: 

2018-03-14 07:08:39,087:INFO: Metric Report for the dev set
2018-03-14 07:09:37,469:INFO: - Eval metrics : total_accuracy: 0.000000 ; loss: 0.171030
2018-03-14 07:09:37,489:INFO: ROC AUC is :
2018-03-14 07:09:37,489:INFO: [0.6961089390675284, 0.7477629078238834, 0.735281715739731, 0.8197682730297359, 0.6794018813550107, 0.7013345058288077, 0.6422786458333334, 0.5284113307428057, 0.7125115769975583, 0.7264248704663212, 0.8304142967092789, 0.6928256273554555, 0.7296382013363145, 0.6816100983286834, 0.6093279839518555]
2018-03-14 07:09:37,489:INFO: average ROC_AUC scores :
2018-03-14 07:09:37,489:INFO: 0.7022067236377534
2018-03-14 07:09:37,492:INFO: 

2018-03-14 07:09:37,493:INFO: Epoch 2/9
2018-03-14 07:09:37,493:INFO: ----------
2018-03-14 07:12:47,061:INFO: - Train metrics: total_accuracy: 0.939250 ; loss: 0.173753
2018-03-14 07:12:47,062:INFO: 

2018-03-14 07:12:47,063:INFO: Metric Report for the dev set
2018-03-14 07:13:45,025:INFO: - Eval metrics : total_accuracy: 0.000000 ; loss: 0.171318
2018-03-14 07:13:45,045:INFO: ROC AUC is :
2018-03-14 07:13:45,045:INFO: [0.6963366046969335, 0.7487160052491063, 0.7295092693565975, 0.8180105011436889, 0.6774835517372628, 0.7042221720478663, 0.6356640625000001, 0.5307578232058718, 0.7140481603098425, 0.7238934122871947, 0.8350697377560024, 0.6844838680025738, 0.735835981119, 0.6682377585755432, 0.6239551989301237]
2018-03-14 07:13:45,045:INFO: average ROC_AUC scores :
2018-03-14 07:13:45,046:INFO: 0.7017482737945071
2018-03-14 07:13:45,048:INFO: 

2018-03-14 07:13:45,049:INFO: Epoch 3/9
2018-03-14 07:13:45,049:INFO: ----------
2018-03-14 07:16:54,111:INFO: - Train metrics: total_accuracy: 0.939583 ; loss: 0.172558
2018-03-14 07:16:54,113:INFO: 

2018-03-14 07:16:54,113:INFO: Metric Report for the dev set
2018-03-14 07:17:52,414:INFO: - Eval metrics : total_accuracy: 0.000000 ; loss: 0.170305
2018-03-14 07:17:52,427:INFO: ROC AUC is :
2018-03-14 07:17:52,427:INFO: [0.6950110375275939, 0.7512698538395401, 0.7630679752817158, 0.823020638386359, 0.6776053504431514, 0.7044954902496702, 0.6335286458333333, 0.527078523023784, 0.7212118660716792, 0.726039970392302, 0.8382609675057724, 0.7115543708061401, 0.7330639783469973, 0.6942691262381379, 0.6245402875292545]
2018-03-14 07:17:52,427:INFO: average ROC_AUC scores :
2018-03-14 07:17:52,428:INFO: 0.7082678720983623
2018-03-14 07:17:52,429:INFO: Found better model!
2018-03-14 07:17:52,447:INFO: 

2018-03-14 07:17:52,447:INFO: Epoch 4/9
2018-03-14 07:17:52,447:INFO: ----------
2018-03-14 07:21:01,477:INFO: - Train metrics: total_accuracy: 0.939688 ; loss: 0.171943
2018-03-14 07:21:01,479:INFO: 

2018-03-14 07:21:01,479:INFO: Metric Report for the dev set
2018-03-14 07:21:59,938:INFO: - Eval metrics : total_accuracy: 0.000000 ; loss: 0.170234
2018-03-14 07:21:59,958:INFO: ROC AUC is :
2018-03-14 07:21:59,958:INFO: [0.6950546557089283, 0.7516969093624146, 0.7641294074881861, 0.823004392805157, 0.6778685226469467, 0.7068365200651209, 0.63349609375, 0.5230988718064238, 0.7230010384215992, 0.7285418208734271, 0.8390118450939535, 0.7155069399761008, 0.7314949201741654, 0.6979259780950059, 0.6214476763624206]
2018-03-14 07:21:59,958:INFO: average ROC_AUC scores :
2018-03-14 07:21:59,958:INFO: 0.7088077061753232
2018-03-14 07:21:59,961:INFO: Found better model!
2018-03-14 07:21:59,988:INFO: 

2018-03-14 07:21:59,988:INFO: Epoch 5/9
2018-03-14 07:21:59,988:INFO: ----------
2018-03-14 07:25:08,548:INFO: - Train metrics: total_accuracy: 0.939897 ; loss: 0.171644
2018-03-14 07:25:08,549:INFO: 

2018-03-14 07:25:08,549:INFO: Metric Report for the dev set
2018-03-14 07:26:06,168:INFO: - Eval metrics : total_accuracy: 0.000000 ; loss: 0.170201
2018-03-14 07:26:06,188:INFO: ROC AUC is :
2018-03-14 07:26:06,188:INFO: [0.6952339157956328, 0.7507579528485452, 0.7630098146128681, 0.8232643221043876, 0.6775259637866348, 0.7073118560682583, 0.6319856770833334, 0.5239623810328321, 0.7236395273778451, 0.7288230940044411, 0.8404197405717933, 0.7172534240279438, 0.730370428483636, 0.699686684544609, 0.6175192243396856]
2018-03-14 07:26:06,188:INFO: average ROC_AUC scores :
2018-03-14 07:26:06,188:INFO: 0.7087176004454965
2018-03-14 07:26:06,191:INFO: Found better model!
2018-03-14 07:26:06,220:INFO: 

2018-03-14 07:26:06,220:INFO: Epoch 6/9
2018-03-14 07:26:06,220:INFO: ----------
2018-03-14 07:29:14,781:INFO: - Train metrics: total_accuracy: 0.939479 ; loss: 0.171616
2018-03-14 07:29:14,782:INFO: 

2018-03-14 07:29:14,782:INFO: Metric Report for the dev set
2018-03-14 07:30:12,628:INFO: - Eval metrics : total_accuracy: 0.000000 ; loss: 0.170207
2018-03-14 07:30:12,642:INFO: ROC AUC is :
2018-03-14 07:30:12,642:INFO: [0.6950833798771243, 0.7514508575048645, 0.7652344601962923, 0.8230758733624455, 0.6775205263444076, 0.7074306900690425, 0.6331640625, 0.5230050121079011, 0.7235062164968707, 0.7287712805329385, 0.8407388635467703, 0.7187701075466496, 0.7315864485675807, 0.7002735866944767, 0.6211133400200601]
2018-03-14 07:30:12,642:INFO: average ROC_AUC scores :
2018-03-14 07:30:12,642:INFO: 0.7093816470244949
2018-03-14 07:30:12,645:INFO: 

2018-03-14 07:30:12,645:INFO: Epoch 7/9
2018-03-14 07:30:12,645:INFO: ----------
2018-03-14 07:33:22,048:INFO: - Train metrics: total_accuracy: 0.939555 ; loss: 0.171140
2018-03-14 07:33:22,049:INFO: 

2018-03-14 07:33:22,050:INFO: Metric Report for the dev set
2018-03-14 07:34:20,036:INFO: - Eval metrics : total_accuracy: 0.000000 ; loss: 0.170227
2018-03-14 07:34:20,049:INFO: ROC AUC is :
2018-03-14 07:34:20,049:INFO: [0.6948823106997527, 0.7517732702837232, 0.7659614685568884, 0.823072624246205, 0.6775792507204611, 0.7073475062684935, 0.6327994791666667, 0.5239811529725367, 0.7234992001347142, 0.7286898593634346, 0.8401944772953389, 0.7195284493060025, 0.7306711646334287, 0.6998221235022708, 0.6228686058174524]
2018-03-14 07:34:20,049:INFO: average ROC_AUC scores :
2018-03-14 07:34:20,049:INFO: 0.7095113961978246
2018-03-14 07:34:20,051:INFO: 

2018-03-14 07:34:20,051:INFO: Epoch 8/9
2018-03-14 07:34:20,051:INFO: ----------
2018-03-14 07:37:29,316:INFO: - Train metrics: total_accuracy: 0.939602 ; loss: 0.171624
2018-03-14 07:37:29,317:INFO: 

2018-03-14 07:37:29,318:INFO: Metric Report for the dev set
2018-03-14 07:38:27,445:INFO: - Eval metrics : total_accuracy: 0.000000 ; loss: 0.170205
2018-03-14 07:38:27,458:INFO: ROC AUC is :
2018-03-14 07:38:27,458:INFO: [0.6950812521609617, 0.7515102493325488, 0.7652199200290803, 0.823251325639426, 0.6775053015061716, 0.7073356228684151, 0.63236328125, 0.5228923804696739, 0.7243902781285959, 0.7289267209474464, 0.8402132492350435, 0.71840242669363, 0.7309457498136743, 0.6998853283491797, 0.6205282514209294]
2018-03-14 07:38:27,458:INFO: average ROC_AUC scores :
2018-03-14 07:38:27,458:INFO: 0.7092300891896516
2018-03-14 07:38:27,460:INFO: 

2018-03-14 07:38:27,460:INFO: Epoch 9/9
2018-03-14 07:38:27,460:INFO: ----------
2018-03-14 07:41:35,799:INFO: - Train metrics: total_accuracy: 0.939707 ; loss: 0.171363
2018-03-14 07:41:35,800:INFO: 

2018-03-14 07:41:35,800:INFO: Metric Report for the dev set
2018-03-14 07:42:33,436:INFO: - Eval metrics : total_accuracy: 0.000000 ; loss: 0.170242
2018-03-14 07:42:33,450:INFO: ROC AUC is :
2018-03-14 07:42:33,450:INFO: [0.6951514667943296, 0.7513716684012851, 0.7641875681570338, 0.8232935641505511, 0.6776684247729868, 0.7077158916709249, 0.6323111979166667, 0.5233053631431736, 0.7244744744744746, 0.7289637305699481, 0.8402320211747479, 0.7181726261604926, 0.7307888439963912, 0.6999485331960885, 0.6196088264794383]
2018-03-14 07:42:33,450:INFO: average ROC_AUC scores :
2018-03-14 07:42:33,450:INFO: 0.7091462800705689
2018-03-14 07:42:33,451:INFO: 

2018-03-14 07:42:33,452:INFO: Best eval loss: 0.170201
2018-03-14 07:42:33,452:INFO: Training complete in 41m 14s
