2018-03-14 04:54:37,175:INFO: Loading the datasets...
2018-03-14 04:54:37,183:INFO: Names of 14 diseases:
2018-03-14 04:54:37,197:INFO: Epoch 0/9
2018-03-14 04:54:37,198:INFO: ----------
2018-03-14 04:57:50,843:INFO: - Train metrics: total_accuracy: 0.933371 ; loss: 2.502411
2018-03-14 04:57:50,845:INFO: 

2018-03-14 04:57:50,846:INFO: Metric Report for the dev set
2018-03-14 04:58:55,610:INFO: - Eval metrics : total_accuracy: 0.000000 ; loss: 0.144519
2018-03-14 04:58:55,630:INFO: ROC AUC is :
2018-03-14 04:58:55,631:INFO: [0.669694938695178, 0.7073085886239195, 0.6651690294438385, 0.7614076471199834, 0.6621804143330978, 0.6660883411961831, 0.5239583333333334, 0.525802031123876, 0.44514608066009936, 0.7021687638786084, 0.7830151489553415, 0.5905873701626988, 0.4513134324455079, 0.5702792751306985, 0.6413406887328652]
2018-03-14 04:58:55,631:INFO: average ROC_AUC scores :
2018-03-14 04:58:55,631:INFO: 0.6243640055890153
2018-03-14 04:58:55,635:INFO: Found better model!
2018-03-14 04:58:55,662:INFO: 

2018-03-14 04:58:55,663:INFO: Epoch 1/9
2018-03-14 04:58:55,663:INFO: ----------
2018-03-14 05:02:07,808:INFO: - Train metrics: total_accuracy: 0.934037 ; loss: 2.465760
2018-03-14 05:02:07,810:INFO: 

2018-03-14 05:02:07,810:INFO: Metric Report for the dev set
2018-03-14 05:03:12,103:INFO: - Eval metrics : total_accuracy: 0.000000 ; loss: 0.153407
2018-03-14 05:03:12,124:INFO: ROC AUC is :
2018-03-14 05:03:12,124:INFO: [0.645669299715418, 0.6930206117923888, 0.6000290803344238, 0.7139055676855895, 0.647352509379588, 0.6772468538698292, 0.5900065104166667, 0.5100336017720711, 0.533517162021835, 0.6987527757216876, 0.7686921589607854, 0.5468793087599964, 0.5441886007923744, 0.5644824877427743, 0.7067870277499164]
2018-03-14 05:03:12,124:INFO: average ROC_AUC scores :
2018-03-14 05:03:12,124:INFO: 0.6293709037810229
2018-03-14 05:03:12,127:INFO: 

2018-03-14 05:03:12,127:INFO: Epoch 2/9
2018-03-14 05:03:12,128:INFO: ----------
2018-03-14 05:06:24,766:INFO: - Train metrics: total_accuracy: 0.933999 ; loss: 2.444404
2018-03-14 05:06:24,767:INFO: 

2018-03-14 05:06:24,768:INFO: Metric Report for the dev set
2018-03-14 05:07:28,966:INFO: - Eval metrics : total_accuracy: 0.000000 ; loss: 0.146000
2018-03-14 05:07:28,980:INFO: ROC AUC is :
2018-03-14 05:07:28,980:INFO: [0.6706008138514323, 0.7293316439657903, 0.6516321337695383, 0.7655242773965482, 0.6579479093034637, 0.650568620693753, 0.5730598958333334, 0.5014360533873965, 0.4968075552187702, 0.7067949666913397, 0.7750933904000301, 0.47490578178141374, 0.5305508701735117, 0.5854664969165064, 0.7387997325309261]
2018-03-14 05:07:28,980:INFO: average ROC_AUC scores :
2018-03-14 05:07:28,980:INFO: 0.6339013427942501
2018-03-14 05:07:28,983:INFO: 

2018-03-14 05:07:28,983:INFO: Epoch 3/9
2018-03-14 05:07:28,983:INFO: ----------
2018-03-14 05:10:40,868:INFO: - Train metrics: total_accuracy: 0.936501 ; loss: 2.394653
2018-03-14 05:10:40,870:INFO: 

2018-03-14 05:10:40,871:INFO: Metric Report for the dev set
2018-03-14 05:11:45,001:INFO: - Eval metrics : total_accuracy: 0.000000 ; loss: 0.139899
2018-03-14 05:11:45,022:INFO: ROC AUC is :
2018-03-14 05:11:45,022:INFO: [0.6828873108327349, 0.7413372777048736, 0.680945110868775, 0.7975768091079227, 0.6410592137458541, 0.6469798338700671, 0.5865169270833334, 0.49278218918360833, 0.5621088378097724, 0.7157364914877867, 0.798764806367442, 0.5189125838771946, 0.48201467069391596, 0.570541123782178, 0.7214142427281846]
2018-03-14 05:11:45,022:INFO: average ROC_AUC scores :
2018-03-14 05:11:45,022:INFO: 0.6426384952762431
2018-03-14 05:11:45,025:INFO: Found better model!
2018-03-14 05:11:45,052:INFO: 

2018-03-14 05:11:45,052:INFO: Epoch 4/9
2018-03-14 05:11:45,052:INFO: ----------
2018-03-14 05:14:57,581:INFO: - Train metrics: total_accuracy: 0.936787 ; loss: 2.376858
2018-03-14 05:14:57,582:INFO: 

2018-03-14 05:14:57,583:INFO: Metric Report for the dev set
2018-03-14 05:16:01,902:INFO: - Eval metrics : total_accuracy: 0.000000 ; loss: 0.139556
2018-03-14 05:16:01,922:INFO: ROC AUC is :
2018-03-14 05:16:01,922:INFO: [0.6836522247932126, 0.7358986831983348, 0.674140312613595, 0.8069082709503015, 0.6353063998695014, 0.6648762343881831, 0.58791015625, 0.48857727468979373, 0.5792498105582218, 0.7170762398223538, 0.8006607722775994, 0.5657689125838773, 0.49483518351442873, 0.5677781690458777, 0.7099632230023404]
2018-03-14 05:16:01,922:INFO: average ROC_AUC scores :
2018-03-14 05:16:01,922:INFO: 0.6475067911705081
2018-03-14 05:16:01,926:INFO: Found better model!
2018-03-14 05:16:01,953:INFO: 

2018-03-14 05:16:01,953:INFO: Epoch 5/9
2018-03-14 05:16:01,953:INFO: ----------
2018-03-14 05:19:15,059:INFO: - Train metrics: total_accuracy: 0.936710 ; loss: 2.368128
2018-03-14 05:19:15,061:INFO: 

2018-03-14 05:19:15,061:INFO: Metric Report for the dev set
2018-03-14 05:20:19,863:INFO: - Eval metrics : total_accuracy: 0.000000 ; loss: 0.139281
2018-03-14 05:20:19,882:INFO: ROC AUC is :
2018-03-14 05:20:19,883:INFO: [0.6832394478576558, 0.73481548938866, 0.6972882588149764, 0.8131660688292784, 0.6269414387472134, 0.6786134448788488, 0.5882096354166666, 0.49274464530419926, 0.5856978473800905, 0.7115099925980755, 0.8038895459067785, 0.6223687838955787, 0.532459890950457, 0.5788931928379879, 0.7310264125710464]
2018-03-14 05:20:19,883:INFO: average ROC_AUC scores :
2018-03-14 05:20:19,883:INFO: 0.6587242730251676
2018-03-14 05:20:19,887:INFO: Found better model!
2018-03-14 05:20:19,914:INFO: 

2018-03-14 05:20:19,914:INFO: Epoch 6/9
2018-03-14 05:20:19,914:INFO: ----------
2018-03-14 05:23:33,690:INFO: - Train metrics: total_accuracy: 0.937443 ; loss: 2.349561
2018-03-14 05:23:33,691:INFO: 

2018-03-14 05:23:33,692:INFO: Metric Report for the dev set
2018-03-14 05:24:37,373:INFO: - Eval metrics : total_accuracy: 0.000000 ; loss: 0.139002
2018-03-14 05:24:37,394:INFO: ROC AUC is :
2018-03-14 05:24:37,394:INFO: [0.6847288491715204, 0.734176320195484, 0.7031043256997456, 0.8151967664795177, 0.6278157794573432, 0.6746681560528098, 0.5888932291666668, 0.49343920707326683, 0.589921697398333, 0.71, 0.8040772653038238, 0.6322961669271073, 0.5408805031446541, 0.5794800949878556, 0.737128050819124]
2018-03-14 05:24:37,394:INFO: average ROC_AUC scores :
2018-03-14 05:24:37,395:INFO: 0.6610537607918168
2018-03-14 05:24:37,398:INFO: Found better model!
2018-03-14 05:24:37,421:INFO: 

2018-03-14 05:24:37,421:INFO: Epoch 7/9
2018-03-14 05:24:37,422:INFO: ----------
2018-03-14 05:27:48,770:INFO: - Train metrics: total_accuracy: 0.937081 ; loss: 2.347217
2018-03-14 05:27:48,771:INFO: 

2018-03-14 05:27:48,771:INFO: Metric Report for the dev set
2018-03-14 05:28:52,657:INFO: - Eval metrics : total_accuracy: 0.000000 ; loss: 0.138902
2018-03-14 05:28:52,677:INFO: ROC AUC is :
2018-03-14 05:28:52,677:INFO: [0.6853575892975877, 0.7334098828001268, 0.7086150490730644, 0.8152227594094406, 0.6261127725517917, 0.6752385592565745, 0.5864778645833333, 0.49171218862045013, 0.59865005192108, 0.7096150999259807, 0.8022188432730755, 0.6367083371633422, 0.547875887498529, 0.5790196025318055, 0.7323637579404881]
2018-03-14 05:28:52,677:INFO: average ROC_AUC scores :
2018-03-14 05:28:52,677:INFO: 0.6619065497231114
2018-03-14 05:28:52,681:INFO: Found better model!
2018-03-14 05:28:52,704:INFO: 

2018-03-14 05:28:52,705:INFO: Epoch 8/9
2018-03-14 05:28:52,705:INFO: ----------
2018-03-14 05:32:05,606:INFO: - Train metrics: total_accuracy: 0.937129 ; loss: 2.343837
2018-03-14 05:32:05,607:INFO: 

2018-03-14 05:32:05,607:INFO: Metric Report for the dev set
2018-03-14 05:33:10,012:INFO: - Eval metrics : total_accuracy: 0.000000 ; loss: 0.138875
2018-03-14 05:33:10,027:INFO: ROC AUC is :
2018-03-14 05:33:10,027:INFO: [0.6854139737758983, 0.7349484139553827, 0.7082224645583425, 0.8152455032231233, 0.6256103528900006, 0.673016363441908, 0.5877994791666665, 0.49229411875129053, 0.5964749796525497, 0.7094522575869727, 0.80203112387603, 0.6381560805221069, 0.5482289255874162, 0.5795252413070763, 0.7344533600802408]
2018-03-14 05:33:10,027:INFO: average ROC_AUC scores :
2018-03-14 05:33:10,027:INFO: 0.662058175891667
2018-03-14 05:33:10,030:INFO: Found better model!
2018-03-14 05:33:10,058:INFO: 

2018-03-14 05:33:10,059:INFO: Epoch 9/9
2018-03-14 05:33:10,059:INFO: ----------
2018-03-14 05:36:22,644:INFO: - Train metrics: total_accuracy: 0.937005 ; loss: 2.344266
2018-03-14 05:36:22,646:INFO: 

2018-03-14 05:36:22,646:INFO: Metric Report for the dev set
2018-03-14 05:37:27,624:INFO: - Eval metrics : total_accuracy: 0.000000 ; loss: 0.138871
2018-03-14 05:37:27,643:INFO: ROC AUC is :
2018-03-14 05:37:27,644:INFO: [0.6854480172345009, 0.7344902484275306, 0.7076117775354417, 0.8155184289873154, 0.6248230112555054, 0.6724578436382217, 0.5878776041666667, 0.4925193820277449, 0.5968889450197862, 0.7092301998519615, 0.8021062116348482, 0.6400864050004597, 0.5499156631232103, 0.5796245632093615, 0.7352056168505516]
2018-03-14 05:37:27,644:INFO: average ROC_AUC scores :
2018-03-14 05:37:27,644:INFO: 0.6622535945308737
2018-03-14 05:37:27,648:INFO: Found better model!
2018-03-14 05:37:27,676:INFO: 

2018-03-14 05:37:27,676:INFO: Best eval loss: 0.138871
2018-03-14 05:37:27,677:INFO: Training complete in 42m 50s
