2018-03-14 05:37:27,686:INFO: Loading the datasets...
2018-03-14 05:37:27,695:INFO: Names of 14 diseases:
2018-03-14 05:37:27,709:INFO: Epoch 0/9
2018-03-14 05:37:27,709:INFO: ----------
2018-03-14 05:40:37,219:INFO: - Train metrics: total_accuracy: 0.936901 ; loss: 0.184757
2018-03-14 05:40:37,220:INFO: 

2018-03-14 05:40:37,221:INFO: Metric Report for the dev set
2018-03-14 05:41:35,262:INFO: - Eval metrics : total_accuracy: 0.000000 ; loss: 0.177225
2018-03-14 05:41:35,282:INFO: ROC AUC is :
2018-03-14 05:41:35,282:INFO: [0.677765898029203, 0.7265317435178061, 0.6274227553616867, 0.7871438968600541, 0.6678157794573433, 0.6755356442585353, 0.5699023437499999, 0.5327476488145519, 0.6216988016053437, 0.7044559585492229, 0.7889470819019728, 0.5612648221343873, 0.6881889146040089, 0.5844823071574975, 0.6976763624205952]
2018-03-14 05:41:35,283:INFO: average ROC_AUC scores :
2018-03-14 05:41:35,283:INFO: 0.6607719972281473
2018-03-14 05:41:35,285:INFO: Found better model!
2018-03-14 05:41:35,314:INFO: 

2018-03-14 05:41:35,314:INFO: Epoch 1/9
2018-03-14 05:41:35,314:INFO: ----------
2018-03-14 05:44:43,838:INFO: - Train metrics: total_accuracy: 0.937139 ; loss: 0.183512
2018-03-14 05:44:43,839:INFO: 

2018-03-14 05:44:43,839:INFO: Metric Report for the dev set
2018-03-14 05:45:41,592:INFO: - Eval metrics : total_accuracy: 0.000000 ; loss: 0.176710
2018-03-14 05:45:41,612:INFO: ROC AUC is :
2018-03-14 05:45:41,612:INFO: [0.6867714566876778, 0.7318261007285398, 0.6646892039258452, 0.8129418798086919, 0.6657452014572344, 0.686242587729201, 0.6060286458333334, 0.5394492312890691, 0.6161348264152003, 0.7099777942264989, 0.8020123519363256, 0.6055473848699329, 0.7103387858104839, 0.6308566062608916, 0.714560347709796]
2018-03-14 05:45:41,612:INFO: average ROC_AUC scores :
2018-03-14 05:45:41,613:INFO: 0.6788748269792481
2018-03-14 05:45:41,615:INFO: Found better model!
2018-03-14 05:45:41,642:INFO: 

2018-03-14 05:45:41,642:INFO: Epoch 2/9
2018-03-14 05:45:41,642:INFO: ----------
2018-03-14 05:48:50,606:INFO: - Train metrics: total_accuracy: 0.937424 ; loss: 0.183047
2018-03-14 05:48:50,607:INFO: 

2018-03-14 05:48:50,608:INFO: Metric Report for the dev set
2018-03-14 05:49:48,845:INFO: - Eval metrics : total_accuracy: 0.000000 ; loss: 0.177728
2018-03-14 05:49:48,865:INFO: ROC AUC is :
2018-03-14 05:49:48,865:INFO: [0.6883534136546183, 0.7331327209375991, 0.6576953834969103, 0.7984735651902682, 0.6663650698711326, 0.669843495620967, 0.5856250000000001, 0.5423588819432712, 0.614675423086638, 0.7047964470762399, 0.8006983161570085, 0.5831188528357385, 0.7292720877626538, 0.6190282706250959, 0.6716817118020728]
2018-03-14 05:49:48,865:INFO: average ROC_AUC scores :
2018-03-14 05:49:48,865:INFO: 0.6710079093373477
2018-03-14 05:49:48,868:INFO: 

2018-03-14 05:49:48,869:INFO: Epoch 3/9
2018-03-14 05:49:48,869:INFO: ----------
2018-03-14 05:52:57,314:INFO: - Train metrics: total_accuracy: 0.938175 ; loss: 0.180172
2018-03-14 05:52:57,316:INFO: 

2018-03-14 05:52:57,316:INFO: Metric Report for the dev set
2018-03-14 05:53:55,139:INFO: - Eval metrics : total_accuracy: 0.000000 ; loss: 0.172609
2018-03-14 05:53:55,153:INFO: ROC AUC is :
2018-03-14 05:53:55,153:INFO: [0.6905236841405358, 0.7331892845830128, 0.6894656488549619, 0.8104855479309627, 0.6674329835245499, 0.6896768903518675, 0.60474609375, 0.5399185297816823, 0.6644915943981364, 0.7174537379718727, 0.8100655140695688, 0.6581946870116739, 0.7226820434367605, 0.6431905806719578, 0.6598127716482782]
2018-03-14 05:53:55,153:INFO: average ROC_AUC scores :
2018-03-14 05:53:55,153:INFO: 0.6867553061417214
2018-03-14 05:53:55,154:INFO: Found better model!
2018-03-14 05:53:55,170:INFO: 

2018-03-14 05:53:55,170:INFO: Epoch 4/9
2018-03-14 05:53:55,170:INFO: ----------
2018-03-14 05:57:03,364:INFO: - Train metrics: total_accuracy: 0.938727 ; loss: 0.178753
2018-03-14 05:57:03,366:INFO: 

2018-03-14 05:57:03,366:INFO: Metric Report for the dev set
2018-03-14 05:58:01,028:INFO: - Eval metrics : total_accuracy: 0.000000 ; loss: 0.172120
2018-03-14 05:58:01,048:INFO: ROC AUC is :
2018-03-14 05:58:01,048:INFO: [0.6932503524029894, 0.7329262636318385, 0.699629225736096, 0.814079070492826, 0.6713544668587896, 0.6875497617378284, 0.6091731770833333, 0.5308516829043946, 0.6786085150571132, 0.7231162102146558, 0.8155093765838823, 0.677474951741888, 0.7224859111651565, 0.6460980036297641, 0.6373286526245403]
2018-03-14 05:58:01,048:INFO: average ROC_AUC scores :
2018-03-14 05:58:01,048:INFO: 0.6892957081243395
2018-03-14 05:58:01,051:INFO: Found better model!
2018-03-14 05:58:01,079:INFO: 

2018-03-14 05:58:01,079:INFO: Epoch 5/9
2018-03-14 05:58:01,079:INFO: ----------
2018-03-14 06:01:10,383:INFO: - Train metrics: total_accuracy: 0.938870 ; loss: 0.178092
2018-03-14 06:01:10,384:INFO: 

2018-03-14 06:01:10,385:INFO: Metric Report for the dev set
2018-03-14 06:02:08,402:INFO: - Eval metrics : total_accuracy: 0.000000 ; loss: 0.172034
2018-03-14 06:02:08,422:INFO: ROC AUC is :
2018-03-14 06:02:08,423:INFO: [0.6925710790180589, 0.7334127109823972, 0.6959505634314795, 0.8154859378249116, 0.6717394377684738, 0.6884291333436323, 0.61236328125, 0.5299881736779861, 0.6834217394965059, 0.7230940044411548, 0.8176869215896079, 0.6791065355271625, 0.7258724617215184, 0.6506938989264205, 0.6448512203276496]
2018-03-14 06:02:08,423:INFO: average ROC_AUC scores :
2018-03-14 06:02:08,423:INFO: 0.6909778066217973
2018-03-14 06:02:08,426:INFO: Found better model!
2018-03-14 06:02:08,454:INFO: 

2018-03-14 06:02:08,454:INFO: Epoch 6/9
2018-03-14 06:02:08,455:INFO: ----------
2018-03-14 06:05:18,888:INFO: - Train metrics: total_accuracy: 0.938651 ; loss: 0.177249
2018-03-14 06:05:18,889:INFO: 

2018-03-14 06:05:18,890:INFO: Metric Report for the dev set
2018-03-14 06:06:16,811:INFO: - Eval metrics : total_accuracy: 0.000000 ; loss: 0.171795
2018-03-14 06:06:16,824:INFO: ROC AUC is :
2018-03-14 06:06:16,824:INFO: [0.6921428761403228, 0.7333504909724421, 0.6965030897855325, 0.8190502183406113, 0.6715023652873688, 0.6908889971598674, 0.6143619791666666, 0.5282611552251694, 0.6866632988128315, 0.7248630643967432, 0.8189821854292203, 0.6882066366393971, 0.7291544083996915, 0.6619443616761926, 0.6390003343363424]
2018-03-14 06:06:16,824:INFO: average ROC_AUC scores :
2018-03-14 06:06:16,825:INFO: 0.6929916974512267
2018-03-14 06:06:16,826:INFO: Found better model!
2018-03-14 06:06:16,851:INFO: 

2018-03-14 06:06:16,852:INFO: Epoch 7/9
2018-03-14 06:06:16,852:INFO: ----------
2018-03-14 06:09:26,989:INFO: - Train metrics: total_accuracy: 0.938984 ; loss: 0.177099
2018-03-14 06:09:26,990:INFO: 

2018-03-14 06:09:26,990:INFO: Metric Report for the dev set
2018-03-14 06:10:24,832:INFO: - Eval metrics : total_accuracy: 0.000000 ; loss: 0.171722
2018-03-14 06:10:24,846:INFO: ROC AUC is :
2018-03-14 06:10:24,846:INFO: [0.6918843586265592, 0.7339076428797684, 0.6987568157033806, 0.8208209866916198, 0.6709520961339785, 0.6907582797590046, 0.61552734375, 0.530194665014736, 0.6877157531363138, 0.7255514433752777, 0.8198832385350379, 0.6929635076753378, 0.7328286196210724, 0.6664499643344078, 0.6360748913406887]
2018-03-14 06:10:24,846:INFO: average ROC_AUC scores :
2018-03-14 06:10:24,846:INFO: 0.6942846404384789
2018-03-14 06:10:24,847:INFO: Found better model!
2018-03-14 06:10:24,874:INFO: 

2018-03-14 06:10:24,874:INFO: Epoch 8/9
2018-03-14 06:10:24,874:INFO: ----------
2018-03-14 06:13:34,039:INFO: - Train metrics: total_accuracy: 0.938851 ; loss: 0.177019
2018-03-14 06:13:34,040:INFO: 

2018-03-14 06:13:34,041:INFO: Metric Report for the dev set
2018-03-14 06:14:31,848:INFO: - Eval metrics : total_accuracy: 0.000000 ; loss: 0.171705
2018-03-14 06:14:31,862:INFO: ROC AUC is :
2018-03-14 06:14:31,862:INFO: [0.6920258517513764, 0.7339415810670166, 0.6974918211559433, 0.8205480609274278, 0.6712609428524823, 0.6917802521657497, 0.61515625, 0.5288618572957143, 0.6877227694984703, 0.7256476683937824, 0.8198081507762197, 0.6911940435701812, 0.7322663737758077, 0.6661610278913959, 0.6319792711467737]
2018-03-14 06:14:31,862:INFO: average ROC_AUC scores :
2018-03-14 06:14:31,862:INFO: 0.6937230614845562
2018-03-14 06:14:31,863:INFO: Found better model!
2018-03-14 06:14:31,881:INFO: 

2018-03-14 06:14:31,881:INFO: Epoch 9/9
2018-03-14 06:14:31,881:INFO: ----------
2018-03-14 06:17:39,603:INFO: - Train metrics: total_accuracy: 0.938889 ; loss: 0.176968
2018-03-14 06:17:39,605:INFO: 

2018-03-14 06:17:39,605:INFO: Metric Report for the dev set
2018-03-14 06:18:37,640:INFO: - Eval metrics : total_accuracy: 0.000000 ; loss: 0.171697
2018-03-14 06:18:37,660:INFO: ROC AUC is :
2018-03-14 06:18:37,660:INFO: [0.6918598898906887, 0.7340122856237838, 0.6990330788804071, 0.8211978841755043, 0.6710042955793594, 0.6908058133593183, 0.6152994791666666, 0.5295751910044865, 0.6882068984872722, 0.7254034048852701, 0.8201648176306058, 0.6928026473021417, 0.7335085448292995, 0.666928515318146, 0.6363256435974591]
2018-03-14 06:18:37,660:INFO: average ROC_AUC scores :
2018-03-14 06:18:37,661:INFO: 0.6944085593153606
2018-03-14 06:18:37,664:INFO: Found better model!
2018-03-14 06:18:37,691:INFO: 

2018-03-14 06:18:37,691:INFO: Best eval loss: 0.171697
2018-03-14 06:18:37,691:INFO: Training complete in 41m 10s
