2018-03-15 02:39:01,202:INFO: Loading the datasets...
2018-03-15 02:39:01,205:INFO: Names of 14 diseases:
2018-03-15 02:39:01,209:INFO: Epoch 0/9
2018-03-15 02:39:01,209:INFO: ----------
2018-03-15 02:40:39,325:INFO: - Train metrics: total_accuracy: 0.930051 ; loss: 2.562964
2018-03-15 02:40:39,326:INFO: 

2018-03-15 02:40:39,326:INFO: Metric Report for the dev set
2018-03-15 02:41:28,753:INFO: - Eval metrics : total_accuracy: 0.000000 ; loss: 0.158100
2018-03-15 02:41:28,773:INFO: ROC AUC is :
2018-03-15 02:41:28,773:INFO: [0.48154738157929733, 0.5288446309787773, 0.5385823336968375, 0.5092502339363694, 0.47930400739492146, 0.4964646884766669, 0.488427734375, 0.4839781494621839, 0.4282085824141899, 0.5133678756476684, 0.5339678248953463, 0.46470263811012036, 0.485427372219825, 0.44903432023187145, 0.5850885991307255]
2018-03-15 02:41:28,774:INFO: average ROC_AUC scores :
2018-03-15 02:41:28,774:INFO: 0.4977464248366534
2018-03-15 02:41:28,775:INFO: Found better model!
2018-03-15 02:41:28,779:INFO: 

2018-03-15 02:41:28,779:INFO: Epoch 1/9
2018-03-15 02:41:28,780:INFO: ----------
2018-03-15 02:43:46,198:INFO: - Train metrics: total_accuracy: 0.932125 ; loss: 2.543990
2018-03-15 02:43:46,199:INFO: 

2018-03-15 02:43:46,199:INFO: Metric Report for the dev set
2018-03-15 02:44:35,661:INFO: - Eval metrics : total_accuracy: 0.000000 ; loss: 0.176703
2018-03-15 02:44:35,682:INFO: ROC AUC is :
2018-03-15 02:44:35,682:INFO: [0.4927833187052847, 0.47954941400063344, 0.43098509632860776, 0.604230024433354, 0.5753509868957641, 0.5506648762343882, 0.45912760416666665, 0.5095079874603443, 0.45588813112177595, 0.3856180606957809, 0.4751177939216459, 0.5914835922419339, 0.37254671216935364, 0.3969535263789943, 0.24431628217987295]
2018-03-15 02:44:35,682:INFO: average ROC_AUC scores :
2018-03-15 02:44:35,683:INFO: 0.4682748937956267
2018-03-15 02:44:35,684:INFO: 

2018-03-15 02:44:35,684:INFO: Epoch 2/9
2018-03-15 02:44:35,684:INFO: ----------
2018-03-15 02:46:52,061:INFO: - Train metrics: total_accuracy: 0.931783 ; loss: 2.544572
2018-03-15 02:46:52,062:INFO: 

2018-03-15 02:46:52,062:INFO: Metric Report for the dev set
2018-03-15 02:47:23,540:INFO: - Eval metrics : total_accuracy: 0.000000 ; loss: 0.208121
2018-03-15 02:47:23,560:INFO: ROC AUC is :
2018-03-15 02:47:23,560:INFO: [0.5261799515944573, 0.48376623376623373, 0.5478880407124682, 0.5125610833853191, 0.5587689630797672, 0.5231310382526648, 0.5338671875000001, 0.4977849111148655, 0.44800174005781485, 0.569578090303479, 0.5966661035084755, 0.44597389465943565, 0.45344473646360445, 0.4186959937156324, 0.4841190237378803]
2018-03-15 02:47:23,561:INFO: average ROC_AUC scores :
2018-03-15 02:47:23,561:INFO: 0.5066951327901399
2018-03-15 02:47:23,562:INFO: 

2018-03-15 02:47:23,562:INFO: Epoch 3/9
2018-03-15 02:47:23,562:INFO: ----------
2018-03-15 02:48:59,071:INFO: - Train metrics: total_accuracy: 0.932363 ; loss: 2.504750
2018-03-15 02:48:59,071:INFO: 

2018-03-15 02:48:59,072:INFO: Metric Report for the dev set
2018-03-15 02:49:30,601:INFO: - Eval metrics : total_accuracy: 0.000000 ; loss: 0.146785
2018-03-15 02:49:30,621:INFO: ROC AUC is :
2018-03-15 02:49:30,622:INFO: [0.5880837256310009, 0.6178164170324448, 0.5616575790621592, 0.5794246464961531, 0.6133837202979717, 0.5083005549547837, 0.5417968750000001, 0.5171669388597924, 0.4828239454407679, 0.6225092524056254, 0.749188113607779, 0.49349664491221623, 0.5410635599314846, 0.6052270408393603, 0.5600969575392846]
2018-03-15 02:49:30,622:INFO: average ROC_AUC scores :
2018-03-15 02:49:30,622:INFO: 0.5721357314673884
2018-03-15 02:49:30,623:INFO: Found better model!
2018-03-15 02:49:30,628:INFO: 

2018-03-15 02:49:30,628:INFO: Epoch 4/9
2018-03-15 02:49:30,628:INFO: ----------
2018-03-15 02:51:42,068:INFO: - Train metrics: total_accuracy: 0.933733 ; loss: 2.488022
2018-03-15 02:51:42,069:INFO: 

2018-03-15 02:51:42,069:INFO: Metric Report for the dev set
2018-03-15 02:52:31,375:INFO: - Eval metrics : total_accuracy: 0.000000 ; loss: 0.147312
2018-03-15 02:52:31,395:INFO: ROC AUC is :
2018-03-15 02:52:31,395:INFO: [0.6141120774488684, 0.6011810489162406, 0.5661214103962195, 0.6186447286338116, 0.6483975857756511, 0.3819681287209896, 0.5577929687500001, 0.5080062322839819, 0.5236170750189442, 0.6431162102146557, 0.7852302378404761, 0.5365612648221342, 0.5733207808679507, 0.569322173163222, 0.36609829488465395]
2018-03-15 02:52:31,395:INFO: average ROC_AUC scores :
2018-03-15 02:52:31,395:INFO: 0.5662326811825199
2018-03-15 02:52:31,396:INFO: 

2018-03-15 02:52:31,396:INFO: Epoch 5/9
2018-03-15 02:52:31,397:INFO: ----------
2018-03-15 02:54:47,616:INFO: - Train metrics: total_accuracy: 0.934408 ; loss: 2.471085
2018-03-15 02:54:47,616:INFO: 

2018-03-15 02:54:47,617:INFO: Metric Report for the dev set
2018-03-15 02:55:36,587:INFO: - Eval metrics : total_accuracy: 0.000000 ; loss: 0.144830
2018-03-15 02:55:36,610:INFO: ROC AUC is :
2018-03-15 02:55:36,610:INFO: [0.6242416021702704, 0.6343471424046336, 0.5253798618684116, 0.6789450769390726, 0.6523038442716547, 0.5568561276752504, 0.5642122395833333, 0.46804077265303823, 0.45802110521736694, 0.6638564026646927, 0.7836721668450001, 0.42832521371449583, 0.5817413930621478, 0.569620138870078, 0.6819625543296557]
2018-03-15 02:55:36,610:INFO: average ROC_AUC scores :
2018-03-15 02:55:36,610:INFO: 0.5914350428179402
2018-03-15 02:55:36,611:INFO: Found better model!
2018-03-15 02:55:36,616:INFO: 

2018-03-15 02:55:36,616:INFO: Epoch 6/9
2018-03-15 02:55:36,616:INFO: ----------
2018-03-15 02:57:17,845:INFO: - Train metrics: total_accuracy: 0.934561 ; loss: 2.463216
2018-03-15 02:57:17,846:INFO: 

2018-03-15 02:57:17,846:INFO: Metric Report for the dev set
2018-03-15 02:57:49,294:INFO: - Eval metrics : total_accuracy: 0.000000 ; loss: 0.144177
2018-03-15 02:57:49,314:INFO: ROC AUC is :
2018-03-15 02:57:49,315:INFO: [0.6328061916540334, 0.6478686818408073, 0.6517629952744457, 0.6870808640049907, 0.6581588820618781, 0.606124704400423, 0.5712044270833334, 0.49060464417788285, 0.46606887261092866, 0.6784974093264249, 0.8030448086200747, 0.49200294144682416, 0.5959282940415016, 0.5873626423237712, 0.7197425610163825]
2018-03-15 02:57:49,315:INFO: average ROC_AUC scores :
2018-03-15 02:57:49,315:INFO: 0.6192172613255802
2018-03-15 02:57:49,316:INFO: Found better model!
2018-03-15 02:57:49,321:INFO: 

2018-03-15 02:57:49,321:INFO: Epoch 7/9
2018-03-15 02:57:49,321:INFO: ----------
2018-03-15 02:59:28,642:INFO: - Train metrics: total_accuracy: 0.934285 ; loss: 2.453927
2018-03-15 02:59:28,643:INFO: 

2018-03-15 02:59:28,643:INFO: Metric Report for the dev set
2018-03-15 03:00:17,831:INFO: - Eval metrics : total_accuracy: 0.000000 ; loss: 0.143966
2018-03-15 03:00:17,850:INFO: ROC AUC is :
2018-03-15 03:00:17,851:INFO: [0.6343104869810366, 0.6455241187384044, 0.7012431842966194, 0.6913160870243293, 0.653726279158284, 0.6539791565162625, 0.5491569010416667, 0.5135627264365227, 0.46168364626308556, 0.6720577350111029, 0.8022376152127799, 0.5414330361246438, 0.6403587913021875, 0.57205804010799, 0.6530424607154798]
2018-03-15 03:00:17,851:INFO: average ROC_AUC scores :
2018-03-15 03:00:17,851:INFO: 0.625712684328693
2018-03-15 03:00:17,852:INFO: Found better model!
2018-03-15 03:00:17,857:INFO: 

2018-03-15 03:00:17,857:INFO: Epoch 8/9
2018-03-15 03:00:17,857:INFO: ----------
2018-03-15 03:02:33,400:INFO: - Train metrics: total_accuracy: 0.934132 ; loss: 2.440093
2018-03-15 03:02:33,401:INFO: 

2018-03-15 03:02:33,401:INFO: Metric Report for the dev set
2018-03-15 03:03:22,118:INFO: - Eval metrics : total_accuracy: 0.000000 ; loss: 0.143024
2018-03-15 03:03:22,138:INFO: ROC AUC is :
2018-03-15 03:03:22,138:INFO: [0.6422575068485864, 0.6561439431648491, 0.7219338422391857, 0.7011137970472032, 0.6542591484965472, 0.6307471093629309, 0.5503841145833334, 0.4980383323008766, 0.4777511156015829, 0.6831088082901555, 0.8218542922040134, 0.5787296626528173, 0.6334157088874071, 0.5834258832877356, 0.6985957873620863]
2018-03-15 03:03:22,138:INFO: average ROC_AUC scores :
2018-03-15 03:03:22,139:INFO: 0.6354506034886207
2018-03-15 03:03:22,140:INFO: Found better model!
2018-03-15 03:03:22,144:INFO: 

2018-03-15 03:03:22,144:INFO: Epoch 9/9
2018-03-15 03:03:22,144:INFO: ----------
2018-03-15 03:05:34,267:INFO: - Train metrics: total_accuracy: 0.934494 ; loss: 2.435006
2018-03-15 03:05:34,268:INFO: 

2018-03-15 03:05:34,268:INFO: Metric Report for the dev set
2018-03-15 03:06:05,735:INFO: - Eval metrics : total_accuracy: 0.000000 ; loss: 0.142852
2018-03-15 03:06:05,758:INFO: ROC AUC is :
2018-03-15 03:06:05,758:INFO: [0.6426830500811191, 0.6602504638218925, 0.7250163576881133, 0.7039990122686629, 0.6518122994943178, 0.6288992406507349, 0.5527604166666666, 0.48912166094122506, 0.49189610170918585, 0.6888823094004441, 0.8265660490698504, 0.5833026932622484, 0.6326834817400855, 0.5856380529295447, 0.7096288866599799]
2018-03-15 03:06:05,758:INFO: average ROC_AUC scores :
2018-03-15 03:06:05,758:INFO: 0.6382093384256048
2018-03-15 03:06:05,759:INFO: Found better model!
2018-03-15 03:06:05,764:INFO: 

2018-03-15 03:06:05,764:INFO: Best eval loss: 0.142852
2018-03-15 03:06:05,764:INFO: Training complete in 27m 5s
