2018-03-14 04:13:13,988:INFO: Loading the datasets...
2018-03-14 04:13:16,648:INFO: Names of 14 diseases:
2018-03-14 04:13:16,667:INFO: Epoch 0/9
2018-03-14 04:13:16,667:INFO: ----------
2018-03-14 04:16:26,930:INFO: - Train metrics: total_accuracy: 0.932544 ; loss: 0.199526
2018-03-14 04:16:26,932:INFO: 

2018-03-14 04:16:26,933:INFO: Metric Report for the dev set
2018-03-14 04:17:24,603:INFO: - Eval metrics : total_accuracy: 0.000000 ; loss: 0.196820
2018-03-14 04:17:24,616:INFO: ROC AUC is :
2018-03-14 04:17:24,617:INFO: [0.5776068512460438, 0.6679629168740666, 0.6370192657215559, 0.7064228529839883, 0.6151008645533141, 0.6462549464652828, 0.47269531249999996, 0.47528674137898674, 0.5199545339732256, 0.6844485566247225, 0.7214807306038933, 0.4630710543248461, 0.5052105806822789, 0.43032568554685735, 0.37930458040789033]
2018-03-14 04:17:24,617:INFO: average ROC_AUC scores :
2018-03-14 04:17:24,617:INFO: 0.5668096982591301
2018-03-14 04:17:24,619:INFO: Found better model!
2018-03-14 04:17:24,644:INFO: 

2018-03-14 04:17:24,644:INFO: Epoch 1/9
2018-03-14 04:17:24,644:INFO: ----------
2018-03-14 04:20:35,087:INFO: - Train metrics: total_accuracy: 0.934608 ; loss: 0.193089
2018-03-14 04:20:35,089:INFO: 

2018-03-14 04:20:35,089:INFO: Metric Report for the dev set
2018-03-14 04:21:33,485:INFO: - Eval metrics : total_accuracy: 0.000000 ; loss: 0.601126
2018-03-14 04:21:33,499:INFO: ROC AUC is :
2018-03-14 04:21:33,499:INFO: [0.5571456687677864, 0.37663893162586537, 0.3429007633587786, 0.6755659960490746, 0.44244032407155676, 0.47981604496678587, 0.5091015625, 0.5442923917328377, 0.578267519856305, 0.3981865284974093, 0.4923128906909951, 0.5335738578913503, 0.4338184338184338, 0.521810186815469, 0.5381143430290872]
2018-03-14 04:21:33,499:INFO: average ROC_AUC scores :
2018-03-14 04:21:33,499:INFO: 0.49493236291144904
2018-03-14 04:21:33,501:INFO: 

2018-03-14 04:21:33,501:INFO: Epoch 2/9
2018-03-14 04:21:33,502:INFO: ----------
2018-03-14 04:24:43,507:INFO: - Train metrics: total_accuracy: 0.933419 ; loss: 0.195351
2018-03-14 04:24:43,509:INFO: 

2018-03-14 04:24:43,509:INFO: Metric Report for the dev set
2018-03-14 04:25:41,705:INFO: - Eval metrics : total_accuracy: 0.000000 ; loss: 0.200227
2018-03-14 04:25:41,725:INFO: ROC AUC is :
2018-03-14 04:25:41,725:INFO: [0.6436522247932126, 0.6437565048192226, 0.5599563794983642, 0.7013282387190685, 0.6587896253602306, 0.6146094520564224, 0.4972200520833333, 0.5107093916014341, 0.6123600235749768, 0.6777868245743894, 0.7484184640798933, 0.5429726996966633, 0.518050706729952, 0.5105326362741646, 0.4261952524239385]
2018-03-14 04:25:41,725:INFO: average ROC_AUC scores :
2018-03-14 04:25:41,726:INFO: 0.5910892317523512
2018-03-14 04:25:41,729:INFO: 

2018-03-14 04:25:41,729:INFO: Epoch 3/9
2018-03-14 04:25:41,729:INFO: ----------
2018-03-14 04:28:51,090:INFO: - Train metrics: total_accuracy: 0.936682 ; loss: 0.186518
2018-03-14 04:28:51,092:INFO: 

2018-03-14 04:28:51,092:INFO: Metric Report for the dev set
2018-03-14 04:29:49,349:INFO: - Eval metrics : total_accuracy: 0.000000 ; loss: 0.176005
2018-03-14 04:29:49,369:INFO: ROC AUC is :
2018-03-14 04:29:49,370:INFO: [0.6780999494667411, 0.7102923209194987, 0.6195274445656125, 0.7783647847785403, 0.6752107008863031, 0.6440921676510083, 0.5072395833333333, 0.5229862401681966, 0.62689090960119, 0.7148630643967432, 0.8002477896040998, 0.5621610442136225, 0.5362256305652532, 0.5446542243410895, 0.5936141758609161]
2018-03-14 04:29:49,370:INFO: average ROC_AUC scores :
2018-03-14 04:29:49,370:INFO: 0.6342980020234765
2018-03-14 04:29:49,373:INFO: Found better model!
2018-03-14 04:29:49,401:INFO: 

2018-03-14 04:29:49,401:INFO: Epoch 4/9
2018-03-14 04:29:49,401:INFO: ----------
2018-03-14 04:32:58,536:INFO: - Train metrics: total_accuracy: 0.937338 ; loss: 0.184398
2018-03-14 04:32:58,538:INFO: 

2018-03-14 04:32:58,538:INFO: Metric Report for the dev set
2018-03-14 04:33:56,520:INFO: - Eval metrics : total_accuracy: 0.000000 ; loss: 0.176253
2018-03-14 04:33:56,541:INFO: ROC AUC is :
2018-03-14 04:33:56,541:INFO: [0.6773063113380675, 0.7147410516312955, 0.6084187568157033, 0.7738225202744853, 0.6681181012451742, 0.6600872241565757, 0.5264518229166666, 0.49572938371721953, 0.6423339227077545, 0.7169652109548482, 0.8056165643595953, 0.5516361797959372, 0.5960851998587847, 0.5613854502442416, 0.6196924105650284]
2018-03-14 04:33:56,542:INFO: average ROC_AUC scores :
2018-03-14 04:33:56,542:INFO: 0.6412260073720918
2018-03-14 04:33:56,545:INFO: 

2018-03-14 04:33:56,546:INFO: Epoch 5/9
2018-03-14 04:33:56,546:INFO: ----------
2018-03-14 04:37:07,363:INFO: - Train metrics: total_accuracy: 0.937643 ; loss: 0.183235
2018-03-14 04:37:07,365:INFO: 

2018-03-14 04:37:07,365:INFO: Metric Report for the dev set
2018-03-14 04:38:05,538:INFO: - Eval metrics : total_accuracy: 0.000000 ; loss: 0.175060
2018-03-14 04:38:05,558:INFO: ROC AUC is :
2018-03-14 04:38:05,558:INFO: [0.6822628261389931, 0.7192463459885063, 0.6374409305707015, 0.7905164795175712, 0.6663019955412974, 0.6600753407564972, 0.5564518229166666, 0.5272474704811247, 0.6532513822233449, 0.7166617320503331, 0.7999662105085319, 0.5444664031620554, 0.6357039187227866, 0.5914709573728455, 0.6301404212637914]
2018-03-14 04:38:05,558:INFO: average ROC_AUC scores :
2018-03-14 04:38:05,558:INFO: 0.6540802824810031
2018-03-14 04:38:05,560:INFO: Found better model!
2018-03-14 04:38:05,587:INFO: 

2018-03-14 04:38:05,587:INFO: Epoch 6/9
2018-03-14 04:38:05,587:INFO: ----------
2018-03-14 04:41:14,801:INFO: - Train metrics: total_accuracy: 0.937785 ; loss: 0.181122
2018-03-14 04:41:14,803:INFO: 

2018-03-14 04:41:14,803:INFO: Metric Report for the dev set
2018-03-14 04:42:13,204:INFO: - Eval metrics : total_accuracy: 0.000000 ; loss: 0.173848
2018-03-14 04:42:13,224:INFO: ROC AUC is :
2018-03-14 04:42:13,224:INFO: [0.6834266868799703, 0.7233896330150686, 0.6493784078516902, 0.7991721251819505, 0.6702365287368822, 0.6711744364297514, 0.555390625, 0.5371215107657075, 0.6719640200948612, 0.720821613619541, 0.8127686733870211, 0.6303888225020682, 0.6235698688528878, 0.6032451174255762, 0.6189401537947175]
2018-03-14 04:42:13,225:INFO: average ROC_AUC scores :
2018-03-14 04:42:13,225:INFO: 0.6647325482358463
2018-03-14 04:42:13,228:INFO: Found better model!
2018-03-14 04:42:13,252:INFO: 

2018-03-14 04:42:13,253:INFO: Epoch 7/9
2018-03-14 04:42:13,253:INFO: ----------
2018-03-14 04:45:23,189:INFO: - Train metrics: total_accuracy: 0.938337 ; loss: 0.180193
2018-03-14 04:45:23,190:INFO: 

2018-03-14 04:45:23,191:INFO: Metric Report for the dev set
2018-03-14 04:46:21,774:INFO: - Eval metrics : total_accuracy: 0.000000 ; loss: 0.173615
2018-03-14 04:46:21,794:INFO: ROC AUC is :
2018-03-14 04:46:21,794:INFO: [0.6840394691348174, 0.7256125842798317, 0.6565030897855326, 0.8035096953628612, 0.6703713773041161, 0.6713764542310845, 0.5541406249999999, 0.5352067729158454, 0.6836953776206112, 0.7232568467801629, 0.8156220082221096, 0.6452339369427337, 0.6195556950273932, 0.6069380863378208, 0.6162654630558342]
2018-03-14 04:46:21,794:INFO: average ROC_AUC scores :
2018-03-14 04:46:21,795:INFO: 0.6674218321333836
2018-03-14 04:46:21,798:INFO: Found better model!
2018-03-14 04:46:21,825:INFO: 

2018-03-14 04:46:21,826:INFO: Epoch 8/9
2018-03-14 04:46:21,826:INFO: ----------
2018-03-14 04:49:31,321:INFO: - Train metrics: total_accuracy: 0.938014 ; loss: 0.179923
2018-03-14 04:49:31,322:INFO: 

2018-03-14 04:49:31,322:INFO: Metric Report for the dev set
2018-03-14 04:50:29,424:INFO: - Eval metrics : total_accuracy: 0.000000 ; loss: 0.173403
2018-03-14 04:50:29,438:INFO: ROC AUC is :
2018-03-14 04:50:29,438:INFO: [0.6846315061570787, 0.7276715009728948, 0.6585241730279898, 0.8056833541276773, 0.6717394377684737, 0.6752385592565745, 0.55759765625, 0.5365020367554578, 0.6895750891077993, 0.7249962990377498, 0.8156783240412233, 0.6513925912308116, 0.6298853279985356, 0.6063692427156413, 0.6260865931126713]
2018-03-14 04:50:29,438:INFO: average ROC_AUC scores :
2018-03-14 04:50:29,438:INFO: 0.6707714461040385
2018-03-14 04:50:29,441:INFO: Found better model!
2018-03-14 04:50:29,469:INFO: 

2018-03-14 04:50:29,469:INFO: Epoch 9/9
2018-03-14 04:50:29,469:INFO: ----------
2018-03-14 04:53:39,131:INFO: - Train metrics: total_accuracy: 0.938404 ; loss: 0.179059
2018-03-14 04:53:39,132:INFO: 

2018-03-14 04:53:39,133:INFO: Metric Report for the dev set
2018-03-14 04:54:37,115:INFO: - Eval metrics : total_accuracy: 0.000000 ; loss: 0.173336
2018-03-14 04:54:37,135:INFO: ROC AUC is :
2018-03-14 04:54:37,135:INFO: [0.6846820394159419, 0.7282569347029277, 0.6595856052344602, 0.8069310147639842, 0.6718112120058723, 0.6758921462608881, 0.5568294270833334, 0.5355446678305269, 0.6901013162695406, 0.7253515914137675, 0.8161100786544273, 0.6565171431197719, 0.6273356084676839, 0.6057823405657736, 0.6229521899030425]
2018-03-14 04:54:37,135:INFO: average ROC_AUC scores :
2018-03-14 04:54:37,136:INFO: 0.6709122210461295
2018-03-14 04:54:37,139:INFO: Found better model!
2018-03-14 04:54:37,166:INFO: 

2018-03-14 04:54:37,167:INFO: Best eval loss: 0.173336
2018-03-14 04:54:37,167:INFO: Training complete in 41m 21s
