2018-03-15 01:01:58,982:INFO: Loading the datasets...
2018-03-15 01:01:58,985:INFO: Names of 14 diseases:
2018-03-15 01:01:58,988:INFO: Epoch 0/9
2018-03-15 01:01:58,989:INFO: ----------
2018-03-15 01:04:54,176:INFO: - Train metrics: total_accuracy: 0.933742 ; loss: 0.193370
2018-03-15 01:04:54,177:INFO: 

2018-03-15 01:04:54,177:INFO: Metric Report for the dev set
2018-03-15 01:05:39,633:INFO: - Eval metrics : total_accuracy: 0.000000 ; loss: 0.187256
2018-03-15 01:05:39,654:INFO: ROC AUC is :
2018-03-15 01:05:39,654:INFO: [0.6209441740471822, 0.6429306755961808, 0.5857360959651036, 0.6333924672489084, 0.6422097765211245, 0.599802735558698, 0.47046875, 0.495785699536333, 0.4934326850214701, 0.6504959289415247, 0.7684481237446266, 0.528610166375586, 0.5274650557669426, 0.5114897382416411, 0.6235372785021732]
2018-03-15 01:05:39,654:INFO: average ROC_AUC scores :
2018-03-15 01:05:39,654:INFO: 0.5863166234044996
2018-03-15 01:05:39,655:INFO: Found better model!
2018-03-15 01:05:39,659:INFO: 

2018-03-15 01:05:39,659:INFO: Epoch 1/9
2018-03-15 01:05:39,660:INFO: ----------
2018-03-15 01:07:54,738:INFO: - Train metrics: total_accuracy: 0.934209 ; loss: 0.192443
2018-03-15 01:07:54,738:INFO: 

2018-03-15 01:07:54,739:INFO: Metric Report for the dev set
2018-03-15 01:08:26,344:INFO: - Eval metrics : total_accuracy: 0.000000 ; loss: 0.186118
2018-03-15 01:08:26,364:INFO: ROC AUC is :
2018-03-15 01:08:26,364:INFO: [0.6238421234607303, 0.650589393185212, 0.6225663395129044, 0.6491734248284468, 0.6456157903322277, 0.6103551948283443, 0.4342513020833333, 0.5069362317208237, 0.5852312592966799, 0.6586750555144338, 0.7884402395299507, 0.5113291662836659, 0.5256083369290916, 0.4244295762566478, 0.42769976596456033]
2018-03-15 01:08:26,364:INFO: average ROC_AUC scores :
2018-03-15 01:08:26,364:INFO: 0.5776495466484701
2018-03-15 01:08:26,365:INFO: Found better model!
2018-03-15 01:08:26,369:INFO: 

2018-03-15 01:08:26,370:INFO: Epoch 2/9
2018-03-15 01:08:26,370:INFO: ----------
2018-03-15 01:10:36,101:INFO: - Train metrics: total_accuracy: 0.934275 ; loss: 0.192354
2018-03-15 01:10:36,102:INFO: 

2018-03-15 01:10:36,102:INFO: Metric Report for the dev set
2018-03-15 01:11:21,674:INFO: - Eval metrics : total_accuracy: 0.000000 ; loss: 0.185986
2018-03-15 01:11:21,694:INFO: ROC AUC is :
2018-03-15 01:11:21,694:INFO: [0.6147014548259262, 0.6392031313634101, 0.6442311886586696, 0.6317679091287169, 0.6271176118753738, 0.5809081294339936, 0.47285156250000004, 0.5148016744570216, 0.5383584519098538, 0.6375499629903775, 0.7665709297741736, 0.5503492968103686, 0.6373252788347128, 0.5287807785031287, 0.5690404546974256]
2018-03-15 01:11:21,694:INFO: average ROC_AUC scores :
2018-03-15 01:11:21,694:INFO: 0.5969038543842101
2018-03-15 01:11:21,695:INFO: Found better model!
2018-03-15 01:11:21,699:INFO: 

2018-03-15 01:11:21,699:INFO: Epoch 3/9
2018-03-15 01:11:21,700:INFO: ----------
2018-03-15 01:14:05,973:INFO: - Train metrics: total_accuracy: 0.935255 ; loss: 0.189380
2018-03-15 01:14:05,974:INFO: 

2018-03-15 01:14:05,974:INFO: Metric Report for the dev set
2018-03-15 01:14:56,532:INFO: - Eval metrics : total_accuracy: 0.000000 ; loss: 0.179756
2018-03-15 01:14:56,552:INFO: ROC AUC is :
2018-03-15 01:14:56,553:INFO: [0.6345551743397431, 0.6728500158378207, 0.7020428934932752, 0.6866942191723852, 0.6479038660214235, 0.6383524854131264, 0.4827408854166667, 0.5040265810666216, 0.6032387527714631, 0.6834492968171725, 0.8105911283812957, 0.558047614670466, 0.627335608467684, 0.5534848443806376, 0.55650284185891]
2018-03-15 01:14:56,553:INFO: average ROC_AUC scores :
2018-03-15 01:14:56,553:INFO: 0.6241210805405794
2018-03-15 01:14:56,554:INFO: Found better model!
2018-03-15 01:14:56,558:INFO: 

2018-03-15 01:14:56,558:INFO: Epoch 4/9
2018-03-15 01:14:56,558:INFO: ----------
2018-03-15 01:17:31,967:INFO: - Train metrics: total_accuracy: 0.935360 ; loss: 0.188617
2018-03-15 01:17:31,968:INFO: 

2018-03-15 01:17:31,968:INFO: Metric Report for the dev set
2018-03-15 01:18:16,649:INFO: - Eval metrics : total_accuracy: 0.000000 ; loss: 0.179728
2018-03-15 01:18:16,667:INFO: ROC AUC is :
2018-03-15 01:18:16,668:INFO: [0.6349583765525678, 0.672290035748224, 0.7036423118865867, 0.687652708463298, 0.6473340220760155, 0.6306639255623819, 0.4844596354166667, 0.5030128963225771, 0.6069644410765906, 0.685381199111769, 0.8159035873176775, 0.5632640867726814, 0.6401365080610364, 0.5641754927720743, 0.5570879304580407]
2018-03-15 01:18:16,668:INFO: average ROC_AUC scores :
2018-03-15 01:18:16,668:INFO: 0.6264618105065459
2018-03-15 01:18:16,669:INFO: Found better model!
2018-03-15 01:18:16,672:INFO: 

2018-03-15 01:18:16,673:INFO: Epoch 5/9
2018-03-15 01:18:16,707:INFO: ----------
2018-03-15 01:20:44,935:INFO: - Train metrics: total_accuracy: 0.935607 ; loss: 0.188396
2018-03-15 01:20:44,936:INFO: 

2018-03-15 01:20:44,936:INFO: Metric Report for the dev set
2018-03-15 01:21:29,929:INFO: - Eval metrics : total_accuracy: 0.000000 ; loss: 0.179461
2018-03-15 01:21:29,955:INFO: ROC AUC is :
2018-03-15 01:21:29,955:INFO: [0.639708502885715, 0.6718177293090186, 0.7117702653580517, 0.6917141037637763, 0.6491740525256919, 0.6335753585815974, 0.4787272135416667, 0.5052655290871205, 0.6118478291375488, 0.686817172464841, 0.8187944660321751, 0.5568296718448386, 0.6452097961531924, 0.5686991539579779, 0.5390337679705783]
2018-03-15 01:21:29,956:INFO: average ROC_AUC scores :
2018-03-15 01:21:29,956:INFO: 0.6272656408409193
2018-03-15 01:21:29,956:INFO: Found better model!
2018-03-15 01:21:29,960:INFO: 

2018-03-15 01:21:29,960:INFO: Epoch 6/9
2018-03-15 01:21:29,960:INFO: ----------
2018-03-15 01:24:04,989:INFO: - Train metrics: total_accuracy: 0.935483 ; loss: 0.187769
2018-03-15 01:24:04,990:INFO: 

2018-03-15 01:24:04,990:INFO: Metric Report for the dev set
2018-03-15 01:24:53,325:INFO: - Eval metrics : total_accuracy: 0.000000 ; loss: 0.179236
2018-03-15 01:24:53,387:INFO: ROC AUC is :
2018-03-15 01:24:53,387:INFO: [0.6414021649511954, 0.6732318204443639, 0.7213667757179207, 0.6971628716988979, 0.6511032570278941, 0.6334921747810484, 0.48798177083333333, 0.5021681590358731, 0.6123179254020374, 0.6911547002220577, 0.8209344671584915, 0.5537963048074271, 0.6458897213614194, 0.5768435499453729, 0.567703109327984]
2018-03-15 01:24:53,388:INFO: average ROC_AUC scores :
2018-03-15 01:24:53,388:INFO: 0.6317699181810212
2018-03-15 01:24:53,392:INFO: Found better model!
2018-03-15 01:24:53,397:INFO: 

2018-03-15 01:24:53,397:INFO: Epoch 7/9
2018-03-15 01:24:53,397:INFO: ----------
2018-03-15 01:27:21,969:INFO: - Train metrics: total_accuracy: 0.935474 ; loss: 0.187512
2018-03-15 01:27:21,970:INFO: 

2018-03-15 01:27:21,970:INFO: Metric Report for the dev set
2018-03-15 01:28:07,547:INFO: - Eval metrics : total_accuracy: 0.000000 ; loss: 0.179163
2018-03-15 01:28:07,602:INFO: ROC AUC is :
2018-03-15 01:28:07,603:INFO: [0.6420128194898801, 0.6738398796325626, 0.7240712468193384, 0.6971661208151383, 0.6513055298787451, 0.6348231155898326, 0.49094401041666663, 0.5018302641211916, 0.6154402065617018, 0.6921465581051073, 0.8226427136716037, 0.5531988234212704, 0.6459943252396082, 0.5838502586884091, 0.5729689067201605]
2018-03-15 01:28:07,603:INFO: average ROC_AUC scores :
2018-03-15 01:28:07,603:INFO: 0.6334823186114142
2018-03-15 01:28:07,604:INFO: Found better model!
2018-03-15 01:28:07,608:INFO: 

2018-03-15 01:28:07,608:INFO: Epoch 8/9
2018-03-15 01:28:07,608:INFO: ----------
2018-03-15 01:30:36,207:INFO: - Train metrics: total_accuracy: 0.935721 ; loss: 0.187358
2018-03-15 01:30:36,208:INFO: 

2018-03-15 01:30:36,208:INFO: Metric Report for the dev set
2018-03-15 01:31:26,840:INFO: - Eval metrics : total_accuracy: 0.000000 ; loss: 0.179146
2018-03-15 01:31:26,871:INFO: ROC AUC is :
2018-03-15 01:31:26,872:INFO: [0.6421968669379504, 0.6740208832978869, 0.7252199200290803, 0.6975300218340612, 0.6511967810342015, 0.6343477795866953, 0.4901302083333334, 0.5016988605432599, 0.6163172518312705, 0.6924130273871205, 0.8225863978524901, 0.552808162514937, 0.6463735142980426, 0.585439409124974, 0.5719658976930793]
2018-03-15 01:31:26,872:INFO: average ROC_AUC scores :
2018-03-15 01:31:26,872:INFO: 0.6336163321532257
2018-03-15 01:31:26,873:INFO: Found better model!
2018-03-15 01:31:26,882:INFO: 

2018-03-15 01:31:26,882:INFO: Epoch 9/9
2018-03-15 01:31:26,882:INFO: ----------
2018-03-15 01:33:54,619:INFO: - Train metrics: total_accuracy: 0.935807 ; loss: 0.187403
2018-03-15 01:33:54,620:INFO: 

2018-03-15 01:33:54,620:INFO: Metric Report for the dev set
2018-03-15 01:34:38,460:INFO: - Eval metrics : total_accuracy: 0.000000 ; loss: 0.179131
2018-03-15 01:34:38,482:INFO: ROC AUC is :
2018-03-15 01:34:38,482:INFO: [0.6423000611718396, 0.6740208832978867, 0.7257288258814976, 0.6979264140153878, 0.6513338045783262, 0.6342764791862248, 0.49047526041666667, 0.5015111411462146, 0.6167908562768376, 0.6926498889711324, 0.8224737662142628, 0.5522336611820939, 0.6463342878437218, 0.5866312719523977, 0.5738047475760615]
2018-03-15 01:34:38,482:INFO: average ROC_AUC scores :
2018-03-15 01:34:38,482:INFO: 0.6338994233140369
2018-03-15 01:34:38,483:INFO: Found better model!
2018-03-15 01:34:38,499:INFO: 

2018-03-15 01:34:38,499:INFO: Best eval loss: 0.179131
2018-03-15 01:34:38,500:INFO: Training complete in 32m 40s
