2018-03-15 00:33:48,951:INFO: Loading the datasets...
2018-03-15 00:33:48,954:INFO: Names of 14 diseases:
2018-03-15 00:33:48,957:INFO: Epoch 0/9
2018-03-15 00:33:48,958:INFO: ----------
2018-03-15 00:35:30,686:INFO: - Train metrics: total_accuracy: 0.933057 ; loss: 2.507808
2018-03-15 00:35:30,687:INFO: 

2018-03-15 00:35:30,687:INFO: Metric Report for the dev set
2018-03-15 00:36:02,519:INFO: - Eval metrics : total_accuracy: 0.000000 ; loss: 0.147814
2018-03-15 00:36:02,539:INFO: ROC AUC is :
2018-03-15 00:36:02,540:INFO: [0.6025255990850821, 0.5772503846327888, 0.5646237731733915, 0.6422560563526721, 0.6402240226197595, 0.6041223514872076, 0.53169921875, 0.5291434363912824, 0.45640734192136057, 0.6268171724648408, 0.7740797056559854, 0.5145233936942734, 0.5652924332169615, 0.48873599335446183, 0.7520060180541626]
2018-03-15 00:36:02,540:INFO: average ROC_AUC scores :
2018-03-15 00:36:02,540:INFO: 0.591313793390282
2018-03-15 00:36:02,541:INFO: Found better model!
2018-03-15 00:36:02,545:INFO: 

2018-03-15 00:36:02,546:INFO: Epoch 1/9
2018-03-15 00:36:02,546:INFO: ----------
2018-03-15 00:37:45,042:INFO: - Train metrics: total_accuracy: 0.933533 ; loss: 2.480853
2018-03-15 00:37:45,043:INFO: 

2018-03-15 00:37:45,043:INFO: Metric Report for the dev set
2018-03-15 00:38:34,530:INFO: - Eval metrics : total_accuracy: 0.000000 ; loss: 0.153692
2018-03-15 00:38:34,550:INFO: ROC AUC is :
2018-03-15 00:38:34,550:INFO: [0.6244049043857549, 0.6607142857142857, 0.6486368593238822, 0.6622966053233521, 0.6383078679789027, 0.622000926905206, 0.5614192708333334, 0.4949597341893338, 0.4412239342145884, 0.655499629903775, 0.7833530438700231, 0.5473618898795846, 0.6273552216948444, 0.6025950104287998, 0.646021397525911]
2018-03-15 00:38:34,550:INFO: average ROC_AUC scores :
2018-03-15 00:38:34,550:INFO: 0.6144100388114384
2018-03-15 00:38:34,551:INFO: 

2018-03-15 00:38:34,551:INFO: Epoch 2/9
2018-03-15 00:38:34,552:INFO: ----------
2018-03-15 00:40:53,058:INFO: - Train metrics: total_accuracy: 0.933714 ; loss: 2.468489
2018-03-15 00:40:53,059:INFO: 

2018-03-15 00:40:53,059:INFO: Metric Report for the dev set
2018-03-15 00:41:42,701:INFO: - Eval metrics : total_accuracy: 0.000000 ; loss: 0.148444
2018-03-15 00:41:42,720:INFO: ROC AUC is :
2018-03-15 00:41:42,721:INFO: [0.6243421367589563, 0.6660058147427486, 0.6308251544892767, 0.6532315710126845, 0.6371573052036322, 0.6211215552994023, 0.5815494791666667, 0.5255204520283081, 0.44219920855434874, 0.650962250185048, 0.7896604156107451, 0.5115819468701166, 0.6139855385138404, 0.6112631037191537, 0.8103477097960547]
2018-03-15 00:41:42,721:INFO: average ROC_AUC scores :
2018-03-15 00:41:42,721:INFO: 0.6246502427967322
2018-03-15 00:41:42,722:INFO: 

2018-03-15 00:41:42,722:INFO: Epoch 3/9
2018-03-15 00:41:42,722:INFO: ----------
2018-03-15 00:43:52,540:INFO: - Train metrics: total_accuracy: 0.934361 ; loss: 2.443404
2018-03-15 00:43:52,541:INFO: 

2018-03-15 00:43:52,541:INFO: Metric Report for the dev set
2018-03-15 00:44:24,524:INFO: - Eval metrics : total_accuracy: 0.000000 ; loss: 0.142945
2018-03-15 00:44:24,543:INFO: ROC AUC is :
2018-03-15 00:44:24,543:INFO: [0.6348051809888561, 0.6905148423005566, 0.7236350418029807, 0.6995038599500936, 0.6317981621445273, 0.6089767204192464, 0.5710872395833333, 0.5219913273638564, 0.4583999887738205, 0.6713989637305701, 0.8111918304518406, 0.5910469712289733, 0.6004785627427136, 0.604518243627597, 0.8127716482781678]
2018-03-15 00:44:24,544:INFO: average ROC_AUC scores :
2018-03-15 00:44:24,544:INFO: 0.6421412388924757
2018-03-15 00:44:24,545:INFO: Found better model!
2018-03-15 00:44:24,549:INFO: 

2018-03-15 00:44:24,550:INFO: Epoch 4/9
2018-03-15 00:44:24,550:INFO: ----------
2018-03-15 00:45:59,426:INFO: - Train metrics: total_accuracy: 0.934342 ; loss: 2.435948
2018-03-15 00:45:59,427:INFO: 

2018-03-15 00:45:59,427:INFO: Metric Report for the dev set
2018-03-15 00:46:34,571:INFO: - Eval metrics : total_accuracy: 0.000000 ; loss: 0.142918
2018-03-15 00:46:34,591:INFO: ROC AUC is :
2018-03-15 00:46:34,591:INFO: [0.636179685629937, 0.6913237024299743, 0.7312831697564521, 0.7007498960282803, 0.6278266543417977, 0.5989946643533648, 0.5692317708333333, 0.5190816767096544, 0.46576015267604054, 0.6770022205773502, 0.8138386739501793, 0.606788307748874, 0.6056564547130585, 0.6030193858294733, 0.8000668672684721]
2018-03-15 00:46:34,591:INFO: average ROC_AUC scores :
2018-03-15 00:46:34,592:INFO: 0.643120218856416
2018-03-15 00:46:34,593:INFO: Found better model!
2018-03-15 00:46:34,597:INFO: 

2018-03-15 00:46:34,597:INFO: Epoch 5/9
2018-03-15 00:46:34,598:INFO: ----------
2018-03-15 00:48:52,686:INFO: - Train metrics: total_accuracy: 0.934018 ; loss: 2.433698
2018-03-15 00:48:52,687:INFO: 

2018-03-15 00:48:52,687:INFO: Metric Report for the dev set
2018-03-15 00:49:41,913:INFO: - Eval metrics : total_accuracy: 0.000000 ; loss: 0.142883
2018-03-15 00:49:41,933:INFO: ROC AUC is :
2018-03-15 00:49:41,933:INFO: [0.6360764913960477, 0.6909334132766188, 0.7342493638676845, 0.703277708463298, 0.6228568321461585, 0.5977231405449728, 0.56638671875, 0.5171293949803834, 0.47297998933512947, 0.6805477424130274, 0.8129563927840664, 0.6102123356926188, 0.6131356320035566, 0.602387337360385, 0.7836843864928117]
2018-03-15 00:49:41,934:INFO: average ROC_AUC scores :
2018-03-15 00:49:41,934:INFO: 0.6429691253004507
2018-03-15 00:49:41,935:INFO: Found better model!
2018-03-15 00:49:41,939:INFO: 

2018-03-15 00:49:41,939:INFO: Epoch 6/9
2018-03-15 00:49:41,940:INFO: ----------
2018-03-15 00:52:00,070:INFO: - Train metrics: total_accuracy: 0.934113 ; loss: 2.427576
2018-03-15 00:52:00,071:INFO: 

2018-03-15 00:52:00,071:INFO: Metric Report for the dev set
2018-03-15 00:52:45,447:INFO: - Eval metrics : total_accuracy: 0.000000 ; loss: 0.142676
2018-03-15 00:52:45,466:INFO: ROC AUC is :
2018-03-15 00:52:45,467:INFO: [0.6378616452565228, 0.6842447622064347, 0.740181752090149, 0.7080734040341028, 0.6243216790821596, 0.5796960226259937, 0.5636653645833334, 0.5163222015730885, 0.48078920041536866, 0.6864988897113249, 0.8133318315781569, 0.6154977479547753, 0.6079969664875324, 0.5945409070798457, 0.7707288532263458]
2018-03-15 00:52:45,467:INFO: average ROC_AUC scores :
2018-03-15 00:52:45,467:INFO: 0.6415834151936756
2018-03-15 00:52:45,468:INFO: Found better model!
2018-03-15 00:52:45,473:INFO: 

2018-03-15 00:52:45,473:INFO: Epoch 7/9
2018-03-15 00:52:45,473:INFO: ----------
2018-03-15 00:54:20,590:INFO: - Train metrics: total_accuracy: 0.934113 ; loss: 2.426448
2018-03-15 00:54:20,591:INFO: 

2018-03-15 00:54:20,591:INFO: Metric Report for the dev set
2018-03-15 00:54:52,485:INFO: - Eval metrics : total_accuracy: 0.000000 ; loss: 0.142655
2018-03-15 00:54:52,506:INFO: ROC AUC is :
2018-03-15 00:54:52,506:INFO: [0.6390212505651747, 0.6833425720620843, 0.7420428934932752, 0.7086679923060927, 0.6238333967701593, 0.5763686706040332, 0.5620833333333334, 0.5149518499746579, 0.4844166596503045, 0.6884529977794227, 0.8137448142516566, 0.6189907160584613, 0.6073562677336262, 0.5937011855423426, 0.7681377465730526]
2018-03-15 00:54:52,506:INFO: average ROC_AUC scores :
2018-03-15 00:54:52,507:INFO: 0.6416741564465117
2018-03-15 00:54:52,508:INFO: Found better model!
2018-03-15 00:54:52,512:INFO: 

2018-03-15 00:54:52,512:INFO: Epoch 8/9
2018-03-15 00:54:52,512:INFO: ----------
2018-03-15 00:56:47,744:INFO: - Train metrics: total_accuracy: 0.934228 ; loss: 2.425565
2018-03-15 00:56:47,744:INFO: 

2018-03-15 00:56:47,745:INFO: Metric Report for the dev set
2018-03-15 00:57:37,262:INFO: - Eval metrics : total_accuracy: 0.000000 ; loss: 0.142650
2018-03-15 00:57:37,304:INFO: ROC AUC is :
2018-03-15 00:57:37,304:INFO: [0.6390148674166867, 0.6828278428888185, 0.7419411123227917, 0.7089376689540444, 0.6242314175411886, 0.574265308790151, 0.5622526041666667, 0.5158716750201797, 0.4842763324071735, 0.6885862324204294, 0.8136697264928385, 0.6181864141924809, 0.6069247767360975, 0.5933490442524221, 0.7672183216315613]
2018-03-15 00:57:37,304:INFO: average ROC_AUC scores :
2018-03-15 00:57:37,304:INFO: 0.6414368896822354
2018-03-15 00:57:37,306:INFO: Found better model!
2018-03-15 00:57:37,322:INFO: 

2018-03-15 00:57:37,322:INFO: Epoch 9/9
2018-03-15 00:57:37,323:INFO: ----------
2018-03-15 01:00:42,483:INFO: - Train metrics: total_accuracy: 0.934218 ; loss: 2.425350
2018-03-15 01:00:42,484:INFO: 

2018-03-15 01:00:42,484:INFO: Metric Report for the dev set
2018-03-15 01:01:58,955:INFO: - Eval metrics : total_accuracy: 0.000000 ; loss: 0.142646
2018-03-15 01:01:58,974:INFO: ROC AUC is :
2018-03-15 01:01:58,974:INFO: [0.6390531663076146, 0.682932485632834, 0.7421446746637587, 0.7089181742566022, 0.6243869283888859, 0.5738612731874844, 0.5621940104166667, 0.515946762778998, 0.48404479245600746, 0.6886898593634345, 0.8138011300707702, 0.6187149554186966, 0.6065325121928895, 0.5932226345586045, 0.7680541624874624]
2018-03-15 01:01:58,974:INFO: average ROC_AUC scores :
2018-03-15 01:01:58,975:INFO: 0.6414998348120472
2018-03-15 01:01:58,976:INFO: Found better model!
2018-03-15 01:01:58,980:INFO: 

2018-03-15 01:01:58,980:INFO: Best eval loss: 0.142646
2018-03-15 01:01:58,980:INFO: Training complete in 28m 10s
