2018-03-14 21:05:11,086:INFO: Loading the datasets...
2018-03-14 21:05:11,089:INFO: Names of 14 diseases:
2018-03-14 21:05:11,093:INFO: Epoch 0/9
2018-03-14 21:05:11,093:INFO: ----------
2018-03-14 21:06:24,375:INFO: - Train metrics: total_accuracy: 0.939488 ; loss: 2.223595
2018-03-14 21:06:24,375:INFO: 

2018-03-14 21:06:24,375:INFO: Metric Report for the dev set
2018-03-14 21:06:48,045:INFO: - Eval metrics : total_accuracy: 0.000000 ; loss: 0.142205
2018-03-14 21:06:48,064:INFO: ROC AUC is :
2018-03-14 21:06:48,064:INFO: [0.6897768557674406, 0.7161749400425359, 0.6989749182115594, 0.7979082189644416, 0.6198771138056658, 0.6797661346864565, 0.58904296875, 0.4908486793940418, 0.607722208189498, 0.7519096965210956, 0.7666084736535825, 0.6840242669362993, 0.6058264360151153, 0.6316331229514858, 0.6742728184553661]
2018-03-14 21:06:48,065:INFO: average ROC_AUC scores :
2018-03-14 21:06:48,065:INFO: 0.6669577901563056
2018-03-14 21:06:48,066:INFO: Found better model!
2018-03-14 21:06:48,070:INFO: 

2018-03-14 21:06:48,070:INFO: Epoch 1/9
2018-03-14 21:06:48,070:INFO: ----------
2018-03-14 21:08:01,277:INFO: - Train metrics: total_accuracy: 0.937490 ; loss: 2.159764
2018-03-14 21:08:01,278:INFO: 

2018-03-14 21:08:01,278:INFO: Metric Report for the dev set
2018-03-14 21:08:25,138:INFO: - Eval metrics : total_accuracy: 0.000000 ; loss: 0.142560
2018-03-14 21:08:25,157:INFO: ROC AUC is :
2018-03-14 21:08:25,157:INFO: [0.6884661826112397, 0.7145741888773247, 0.6967066521264995, 0.7955851008525681, 0.598942961231037, 0.6803246544901428, 0.5916796875000001, 0.49191867995719996, 0.6002918806657125, 0.7466469282013323, 0.7537872388353888, 0.6780264730214174, 0.5903058355888544, 0.614314994898466, 0.6912403878301572]
2018-03-14 21:08:25,158:INFO: average ROC_AUC scores :
2018-03-14 21:08:25,158:INFO: 0.6621874564458227
2018-03-14 21:08:25,159:INFO: 

2018-03-14 21:08:25,159:INFO: Epoch 2/9
2018-03-14 21:08:25,159:INFO: ----------
2018-03-14 21:09:38,337:INFO: - Train metrics: total_accuracy: 0.936634 ; loss: 2.144988
2018-03-14 21:09:38,337:INFO: 

2018-03-14 21:09:38,337:INFO: Metric Report for the dev set
2018-03-14 21:10:02,161:INFO: - Eval metrics : total_accuracy: 0.000000 ; loss: 0.142892
2018-03-14 21:10:02,179:INFO: ROC AUC is :
2018-03-14 21:10:02,179:INFO: [0.68514375382324, 0.7118761029910856, 0.6900181752090149, 0.7926154086088584, 0.5991735087814692, 0.6675618828059083, 0.5951627604166666, 0.4933641193144488, 0.6054418904886195, 0.7480754996299037, 0.7556644328058417, 0.6673637282838496, 0.5918618182769126, 0.6185226318498253, 0.6691741892343698]
2018-03-14 21:10:02,180:INFO: average ROC_AUC scores :
2018-03-14 21:10:02,180:INFO: 0.6594013268346675
2018-03-14 21:10:02,181:INFO: 

2018-03-14 21:10:02,181:INFO: Epoch 3/9
2018-03-14 21:10:02,181:INFO: ----------
2018-03-14 21:11:15,246:INFO: - Train metrics: total_accuracy: 0.937376 ; loss: 2.102833
2018-03-14 21:11:15,247:INFO: 

2018-03-14 21:11:15,247:INFO: Metric Report for the dev set
2018-03-14 21:11:38,966:INFO: - Eval metrics : total_accuracy: 0.000000 ; loss: 0.143011
2018-03-14 21:11:38,986:INFO: ROC AUC is :
2018-03-14 21:11:38,986:INFO: [0.684310752945557, 0.7118421648038373, 0.6952526354053072, 0.7920695570804741, 0.6007460170735686, 0.670116813822771, 0.5984375000000001, 0.491317977886655, 0.6014074822486037, 0.7459067357512954, 0.755138818494115, 0.6667202867910653, 0.5928555551197061, 0.6221523959151611, 0.6657472417251755]
2018-03-14 21:11:38,986:INFO: average ROC_AUC scores :
2018-03-14 21:11:38,986:INFO: 0.6596014623375529
2018-03-14 21:11:38,987:INFO: 

2018-03-14 21:11:38,987:INFO: Epoch 4/9
2018-03-14 21:11:38,987:INFO: ----------
2018-03-14 21:12:52,163:INFO: - Train metrics: total_accuracy: 0.937462 ; loss: 2.097190
2018-03-14 21:12:52,163:INFO: 

2018-03-14 21:12:52,163:INFO: Metric Report for the dev set
2018-03-14 21:13:16,007:INFO: - Eval metrics : total_accuracy: 0.000000 ; loss: 0.143027
2018-03-14 21:13:16,027:INFO: ROC AUC is :
2018-03-14 21:13:16,027:INFO: [0.6844203303279343, 0.7117856011584234, 0.7008796801163213, 0.7930670357662716, 0.5985079658528627, 0.6714358712314767, 0.5981705729166666, 0.4870942914531358, 0.6079677808649772, 0.7464248704663212, 0.7568095211278181, 0.6698455740417317, 0.5937446880843107, 0.6244097118761908, 0.6660815780675359]
2018-03-14 21:13:16,027:INFO: average ROC_AUC scores :
2018-03-14 21:13:16,028:INFO: 0.6607096715567984
2018-03-14 21:13:16,029:INFO: 

2018-03-14 21:13:16,029:INFO: Epoch 5/9
2018-03-14 21:13:16,029:INFO: ----------
2018-03-14 21:14:29,190:INFO: - Train metrics: total_accuracy: 0.936986 ; loss: 2.092057
2018-03-14 21:14:29,190:INFO: 

2018-03-14 21:14:29,191:INFO: Metric Report for the dev set
2018-03-14 21:14:53,057:INFO: - Eval metrics : total_accuracy: 0.000000 ; loss: 0.142815
2018-03-14 21:14:53,076:INFO: ROC AUC is :
2018-03-14 21:14:53,077:INFO: [0.6842479853187584, 0.7115056111136251, 0.7021010541621227, 0.7923489810771469, 0.5993518568865206, 0.6732302646433197, 0.5976888020833333, 0.48778885322220344, 0.6087536134265106, 0.7468689859363434, 0.7576542584145219, 0.6717529184667709, 0.592659422848102, 0.6251230237198762, 0.664577064526914]
2018-03-14 21:14:53,077:INFO: average ROC_AUC scores :
2018-03-14 21:14:53,077:INFO: 0.6610435130564046
2018-03-14 21:14:53,078:INFO: 

2018-03-14 21:14:53,078:INFO: Epoch 6/9
2018-03-14 21:14:53,078:INFO: ----------
2018-03-14 21:16:06,301:INFO: - Train metrics: total_accuracy: 0.937043 ; loss: 2.093655
2018-03-14 21:16:06,301:INFO: 

2018-03-14 21:16:06,302:INFO: Metric Report for the dev set
2018-03-14 21:16:29,941:INFO: - Eval metrics : total_accuracy: 0.000000 ; loss: 0.142847
2018-03-14 21:16:29,961:INFO: ROC AUC is :
2018-03-14 21:16:29,961:INFO: [0.6842894757839304, 0.7126029458346531, 0.7029153035259905, 0.7926933873986276, 0.598823337502039, 0.6729688298415943, 0.5979166666666667, 0.48803288843836234, 0.6082414189890825, 0.7473056994818653, 0.757335135439545, 0.6707647761742807, 0.5915087801880254, 0.6241027169054907, 0.6648278167836844]
2018-03-14 21:16:29,961:INFO: average ROC_AUC scores :
2018-03-14 21:16:29,962:INFO: 0.6609552785969226
2018-03-14 21:16:29,963:INFO: 

2018-03-14 21:16:29,963:INFO: Epoch 7/9
2018-03-14 21:16:29,963:INFO: ----------
2018-03-14 21:17:43,237:INFO: - Train metrics: total_accuracy: 0.937262 ; loss: 2.088610
2018-03-14 21:17:43,238:INFO: 

2018-03-14 21:17:43,238:INFO: Metric Report for the dev set
2018-03-14 21:18:07,004:INFO: - Eval metrics : total_accuracy: 0.000000 ; loss: 0.142759
2018-03-14 21:18:07,024:INFO: ROC AUC is :
2018-03-14 21:18:07,024:INFO: [0.6841671321045772, 0.7119241820896873, 0.7014758269720102, 0.7929533166978581, 0.5997216029579686, 0.6718993238345355, 0.5982877604166666, 0.48666253683993166, 0.6055331031966547, 0.7466321243523317, 0.757973381389499, 0.668995312069124, 0.5925025170308189, 0.6226760932181199, 0.6648278167836844]
2018-03-14 21:18:07,024:INFO: average ROC_AUC scores :
2018-03-14 21:18:07,024:INFO: 0.6604154686635647
2018-03-14 21:18:07,025:INFO: 

2018-03-14 21:18:07,026:INFO: Epoch 8/9
2018-03-14 21:18:07,026:INFO: ----------
2018-03-14 21:19:20,115:INFO: - Train metrics: total_accuracy: 0.937291 ; loss: 2.094491
2018-03-14 21:19:20,116:INFO: 

2018-03-14 21:19:20,116:INFO: Metric Report for the dev set
2018-03-14 21:19:43,866:INFO: - Eval metrics : total_accuracy: 0.000000 ; loss: 0.142805
2018-03-14 21:19:43,885:INFO: ROC AUC is :
2018-03-14 21:19:43,886:INFO: [0.684146918801032, 0.7113359201773837, 0.7005597964376591, 0.7926868891661467, 0.6011679625903975, 0.6720062744352414, 0.5987565104166668, 0.4879953445589532, 0.606304903033875, 0.7460399703923021, 0.7567907491881136, 0.6711324570273003, 0.5933001216020084, 0.6240575705862701, 0.6634068873286526]
2018-03-14 21:19:43,886:INFO: average ROC_AUC scores :
2018-03-14 21:19:43,886:INFO: 0.6606458850494669
2018-03-14 21:19:43,887:INFO: 

2018-03-14 21:19:43,887:INFO: Epoch 9/9
2018-03-14 21:19:43,887:INFO: ----------
2018-03-14 21:20:57,198:INFO: - Train metrics: total_accuracy: 0.936967 ; loss: 2.091800
2018-03-14 21:20:57,198:INFO: 

2018-03-14 21:20:57,198:INFO: Metric Report for the dev set
2018-03-14 21:21:20,992:INFO: - Eval metrics : total_accuracy: 0.000000 ; loss: 0.142914
2018-03-14 21:21:21,011:INFO: ROC AUC is :
2018-03-14 21:21:21,011:INFO: [0.6841394717944627, 0.711451875650482, 0.7014612868047982, 0.7921020482428779, 0.6003305964874123, 0.6721964088364963, 0.5982486979166668, 0.48945955585590667, 0.6068241138334597, 0.7466617320503331, 0.7573726793189541, 0.6722584796396728, 0.5939669713254618, 0.6233623172702729, 0.6654129053828151]
2018-03-14 21:21:21,012:INFO: average ROC_AUC scores :
2018-03-14 21:21:21,012:INFO: 0.6610166093606716
2018-03-14 21:21:21,013:INFO: 

2018-03-14 21:21:21,013:INFO: Best eval loss: 0.142205
2018-03-14 21:21:21,013:INFO: Training complete in 16m 10s
