2018-03-14 20:34:14,371:INFO: Loading the datasets...
2018-03-14 20:34:14,374:INFO: Names of 14 diseases:
2018-03-14 20:34:14,378:INFO: Epoch 0/9
2018-03-14 20:34:14,378:INFO: ----------
2018-03-14 20:35:27,475:INFO: - Train metrics: total_accuracy: 0.938042 ; loss: 2.250361
2018-03-14 20:35:27,475:INFO: 

2018-03-14 20:35:27,475:INFO: Metric Report for the dev set
2018-03-14 20:35:51,124:INFO: - Eval metrics : total_accuracy: 0.000000 ; loss: 0.141047
2018-03-14 20:35:51,144:INFO: ROC AUC is :
2018-03-14 20:35:51,144:INFO: [0.6922077714832842, 0.7096079008099914, 0.6873137041075972, 0.8010598617176127, 0.6113533793703442, 0.6574372259390856, 0.5832552083333333, 0.48268288562257133, 0.6045016979596419, 0.7517912657290896, 0.7768204088528468, 0.696111774979318, 0.6257665502948522, 0.6606802647380159, 0.6651621531260449]
2018-03-14 20:35:51,144:INFO: average ROC_AUC scores :
2018-03-14 20:35:51,144:INFO: 0.6670501368709086
2018-03-14 20:35:51,145:INFO: Found better model!
2018-03-14 20:35:51,149:INFO: 

2018-03-14 20:35:51,150:INFO: Epoch 1/9
2018-03-14 20:35:51,150:INFO: ----------
2018-03-14 20:37:04,064:INFO: - Train metrics: total_accuracy: 0.935883 ; loss: 2.201950
2018-03-14 20:37:04,064:INFO: 

2018-03-14 20:37:04,064:INFO: Metric Report for the dev set
2018-03-14 20:37:27,708:INFO: - Eval metrics : total_accuracy: 0.000000 ; loss: 0.141207
2018-03-14 20:37:27,721:INFO: ROC AUC is :
2018-03-14 20:37:27,721:INFO: [0.6930546025160244, 0.7075998913978008, 0.7055325336241366, 0.7999714077770848, 0.6014311347941927, 0.6587087497474776, 0.5923046875, 0.48063674419477764, 0.5939561056383487, 0.7426276831976314, 0.7650879465375157, 0.6824846033642799, 0.5956798598308032, 0.612725844461901, 0.6683383483784688]
2018-03-14 20:37:27,721:INFO: average ROC_AUC scores :
2018-03-14 20:37:27,721:INFO: 0.6600093428640295
2018-03-14 20:37:27,722:INFO: 

2018-03-14 20:37:27,722:INFO: Epoch 2/9
2018-03-14 20:37:27,722:INFO: ----------
2018-03-14 20:38:40,569:INFO: - Train metrics: total_accuracy: 0.935303 ; loss: 2.178644
2018-03-14 20:38:40,569:INFO: 

2018-03-14 20:38:40,569:INFO: Metric Report for the dev set
2018-03-14 20:39:04,272:INFO: - Eval metrics : total_accuracy: 0.000000 ; loss: 0.141979
2018-03-14 20:39:04,291:INFO: ROC AUC is :
2018-03-14 20:39:04,291:INFO: [0.692082236229687, 0.711149260147518, 0.6875754271174118, 0.800679715117488, 0.6003523462563211, 0.6495109980867726, 0.5966796875, 0.5096957068573895, 0.5945314473351857, 0.736380458919319, 0.7496574121003923, 0.6781643533412998, 0.6066109651015311, 0.6125542884488627, 0.6267134737545971]
2018-03-14 20:39:04,292:INFO: average ROC_AUC scores :
2018-03-14 20:39:04,292:INFO: 0.6568225184209183
2018-03-14 20:39:04,293:INFO: 

2018-03-14 20:39:04,293:INFO: Epoch 3/9
2018-03-14 20:39:04,293:INFO: ----------
2018-03-14 20:40:17,087:INFO: - Train metrics: total_accuracy: 0.936720 ; loss: 2.123696
2018-03-14 20:40:17,088:INFO: 

2018-03-14 20:40:17,088:INFO: Metric Report for the dev set
2018-03-14 20:40:40,704:INFO: - Eval metrics : total_accuracy: 0.000000 ; loss: 0.141676
2018-03-14 20:40:40,723:INFO: ROC AUC is :
2018-03-14 20:40:40,723:INFO: [0.6893513125349079, 0.7152727498981855, 0.692257360959651, 0.7981259097525474, 0.5956435212875864, 0.6607883447612031, 0.6021158854166666, 0.49601096281278745, 0.596643372344307, 0.7393338267949667, 0.7476112706725986, 0.6767395900358489, 0.5990794858719386, 0.6141434388854277, 0.64518555667001]
2018-03-14 20:40:40,723:INFO: average ROC_AUC scores :
2018-03-14 20:40:40,723:INFO: 0.6578868392465754
2018-03-14 20:40:40,725:INFO: 

2018-03-14 20:40:40,725:INFO: Epoch 4/9
2018-03-14 20:40:40,725:INFO: ----------
2018-03-14 20:41:53,448:INFO: - Train metrics: total_accuracy: 0.936168 ; loss: 2.112373
2018-03-14 20:41:53,449:INFO: 

2018-03-14 20:41:53,449:INFO: Metric Report for the dev set
2018-03-14 20:42:17,119:INFO: - Eval metrics : total_accuracy: 0.000000 ; loss: 0.142002
2018-03-14 20:42:17,137:INFO: ROC AUC is :
2018-03-14 20:42:17,137:INFO: [0.68821085667172, 0.7162626136929273, 0.6929407488186113, 0.7969464805572885, 0.5925528791256592, 0.666361659397987, 0.6040169270833333, 0.4930637682791763, 0.5997586371418148, 0.741458179126573, 0.7465412701094405, 0.6774060115819469, 0.5973012199427294, 0.6184865147944487, 0.6518722835172184]
2018-03-14 20:42:17,137:INFO: average ROC_AUC scores :
2018-03-14 20:42:17,137:INFO: 0.6588786699893916
2018-03-14 20:42:17,138:INFO: 

2018-03-14 20:42:17,138:INFO: Epoch 5/9
2018-03-14 20:42:17,138:INFO: ----------
2018-03-14 20:43:29,850:INFO: - Train metrics: total_accuracy: 0.935864 ; loss: 2.107101
2018-03-14 20:43:29,851:INFO: 

2018-03-14 20:43:29,851:INFO: Metric Report for the dev set
2018-03-14 20:43:53,407:INFO: - Eval metrics : total_accuracy: 0.000000 ; loss: 0.141864
2018-03-14 20:43:53,424:INFO: ROC AUC is :
2018-03-14 20:43:53,424:INFO: [0.6880193622170803, 0.7158468708991357, 0.6948455107233733, 0.7964623622374714, 0.5947148061551847, 0.6676569500065359, 0.6038606770833334, 0.4953914888025379, 0.6025441329179647, 0.7421391561806069, 0.7480617972255073, 0.6785320341943193, 0.5947253494423306, 0.617213388592428, 0.6507021063189569]
2018-03-14 20:43:53,424:INFO: average ROC_AUC scores :
2018-03-14 20:43:53,424:INFO: 0.6593810661997845
2018-03-14 20:43:53,425:INFO: 

2018-03-14 20:43:53,425:INFO: Epoch 6/9
2018-03-14 20:43:53,425:INFO: ----------
2018-03-14 20:45:06,324:INFO: - Train metrics: total_accuracy: 0.936473 ; loss: 2.101710
2018-03-14 20:45:06,324:INFO: 

2018-03-14 20:45:06,325:INFO: Metric Report for the dev set
2018-03-14 20:45:30,059:INFO: - Eval metrics : total_accuracy: 0.000000 ; loss: 0.141785
2018-03-14 20:45:30,078:INFO: ROC AUC is :
2018-03-14 20:45:30,078:INFO: [0.6878193568977898, 0.7161381736730168, 0.6941766630316248, 0.7962089311707214, 0.5940470882496874, 0.6698197288208102, 0.6043619791666666, 0.49385218974676653, 0.6058277904072296, 0.742501850481125, 0.748549867657825, 0.6789456751539663, 0.5938362164777259, 0.6187303049182401, 0.6511200267469073]
2018-03-14 20:45:30,079:INFO: average ROC_AUC scores :
2018-03-14 20:45:30,079:INFO: 0.6597290561733402
2018-03-14 20:45:30,080:INFO: 

2018-03-14 20:45:30,080:INFO: Epoch 7/9
2018-03-14 20:45:30,080:INFO: ----------
2018-03-14 20:46:43,039:INFO: - Train metrics: total_accuracy: 0.935902 ; loss: 2.103485
2018-03-14 20:46:43,039:INFO: 

2018-03-14 20:46:43,039:INFO: Metric Report for the dev set
2018-03-14 20:47:06,659:INFO: - Eval metrics : total_accuracy: 0.000000 ; loss: 0.141899
2018-03-14 20:47:06,672:INFO: ROC AUC is :
2018-03-14 20:47:06,672:INFO: [0.6879927657650469, 0.7154735508394044, 0.6943220647037441, 0.7963453940528176, 0.5938285030721548, 0.6691661418164966, 0.6045052083333334, 0.4937583300482439, 0.6047472706351211, 0.7416136195410806, 0.7482119727431435, 0.6802785182461624, 0.5951306894703121, 0.6197776995241578, 0.6495319291206955]
2018-03-14 20:47:06,672:INFO: average ROC_AUC scores :
2018-03-14 20:47:06,672:INFO: 0.6596455771941276
2018-03-14 20:47:06,673:INFO: 

2018-03-14 20:47:06,673:INFO: Epoch 8/9
2018-03-14 20:47:06,673:INFO: ----------
2018-03-14 20:48:19,451:INFO: - Train metrics: total_accuracy: 0.936511 ; loss: 2.100843
2018-03-14 20:48:19,452:INFO: 

2018-03-14 20:48:19,452:INFO: Metric Report for the dev set
2018-03-14 20:48:42,969:INFO: - Eval metrics : total_accuracy: 0.000000 ; loss: 0.141945
2018-03-14 20:48:42,989:INFO: ROC AUC is :
2018-03-14 20:48:42,989:INFO: [0.6879268065640044, 0.7160420154758134, 0.6947582697201018, 0.7963811343314617, 0.5940601381110325, 0.6680134520088887, 0.6045963541666667, 0.49537271686283335, 0.603596587241447, 0.742139156180607, 0.7483621482607798, 0.6796580568066918, 0.5948691797748401, 0.6181704905599047, 0.6510364426613172]
2018-03-14 20:48:42,989:INFO: average ROC_AUC scores :
2018-03-14 20:48:42,989:INFO: 0.6596655299150928
2018-03-14 20:48:42,990:INFO: 

2018-03-14 20:48:42,991:INFO: Epoch 9/9
2018-03-14 20:48:42,991:INFO: ----------
2018-03-14 20:49:55,633:INFO: - Train metrics: total_accuracy: 0.935959 ; loss: 2.103465
2018-03-14 20:49:55,634:INFO: 

2018-03-14 20:49:55,634:INFO: Metric Report for the dev set
2018-03-14 20:50:19,077:INFO: - Eval metrics : total_accuracy: 0.000000 ; loss: 0.142018
2018-03-14 20:50:19,097:INFO: ROC AUC is :
2018-03-14 20:50:19,097:INFO: [0.6879326577834517, 0.7156488981401874, 0.6944529262086514, 0.7962609170305677, 0.5935642433799142, 0.6693206260175162, 0.6049739583333333, 0.4949597341893338, 0.6041719289382841, 0.741458179126573, 0.7485123237784159, 0.6819330820847505, 0.5958629166176337, 0.6202111041886755, 0.6487796723503845]
2018-03-14 20:50:19,098:INFO: average ROC_AUC scores :
2018-03-14 20:50:19,098:INFO: 0.6598695445445114
2018-03-14 20:50:19,099:INFO: 

2018-03-14 20:50:19,099:INFO: Best eval loss: 0.141047
2018-03-14 20:50:19,099:INFO: Training complete in 16m 5s
