2018-03-15 00:07:17,235:INFO: Loading the datasets...
2018-03-15 00:07:19,987:INFO: Names of 14 diseases:
2018-03-15 00:07:19,992:INFO: Epoch 0/9
2018-03-15 00:07:19,992:INFO: ----------
2018-03-15 00:09:33,654:INFO: - Train metrics: total_accuracy: 0.930232 ; loss: 0.208481
2018-03-15 00:09:33,655:INFO: 

2018-03-15 00:09:33,655:INFO: Metric Report for the dev set
2018-03-15 00:10:12,246:INFO: - Eval metrics : total_accuracy: 0.000000 ; loss: 0.222783
2018-03-15 00:10:12,266:INFO: ROC AUC is :
2018-03-15 00:10:12,266:INFO: [0.47814197186095375, 0.5456539323046291, 0.4275826972010177, 0.4926927375753795, 0.5642401174487521, 0.5569868450761132, 0.47845703124999994, 0.5058662311576656, 0.5577165950997727, 0.562079940784604, 0.6096938296634191, 0.6634800992738303, 0.3969847932112083, 0.47039755848705656, 0.3121865596790371]
2018-03-15 00:10:12,267:INFO: average ROC_AUC scores :
2018-03-15 00:10:12,267:INFO: 0.5081440626715625
2018-03-15 00:10:12,268:INFO: Found better model!
2018-03-15 00:10:12,272:INFO: 

2018-03-15 00:10:12,272:INFO: Epoch 1/9
2018-03-15 00:10:12,272:INFO: ----------
2018-03-15 00:12:24,769:INFO: - Train metrics: total_accuracy: 0.931887 ; loss: 0.199233
2018-03-15 00:12:24,769:INFO: 

2018-03-15 00:12:24,769:INFO: Metric Report for the dev set
2018-03-15 00:13:02,939:INFO: - Eval metrics : total_accuracy: 0.000000 ; loss: 0.375476
2018-03-15 00:13:02,960:INFO: ROC AUC is :
2018-03-15 00:13:02,960:INFO: [0.5272826404957579, 0.49311620435313813, 0.4180734278444202, 0.5008935069661052, 0.5722342450111467, 0.5823876127437582, 0.457265625, 0.5233429070225827, 0.5568956807274564, 0.5754108068097705, 0.6194176944303654, 0.6519900726169685, 0.41053099543665583, 0.45830285956785943, 0.31444332998996993]
2018-03-15 00:13:02,960:INFO: average ROC_AUC scores :
2018-03-15 00:13:02,960:INFO: 0.5107725072677303
2018-03-15 00:13:02,961:INFO: 

2018-03-15 00:13:02,961:INFO: Epoch 2/9
2018-03-15 00:13:02,961:INFO: ----------
2018-03-15 00:14:38,201:INFO: - Train metrics: total_accuracy: 0.932553 ; loss: 0.197057
2018-03-15 00:14:38,201:INFO: 

2018-03-15 00:14:38,202:INFO: Metric Report for the dev set
2018-03-15 00:15:02,559:INFO: - Eval metrics : total_accuracy: 0.000000 ; loss: 0.261233
2018-03-15 00:15:02,579:INFO: ROC AUC is :
2018-03-15 00:15:02,579:INFO: [0.47317322269209283, 0.5006052310059278, 0.4999054889131225, 0.4487159492618008, 0.4816616823446251, 0.48814630842176565, 0.48477213541666664, 0.5386420378817743, 0.5664730150711459, 0.46780903034789045, 0.4977755251450132, 0.4832015810276679, 0.5617751278128635, 0.4748941318814277, 0.48788030758943496]
2018-03-15 00:15:02,579:INFO: average ROC_AUC scores :
2018-03-15 00:15:02,579:INFO: 0.4970287183208813
2018-03-15 00:15:02,580:INFO: 

2018-03-15 00:15:02,580:INFO: Epoch 3/9
2018-03-15 00:15:02,580:INFO: ----------
2018-03-15 00:16:34,141:INFO: - Train metrics: total_accuracy: 0.934323 ; loss: 0.192128
2018-03-15 00:16:34,141:INFO: 

2018-03-15 00:16:34,142:INFO: Metric Report for the dev set
2018-03-15 00:17:08,052:INFO: - Eval metrics : total_accuracy: 0.000000 ; loss: 0.182552
2018-03-15 00:17:08,072:INFO: ROC AUC is :
2018-03-15 00:17:08,072:INFO: [0.610508790127397, 0.5992946513416897, 0.5639113049800073, 0.6452679871075067, 0.6498700451307704, 0.6102720110277953, 0.443125, 0.5056221959415066, 0.6016039403889871, 0.6531384159881569, 0.747479867094667, 0.541249195698134, 0.5893382497156082, 0.5097154878962717, 0.3372617853560682]
2018-03-15 00:17:08,072:INFO: average ROC_AUC scores :
2018-03-15 00:17:08,072:INFO: 0.5738439285196377
2018-03-15 00:17:08,073:INFO: Found better model!
2018-03-15 00:17:08,077:INFO: 

2018-03-15 00:17:08,077:INFO: Epoch 4/9
2018-03-15 00:17:08,078:INFO: ----------
2018-03-15 00:19:20,805:INFO: - Train metrics: total_accuracy: 0.934922 ; loss: 0.190759
2018-03-15 00:19:20,806:INFO: 

2018-03-15 00:19:20,806:INFO: Metric Report for the dev set
2018-03-15 00:20:14,799:INFO: - Eval metrics : total_accuracy: 0.000000 ; loss: 0.182614
2018-03-15 00:20:14,818:INFO: ROC AUC is :
2018-03-15 00:20:14,818:INFO: [0.6188717785047475, 0.6060624915154533, 0.6360741548527808, 0.6715159726554377, 0.6510532325594041, 0.6348706491901464, 0.48620442708333333, 0.5121360590189785, 0.5952050181022144, 0.6560325684678016, 0.7553453098308648, 0.5099044029782148, 0.6704062553119157, 0.5720219230526135, 0.4086425944500167]
2018-03-15 00:20:14,819:INFO: average ROC_AUC scores :
2018-03-15 00:20:14,819:INFO: 0.5989564558382615
2018-03-15 00:20:14,819:INFO: 

2018-03-15 00:20:14,820:INFO: Epoch 5/9
2018-03-15 00:20:14,820:INFO: ----------
2018-03-15 00:23:25,523:INFO: - Train metrics: total_accuracy: 0.935141 ; loss: 0.190028
2018-03-15 00:23:25,524:INFO: 

2018-03-15 00:23:25,524:INFO: Metric Report for the dev set
2018-03-15 00:24:09,789:INFO: - Eval metrics : total_accuracy: 0.000000 ; loss: 0.182286
2018-03-15 00:24:09,809:INFO: ROC AUC is :
2018-03-15 00:24:09,809:INFO: [0.629769940689912, 0.6141482646273587, 0.6233078880407125, 0.6662540289041381, 0.6453895927355772, 0.6686670390132025, 0.4859374999999999, 0.5177488689906328, 0.5584252476775841, 0.6535529237601776, 0.7638677704567213, 0.5114900266568619, 0.6323696701055191, 0.5159231067891035, 0.47952189903042464]
2018-03-15 00:24:09,810:INFO: average ROC_AUC scores :
2018-03-15 00:24:09,810:INFO: 0.597758251165195
2018-03-15 00:24:09,811:INFO: Found better model!
2018-03-15 00:24:09,815:INFO: 

2018-03-15 00:24:09,815:INFO: Epoch 6/9
2018-03-15 00:24:09,815:INFO: ----------
2018-03-15 00:25:46,272:INFO: - Train metrics: total_accuracy: 0.935264 ; loss: 0.189329
2018-03-15 00:25:46,272:INFO: 

2018-03-15 00:25:46,273:INFO: Metric Report for the dev set
2018-03-15 00:26:10,496:INFO: - Eval metrics : total_accuracy: 0.000000 ; loss: 0.180148
2018-03-15 00:26:10,516:INFO: ROC AUC is :
2018-03-15 00:26:10,516:INFO: [0.6413266310274209, 0.6400431014978054, 0.6760596146855689, 0.683958463297983, 0.6581588820618781, 0.6894867559506125, 0.49980468749999996, 0.5199827298154718, 0.5708792905054587, 0.6631680236861585, 0.798802350246851, 0.4824432392683151, 0.6495639325828004, 0.541051548067286, 0.5021731862253427]
2018-03-15 00:26:10,516:INFO: average ROC_AUC scores :
2018-03-15 00:26:10,517:INFO: 0.6144601624279301
2018-03-15 00:26:10,517:INFO: Found better model!
2018-03-15 00:26:10,522:INFO: 

2018-03-15 00:26:10,522:INFO: Epoch 7/9
2018-03-15 00:26:10,522:INFO: ----------
2018-03-15 00:27:41,305:INFO: - Train metrics: total_accuracy: 0.935455 ; loss: 0.188346
2018-03-15 00:27:41,306:INFO: 

2018-03-15 00:27:41,306:INFO: Metric Report for the dev set
2018-03-15 00:28:13,093:INFO: - Eval metrics : total_accuracy: 0.000000 ; loss: 0.179763
2018-03-15 00:28:13,112:INFO: ROC AUC is :
2018-03-15 00:28:13,113:INFO: [0.6458959014867417, 0.6405917688583194, 0.6916757542711741, 0.68817906529424, 0.6550247403621337, 0.6910791315611222, 0.5192122395833334, 0.535938878564322, 0.5724649883528388, 0.6633160621761658, 0.798764806367442, 0.4857983270521188, 0.6878097255455745, 0.5658639651109245, 0.5122032764961552]
2018-03-15 00:28:13,113:INFO: average ROC_AUC scores :
2018-03-15 00:28:13,113:INFO: 0.6235879087388404
2018-03-15 00:28:13,114:INFO: Found better model!
2018-03-15 00:28:13,118:INFO: 

2018-03-15 00:28:13,118:INFO: Epoch 8/9
2018-03-15 00:28:13,118:INFO: ----------
2018-03-15 00:30:23,870:INFO: - Train metrics: total_accuracy: 0.935436 ; loss: 0.187925
2018-03-15 00:30:23,871:INFO: 

2018-03-15 00:30:23,871:INFO: Metric Report for the dev set
2018-03-15 00:31:00,858:INFO: - Eval metrics : total_accuracy: 0.000000 ; loss: 0.179667
2018-03-15 00:31:00,878:INFO: ROC AUC is :
2018-03-15 00:31:00,878:INFO: [0.645849091731163, 0.6447859631657541, 0.6943656852053799, 0.6903657205240175, 0.6551052145070959, 0.6889757697472401, 0.5138411458333333, 0.530232208894145, 0.576530970222559, 0.6693634344929681, 0.7909932233297667, 0.4945996874712749, 0.6880450842714994, 0.5772950131375788, 0.5381143430290872]
2018-03-15 00:31:00,878:INFO: average ROC_AUC scores :
2018-03-15 00:31:00,878:INFO: 0.6265641703708575
2018-03-15 00:31:00,879:INFO: Found better model!
2018-03-15 00:31:00,884:INFO: 

2018-03-15 00:31:00,884:INFO: Epoch 9/9
2018-03-15 00:31:00,884:INFO: ----------
2018-03-15 00:33:11,673:INFO: - Train metrics: total_accuracy: 0.935968 ; loss: 0.187164
2018-03-15 00:33:11,674:INFO: 

2018-03-15 00:33:11,674:INFO: Metric Report for the dev set
2018-03-15 00:33:48,923:INFO: - Eval metrics : total_accuracy: 0.000000 ; loss: 0.179518
2018-03-15 00:33:48,942:INFO: ROC AUC is :
2018-03-15 00:33:48,943:INFO: [0.6457778132397138, 0.6434736865921534, 0.7022319156670302, 0.6952475176751923, 0.6549703659398618, 0.6943946001830044, 0.5301106770833334, 0.5323346661410523, 0.5822949117341641, 0.6706143597335307, 0.7896228717313359, 0.48694732971780497, 0.6925953529727115, 0.5921662106888426, 0.5654463390170512]
2018-03-15 00:33:48,943:INFO: average ROC_AUC scores :
2018-03-15 00:33:48,943:INFO: 0.6318819078744522
2018-03-15 00:33:48,944:INFO: Found better model!
2018-03-15 00:33:48,948:INFO: 

2018-03-15 00:33:48,948:INFO: Best eval loss: 0.179518
2018-03-15 00:33:48,948:INFO: Training complete in 26m 29s
