2018-03-15 01:50:51,367:INFO: Loading the datasets...
2018-03-15 01:50:51,382:INFO: Names of 14 diseases:
2018-03-15 01:50:51,404:INFO: Epoch 0/9
2018-03-15 01:50:51,404:INFO: ----------
2018-03-15 01:58:42,816:INFO: - Train metrics: total_accuracy: 0.948811 ; loss: 2.069746
2018-03-15 01:58:42,818:INFO: 

2018-03-15 01:58:42,818:INFO: Metric Report for the dev set
2018-03-15 02:04:44,156:INFO: - Eval metrics : total_accuracy: 0.000000 ; loss: 0.144393
2018-03-15 02:04:44,222:INFO: ROC AUC is :
2018-03-15 02:04:44,223:INFO: [0.685457591957233, 0.7523360785555907, 0.6945837877135587, 0.8174159128716989, 0.6786319395356425, 0.7013820394291214, 0.6169401041666666, 0.4738976178408515, 0.7026956863405461, 0.7096817172464842, 0.7951793658838768, 0.6674096883904771, 0.6074608716118151, 0.6698991431228611, 0.5080240722166498]
2018-03-15 02:04:44,223:INFO: average ROC_AUC scores :
2018-03-15 02:04:44,223:INFO: 0.6720663744588715
2018-03-15 02:04:44,226:INFO: Found better model!
2018-03-15 02:04:44,250:INFO: 

2018-03-15 02:04:44,250:INFO: Epoch 1/9
2018-03-15 02:04:44,251:INFO: ----------
2018-03-15 02:12:37,654:INFO: - Train metrics: total_accuracy: 0.952702 ; loss: 1.923202
2018-03-15 02:12:37,656:INFO: 

2018-03-15 02:12:37,656:INFO: Metric Report for the dev set
2018-03-15 02:19:01,966:INFO: - Eval metrics : total_accuracy: 0.000000 ; loss: 0.145671
2018-03-15 02:19:01,997:INFO: ROC AUC is :
2018-03-15 02:19:01,997:INFO: [0.6731242852203516, 0.7616945336893073, 0.7348309705561614, 0.8206552817633603, 0.6653819803164591, 0.7061353994604936, 0.63779296875, 0.46068217228886266, 0.6934691701046841, 0.7049296817172465, 0.8199020104747423, 0.6814505009651621, 0.6016292054027904, 0.6767342958528592, 0.5704613841524573]
2018-03-15 02:19:01,997:INFO: average ROC_AUC scores :
2018-03-15 02:19:01,997:INFO: 0.6805915893809958
2018-03-15 02:19:02,000:INFO: 

2018-03-15 02:19:02,005:INFO: Epoch 2/9
2018-03-15 02:19:02,005:INFO: ----------
2018-03-15 02:27:10,073:INFO: - Train metrics: total_accuracy: 0.956925 ; loss: 1.796558
2018-03-15 02:27:10,075:INFO: 

2018-03-15 02:27:10,076:INFO: Metric Report for the dev set
2018-03-15 02:30:42,246:INFO: - Eval metrics : total_accuracy: 0.000000 ; loss: 0.149316
2018-03-15 02:30:42,265:INFO: ROC AUC is :
2018-03-15 02:30:42,265:INFO: [0.664936833426421, 0.7629672157111181, 0.763198836786623, 0.8181437149095446, 0.6536675547822304, 0.7183634181411986, 0.64365234375, 0.4333690000187719, 0.7015590356711853, 0.7049740932642486, 0.8306771038651424, 0.6914468241566321, 0.6153453889302946, 0.6761293351753032, 0.582246740220662]
2018-03-15 02:30:42,266:INFO: average ROC_AUC scores :
2018-03-15 02:30:42,266:INFO: 0.6840451625872918
2018-03-15 02:30:42,269:INFO: 

2018-03-15 02:30:42,269:INFO: Epoch 3/9
2018-03-15 02:30:42,269:INFO: ----------
2018-03-15 02:37:04,399:INFO: - Train metrics: total_accuracy: 0.960131 ; loss: 1.700649
2018-03-15 02:37:04,401:INFO: 

2018-03-15 02:37:04,401:INFO: Metric Report for the dev set
2018-03-15 02:40:31,845:INFO: - Eval metrics : total_accuracy: 0.000000 ; loss: 0.148141
2018-03-15 02:40:31,864:INFO: ROC AUC is :
2018-03-15 02:40:31,864:INFO: [0.6589388015638713, 0.7663978008054664, 0.7535441657579062, 0.8197292836348514, 0.6505551628513946, 0.70487575905218, 0.6469466145833332, 0.44358093521803604, 0.69829642726839, 0.7023242042931163, 0.8245949954008748, 0.6956062138064161, 0.6073039657945318, 0.6835333315274806, 0.5997158141089937]
2018-03-15 02:40:31,864:INFO: average ROC_AUC scores :
2018-03-15 02:40:31,865:INFO: 0.6837295650444563
2018-03-15 02:40:31,867:INFO: 

2018-03-15 02:40:31,868:INFO: Epoch 4/9
2018-03-15 02:40:31,868:INFO: ----------
2018-03-15 02:46:51,133:INFO: - Train metrics: total_accuracy: 0.960759 ; loss: 1.677059
2018-03-15 02:46:51,135:INFO: 

2018-03-15 02:46:51,135:INFO: Metric Report for the dev set
2018-03-15 02:49:41,780:INFO: - Eval metrics : total_accuracy: 0.000000 ; loss: 0.148673
2018-03-15 02:49:41,800:INFO: ROC AUC is :
2018-03-15 02:49:41,800:INFO: [0.6564972472672146, 0.76743574369881, 0.7519011268629588, 0.8193816281971303, 0.6487303572399543, 0.7012394386281803, 0.6476432291666666, 0.44844286760150925, 0.6995663888187253, 0.7020059215396003, 0.8235625387171257, 0.700179244415847, 0.605931039893304, 0.684707135827216, 0.600050150451354]
2018-03-15 02:49:41,800:INFO: average ROC_AUC scores :
2018-03-15 02:49:41,800:INFO: 0.6838182705550399
2018-03-15 02:49:41,803:INFO: 

2018-03-15 02:49:41,803:INFO: Epoch 5/9
2018-03-15 02:49:41,803:INFO: ----------
2018-03-15 02:55:59,239:INFO: - Train metrics: total_accuracy: 0.961549 ; loss: 1.661591
2018-03-15 02:55:59,240:INFO: 

2018-03-15 02:55:59,241:INFO: Metric Report for the dev set
2018-03-15 02:59:11,086:INFO: - Eval metrics : total_accuracy: 0.000000 ; loss: 0.148512
2018-03-15 02:59:11,105:INFO: ROC AUC is :
2018-03-15 02:59:11,105:INFO: [0.6588802893693981, 0.7673042332232227, 0.7476263177026535, 0.8205220679975047, 0.6500723179816216, 0.7082744114746111, 0.6465234375, 0.4529293611908919, 0.6985770817546519, 0.7044929681717247, 0.8272793827786225, 0.700271164629102, 0.6020737718850927, 0.6879034952280341, 0.5963724506853896]
2018-03-15 02:59:11,105:INFO: average ROC_AUC scores :
2018-03-15 02:59:11,105:INFO: 0.6846068501048348
2018-03-15 02:59:11,108:INFO: 

2018-03-15 02:59:11,108:INFO: Epoch 6/9
2018-03-15 02:59:11,108:INFO: ----------
2018-03-15 03:05:27,037:INFO: - Train metrics: total_accuracy: 0.961473 ; loss: 1.662936
2018-03-15 03:05:27,039:INFO: 

2018-03-15 03:05:27,039:INFO: Metric Report for the dev set
2018-03-15 03:06:50,878:INFO: - Eval metrics : total_accuracy: 0.000000 ; loss: 0.148582
2018-03-15 03:06:50,897:INFO: ROC AUC is :
2018-03-15 03:06:50,897:INFO: [0.6587047527859784, 0.7681908683650844, 0.749051254089422, 0.8215715325431481, 0.649456799521505, 0.7077396584710818, 0.6490364583333333, 0.4486869028176682, 0.6983525581656422, 0.7039378238341969, 0.8254021888081695, 0.696939056898612, 0.6016945828266583, 0.688806421612446, 0.5986292209963223]
2018-03-15 03:06:50,897:INFO: average ROC_AUC scores :
2018-03-15 03:06:50,897:INFO: 0.6844133386712845
2018-03-15 03:06:50,900:INFO: 

2018-03-15 03:06:50,900:INFO: Epoch 7/9
2018-03-15 03:06:50,901:INFO: ----------
2018-03-15 03:10:06,829:INFO: - Train metrics: total_accuracy: 0.961596 ; loss: 1.657836
2018-03-15 03:10:06,830:INFO: 

2018-03-15 03:10:06,830:INFO: Metric Report for the dev set
2018-03-15 03:11:09,982:INFO: - Eval metrics : total_accuracy: 0.000000 ; loss: 0.148994
2018-03-15 03:11:10,001:INFO: ROC AUC is :
2018-03-15 03:11:10,001:INFO: [0.6581600574483364, 0.7678175483053532, 0.7503889494729189, 0.8204603347889373, 0.6494263498450329, 0.7042815890482584, 0.6505533854166666, 0.4494002365264403, 0.6982543290954506, 0.703937823834197, 0.8246325392802838, 0.69544535343322, 0.6039827926620379, 0.6856145768435499, 0.5809929789368105]
2018-03-15 03:11:10,001:INFO: average ROC_AUC scores :
2018-03-15 03:11:10,001:INFO: 0.6828899229958331
2018-03-15 03:11:10,004:INFO: 

2018-03-15 03:11:10,005:INFO: Epoch 8/9
2018-03-15 03:11:10,005:INFO: ----------
2018-03-15 03:14:25,798:INFO: - Train metrics: total_accuracy: 0.961244 ; loss: 1.661476
2018-03-15 03:14:25,799:INFO: 

2018-03-15 03:14:25,799:INFO: Metric Report for the dev set
2018-03-15 03:15:29,096:INFO: - Eval metrics : total_accuracy: 0.000000 ; loss: 0.148409
2018-03-15 03:15:29,115:INFO: ROC AUC is :
2018-03-15 03:15:29,115:INFO: [0.6595154126439533, 0.7678260328521653, 0.7488186114140312, 0.822062149095446, 0.6490131042357675, 0.7063730674620623, 0.6487955729166666, 0.45230988718064236, 0.6984437708736774, 0.7037823834196891, 0.8277674532109404, 0.6977893188712199, 0.601864564128715, 0.6875874709934898, 0.5880140421263791]
2018-03-15 03:15:29,115:INFO: average ROC_AUC scores :
2018-03-15 03:15:29,115:INFO: 0.6839975227616563
2018-03-15 03:15:29,118:INFO: 

2018-03-15 03:15:29,118:INFO: Epoch 9/9
2018-03-15 03:15:29,118:INFO: ----------
2018-03-15 03:18:44,118:INFO: - Train metrics: total_accuracy: 0.961263 ; loss: 1.662026
2018-03-15 03:18:44,119:INFO: 

2018-03-15 03:18:44,120:INFO: Metric Report for the dev set
2018-03-15 03:19:47,206:INFO: - Eval metrics : total_accuracy: 0.000000 ; loss: 0.148576
2018-03-15 03:19:47,225:INFO: ROC AUC is :
2018-03-15 03:19:47,225:INFO: [0.6582191015718504, 0.7678005792117291, 0.7518284260268993, 0.8210646704096485, 0.6492980262084715, 0.705125310453827, 0.6475716145833333, 0.45366146683936853, 0.6984718363223035, 0.7035381199111769, 0.8277674532109403, 0.6973067377516315, 0.604309679781378, 0.6887161289740048, 0.5967067870277499]
2018-03-15 03:19:47,226:INFO: average ROC_AUC scores :
2018-03-15 03:19:47,226:INFO: 0.6847590625522877
2018-03-15 03:19:47,229:INFO: 

2018-03-15 03:19:47,229:INFO: Best eval loss: 0.144393
2018-03-15 03:19:47,229:INFO: Training complete in 88m 56s
