2018-03-15 04:00:42,168:INFO: Loading the datasets...
2018-03-15 04:00:42,176:INFO: Names of 14 diseases:
2018-03-15 04:00:42,191:INFO: Epoch 0/9
2018-03-15 04:00:42,191:INFO: ----------
2018-03-15 04:03:54,097:INFO: - Train metrics: total_accuracy: 0.955013 ; loss: 1.870196
2018-03-15 04:03:54,098:INFO: 

2018-03-15 04:03:54,098:INFO: Metric Report for the dev set
2018-03-15 04:04:56,593:INFO: - Eval metrics : total_accuracy: 0.000000 ; loss: 0.150685
2018-03-15 04:04:56,611:INFO: ROC AUC is :
2018-03-15 04:04:56,612:INFO: [0.6662836777573872, 0.7476158423458076, 0.6920828789531079, 0.8168180754834685, 0.6647186123647435, 0.6933013273757889, 0.6263997395833333, 0.45234743106005143, 0.703306109848166, 0.6990673575129533, 0.7931519963957876, 0.6523807335233017, 0.5993148445978634, 0.6733934682305353, 0.4990805750585089]
2018-03-15 04:04:56,612:INFO: average ROC_AUC scores :
2018-03-15 04:04:56,612:INFO: 0.6652841780060537
2018-03-15 04:04:56,615:INFO: Found better model!
2018-03-15 04:04:56,638:INFO: 

2018-03-15 04:04:56,638:INFO: Epoch 1/9
2018-03-15 04:04:56,638:INFO: ----------
2018-03-15 04:08:12,445:INFO: - Train metrics: total_accuracy: 0.957629 ; loss: 1.794464
2018-03-15 04:08:12,447:INFO: 

2018-03-15 04:08:12,447:INFO: Metric Report for the dev set
2018-03-15 04:09:14,911:INFO: - Eval metrics : total_accuracy: 0.000000 ; loss: 0.151489
2018-03-15 04:09:14,929:INFO: ROC AUC is :
2018-03-15 04:09:14,930:INFO: [0.6582792095534455, 0.7542705552287433, 0.6921555797891674, 0.818325665419006, 0.6604817573813279, 0.6979358534063765, 0.6399414062500001, 0.469842878864673, 0.6977281019337094, 0.7025832716506292, 0.8002477896040998, 0.6657091644452615, 0.5962682566456151, 0.6688788363084757, 0.5135406218655968]
2018-03-15 04:09:14,930:INFO: average ROC_AUC scores :
2018-03-15 04:09:14,930:INFO: 0.6690792632230752
2018-03-15 04:09:14,933:INFO: 

2018-03-15 04:09:14,933:INFO: Epoch 2/9
2018-03-15 04:09:14,933:INFO: ----------
2018-03-15 04:12:31,054:INFO: - Train metrics: total_accuracy: 0.959342 ; loss: 1.728653
2018-03-15 04:12:31,055:INFO: 

2018-03-15 04:12:31,055:INFO: Metric Report for the dev set
2018-03-15 04:13:33,560:INFO: - Eval metrics : total_accuracy: 0.000000 ; loss: 0.153531
2018-03-15 04:13:33,579:INFO: ROC AUC is :
2018-03-15 04:13:33,579:INFO: [0.6450373680151067, 0.7561343273451288, 0.7024209378407852, 0.814478711790393, 0.6511967810342014, 0.6843531271167307, 0.6402278645833334, 0.45334234386439154, 0.7004925486233898, 0.692420429311621, 0.8100655140695687, 0.6943423108741612, 0.5834150551131683, 0.6839215898727776, 0.5098629220996322]
2018-03-15 04:13:33,579:INFO: average ROC_AUC scores :
2018-03-15 04:13:33,579:INFO: 0.668114122103626
2018-03-15 04:13:33,582:INFO: 

2018-03-15 04:13:33,583:INFO: Epoch 3/9
2018-03-15 04:13:33,583:INFO: ----------
2018-03-15 04:16:47,983:INFO: - Train metrics: total_accuracy: 0.961520 ; loss: 1.674337
2018-03-15 04:16:47,984:INFO: 

2018-03-15 04:16:47,984:INFO: Metric Report for the dev set
2018-03-15 04:17:50,388:INFO: - Eval metrics : total_accuracy: 0.000000 ; loss: 0.152381
2018-03-15 04:17:50,407:INFO: ROC AUC is :
2018-03-15 04:17:50,407:INFO: [0.6492358839330834, 0.7591548260102267, 0.6999491094147582, 0.8156224007070076, 0.652699690065793, 0.687621062138299, 0.6472330729166667, 0.4565711174935706, 0.6978614128146838, 0.6938341968911917, 0.804790599012596, 0.6953074731133377, 0.5773872566325396, 0.6903865427851668, 0.5040956201939151]
2018-03-15 04:17:50,407:INFO: average ROC_AUC scores :
2018-03-15 04:17:50,407:INFO: 0.6687833509415223
2018-03-15 04:17:50,410:INFO: 

2018-03-15 04:17:50,411:INFO: Epoch 4/9
2018-03-15 04:17:50,411:INFO: ----------
2018-03-15 04:21:05,478:INFO: - Train metrics: total_accuracy: 0.961768 ; loss: 1.666886
2018-03-15 04:21:05,479:INFO: 

2018-03-15 04:21:05,480:INFO: Metric Report for the dev set
2018-03-15 04:22:08,142:INFO: - Eval metrics : total_accuracy: 0.000000 ; loss: 0.153039
2018-03-15 04:22:08,161:INFO: ROC AUC is :
2018-03-15 04:22:08,162:INFO: [0.6478268039043592, 0.7597515724693426, 0.6969974554707379, 0.8158920773549595, 0.651812299494318, 0.6860524533279462, 0.64525390625, 0.46111392690206676, 0.6980157727821278, 0.6939748334566987, 0.8016744570216441, 0.6908033826638478, 0.5798715987395232, 0.6892488555408077, 0.4983283182881979]
2018-03-15 04:22:08,162:INFO: average ROC_AUC scores :
2018-03-15 04:22:08,162:INFO: 0.6677745142444385
2018-03-15 04:22:08,165:INFO: 

2018-03-15 04:22:08,165:INFO: Epoch 5/9
2018-03-15 04:22:08,165:INFO: ----------
2018-03-15 04:25:23,000:INFO: - Train metrics: total_accuracy: 0.961720 ; loss: 1.662864
2018-03-15 04:25:23,001:INFO: 

2018-03-15 04:25:23,002:INFO: Metric Report for the dev set
2018-03-15 04:26:25,504:INFO: - Eval metrics : total_accuracy: 0.000000 ; loss: 0.153275
2018-03-15 04:26:25,517:INFO: ROC AUC is :
2018-03-15 04:26:25,517:INFO: [0.6490172610973696, 0.760645278066881, 0.6986259541984733, 0.8163242098149304, 0.6511402316350389, 0.6866109731316324, 0.6481770833333333, 0.45516322201573084, 0.6979947236956583, 0.696039970392302, 0.8090893732049331, 0.6871035940803383, 0.5796754664679192, 0.6862150228891839, 0.5131227014376463]
2018-03-15 04:26:25,517:INFO: average ROC_AUC scores :
2018-03-15 04:26:25,517:INFO: 0.6689963376974248
2018-03-15 04:26:25,519:INFO: 

2018-03-15 04:26:25,519:INFO: Epoch 6/9
2018-03-15 04:26:25,519:INFO: ----------
2018-03-15 04:29:39,894:INFO: - Train metrics: total_accuracy: 0.961825 ; loss: 1.661739
2018-03-15 04:29:39,895:INFO: 

2018-03-15 04:29:39,895:INFO: Metric Report for the dev set
2018-03-15 04:30:42,309:INFO: - Eval metrics : total_accuracy: 0.000000 ; loss: 0.152544
2018-03-15 04:30:42,322:INFO: ROC AUC is :
2018-03-15 04:30:42,322:INFO: [0.6492257772813106, 0.7608998144712432, 0.7012577244638314, 0.8167530931586608, 0.6510989070741123, 0.6850661311214364, 0.6462890625000001, 0.4572281353832291, 0.6985279672195559, 0.6956180606957809, 0.8090330573858197, 0.6949857523669454, 0.5775964643889172, 0.6918221957363817, 0.5100300902708124]
2018-03-15 04:30:42,322:INFO: average ROC_AUC scores :
2018-03-15 04:30:42,322:INFO: 0.6696954822345357
2018-03-15 04:30:42,324:INFO: 

2018-03-15 04:30:42,324:INFO: Epoch 7/9
2018-03-15 04:30:42,324:INFO: ----------
2018-03-15 04:33:57,865:INFO: - Train metrics: total_accuracy: 0.961853 ; loss: 1.657851
2018-03-15 04:33:57,866:INFO: 

2018-03-15 04:33:57,866:INFO: Metric Report for the dev set
2018-03-15 04:35:00,409:INFO: - Eval metrics : total_accuracy: 0.000000 ; loss: 0.153349
2018-03-15 04:35:00,425:INFO: ROC AUC is :
2018-03-15 04:35:00,425:INFO: [0.6483587329450252, 0.7597148060998234, 0.6959941839331153, 0.8166393740902476, 0.6509009841770431, 0.685161198322064, 0.6470052083333334, 0.4572469073229336, 0.6976368892256741, 0.6952035529237602, 0.8067616526815715, 0.6867588932806323, 0.5783025405666915, 0.6915061715018375, 0.5132062855232363]
2018-03-15 04:35:00,425:INFO: average ROC_AUC scores :
2018-03-15 04:35:00,425:INFO: 0.6686931587284659
2018-03-15 04:35:00,428:INFO: 

2018-03-15 04:35:00,429:INFO: Epoch 8/9
2018-03-15 04:35:00,429:INFO: ----------
2018-03-15 04:38:15,124:INFO: - Train metrics: total_accuracy: 0.961920 ; loss: 1.658428
2018-03-15 04:38:15,125:INFO: 

2018-03-15 04:38:15,126:INFO: Metric Report for the dev set
2018-03-15 04:39:17,614:INFO: - Eval metrics : total_accuracy: 0.000000 ; loss: 0.153123
2018-03-15 04:39:17,635:INFO: ROC AUC is :
2018-03-15 04:39:17,635:INFO: [0.648813000345754, 0.7605010407710757, 0.698131588513268, 0.8163761956747764, 0.6511728562884018, 0.6885479673444166, 0.6481901041666667, 0.4597060314242271, 0.6978543964525273, 0.694137675795707, 0.8048844587111186, 0.6876551153598676, 0.5751905751905751, 0.6890682702639254, 0.5070210631895686]
2018-03-15 04:39:17,635:INFO: average ROC_AUC scores :
2018-03-15 04:39:17,635:INFO: 0.668483355966125
2018-03-15 04:39:17,638:INFO: 

2018-03-15 04:39:17,639:INFO: Epoch 9/9
2018-03-15 04:39:17,639:INFO: ----------
2018-03-15 04:42:32,752:INFO: - Train metrics: total_accuracy: 0.961977 ; loss: 1.657870
2018-03-15 04:42:32,753:INFO: 

2018-03-15 04:42:32,753:INFO: Metric Report for the dev set
2018-03-15 04:43:35,525:INFO: - Eval metrics : total_accuracy: 0.000000 ; loss: 0.152418
2018-03-15 04:43:35,540:INFO: ROC AUC is :
2018-03-15 04:43:35,541:INFO: [0.6504364477778664, 0.7611034435947328, 0.7059832788077062, 0.8173151902682471, 0.6510902071665489, 0.6884885503440245, 0.6428971354166667, 0.4546563796437086, 0.7004574668126068, 0.6975055514433753, 0.8139137617089973, 0.6936529092747495, 0.5769949920893318, 0.6934203754367907, 0.5122032764961552]
2018-03-15 04:43:35,541:INFO: average ROC_AUC scores :
2018-03-15 04:43:35,541:INFO: 0.6706745977521005
2018-03-15 04:43:35,544:INFO: 

2018-03-15 04:43:35,544:INFO: Best eval loss: 0.150685
2018-03-15 04:43:35,544:INFO: Training complete in 42m 53s
