2018-03-15 03:19:47,241:INFO: Loading the datasets...
2018-03-15 03:19:47,256:INFO: Names of 14 diseases:
2018-03-15 03:19:47,270:INFO: Epoch 0/9
2018-03-15 03:19:47,270:INFO: ----------
2018-03-15 03:22:57,456:INFO: - Train metrics: total_accuracy: 0.952492 ; loss: 0.144438
2018-03-15 03:22:57,457:INFO: 

2018-03-15 03:22:57,457:INFO: Metric Report for the dev set
2018-03-15 03:23:54,423:INFO: - Eval metrics : total_accuracy: 0.000000 ; loss: 0.179394
2018-03-15 03:23:54,436:INFO: ROC AUC is :
2018-03-15 03:23:54,436:INFO: [0.6750062501662278, 0.7412665731481062, 0.6792584514721919, 0.8163567009773341, 0.6679854276548313, 0.700431367422847, 0.60615234375, 0.46719603536633436, 0.7016642811035335, 0.7085048112509252, 0.7941656811398322, 0.6526564941630665, 0.6062056250735497, 0.678395680400177, 0.47492477432296887]
2018-03-15 03:23:54,436:INFO: average ROC_AUC scores :
2018-03-15 03:23:54,436:INFO: 0.6646780331607951
2018-03-15 03:23:54,438:INFO: Found better model!
2018-03-15 03:23:54,462:INFO: 

2018-03-15 03:23:54,462:INFO: Epoch 1/9
2018-03-15 03:23:54,462:INFO: ----------
2018-03-15 03:27:03,213:INFO: - Train metrics: total_accuracy: 0.953777 ; loss: 0.134564
2018-03-15 03:27:03,214:INFO: 

2018-03-15 03:27:03,215:INFO: Metric Report for the dev set
2018-03-15 03:27:59,726:INFO: - Eval metrics : total_accuracy: 0.000000 ; loss: 0.182078
2018-03-15 03:27:59,739:INFO: ROC AUC is :
2018-03-15 03:27:59,739:INFO: [0.6641767068273092, 0.7349116475858636, 0.6713776808433296, 0.8131303285506342, 0.661403947583057, 0.6875497617378284, 0.6047265625, 0.45951831202718174, 0.6963949931239651, 0.6962620281273131, 0.7977511216233973, 0.664514201672948, 0.5874946063625309, 0.670341577051223, 0.5039284520227348]
2018-03-15 03:27:59,739:INFO: average ROC_AUC scores :
2018-03-15 03:27:59,739:INFO: 0.6608987951759544
2018-03-15 03:27:59,741:INFO: 

2018-03-15 03:27:59,741:INFO: Epoch 2/9
2018-03-15 03:27:59,741:INFO: ----------
2018-03-15 03:31:08,389:INFO: - Train metrics: total_accuracy: 0.956145 ; loss: 0.127183
2018-03-15 03:31:08,390:INFO: 

2018-03-15 03:31:08,390:INFO: Metric Report for the dev set
2018-03-15 03:32:04,946:INFO: - Eval metrics : total_accuracy: 0.000000 ; loss: 0.185552
2018-03-15 03:32:04,959:INFO: ROC AUC is :
2018-03-15 03:32:04,959:INFO: [0.6583132530120482, 0.7272048508982306, 0.6638604143947655, 0.8092216417134539, 0.6522864444565277, 0.6937647799788476, 0.6047721354166667, 0.4409716355991064, 0.699973337823805, 0.6945521835677275, 0.7890597135402001, 0.6643303612464381, 0.5796754664679193, 0.6513801229785735, 0.4950685389501838]
2018-03-15 03:32:04,959:INFO: average ROC_AUC scores :
2018-03-15 03:32:04,959:INFO: 0.6549623253362996
2018-03-15 03:32:04,960:INFO: 

2018-03-15 03:32:04,961:INFO: Epoch 3/9
2018-03-15 03:32:04,961:INFO: ----------
2018-03-15 03:35:13,570:INFO: - Train metrics: total_accuracy: 0.957962 ; loss: 0.122373
2018-03-15 03:35:13,572:INFO: 

2018-03-15 03:35:13,572:INFO: Metric Report for the dev set
2018-03-15 03:36:09,996:INFO: - Eval metrics : total_accuracy: 0.000000 ; loss: 0.185162
2018-03-15 03:36:10,009:INFO: ROC AUC is :
2018-03-15 03:36:10,009:INFO: [0.6580153727492752, 0.731797818905833, 0.6588876772082879, 0.8097512476606363, 0.6507248110488826, 0.6847452793193188, 0.6145052083333334, 0.43695444050233706, 0.6962125677078949, 0.6963360473723167, 0.7823956749450921, 0.6578729662652817, 0.5761189346095007, 0.6590640265099187, 0.49439986626546306]
2018-03-15 03:36:10,009:INFO: average ROC_AUC scores :
2018-03-15 03:36:10,009:INFO: 0.6538521292935581
2018-03-15 03:36:10,011:INFO: 

2018-03-15 03:36:10,011:INFO: Epoch 4/9
2018-03-15 03:36:10,011:INFO: ----------
2018-03-15 03:39:18,521:INFO: - Train metrics: total_accuracy: 0.958200 ; loss: 0.121062
2018-03-15 03:39:18,522:INFO: 

2018-03-15 03:39:18,522:INFO: Metric Report for the dev set
2018-03-15 03:40:15,287:INFO: - Eval metrics : total_accuracy: 0.000000 ; loss: 0.185236
2018-03-15 03:40:15,300:INFO: ROC AUC is :
2018-03-15 03:40:15,300:INFO: [0.6559110614644006, 0.7296795103850853, 0.6584660123591421, 0.8084061135371179, 0.6514512533304334, 0.680390013190574, 0.6140885416666666, 0.4329560173452723, 0.6972088911341248, 0.697039230199852, 0.782358131065683, 0.6620553359683794, 0.5718040246342133, 0.6636960388619516, 0.48177866934135744]
2018-03-15 03:40:15,300:INFO: average ROC_AUC scores :
2018-03-15 03:40:15,300:INFO: 0.6524859229656169
2018-03-15 03:40:15,301:INFO: 

2018-03-15 03:40:15,301:INFO: Epoch 5/9
2018-03-15 03:40:15,302:INFO: ----------
2018-03-15 03:43:23,895:INFO: - Train metrics: total_accuracy: 0.958343 ; loss: 0.120500
2018-03-15 03:43:23,896:INFO: 

2018-03-15 03:43:23,896:INFO: Metric Report for the dev set
2018-03-15 03:44:20,728:INFO: - Eval metrics : total_accuracy: 0.000000 ; loss: 0.185606
2018-03-15 03:44:20,747:INFO: ROC AUC is :
2018-03-15 03:44:20,747:INFO: [0.6572616292986516, 0.7294136612516403, 0.6528098873137042, 0.8088707371594926, 0.6526561905279756, 0.6856959513255932, 0.6167447916666667, 0.43701075632145064, 0.6958126350649716, 0.6981347150259067, 0.7797676033864579, 0.664996782792536, 0.5703264948547967, 0.6633709853635633, 0.4832831828819793]
2018-03-15 03:44:20,747:INFO: average ROC_AUC scores :
2018-03-15 03:44:20,747:INFO: 0.6530770669490258
2018-03-15 03:44:20,749:INFO: 

2018-03-15 03:44:20,750:INFO: Epoch 6/9
2018-03-15 03:44:20,750:INFO: ----------
2018-03-15 03:47:29,324:INFO: - Train metrics: total_accuracy: 0.958514 ; loss: 0.120465
2018-03-15 03:47:29,325:INFO: 

2018-03-15 03:47:29,325:INFO: Metric Report for the dev set
2018-03-15 03:48:26,049:INFO: - Eval metrics : total_accuracy: 0.000000 ; loss: 0.185520
2018-03-15 03:48:26,067:INFO: ROC AUC is :
2018-03-15 03:48:26,067:INFO: [0.6563940530333253, 0.7311218833431378, 0.6600508905852418, 0.8088382459970889, 0.6514795280300146, 0.6794096326841036, 0.6134309895833334, 0.4343451408834075, 0.6975176110690129, 0.6975351591413766, 0.7816447973569108, 0.6642384410331831, 0.5725493272663084, 0.6662603497936814, 0.4892176529588766]
2018-03-15 03:48:26,067:INFO: average ROC_AUC scores :
2018-03-15 03:48:26,067:INFO: 0.6536022468506001
2018-03-15 03:48:26,069:INFO: 

2018-03-15 03:48:26,070:INFO: Epoch 7/9
2018-03-15 03:48:26,070:INFO: ----------
2018-03-15 03:51:34,735:INFO: - Train metrics: total_accuracy: 0.958818 ; loss: 0.120293
2018-03-15 03:51:34,736:INFO: 

2018-03-15 03:51:34,736:INFO: Metric Report for the dev set
2018-03-15 03:52:31,465:INFO: - Eval metrics : total_accuracy: 0.000000 ; loss: 0.185540
2018-03-15 03:52:31,478:INFO: ROC AUC is :
2018-03-15 03:52:31,478:INFO: [0.6573823771908827, 0.7320212453052175, 0.6569247546346784, 0.8098812123102517, 0.6516491762275025, 0.683176670508966, 0.6163736979166666, 0.4332188245011357, 0.6978403637282142, 0.69940044411547, 0.7833905877494322, 0.6622391763948893, 0.5736738189568378, 0.6600301577412393, 0.49205951186894015]
2018-03-15 03:52:31,478:INFO: average ROC_AUC scores :
2018-03-15 03:52:31,478:INFO: 0.6539508012766881
2018-03-15 03:52:31,480:INFO: 

2018-03-15 03:52:31,480:INFO: Epoch 8/9
2018-03-15 03:52:31,480:INFO: ----------
2018-03-15 03:55:39,952:INFO: - Train metrics: total_accuracy: 0.958438 ; loss: 0.120364
2018-03-15 03:55:39,953:INFO: 

2018-03-15 03:55:39,953:INFO: Metric Report for the dev set
2018-03-15 03:56:36,782:INFO: - Eval metrics : total_accuracy: 0.000000 ; loss: 0.185222
2018-03-15 03:56:36,803:INFO: ROC AUC is :
2018-03-15 03:56:36,804:INFO: [0.6576802574536558, 0.732007104393864, 0.6559505634314795, 0.8105440320232897, 0.6531477353053124, 0.6837351903126522, 0.6153124999999999, 0.43669163334647365, 0.6946970334820802, 0.6976905995558845, 0.7792795329541401, 0.6649048625792812, 0.571686345271251, 0.6633077805166545, 0.4881310598462053]
2018-03-15 03:56:36,804:INFO: average ROC_AUC scores :
2018-03-15 03:56:36,804:INFO: 0.6536510820314816
2018-03-15 03:56:36,806:INFO: 

2018-03-15 03:56:36,807:INFO: Epoch 9/9
2018-03-15 03:56:36,807:INFO: ----------
2018-03-15 03:59:45,243:INFO: - Train metrics: total_accuracy: 0.958847 ; loss: 0.120159
2018-03-15 03:59:45,244:INFO: 

2018-03-15 03:59:45,244:INFO: Metric Report for the dev set
2018-03-15 04:00:42,145:INFO: - Eval metrics : total_accuracy: 0.000000 ; loss: 0.185533
2018-03-15 04:00:42,158:INFO: ROC AUC is :
2018-03-15 04:00:42,158:INFO: [0.657456847256576, 0.7316564097922983, 0.656982915303526, 0.8106967404865877, 0.6517383502800282, 0.6834143385105347, 0.6148111979166666, 0.4358468960597698, 0.6966826639723837, 0.6998667653589933, 0.7852302378404761, 0.6637098998069675, 0.5716471188169301, 0.6616283374416484, 0.4955700434637245]
2018-03-15 04:00:42,159:INFO: average ROC_AUC scores :
2018-03-15 04:00:42,159:INFO: 0.6544625841538073
2018-03-15 04:00:42,160:INFO: 

2018-03-15 04:00:42,160:INFO: Best eval loss: 0.179394
2018-03-15 04:00:42,160:INFO: Training complete in 40m 55s
