2018-03-15 08:53:01,421:INFO: Loading the datasets...
2018-03-15 08:53:01,433:INFO: Names of 14 diseases:
2018-03-15 08:53:01,446:INFO: Epoch 0/9
2018-03-15 08:53:01,446:INFO: ----------
2018-03-15 08:56:16,523:INFO: - Train metrics: total_accuracy: 0.930394 ; loss: 0.205925
2018-03-15 08:56:16,525:INFO: 

2018-03-15 08:56:16,525:INFO: Metric Report for the dev set
2018-03-15 08:57:16,151:INFO: - Eval metrics : total_accuracy: 0.000000 ; loss: 0.207773
2018-03-15 08:57:16,163:INFO: ROC AUC is :
2018-03-15 08:57:16,163:INFO: [0.45564243729886433, 0.42486368161455274, 0.45568884042166485, 0.47525960438760656, 0.4814768093089011, 0.46524699647063017, 0.5148958333333333, 0.4590865574139776, 0.4637464567371109, 0.5137305699481864, 0.5114790411293199, 0.5732144498575237, 0.42830057924397547, 0.5393179294092152]
2018-03-15 08:57:16,164:INFO: Mean value of AUC: 
2018-03-15 08:57:16,164:INFO: 0.48299641332677584
2018-03-15 08:57:16,166:INFO: Found better model!
2018-03-15 08:57:16,189:INFO: 

2018-03-15 08:57:16,189:INFO: Epoch 1/9
2018-03-15 08:57:16,189:INFO: ----------
2018-03-15 09:00:32,026:INFO: - Train metrics: total_accuracy: 0.932211 ; loss: 0.196295
2018-03-15 09:00:32,027:INFO: 

2018-03-15 09:00:32,027:INFO: Metric Report for the dev set
2018-03-15 09:01:31,467:INFO: - Eval metrics : total_accuracy: 0.000000 ; loss: 0.191584
2018-03-15 09:01:31,487:INFO: ROC AUC is :
2018-03-15 09:01:31,487:INFO: [0.5696981302694221, 0.5542657473188832, 0.5199272991639403, 0.5350660870243293, 0.5714784405415693, 0.5092155767608229, 0.43310546874999994, 0.5379287041730021, 0.5651258735370885, 0.5814729829755736, 0.6667605263651893, 0.5057450133284309, 0.45951176139855393, 0.45191465539814535]
2018-03-15 09:01:31,487:INFO: Mean value of AUC: 
2018-03-15 09:01:31,487:INFO: 0.5329440190717822
2018-03-15 09:01:31,490:INFO: Found better model!
2018-03-15 09:01:31,514:INFO: 

2018-03-15 09:01:31,515:INFO: Epoch 2/9
2018-03-15 09:01:31,515:INFO: ----------
2018-03-15 09:04:47,632:INFO: - Train metrics: total_accuracy: 0.932820 ; loss: 0.194609
2018-03-15 09:04:47,634:INFO: 

2018-03-15 09:04:47,634:INFO: Metric Report for the dev set
2018-03-15 09:05:47,371:INFO: - Eval metrics : total_accuracy: 0.000000 ; loss: 0.196983
2018-03-15 09:05:47,388:INFO: ROC AUC is :
2018-03-15 09:05:47,388:INFO: [0.6001622383574032, 0.5595869722611884, 0.6180588876772082, 0.5624512632563943, 0.6041498559077809, 0.5986381623510117, 0.5290071614583333, 0.5380788796906384, 0.5379023883696781, 0.6232050333086603, 0.7015261586979782, 0.4742163801820021, 0.5456465173446305, 0.5597962998076768]
2018-03-15 09:05:47,389:INFO: Mean value of AUC: 
2018-03-15 09:05:47,389:INFO: 0.5751732999050416
2018-03-15 09:05:47,391:INFO: 

2018-03-15 09:05:47,391:INFO: Epoch 3/9
2018-03-15 09:05:47,392:INFO: ----------
2018-03-15 09:09:03,353:INFO: - Train metrics: total_accuracy: 0.933057 ; loss: 0.194162
2018-03-15 09:09:03,354:INFO: 

2018-03-15 09:09:03,354:INFO: Metric Report for the dev set
2018-03-15 09:10:03,132:INFO: - Eval metrics : total_accuracy: 0.000000 ; loss: 0.189757
2018-03-15 09:10:03,150:INFO: ROC AUC is :
2018-03-15 09:10:03,150:INFO: [0.6173281204287349, 0.6220615186207521, 0.5995783351508542, 0.617306092742774, 0.6425969224076994, 0.6202659504937553, 0.46319661458333333, 0.5047774586548027, 0.5601512727680953, 0.6829533678756478, 0.7771395318278238, 0.5152587554003125, 0.5349180820878935, 0.5499273144260548]
2018-03-15 09:10:03,150:INFO: Mean value of AUC: 
2018-03-15 09:10:03,150:INFO: 0.5933899526763238
2018-03-15 09:10:03,153:INFO: Found better model!
2018-03-15 09:10:03,177:INFO: 

2018-03-15 09:10:03,177:INFO: Epoch 4/9
2018-03-15 09:10:03,177:INFO: ----------
2018-03-15 09:13:18,650:INFO: - Train metrics: total_accuracy: 0.934351 ; loss: 0.191880
2018-03-15 09:13:18,651:INFO: 

2018-03-15 09:13:18,651:INFO: Metric Report for the dev set
2018-03-15 09:14:18,034:INFO: - Eval metrics : total_accuracy: 0.000000 ; loss: 0.193356
2018-03-15 09:14:18,055:INFO: ROC AUC is :
2018-03-15 09:14:18,055:INFO: [0.624595866911354, 0.6194001991040319, 0.60604870956016, 0.6390491786234144, 0.6547550432276656, 0.6483701916792433, 0.48190104166666675, 0.49310131215858527, 0.5765204456793241, 0.6676165803108809, 0.773610407163372, 0.51530471550694, 0.5423711084088442, 0.570843604120956]
2018-03-15 09:14:18,055:INFO: Mean value of AUC: 
2018-03-15 09:14:18,056:INFO: 0.6009634574372457
2018-03-15 09:14:18,058:INFO: 

2018-03-15 09:14:18,058:INFO: Epoch 5/9
2018-03-15 09:14:18,059:INFO: ----------
2018-03-15 09:17:33,045:INFO: - Train metrics: total_accuracy: 0.934513 ; loss: 0.190950
2018-03-15 09:17:33,047:INFO: 

2018-03-15 09:17:33,047:INFO: Metric Report for the dev set
2018-03-15 09:18:32,640:INFO: - Eval metrics : total_accuracy: 0.000000 ; loss: 0.193502
2018-03-15 09:18:32,656:INFO: ROC AUC is :
2018-03-15 09:18:32,657:INFO: [0.6368366179951594, 0.6257720937598986, 0.6205016357688113, 0.6563344770222499, 0.662073840465445, 0.6572708583379876, 0.4756901041666667, 0.5006288599801016, 0.5949103308916394, 0.6844707623982236, 0.7716581254341011, 0.5299889695744094, 0.5399652192105022, 0.5261803505160224]
2018-03-15 09:18:32,657:INFO: Mean value of AUC: 
2018-03-15 09:18:32,657:INFO: 0.6058773032515156
2018-03-15 09:18:32,660:INFO: 

2018-03-15 09:18:32,660:INFO: Epoch 6/9
2018-03-15 09:18:32,660:INFO: ----------
2018-03-15 09:21:47,231:INFO: - Train metrics: total_accuracy: 0.935369 ; loss: 0.190025
2018-03-15 09:21:47,232:INFO: 

2018-03-15 09:21:47,232:INFO: Metric Report for the dev set
2018-03-15 09:22:46,949:INFO: - Eval metrics : total_accuracy: 0.000000 ; loss: 0.193105
2018-03-15 09:22:46,967:INFO: ROC AUC is :
2018-03-15 09:22:46,968:INFO: [0.6389941221841007, 0.6292592424996606, 0.6220428934932751, 0.6588362965273447, 0.6634462508835844, 0.6599921569559483, 0.46651692708333337, 0.5076495654295958, 0.5935772220818949, 0.686239822353812, 0.7749807587618028, 0.5328614762386249, 0.5277527164319618, 0.5194806367436862]
2018-03-15 09:22:46,968:INFO: Mean value of AUC: 
2018-03-15 09:22:46,968:INFO: 0.6058307205477591
2018-03-15 09:22:46,970:INFO: 

2018-03-15 09:22:46,970:INFO: Epoch 7/9
2018-03-15 09:22:46,971:INFO: ----------
2018-03-15 09:26:01,479:INFO: - Train metrics: total_accuracy: 0.935407 ; loss: 0.189878
2018-03-15 09:26:01,481:INFO: 

2018-03-15 09:26:01,481:INFO: Metric Report for the dev set
2018-03-15 09:27:00,780:INFO: - Eval metrics : total_accuracy: 0.000000 ; loss: 0.193811
2018-03-15 09:27:00,797:INFO: ROC AUC is :
2018-03-15 09:27:00,798:INFO: [0.6398946780499482, 0.6302971853930042, 0.619033078880407, 0.6597265543772095, 0.6645054646294384, 0.6602773585578305, 0.46289388020833333, 0.5063355296502787, 0.5909390699110326, 0.688460399703923, 0.7746053199677123, 0.5231409136869198, 0.5315184560467578, 0.513909580951865]
2018-03-15 09:27:00,798:INFO: Mean value of AUC: 
2018-03-15 09:27:00,798:INFO: 0.60468124785819
2018-03-15 09:27:00,800:INFO: 

2018-03-15 09:27:00,800:INFO: Epoch 8/9
2018-03-15 09:27:00,801:INFO: ----------
2018-03-15 09:30:15,196:INFO: - Train metrics: total_accuracy: 0.935493 ; loss: 0.189652
2018-03-15 09:30:15,197:INFO: 

2018-03-15 09:30:15,197:INFO: Metric Report for the dev set
2018-03-15 09:31:14,611:INFO: - Eval metrics : total_accuracy: 0.000000 ; loss: 0.193638
2018-03-15 09:31:14,624:INFO: ROC AUC is :
2018-03-15 09:31:14,624:INFO: [0.6400585121944733, 0.6310014027784063, 0.6191348600508906, 0.659671319401123, 0.6646838127344897, 0.6589464177490463, 0.4621158854166667, 0.5081376358619136, 0.59128988801886, 0.6887046632124352, 0.7764543560286084, 0.5225664123540766, 0.5289556610311328, 0.5133497665935296]
2018-03-15 09:31:14,624:INFO: Mean value of AUC: 
2018-03-15 09:31:14,624:INFO: 0.6046478995304038
2018-03-15 09:31:14,626:INFO: 

2018-03-15 09:31:14,626:INFO: Epoch 9/9
2018-03-15 09:31:14,626:INFO: ----------
2018-03-15 09:34:29,261:INFO: - Train metrics: total_accuracy: 0.935369 ; loss: 0.189818
2018-03-15 09:34:29,263:INFO: 

2018-03-15 09:34:29,263:INFO: Metric Report for the dev set
2018-03-15 09:35:28,295:INFO: - Eval metrics : total_accuracy: 0.000000 ; loss: 0.193689
2018-03-15 09:35:28,312:INFO: ROC AUC is :
2018-03-15 09:35:28,313:INFO: [0.640141493124817, 0.6307185845513372, 0.619236641221374, 0.6598240278644208, 0.6645881137512913, 0.659683188553909, 0.4621484375, 0.5068611439620055, 0.5908759226516236, 0.6887712805329387, 0.7752998817367798, 0.5224285320341944, 0.5317930412270034, 0.5130156838312973]
2018-03-15 09:35:28,313:INFO: Mean value of AUC: 
2018-03-15 09:35:28,313:INFO: 0.6046704266102136
2018-03-15 09:35:28,315:INFO: 

2018-03-15 09:35:28,316:INFO: Best eval loss: 0.189757
2018-03-15 09:35:28,316:INFO: Training complete in 42m 27s
