2018-03-15 09:35:28,388:INFO: Loading the datasets...
2018-03-15 09:35:28,400:INFO: Names of 14 diseases:
2018-03-15 09:35:28,413:INFO: Epoch 0/9
2018-03-15 09:35:28,413:INFO: ----------
2018-03-15 09:38:44,787:INFO: - Train metrics: total_accuracy: 0.927217 ; loss: 0.245880
2018-03-15 09:38:44,788:INFO: 

2018-03-15 09:38:44,789:INFO: Metric Report for the dev set
2018-03-15 09:39:44,882:INFO: - Eval metrics : total_accuracy: 0.000000 ; loss: 0.332226
2018-03-15 09:39:44,900:INFO: ROC AUC is :
2018-03-15 09:39:44,900:INFO: [0.6927428920981941, 0.6513954251323589, 0.5719374772809888, 0.7680910792264504, 0.6823707248110489, 0.6971277822010433, 0.5175846354166667, 0.48328358769311636, 0.68774381858494, 0.7419837157660991, 0.7834656755082503, 0.6142568250758341, 0.5475359248944155, 0.5626946935016388]
2018-03-15 09:39:44,900:INFO: Mean value of AUC: 
2018-03-15 09:39:44,900:INFO: 0.6430153040850747
2018-03-15 09:39:44,903:INFO: Found better model!
2018-03-15 09:39:44,925:INFO: 

2018-03-15 09:39:44,926:INFO: Epoch 1/9
2018-03-15 09:39:44,926:INFO: ----------
2018-03-15 09:43:01,559:INFO: - Train metrics: total_accuracy: 0.935226 ; loss: 0.192327
2018-03-15 09:43:01,560:INFO: 

2018-03-15 09:43:01,560:INFO: Metric Report for the dev set
2018-03-15 09:44:01,662:INFO: - Eval metrics : total_accuracy: 0.000000 ; loss: 0.300348
2018-03-15 09:44:01,674:INFO: ROC AUC is :
2018-03-15 09:44:01,675:INFO: [0.6848107662437831, 0.6599223946784922, 0.5712104689203926, 0.7894670149719277, 0.6605024196617911, 0.7072643224679445, 0.5224088541666667, 0.4778021812993936, 0.6668280429962673, 0.7205551443375278, 0.7626475943759269, 0.6173821123265006, 0.565632395821075, 0.5786313441865085]
2018-03-15 09:44:01,675:INFO: Mean value of AUC: 
2018-03-15 09:44:01,675:INFO: 0.6417903611752998
2018-03-15 09:44:01,677:INFO: Found better model!
2018-03-15 09:44:01,693:INFO: 

2018-03-15 09:44:01,693:INFO: Epoch 2/9
2018-03-15 09:44:01,693:INFO: ----------
2018-03-15 09:47:17,796:INFO: - Train metrics: total_accuracy: 0.938299 ; loss: 0.186494
2018-03-15 09:47:17,797:INFO: 

2018-03-15 09:47:17,797:INFO: Metric Report for the dev set
2018-03-15 09:48:18,019:INFO: - Eval metrics : total_accuracy: 0.000000 ; loss: 0.230476
2018-03-15 09:48:18,037:INFO: ROC AUC is :
2018-03-15 09:48:18,037:INFO: [0.6940860129258757, 0.6519964138648808, 0.5517266448564158, 0.7768831877729258, 0.6833103148279049, 0.7172582619339045, 0.5147721354166668, 0.5031630718402134, 0.6606185624877214, 0.7264914877868246, 0.7684105798652174, 0.6115221987315012, 0.5876645876645877, 0.5559769212016143]
2018-03-15 09:48:18,037:INFO: Mean value of AUC: 
2018-03-15 09:48:18,037:INFO: 0.643134312941161
2018-03-15 09:48:18,039:INFO: Found better model!
2018-03-15 09:48:18,064:INFO: 

2018-03-15 09:48:18,064:INFO: Epoch 3/9
2018-03-15 09:48:18,064:INFO: ----------
2018-03-15 09:51:35,723:INFO: - Train metrics: total_accuracy: 0.938994 ; loss: 0.183964
2018-03-15 09:51:35,724:INFO: 

2018-03-15 09:51:35,724:INFO: Metric Report for the dev set
2018-03-15 09:52:35,970:INFO: - Eval metrics : total_accuracy: 0.000000 ; loss: 0.246448
2018-03-15 09:52:35,988:INFO: ROC AUC is :
2018-03-15 09:52:35,988:INFO: [0.7143189978456873, 0.6894146793972579, 0.5482370047255544, 0.8064209035142441, 0.6777271491490404, 0.7168066927309241, 0.5210286458333333, 0.49450920763642514, 0.6920799303976874, 0.7187046632124353, 0.7664582981359465, 0.6000781321812666, 0.5961244263131056, 0.6068568229632237]
2018-03-15 09:52:35,988:INFO: Mean value of AUC: 
2018-03-15 09:52:35,988:INFO: 0.6534832538597237
2018-03-15 09:52:35,991:INFO: 

2018-03-15 09:52:35,991:INFO: Epoch 4/9
2018-03-15 09:52:35,991:INFO: ----------
2018-03-15 09:55:52,389:INFO: - Train metrics: total_accuracy: 0.939574 ; loss: 0.182027
2018-03-15 09:55:52,390:INFO: 

2018-03-15 09:55:52,390:INFO: Metric Report for the dev set
2018-03-15 09:56:52,687:INFO: - Eval metrics : total_accuracy: 0.000000 ; loss: 0.226246
2018-03-15 09:56:52,705:INFO: ROC AUC is :
2018-03-15 09:56:52,705:INFO: [0.7179515412643954, 0.6984592062989275, 0.5600436205016357, 0.8120938604699522, 0.6827339459518242, 0.7169611769319437, 0.533310546875, 0.5370464230068893, 0.6632742555639753, 0.7393486306439674, 0.7651818062360384, 0.6045362625241291, 0.6051988127459825, 0.6068207059078474]
2018-03-15 09:56:52,705:INFO: Mean value of AUC: 
2018-03-15 09:56:52,705:INFO: 0.6602114853516076
2018-03-15 09:56:52,708:INFO: Found better model!
2018-03-15 09:56:52,732:INFO: 

2018-03-15 09:56:52,733:INFO: Epoch 5/9
2018-03-15 09:56:52,733:INFO: ----------
2018-03-15 10:00:10,494:INFO: - Train metrics: total_accuracy: 0.940753 ; loss: 0.180217
2018-03-15 10:00:10,495:INFO: 

2018-03-15 10:00:10,495:INFO: Metric Report for the dev set
2018-03-15 10:01:10,516:INFO: - Eval metrics : total_accuracy: 0.000000 ; loss: 0.222064
2018-03-15 10:01:10,534:INFO: ROC AUC is :
2018-03-15 10:01:10,534:INFO: [0.7134381233543445, 0.7008970994162631, 0.5628644129407487, 0.7997212258265751, 0.679385569028329, 0.7202172285534337, 0.5450944010416666, 0.5297816823412363, 0.6699152423451489, 0.7445521835677276, 0.7801430421805485, 0.6195881974446181, 0.6017991867048471, 0.5721031864272106]
2018-03-15 10:01:10,535:INFO: Mean value of AUC: 
2018-03-15 10:01:10,535:INFO: 0.6599643415123355
2018-03-15 10:01:10,537:INFO: Found better model!
2018-03-15 10:01:10,562:INFO: 

2018-03-15 10:01:10,562:INFO: Epoch 6/9
2018-03-15 10:01:10,562:INFO: ----------
2018-03-15 10:04:26,995:INFO: - Train metrics: total_accuracy: 0.941391 ; loss: 0.178251
2018-03-15 10:04:26,997:INFO: 

2018-03-15 10:04:26,997:INFO: Metric Report for the dev set
2018-03-15 10:05:27,097:INFO: - Eval metrics : total_accuracy: 0.000000 ; loss: 0.217739
2018-03-15 10:05:27,111:INFO: ROC AUC is :
2018-03-15 10:05:27,111:INFO: [0.7186191122104312, 0.6921665007466401, 0.5789749182115594, 0.7935673996672905, 0.6837692349518787, 0.7165452579291987, 0.54498046875, 0.5044207918004167, 0.6838006230529594, 0.7424870466321244, 0.8043963882788008, 0.6652725434323007, 0.5973142954275029, 0.601475381712129]
2018-03-15 10:05:27,111:INFO: Mean value of AUC: 
2018-03-15 10:05:27,111:INFO: 0.6662707116288022
2018-03-15 10:05:27,114:INFO: Found better model!
2018-03-15 10:05:27,139:INFO: 

2018-03-15 10:05:27,140:INFO: Epoch 7/9
2018-03-15 10:05:27,140:INFO: ----------
2018-03-15 10:08:43,750:INFO: - Train metrics: total_accuracy: 0.941847 ; loss: 0.177023
2018-03-15 10:08:43,751:INFO: 

2018-03-15 10:08:43,752:INFO: Metric Report for the dev set
2018-03-15 10:09:43,304:INFO: - Eval metrics : total_accuracy: 0.000000 ; loss: 0.214236
2018-03-15 10:09:43,324:INFO: ROC AUC is :
2018-03-15 10:09:43,325:INFO: [0.7193510465703876, 0.684114665821983, 0.5706724827335514, 0.812805416926596, 0.6700734054700669, 0.7285950256087272, 0.5644466145833333, 0.5111223742749338, 0.6933709410344924, 0.7421687638786084, 0.7931519963957876, 0.6351916536446365, 0.6251520025104931, 0.6177732029507633]
2018-03-15 10:09:43,325:INFO: Mean value of AUC: 
2018-03-15 10:09:43,325:INFO: 0.6691421137431687
2018-03-15 10:09:43,328:INFO: Found better model!
2018-03-15 10:09:43,353:INFO: 

2018-03-15 10:09:43,354:INFO: Epoch 8/9
2018-03-15 10:09:43,354:INFO: ----------
2018-03-15 10:12:59,372:INFO: - Train metrics: total_accuracy: 0.942951 ; loss: 0.174802
2018-03-15 10:12:59,374:INFO: 

2018-03-15 10:12:59,374:INFO: Metric Report for the dev set
2018-03-15 10:13:59,622:INFO: - Eval metrics : total_accuracy: 0.000000 ; loss: 0.211692
2018-03-15 10:13:59,640:INFO: ROC AUC is :
2018-03-15 10:13:59,640:INFO: [0.7212627995425409, 0.695681931309109, 0.5789312977099237, 0.8099104543564151, 0.6761394160187048, 0.719896376751316, 0.5692252604166667, 0.5301758930750314, 0.6634040582638714, 0.730858623242043, 0.7580484691483171, 0.6407758065998712, 0.6161037670471633, 0.6086807342597358]
2018-03-15 10:13:59,640:INFO: Mean value of AUC: 
2018-03-15 10:13:59,640:INFO: 0.665649634838622
2018-03-15 10:13:59,643:INFO: Found better model!
2018-03-15 10:13:59,667:INFO: 

2018-03-15 10:13:59,667:INFO: Epoch 9/9
2018-03-15 10:13:59,667:INFO: ----------
2018-03-15 10:17:16,720:INFO: - Train metrics: total_accuracy: 0.943436 ; loss: 0.172613
2018-03-15 10:17:16,722:INFO: 

2018-03-15 10:17:16,722:INFO: Metric Report for the dev set
2018-03-15 10:18:16,619:INFO: - Eval metrics : total_accuracy: 0.000000 ; loss: 0.203518
2018-03-15 10:18:16,634:INFO: ROC AUC is :
2018-03-15 10:18:16,634:INFO: [0.7110412510971037, 0.6910097741979275, 0.5863467829880044, 0.8074021366188395, 0.6698646076885435, 0.7519577901629214, 0.5787434895833333, 0.5161344821760432, 0.6640706126687435, 0.7305625462620282, 0.744720391958101, 0.6191285963783435, 0.5807084297650335, 0.6135384782078717]
2018-03-15 10:18:16,634:INFO: Mean value of AUC: 
2018-03-15 10:18:16,635:INFO: 0.6618020978394884
2018-03-15 10:18:16,637:INFO: Found better model!
2018-03-15 10:18:16,662:INFO: 

2018-03-15 10:18:16,662:INFO: Best eval loss: 0.203518
2018-03-15 10:18:16,662:INFO: Training complete in 42m 48s
