2018-03-15 16:07:38,857:INFO: Loading the datasets...
2018-03-15 16:07:38,870:INFO: Names of 14 diseases:
2018-03-15 16:07:38,882:INFO: Epoch 0/9
2018-03-15 16:07:38,882:INFO: ----------
2018-03-15 16:10:57,915:INFO: - Train metrics: total_accuracy: 0.926408 ; loss: 2.669278
2018-03-15 16:10:57,916:INFO: 

2018-03-15 16:10:57,917:INFO: Metric Report for the dev set
2018-03-15 16:12:03,715:INFO: - Eval metrics : total_accuracy: 0.000000 ; loss: 0.165175
2018-03-15 16:12:03,731:INFO: ROC AUC is :
2018-03-15 16:12:03,731:INFO: [0.6974153567914041, 0.6885945065387573, 0.4399054889131224, 0.7929500675816178, 0.6404708824968735, 0.4144929947356537, 0.5235026041666666, 0.46028796155506746, 0.3373396761247228, 0.3578904515173945, 0.6112706725985996, 0.4628642338450225, 0.5418611645026739, 0.5339364881581204]
2018-03-15 16:12:03,731:INFO: Mean value of AUC: 
2018-03-15 16:12:03,731:INFO: 0.5359130392518353
2018-03-15 16:12:03,734:INFO: Found better model!
2018-03-15 16:12:03,757:INFO: 

2018-03-15 16:12:03,757:INFO: Epoch 1/9
2018-03-15 16:12:03,758:INFO: ----------
2018-03-15 16:15:23,365:INFO: - Train metrics: total_accuracy: 0.938470 ; loss: 2.423920
2018-03-15 16:15:23,366:INFO: 

2018-03-15 16:15:23,367:INFO: Metric Report for the dev set
2018-03-15 16:16:29,429:INFO: - Eval metrics : total_accuracy: 0.000000 ; loss: 0.156115
2018-03-15 16:16:29,446:INFO: ROC AUC is :
2018-03-15 16:16:29,447:INFO: [0.7111252958855289, 0.743565885334178, 0.46956015994183925, 0.8224065554169266, 0.6582611059757489, 0.47401694572851183, 0.4814388020833333, 0.47508025004223686, 0.3431211585417193, 0.713900814211695, 0.6688254397326876, 0.453258571559886, 0.5498895121536631, 0.47358488862403053]
2018-03-15 16:16:29,447:INFO: Mean value of AUC: 
2018-03-15 16:16:29,447:INFO: 0.5741453846594275
2018-03-15 16:16:29,450:INFO: Found better model!
2018-03-15 16:16:29,474:INFO: 

2018-03-15 16:16:29,475:INFO: Epoch 2/9
2018-03-15 16:16:29,475:INFO: ----------
2018-03-15 16:19:48,110:INFO: - Train metrics: total_accuracy: 0.939412 ; loss: 2.382754
2018-03-15 16:19:48,112:INFO: 

2018-03-15 16:19:48,112:INFO: Metric Report for the dev set
2018-03-15 16:20:53,738:INFO: - Eval metrics : total_accuracy: 0.000000 ; loss: 0.151916
2018-03-15 16:20:53,751:INFO: ROC AUC is :
2018-03-15 16:20:53,751:INFO: [0.7189685895901488, 0.7604868998597222, 0.4243693202471828, 0.8276733728425868, 0.6331716600511119, 0.6575560599398699, 0.47983072916666664, 0.4844849918342062, 0.35695040835227754, 0.7272168763878608, 0.7587430309173847, 0.4390798786653185, 0.4500974123615633, 0.45090337784760404]
2018-03-15 16:20:53,751:INFO: Mean value of AUC: 
2018-03-15 16:20:53,751:INFO: 0.5835380434331074
2018-03-15 16:20:53,753:INFO: Found better model!
2018-03-15 16:20:53,767:INFO: 

2018-03-15 16:20:53,767:INFO: Epoch 3/9
2018-03-15 16:20:53,767:INFO: ----------
2018-03-15 16:24:13,351:INFO: - Train metrics: total_accuracy: 0.940154 ; loss: 2.335879
2018-03-15 16:24:13,352:INFO: 

2018-03-15 16:24:13,353:INFO: Metric Report for the dev set
2018-03-15 16:25:19,549:INFO: - Eval metrics : total_accuracy: 0.000000 ; loss: 0.148607
2018-03-15 16:25:19,567:INFO: ROC AUC is :
2018-03-15 16:25:19,567:INFO: [0.7186510279528711, 0.7043814199737545, 0.4559651035986914, 0.8116194894988564, 0.6324985047033875, 0.7345486090480208, 0.49206380208333333, 0.5551050290026468, 0.5804776739356178, 0.7262324204293116, 0.772221283625237, 0.5246346171523117, 0.5120752101884177, 0.46659623840868253]
2018-03-15 16:25:19,567:INFO: Mean value of AUC: 
2018-03-15 16:25:19,567:INFO: 0.6205050306857957
2018-03-15 16:25:19,570:INFO: Found better model!
2018-03-15 16:25:19,597:INFO: 

2018-03-15 16:25:19,597:INFO: Epoch 4/9
2018-03-15 16:25:19,597:INFO: ----------
2018-03-15 16:28:38,380:INFO: - Train metrics: total_accuracy: 0.941733 ; loss: 2.270699
2018-03-15 16:28:38,382:INFO: 

2018-03-15 16:28:38,382:INFO: Metric Report for the dev set
2018-03-15 16:29:44,215:INFO: - Eval metrics : total_accuracy: 0.000000 ; loss: 0.146236
2018-03-15 16:29:44,232:INFO: ROC AUC is :
2018-03-15 16:29:44,232:INFO: [0.7217713237054177, 0.7213901081496901, 0.49772446383133406, 0.8311141869411519, 0.5909607960415421, 0.7318986108305308, 0.5084309895833333, 0.5135064106174092, 0.5213507900423788, 0.7203404885270169, 0.7645623322257888, 0.42497012593069217, 0.6112266112266111, 0.5080947350362525]
2018-03-15 16:29:44,232:INFO: Mean value of AUC: 
2018-03-15 16:29:44,233:INFO: 0.6190958551920821
2018-03-15 16:29:44,235:INFO: Found better model!
2018-03-15 16:29:44,259:INFO: 

2018-03-15 16:29:44,260:INFO: Epoch 5/9
2018-03-15 16:29:44,260:INFO: ----------
2018-03-15 16:33:02,898:INFO: - Train metrics: total_accuracy: 0.943132 ; loss: 2.193935
2018-03-15 16:33:02,900:INFO: 

2018-03-15 16:33:02,900:INFO: Metric Report for the dev set
2018-03-15 16:34:09,464:INFO: - Eval metrics : total_accuracy: 0.000000 ; loss: 0.144156
2018-03-15 16:34:09,483:INFO: ROC AUC is :
2018-03-15 16:34:09,483:INFO: [0.7126285273544509, 0.7162852391510928, 0.5667902580879681, 0.832693257433978, 0.6015181338698277, 0.6871338427350834, 0.5174804687500001, 0.5958589101011807, 0.6074626027897055, 0.7294078460399703, 0.769030053875467, 0.4950592885375494, 0.5925417434851397, 0.569773636355428]
2018-03-15 16:34:09,483:INFO: Mean value of AUC: 
2018-03-15 16:34:09,483:INFO: 0.6424045577547745
2018-03-15 16:34:09,486:INFO: Found better model!
2018-03-15 16:34:09,510:INFO: 

2018-03-15 16:34:09,511:INFO: Epoch 6/9
2018-03-15 16:34:09,511:INFO: ----------
2018-03-15 16:37:28,564:INFO: - Train metrics: total_accuracy: 0.944530 ; loss: 2.100830
2018-03-15 16:37:28,565:INFO: 

2018-03-15 16:37:28,566:INFO: Metric Report for the dev set
2018-03-15 16:38:33,846:INFO: - Eval metrics : total_accuracy: 0.000000 ; loss: 0.142972
2018-03-15 16:38:33,864:INFO: ROC AUC is :
2018-03-15 16:38:33,864:INFO: [0.7242405383121892, 0.7348098330241186, 0.5962050163576881, 0.8286156165522979, 0.6127062149964656, 0.7361172178583737, 0.5347721354166667, 0.5422274783653395, 0.6619586876596223, 0.7335603256846779, 0.7693116329710349, 0.6257928118393234, 0.5792701264399377, 0.5819902303365206]
2018-03-15 16:38:33,865:INFO: Mean value of AUC: 
2018-03-15 16:38:33,865:INFO: 0.6615412761295897
2018-03-15 16:38:33,868:INFO: Found better model!
2018-03-15 16:38:33,893:INFO: 

2018-03-15 16:38:33,893:INFO: Epoch 7/9
2018-03-15 16:38:33,893:INFO: ----------
2018-03-15 16:41:52,305:INFO: - Train metrics: total_accuracy: 0.944863 ; loss: 2.001228
2018-03-15 16:41:52,306:INFO: 

2018-03-15 16:41:52,307:INFO: Metric Report for the dev set
2018-03-15 16:42:57,758:INFO: - Eval metrics : total_accuracy: 0.000000 ; loss: 0.144354
2018-03-15 16:42:57,776:INFO: ROC AUC is :
2018-03-15 16:42:57,776:INFO: [0.7175605734195059, 0.7091553916466808, 0.5866375863322428, 0.8220816437928883, 0.5922288075689195, 0.7086427968770425, 0.5467838541666666, 0.48208218355202637, 0.6296728971962616, 0.7101998519615099, 0.7855681327551576, 0.592150013788032, 0.5896912878044953, 0.5687443002771984]
2018-03-15 16:42:57,776:INFO: Mean value of AUC: 
2018-03-15 16:42:57,776:INFO: 0.645799951509902
2018-03-15 16:42:57,779:INFO: 

2018-03-15 16:42:57,779:INFO: Epoch 8/9
2018-03-15 16:42:57,779:INFO: ----------
2018-03-15 16:46:16,174:INFO: - Train metrics: total_accuracy: 0.948506 ; loss: 1.870662
2018-03-15 16:46:16,175:INFO: 

2018-03-15 16:46:16,175:INFO: Metric Report for the dev set
2018-03-15 16:47:21,996:INFO: - Eval metrics : total_accuracy: 0.000000 ; loss: 0.142928
2018-03-15 16:47:22,014:INFO: ROC AUC is :
2018-03-15 16:47:22,014:INFO: [0.7111274236016916, 0.7211836508439297, 0.5972955288985823, 0.8394709139114162, 0.5968876080691642, 0.7516369383608038, 0.546640625, 0.479585515571324, 0.6764334427885829, 0.723900814211695, 0.7958551557132398, 0.7475641143487454, 0.6012107898900352, 0.6037868732562233]
2018-03-15 16:47:22,014:INFO: Mean value of AUC: 
2018-03-15 16:47:22,014:INFO: 0.6708985281761023
2018-03-15 16:47:22,017:INFO: Found better model!
2018-03-15 16:47:22,041:INFO: 

2018-03-15 16:47:22,042:INFO: Epoch 9/9
2018-03-15 16:47:22,042:INFO: ----------
2018-03-15 16:50:40,150:INFO: - Train metrics: total_accuracy: 0.953168 ; loss: 1.770357
2018-03-15 16:50:40,151:INFO: 

2018-03-15 16:50:40,151:INFO: Metric Report for the dev set
2018-03-15 16:51:46,163:INFO: - Eval metrics : total_accuracy: 0.000000 ; loss: 0.143713
2018-03-15 16:51:46,181:INFO: ROC AUC is :
2018-03-15 16:51:46,181:INFO: [0.7086943801696853, 0.7200636906647359, 0.5924972737186477, 0.8356272093990433, 0.6096634223261378, 0.7506624995543725, 0.5400065104166667, 0.480862007471232, 0.6843408829390137, 0.7253663952627684, 0.7923823468679019, 0.7933863406563103, 0.5823951673008277, 0.6042925120314941]
2018-03-15 16:51:46,181:INFO: Mean value of AUC: 
2018-03-15 16:51:46,181:INFO: 0.6728743313413456
2018-03-15 16:51:46,184:INFO: 

2018-03-15 16:51:46,185:INFO: Best eval loss: 0.142928
2018-03-15 16:51:46,185:INFO: Training complete in 44m 7s
