2018-03-15 12:26:46,850:INFO: Loading the datasets...
2018-03-15 12:26:46,863:INFO: Names of 14 diseases:
2018-03-15 12:26:46,876:INFO: Epoch 0/9
2018-03-15 12:26:46,876:INFO: ----------
2018-03-15 12:30:05,776:INFO: - Train metrics: total_accuracy: 0.930822 ; loss: 2.577790
2018-03-15 12:30:05,778:INFO: 

2018-03-15 12:30:05,778:INFO: Metric Report for the dev set
2018-03-15 12:31:11,835:INFO: - Eval metrics : total_accuracy: 0.000000 ; loss: 0.157435
2018-03-15 12:31:11,853:INFO: ROC AUC is :
2018-03-15 12:31:11,853:INFO: [0.44198515917976544, 0.37991396669532557, 0.3870665212649946, 0.38851144988563113, 0.42475341199499755, 0.4865242243110599, 0.5727115885416667, 0.5466482701657562, 0.5452064213746457, 0.4506624722427831, 0.2930112068480036, 0.4537986028127585, 0.5110749356032375, 0.5271374524834991]
2018-03-15 12:31:11,853:INFO: Mean value of AUC: 
2018-03-15 12:31:11,853:INFO: 0.4577861202431518
2018-03-15 12:31:11,856:INFO: Found better model!
2018-03-15 12:31:11,879:INFO: 

2018-03-15 12:31:11,879:INFO: Epoch 1/9
2018-03-15 12:31:11,879:INFO: ----------
2018-03-15 12:34:31,138:INFO: - Train metrics: total_accuracy: 0.931944 ; loss: 2.511883
2018-03-15 12:34:31,139:INFO: 

2018-03-15 12:34:31,139:INFO: Metric Report for the dev set
2018-03-15 12:35:37,349:INFO: - Eval metrics : total_accuracy: 0.000000 ; loss: 0.152544
2018-03-15 12:35:37,367:INFO: ROC AUC is :
2018-03-15 12:35:37,367:INFO: [0.5865469826325167, 0.6164970700031677, 0.42214467466375866, 0.622715871283011, 0.6243097167092599, 0.4910636831410202, 0.5647688802083333, 0.5112913217322745, 0.46105568185007445, 0.6119615099925981, 0.7348181937639616, 0.38807565033550884, 0.584565697773245, 0.5762566477955052]
2018-03-15 12:35:37,368:INFO: Mean value of AUC: 
2018-03-15 12:35:37,368:INFO: 0.5568622558488739
2018-03-15 12:35:37,371:INFO: Found better model!
2018-03-15 12:35:37,395:INFO: 

2018-03-15 12:35:37,395:INFO: Epoch 2/9
2018-03-15 12:35:37,395:INFO: ----------
2018-03-15 12:38:55,473:INFO: - Train metrics: total_accuracy: 0.933371 ; loss: 2.501806
2018-03-15 12:38:55,475:INFO: 

2018-03-15 12:38:55,475:INFO: Metric Report for the dev set
2018-03-15 12:40:01,951:INFO: - Eval metrics : total_accuracy: 0.000000 ; loss: 0.151420
2018-03-15 12:40:01,963:INFO: ROC AUC is :
2018-03-15 12:40:01,963:INFO: [0.5950030585919839, 0.6502132449432101, 0.6405961468556889, 0.6383587414223331, 0.6396193790440976, 0.607752730211168, 0.5044856770833334, 0.5521390625293312, 0.4743832617664393, 0.6562398223538121, 0.7195284488746222, 0.4797545730306094, 0.6101936479294969, 0.593412249099331]
2018-03-15 12:40:01,964:INFO: Mean value of AUC: 
2018-03-15 12:40:01,964:INFO: 0.5972628602668183
2018-03-15 12:40:01,966:INFO: Found better model!
2018-03-15 12:40:01,981:INFO: 

2018-03-15 12:40:01,981:INFO: Epoch 3/9
2018-03-15 12:40:01,981:INFO: ----------
2018-03-15 12:43:19,975:INFO: - Train metrics: total_accuracy: 0.932848 ; loss: 2.496820
2018-03-15 12:43:19,976:INFO: 

2018-03-15 12:43:19,976:INFO: Metric Report for the dev set
2018-03-15 12:44:25,482:INFO: - Eval metrics : total_accuracy: 0.000000 ; loss: 0.150561
2018-03-15 12:44:25,500:INFO: ROC AUC is :
2018-03-15 12:44:25,500:INFO: [0.6095561052155642, 0.6423395855016064, 0.5039621955652489, 0.6129522769806613, 0.6458550377902235, 0.6294399353543035, 0.5594401041666667, 0.4716074411968989, 0.47638643316213414, 0.6391339748334567, 0.7785661992453681, 0.541501976284585, 0.5865400959740582, 0.6047620337513883]
2018-03-15 12:44:25,500:INFO: Mean value of AUC: 
2018-03-15 12:44:25,500:INFO: 0.5930030996444403
2018-03-15 12:44:25,503:INFO: Found better model!
2018-03-15 12:44:25,528:INFO: 

2018-03-15 12:44:25,529:INFO: Epoch 4/9
2018-03-15 12:44:25,529:INFO: ----------
2018-03-15 12:47:43,358:INFO: - Train metrics: total_accuracy: 0.933590 ; loss: 2.491069
2018-03-15 12:47:43,360:INFO: 

2018-03-15 12:47:43,360:INFO: Metric Report for the dev set
2018-03-15 12:48:49,731:INFO: - Eval metrics : total_accuracy: 0.000000 ; loss: 0.149370
2018-03-15 12:48:49,743:INFO: ROC AUC is :
2018-03-15 12:48:49,744:INFO: [0.6100481395781803, 0.6282382686999413, 0.6015848782260996, 0.6457066177999584, 0.6408134413571857, 0.6347993487896756, 0.5358463541666666, 0.4530983086482326, 0.4751761106901293, 0.657579570688379, 0.7722775994443505, 0.5200156264362533, 0.5871938702127381, 0.5625637691758991]
2018-03-15 12:48:49,744:INFO: Mean value of AUC: 
2018-03-15 12:48:49,744:INFO: 0.5946387074224064
2018-03-15 12:48:49,746:INFO: Found better model!
2018-03-15 12:48:49,761:INFO: 

2018-03-15 12:48:49,761:INFO: Epoch 5/9
2018-03-15 12:48:49,761:INFO: ----------
2018-03-15 12:52:06,929:INFO: - Train metrics: total_accuracy: 0.933790 ; loss: 2.487163
2018-03-15 12:52:06,930:INFO: 

2018-03-15 12:52:06,931:INFO: Metric Report for the dev set
2018-03-15 12:53:12,992:INFO: - Eval metrics : total_accuracy: 0.000000 ; loss: 0.149292
2018-03-15 12:53:13,010:INFO: ROC AUC is :
2018-03-15 12:53:13,010:INFO: [0.6169706641134072, 0.638330637132902, 0.43697564521992005, 0.6578388178415471, 0.6474482083627862, 0.6240805219189315, 0.5560807291666666, 0.6013966323140171, 0.4777090174286436, 0.6610177646188008, 0.7929455050590377, 0.5064803750344701, 0.597183540579767, 0.6119041814520862]
2018-03-15 12:53:13,010:INFO: Mean value of AUC: 
2018-03-15 12:53:13,010:INFO: 0.601883017160213
2018-03-15 12:53:13,013:INFO: Found better model!
2018-03-15 12:53:13,037:INFO: 

2018-03-15 12:53:13,038:INFO: Epoch 6/9
2018-03-15 12:53:13,038:INFO: ----------
2018-03-15 12:56:31,001:INFO: - Train metrics: total_accuracy: 0.934618 ; loss: 2.461768
2018-03-15 12:56:31,002:INFO: 

2018-03-15 12:56:31,003:INFO: Metric Report for the dev set
2018-03-15 12:57:37,743:INFO: - Eval metrics : total_accuracy: 0.000000 ; loss: 0.148516
2018-03-15 12:57:37,761:INFO: ROC AUC is :
2018-03-15 12:57:37,761:INFO: [0.6283826697518551, 0.6289849088194036, 0.4033006179571065, 0.6625240434601787, 0.6505323255940405, 0.6598970897553208, 0.554375, 0.5884064500384825, 0.4678440122365356, 0.6606957809030347, 0.775374969495598, 0.5001838404265098, 0.575909726853123, 0.5745410876651226]
2018-03-15 12:57:37,761:INFO: Mean value of AUC: 
2018-03-15 12:57:37,762:INFO: 0.5950680373540221
2018-03-15 12:57:37,764:INFO: Found better model!
2018-03-15 12:57:37,789:INFO: 

2018-03-15 12:57:37,789:INFO: Epoch 7/9
2018-03-15 12:57:37,789:INFO: ----------
2018-03-15 13:00:55,233:INFO: - Train metrics: total_accuracy: 0.934827 ; loss: 2.453491
2018-03-15 13:00:55,234:INFO: 

2018-03-15 13:00:55,235:INFO: Metric Report for the dev set
2018-03-15 13:02:00,930:INFO: - Eval metrics : total_accuracy: 0.000000 ; loss: 0.148431
2018-03-15 13:02:00,948:INFO: ROC AUC is :
2018-03-15 13:02:00,948:INFO: [0.6316423309130562, 0.630382030861125, 0.3755870592511814, 0.6548723747140778, 0.6509792833451145, 0.6460826371641455, 0.55705078125, 0.5844455707608267, 0.4711311779068788, 0.6547520355292376, 0.7685607553828537, 0.5190734442503907, 0.5730461956877051, 0.5738097172937491]
2018-03-15 13:02:00,948:INFO: Mean value of AUC: 
2018-03-15 13:02:00,948:INFO: 0.5922439567364531
2018-03-15 13:02:00,951:INFO: Found better model!
2018-03-15 13:02:00,977:INFO: 

2018-03-15 13:02:00,977:INFO: Epoch 8/9
2018-03-15 13:02:00,977:INFO: ----------
2018-03-15 13:05:18,546:INFO: - Train metrics: total_accuracy: 0.934941 ; loss: 2.447909
2018-03-15 13:05:18,547:INFO: 

2018-03-15 13:05:18,547:INFO: Metric Report for the dev set
2018-03-15 13:06:24,591:INFO: - Eval metrics : total_accuracy: 0.000000 ; loss: 0.148470
2018-03-15 13:06:24,611:INFO: ROC AUC is :
2018-03-15 13:06:24,611:INFO: [0.6357307375196148, 0.6302788022082447, 0.36776444929116686, 0.6590962258265751, 0.6539470393127074, 0.631412579767323, 0.5539843750000001, 0.5395055471081827, 0.49671634251073504, 0.6576387860843819, 0.78267725404066, 0.5077442779667248, 0.5347742517553838, 0.569701402244675]
2018-03-15 13:06:24,611:INFO: Mean value of AUC: 
2018-03-15 13:06:24,612:INFO: 0.5872122907597411
2018-03-15 13:06:24,615:INFO: 

2018-03-15 13:06:24,615:INFO: Epoch 9/9
2018-03-15 13:06:24,615:INFO: ----------
2018-03-15 13:09:42,436:INFO: - Train metrics: total_accuracy: 0.935245 ; loss: 2.441800
2018-03-15 13:09:42,437:INFO: 

2018-03-15 13:09:42,438:INFO: Metric Report for the dev set
2018-03-15 13:10:48,720:INFO: - Eval metrics : total_accuracy: 0.000000 ; loss: 0.148676
2018-03-15 13:10:48,738:INFO: ROC AUC is :
2018-03-15 13:10:48,738:INFO: [0.6373031197638235, 0.629915380786461, 0.3713849509269357, 0.6643857870659181, 0.6532499592191834, 0.6208125868973631, 0.5555859375, 0.5352067729158454, 0.49402907580477673, 0.6643856402664692, 0.785830939911021, 0.5165456383858811, 0.5301978320846246, 0.5594983341008207]
2018-03-15 13:10:48,738:INFO: Mean value of AUC: 
2018-03-15 13:10:48,738:INFO: 0.587023711116366
2018-03-15 13:10:48,742:INFO: 

2018-03-15 13:10:48,742:INFO: Best eval loss: 0.148431
2018-03-15 13:10:48,742:INFO: Training complete in 44m 2s
