2018-03-14 19:32:22,805:INFO: Loading the datasets...
2018-03-14 19:32:22,808:INFO: Names of 14 diseases:
2018-03-14 19:32:22,812:INFO: Epoch 0/9
2018-03-14 19:32:22,812:INFO: ----------
2018-03-14 19:33:36,576:INFO: - Train metrics: total_accuracy: 0.934332 ; loss: 2.488172
2018-03-14 19:33:36,577:INFO: 

2018-03-14 19:33:36,577:INFO: Metric Report for the dev set
2018-03-14 19:34:00,802:INFO: - Eval metrics : total_accuracy: 0.000000 ; loss: 0.145563
2018-03-14 19:34:00,821:INFO: ROC AUC is :
2018-03-14 19:34:00,821:INFO: [0.6708518843586265, 0.7215315172632246, 0.5962631770265358, 0.7509130016635476, 0.6455396661410473, 0.5142897885943126, 0.5409635416666666, 0.4674588425221978, 0.44686508938845393, 0.7061954108068098, 0.7720711081076008, 0.4453304531666514, 0.4512349795368663, 0.5590107538532384, 0.6963390170511534]
2018-03-14 19:34:00,821:INFO: average ROC_AUC scores :
2018-03-14 19:34:00,822:INFO: 0.5989905487431287
2018-03-14 19:34:00,823:INFO: Found better model!
2018-03-14 19:34:00,827:INFO: 

2018-03-14 19:34:00,827:INFO: Epoch 1/9
2018-03-14 19:34:00,827:INFO: ----------
2018-03-14 19:35:14,341:INFO: - Train metrics: total_accuracy: 0.934218 ; loss: 2.461948
2018-03-14 19:35:14,342:INFO: 

2018-03-14 19:35:14,342:INFO: Metric Report for the dev set
2018-03-14 19:35:37,710:INFO: - Eval metrics : total_accuracy: 0.000000 ; loss: 0.145665
2018-03-14 19:35:37,728:INFO: ROC AUC is :
2018-03-14 19:35:37,728:INFO: [0.6692933322694752, 0.7029531879270555, 0.5888767720828789, 0.7559198897899772, 0.6672285356968082, 0.5575691316799563, 0.5672851562500001, 0.477070075650917, 0.4600488338806096, 0.7178238341968911, 0.783991289819977, 0.43441492784263264, 0.510179264896246, 0.6016017914059467, 0.762119692410565]
2018-03-14 19:35:37,729:INFO: average ROC_AUC scores :
2018-03-14 19:35:37,729:INFO: 0.6170917143866624
2018-03-14 19:35:37,730:INFO: 

2018-03-14 19:35:37,730:INFO: Epoch 2/9
2018-03-14 19:35:37,730:INFO: ----------
2018-03-14 19:36:51,306:INFO: - Train metrics: total_accuracy: 0.934751 ; loss: 2.450654
2018-03-14 19:36:51,306:INFO: 

2018-03-14 19:36:51,306:INFO: Metric Report for the dev set
2018-03-14 19:37:14,746:INFO: - Eval metrics : total_accuracy: 0.000000 ; loss: 0.143232
2018-03-14 19:37:14,766:INFO: ROC AUC is :
2018-03-14 19:37:14,767:INFO: [0.6797808452352456, 0.7270860672428615, 0.6733696837513632, 0.7696051673944686, 0.6461997716274265, 0.6390060724174401, 0.5462434895833334, 0.48983499464999714, 0.5317069405854453, 0.7198889711324945, 0.769743387584239, 0.5722033275117199, 0.5326952496763817, 0.583534234453865, 0.6278000668672685]
2018-03-14 19:37:14,767:INFO: average ROC_AUC scores :
2018-03-14 19:37:14,767:INFO: 0.6339132179809032
2018-03-14 19:37:14,768:INFO: Found better model!
2018-03-14 19:37:14,773:INFO: 

2018-03-14 19:37:14,773:INFO: Epoch 3/9
2018-03-14 19:37:14,773:INFO: ----------
2018-03-14 19:38:28,446:INFO: - Train metrics: total_accuracy: 0.934608 ; loss: 2.430810
2018-03-14 19:38:28,447:INFO: 

2018-03-14 19:38:28,447:INFO: Metric Report for the dev set
2018-03-14 19:38:52,519:INFO: - Eval metrics : total_accuracy: 0.000000 ; loss: 0.143900
2018-03-14 19:38:52,532:INFO: ROC AUC is :
2018-03-14 19:38:52,532:INFO: [0.6752083832016809, 0.7277308928005792, 0.5929334787350055, 0.7728965221459763, 0.6598814637594476, 0.5983291939489727, 0.5710937500000001, 0.49995307015073875, 0.4865776991945216, 0.7244411547002221, 0.789622871731336, 0.46729938413457117, 0.5300540017521149, 0.6007349820769113, 0.626629889669007]
2018-03-14 19:38:52,532:INFO: average ROC_AUC scores :
2018-03-14 19:38:52,532:INFO: 0.6215591158667391
2018-03-14 19:38:52,533:INFO: 

2018-03-14 19:38:52,533:INFO: Epoch 4/9
2018-03-14 19:38:52,533:INFO: ----------
2018-03-14 19:40:06,057:INFO: - Train metrics: total_accuracy: 0.934570 ; loss: 2.421656
2018-03-14 19:40:06,058:INFO: 

2018-03-14 19:40:06,058:INFO: Metric Report for the dev set
2018-03-14 19:40:29,427:INFO: - Eval metrics : total_accuracy: 0.000000 ; loss: 0.143233
2018-03-14 19:40:29,440:INFO: ROC AUC is :
2018-03-14 19:40:29,440:INFO: [0.6860139897337695, 0.7379038644282547, 0.7040203562340966, 0.7825366500311914, 0.6394192811701376, 0.6353459851932836, 0.5738802083333333, 0.5056034240018021, 0.48898431141421794, 0.7165284974093264, 0.7922509432899703, 0.5045960106627447, 0.6176466742504478, 0.6357143502090274, 0.6278836509528586]
2018-03-14 19:40:29,440:INFO: average ROC_AUC scores :
2018-03-14 19:40:29,440:INFO: 0.6432218798209642
2018-03-14 19:40:29,441:INFO: 

2018-03-14 19:40:29,441:INFO: Epoch 5/9
2018-03-14 19:40:29,441:INFO: ----------
2018-03-14 19:41:42,931:INFO: - Train metrics: total_accuracy: 0.936606 ; loss: 2.368175
2018-03-14 19:41:42,932:INFO: 

2018-03-14 19:41:42,932:INFO: Metric Report for the dev set
2018-03-14 19:42:06,221:INFO: - Eval metrics : total_accuracy: 0.000000 ; loss: 0.139323
2018-03-14 19:42:06,240:INFO: ROC AUC is :
2018-03-14 19:42:06,240:INFO: [0.7002345807069337, 0.7186976786279922, 0.7105779716466739, 0.8005172593054688, 0.6080517644500028, 0.6381504676117931, 0.5884635416666668, 0.5309267706632126, 0.5929176840391793, 0.7297113249444857, 0.8125058662311577, 0.5836244140086405, 0.5986610703591835, 0.6777636319310886, 0.6384152457372116]
2018-03-14 19:42:06,240:INFO: average ROC_AUC scores :
2018-03-14 19:42:06,241:INFO: 0.6619479514619794
2018-03-14 19:42:06,242:INFO: Found better model!
2018-03-14 19:42:06,246:INFO: 

2018-03-14 19:42:06,246:INFO: Epoch 6/9
2018-03-14 19:42:06,246:INFO: ----------
2018-03-14 19:43:19,642:INFO: - Train metrics: total_accuracy: 0.935911 ; loss: 2.347678
2018-03-14 19:43:19,643:INFO: 

2018-03-14 19:43:19,643:INFO: Metric Report for the dev set
2018-03-14 19:43:42,871:INFO: - Eval metrics : total_accuracy: 0.000000 ; loss: 0.139435
2018-03-14 19:43:42,891:INFO: ROC AUC is :
2018-03-14 19:43:42,891:INFO: [0.7001824516609484, 0.716522806461831, 0.7220356234096691, 0.803779372010813, 0.6075558697188843, 0.644995306056969, 0.5956770833333334, 0.5259146627621032, 0.5989307064073419, 0.728038490007402, 0.8117925325223856, 0.5995955510616785, 0.6118019325566495, 0.6704318696896642, 0.6314777666332331]
2018-03-14 19:43:42,891:INFO: average ROC_AUC scores :
2018-03-14 19:43:42,891:INFO: 0.6645821349528604
2018-03-14 19:43:42,892:INFO: 

2018-03-14 19:43:42,893:INFO: Epoch 7/9
2018-03-14 19:43:42,893:INFO: ----------
2018-03-14 19:44:56,286:INFO: - Train metrics: total_accuracy: 0.935959 ; loss: 2.330123
2018-03-14 19:44:56,286:INFO: 

2018-03-14 19:44:56,286:INFO: Metric Report for the dev set
2018-03-14 19:45:19,741:INFO: - Eval metrics : total_accuracy: 0.000000 ; loss: 0.138980
2018-03-14 19:45:19,754:INFO: ROC AUC is :
2018-03-14 19:45:19,754:INFO: [0.7036814808904492, 0.7127245576722928, 0.7204071246819338, 0.8076750623830318, 0.5901082051003208, 0.6397903768226165, 0.597890625, 0.5238309774549004, 0.6064522466391625, 0.7319022945965952, 0.812092883557658, 0.6361568158838129, 0.6218569803475464, 0.6803821184458831, 0.6374122367101304]
2018-03-14 19:45:19,754:INFO: average ROC_AUC scores :
2018-03-14 19:45:19,754:INFO: 0.668157599079089
2018-03-14 19:45:19,755:INFO: Found better model!
2018-03-14 19:45:19,757:INFO: 

2018-03-14 19:45:19,757:INFO: Epoch 8/9
2018-03-14 19:45:19,757:INFO: ----------
2018-03-14 19:46:33,158:INFO: - Train metrics: total_accuracy: 0.936301 ; loss: 2.314500
2018-03-14 19:46:33,159:INFO: 

2018-03-14 19:46:33,159:INFO: Metric Report for the dev set
2018-03-14 19:46:56,343:INFO: - Eval metrics : total_accuracy: 0.000000 ; loss: 0.138748
2018-03-14 19:46:56,362:INFO: ROC AUC is :
2018-03-14 19:46:56,363:INFO: [0.70356232878534, 0.7174136838770985, 0.7172228280625228, 0.8066093522561862, 0.5944168343211353, 0.6389941890173616, 0.5974869791666666, 0.52544536426949, 0.602523083831495, 0.7312879348630644, 0.8097276191548872, 0.6333532493795386, 0.6096575530537796, 0.668445431643958, 0.6512871949180876]
2018-03-14 19:46:56,363:INFO: average ROC_AUC scores :
2018-03-14 19:46:56,363:INFO: 0.667162241773374
2018-03-14 19:46:56,364:INFO: Found better model!
2018-03-14 19:46:56,368:INFO: 

2018-03-14 19:46:56,368:INFO: Epoch 9/9
2018-03-14 19:46:56,368:INFO: ----------
2018-03-14 19:48:09,672:INFO: - Train metrics: total_accuracy: 0.935788 ; loss: 2.308234
2018-03-14 19:48:09,672:INFO: 

2018-03-14 19:48:09,672:INFO: Metric Report for the dev set
2018-03-14 19:48:32,965:INFO: - Eval metrics : total_accuracy: 0.000000 ; loss: 0.138767
2018-03-14 19:48:32,984:INFO: ROC AUC is :
2018-03-14 19:48:32,985:INFO: [0.7025761323439452, 0.7165737137427033, 0.716961105052708, 0.8066905801621959, 0.5951976510249578, 0.6375444142077931, 0.5996028645833333, 0.5246569428018997, 0.601730234907805, 0.731458179126573, 0.8073248108727075, 0.6337668903391855, 0.6140378404529347, 0.6673438614549756, 0.650785690404547]
2018-03-14 19:48:32,985:INFO: average ROC_AUC scores :
2018-03-14 19:48:32,985:INFO: 0.667083394098551
2018-03-14 19:48:32,986:INFO: 

2018-03-14 19:48:32,986:INFO: Best eval loss: 0.138748
2018-03-14 19:48:32,986:INFO: Training complete in 16m 10s
