2018-03-14 17:53:44,016:INFO: Loading the datasets...
2018-03-14 17:53:44,018:INFO: Names of 14 diseases:
2018-03-14 17:53:44,046:INFO: Epoch 0/4
2018-03-14 17:53:44,046:INFO: ----------
2018-03-14 17:54:00,549:INFO: - Train metrics: total_accuracy: 0.454545 ; loss: 0.692439
2018-03-14 17:54:01,067:INFO: 

2018-03-14 17:54:01,067:INFO: Metric Report for the dev set
2018-03-14 17:54:02,848:INFO: - Eval metrics : total_accuracy: 0.000000 ; loss: 0.689486
2018-03-14 17:54:02,857:INFO: ROC AUC is :
2018-03-14 17:54:02,857:INFO: [0.0, 0, 0, 0, 1.0, 0, 0, 0, 0.0, 0, 0, 0, 0, 0]
2018-03-14 17:54:02,857:INFO: Mean value of AUC: 
2018-03-14 17:54:02,857:INFO: 0.07142857142857142
2018-03-14 17:54:02,891:INFO: Found better model!
2018-03-14 17:54:02,916:INFO: 

2018-03-14 17:54:02,917:INFO: Epoch 1/4
2018-03-14 17:54:02,917:INFO: ----------
2018-03-14 17:54:14,100:INFO: - Train metrics: total_accuracy: 0.806061 ; loss: 0.666618
2018-03-14 17:54:14,616:INFO: 

2018-03-14 17:54:14,617:INFO: Metric Report for the dev set
2018-03-14 17:54:16,411:INFO: - Eval metrics : total_accuracy: 0.000000 ; loss: 0.681423
2018-03-14 17:54:16,418:INFO: ROC AUC is :
2018-03-14 17:54:16,418:INFO: [0.0, 0, 0, 0, 0.6666666666666667, 0, 0, 0, 0.5, 0, 0, 0, 0, 0]
2018-03-14 17:54:16,419:INFO: Mean value of AUC: 
2018-03-14 17:54:16,419:INFO: 0.08333333333333334
2018-03-14 17:54:16,456:INFO: Found better model!
2018-03-14 17:54:16,485:INFO: 

2018-03-14 17:54:16,485:INFO: Epoch 2/4
2018-03-14 17:54:16,485:INFO: ----------
