2018-03-15 17:36:00,888:INFO: Loading the datasets...
2018-03-15 17:36:00,901:INFO: Names of 14 diseases:
2018-03-15 17:36:00,913:INFO: Epoch 0/9
2018-03-15 17:36:00,913:INFO: ----------
2018-03-15 17:39:18,865:INFO: - Train metrics: total_accuracy: 0.917504 ; loss: 2.848895
2018-03-15 17:39:18,867:INFO: 

2018-03-15 17:39:18,867:INFO: Metric Report for the dev set
2018-03-15 17:40:25,472:INFO: - Eval metrics : total_accuracy: 0.000000 ; loss: 0.178694
2018-03-15 17:40:25,490:INFO: ROC AUC is :
2018-03-15 17:40:25,490:INFO: [0.6933843985212372, 0.6163089958821666, 0.42269720101781166, 0.4989196688500727, 0.3839410581262574, 0.3337809414029542, 0.5006575520833334, 0.4905858722381783, 0.340076057365777, 0.3280458919319023, 0.2112030936156633, 0.3683932346723044, 0.4292289386629009, 0.4854312827875143]
2018-03-15 17:40:25,490:INFO: Mean value of AUC: 
2018-03-15 17:40:25,490:INFO: 0.4359038705112909
2018-03-15 17:40:25,493:INFO: Found better model!
2018-03-15 17:40:25,516:INFO: 

2018-03-15 17:40:25,517:INFO: Epoch 1/9
2018-03-15 17:40:25,517:INFO: ----------
2018-03-15 17:43:43,649:INFO: - Train metrics: total_accuracy: 0.938033 ; loss: 2.449838
2018-03-15 17:43:43,651:INFO: 

2018-03-15 17:43:43,651:INFO: Metric Report for the dev set
2018-03-15 17:44:50,738:INFO: - Eval metrics : total_accuracy: 0.000000 ; loss: 0.166221
2018-03-15 17:44:50,756:INFO: ROC AUC is :
2018-03-15 17:44:50,756:INFO: [0.7147732652464163, 0.7397252138105797, 0.44189022173754994, 0.7946785974215014, 0.649306726116035, 0.46737412508466925, 0.4783593749999999, 0.5012483339903513, 0.32737644186242315, 0.6641598815692079, 0.70804002177545, 0.37413824800073536, 0.5194628590855006, 0.469521719894177]
2018-03-15 17:44:50,756:INFO: Mean value of AUC: 
2018-03-15 17:44:50,756:INFO: 0.5607182164710426
2018-03-15 17:44:50,759:INFO: Found better model!
2018-03-15 17:44:50,784:INFO: 

2018-03-15 17:44:50,784:INFO: Epoch 2/9
2018-03-15 17:44:50,784:INFO: ----------
2018-03-15 17:48:09,595:INFO: - Train metrics: total_accuracy: 0.940116 ; loss: 2.392700
2018-03-15 17:48:09,596:INFO: 

2018-03-15 17:48:09,597:INFO: Metric Report for the dev set
2018-03-15 17:49:16,695:INFO: - Eval metrics : total_accuracy: 0.000000 ; loss: 0.157831
2018-03-15 17:49:16,712:INFO: ROC AUC is :
2018-03-15 17:49:16,712:INFO: [0.7137211096039788, 0.7394056292139916, 0.41528171573973105, 0.8112685849448951, 0.6170844434777879, 0.40064883364428233, 0.45873046875, 0.4554448011112988, 0.3359013218826303, 0.6748334566987416, 0.6471626213136603, 0.37050739957716705, 0.4804456125210842, 0.47939973453964296]
2018-03-15 17:49:16,712:INFO: Mean value of AUC: 
2018-03-15 17:49:16,713:INFO: 0.5428454095013494
2018-03-15 17:49:16,715:INFO: Found better model!
2018-03-15 17:49:16,740:INFO: 

2018-03-15 17:49:16,740:INFO: Epoch 3/9
2018-03-15 17:49:16,740:INFO: ----------
2018-03-15 17:52:35,604:INFO: - Train metrics: total_accuracy: 0.941914 ; loss: 2.333338
2018-03-15 17:52:35,605:INFO: 

2018-03-15 17:52:35,606:INFO: Metric Report for the dev set
2018-03-15 17:53:42,698:INFO: - Eval metrics : total_accuracy: 0.000000 ; loss: 0.155230
2018-03-15 17:53:42,716:INFO: ROC AUC is :
2018-03-15 17:53:42,716:INFO: [0.723837868028405, 0.7507890628535228, 0.44264631043256997, 0.831640543772094, 0.6720417595563047, 0.4827037111858445, 0.43110026041666666, 0.454919186799572, 0.3272992618787012, 0.703819393042191, 0.723770907247846, 0.3760915525324019, 0.47137122608820725, 0.4531426352809455]
2018-03-15 17:53:42,716:INFO: Mean value of AUC: 
2018-03-15 17:53:42,716:INFO: 0.5603695485082337
2018-03-15 17:53:42,719:INFO: Found better model!
2018-03-15 17:53:42,744:INFO: 

2018-03-15 17:53:42,745:INFO: Epoch 4/9
2018-03-15 17:53:42,745:INFO: ----------
2018-03-15 17:57:01,390:INFO: - Train metrics: total_accuracy: 0.945063 ; loss: 2.252495
2018-03-15 17:57:01,391:INFO: 

2018-03-15 17:57:01,392:INFO: Metric Report for the dev set
2018-03-15 17:58:08,315:INFO: - Eval metrics : total_accuracy: 0.000000 ; loss: 0.155665
2018-03-15 17:58:08,327:INFO: ROC AUC is :
2018-03-15 17:58:08,327:INFO: [0.7073209393866858, 0.7097068871894656, 0.45027989821882947, 0.8200022093990434, 0.6135729432874776, 0.5022756711150194, 0.4701041666666667, 0.4407651442623567, 0.42980831298588307, 0.7056402664692819, 0.7055996696138611, 0.32856880227962126, 0.4753919376560886, 0.4783523399337252]
2018-03-15 17:58:08,327:INFO: Mean value of AUC: 
2018-03-15 17:58:08,327:INFO: 0.5598135134617147
2018-03-15 17:58:08,329:INFO: 

2018-03-15 17:58:08,329:INFO: Epoch 5/9
2018-03-15 17:58:08,330:INFO: ----------
2018-03-15 18:01:26,824:INFO: - Train metrics: total_accuracy: 0.948640 ; loss: 2.142888
2018-03-15 18:01:26,825:INFO: 

2018-03-15 18:01:26,825:INFO: Metric Report for the dev set
2018-03-15 18:02:33,613:INFO: - Eval metrics : total_accuracy: 0.000000 ; loss: 0.156566
2018-03-15 18:02:33,631:INFO: ROC AUC is :
2018-03-15 18:02:33,631:INFO: [0.7084113939200511, 0.7170035974478483, 0.4790403489640131, 0.837229023705552, 0.5957131205480941, 0.5405045691673303, 0.45998046875, 0.40121266730491256, 0.48081726586399476, 0.7095336787564767, 0.6854949221903099, 0.32808622116003305, 0.5439009401273552, 0.4723569087412304]
2018-03-15 18:02:33,631:INFO: Mean value of AUC: 
2018-03-15 18:02:33,632:INFO: 0.5685203661890859
2018-03-15 18:02:33,634:INFO: 

2018-03-15 18:02:33,635:INFO: Epoch 6/9
2018-03-15 18:02:33,635:INFO: ----------
2018-03-15 18:05:52,853:INFO: - Train metrics: total_accuracy: 0.951798 ; loss: 2.033574
2018-03-15 18:05:52,854:INFO: 

2018-03-15 18:05:52,855:INFO: Metric Report for the dev set
2018-03-15 18:06:59,460:INFO: - Eval metrics : total_accuracy: 0.000000 ; loss: 0.155371
2018-03-15 18:06:59,478:INFO: ROC AUC is :
2018-03-15 18:06:59,478:INFO: [0.7027165616106812, 0.7240570840309516, 0.4803925845147219, 0.8421026980661261, 0.6318416616823446, 0.6129814262456774, 0.4477669270833333, 0.42302566124157603, 0.5214349863882574, 0.7142264988897113, 0.7061628278049971, 0.3993243864325765, 0.5804469200695616, 0.47328692291717456]
2018-03-15 18:06:59,479:INFO: Mean value of AUC: 
2018-03-15 18:06:59,479:INFO: 0.5899833676412636
2018-03-15 18:06:59,481:INFO: 

2018-03-15 18:06:59,482:INFO: Epoch 7/9
2018-03-15 18:06:59,482:INFO: ----------
2018-03-15 18:10:18,128:INFO: - Train metrics: total_accuracy: 0.955080 ; loss: 1.958859
2018-03-15 18:10:18,129:INFO: 

2018-03-15 18:10:18,129:INFO: Metric Report for the dev set
2018-03-15 18:11:24,171:INFO: - Eval metrics : total_accuracy: 0.000000 ; loss: 0.156552
2018-03-15 18:11:24,188:INFO: ROC AUC is :
2018-03-15 18:11:24,189:INFO: [0.698415383387856, 0.7190823114168061, 0.4794910941475826, 0.8359456227906009, 0.6261214724593551, 0.5992085655547765, 0.44353515625000006, 0.428338120177958, 0.5358044960848699, 0.701717246484086, 0.6831859736066528, 0.39410791433036124, 0.5878737954209652, 0.4681221839983386]
2018-03-15 18:11:24,189:INFO: Mean value of AUC: 
2018-03-15 18:11:24,189:INFO: 0.5857820954364436
2018-03-15 18:11:24,192:INFO: 

2018-03-15 18:11:24,192:INFO: Epoch 8/9
2018-03-15 18:11:24,192:INFO: ----------
2018-03-15 18:14:43,144:INFO: - Train metrics: total_accuracy: 0.956821 ; loss: 1.910150
2018-03-15 18:14:43,146:INFO: 

2018-03-15 18:14:43,146:INFO: Metric Report for the dev set
2018-03-15 18:15:49,318:INFO: - Eval metrics : total_accuracy: 0.000000 ; loss: 0.156465
2018-03-15 18:15:49,330:INFO: ROC AUC is :
2018-03-15 18:15:49,330:INFO: [0.696386606026756, 0.7204002443549482, 0.4856125045438022, 0.8376026720731959, 0.622443586536893, 0.6108780644317953, 0.4441731770833333, 0.4330311051040904, 0.5471289046055401, 0.7005477424130274, 0.6852696589138555, 0.4058966816803015, 0.597641182546843, 0.47050590965318595]
2018-03-15 18:15:49,330:INFO: Mean value of AUC: 
2018-03-15 18:15:49,330:INFO: 0.5898227171405407
2018-03-15 18:15:49,332:INFO: 

2018-03-15 18:15:49,332:INFO: Epoch 9/9
2018-03-15 18:15:49,332:INFO: ----------
2018-03-15 18:19:08,644:INFO: - Train metrics: total_accuracy: 0.957040 ; loss: 1.907904
2018-03-15 18:19:08,645:INFO: 

2018-03-15 18:19:08,646:INFO: Metric Report for the dev set
2018-03-15 18:20:15,129:INFO: - Eval metrics : total_accuracy: 0.000000 ; loss: 0.156602
2018-03-15 18:20:15,146:INFO: ROC AUC is :
2018-03-15 18:20:15,147:INFO: [0.6947737971754567, 0.7207452825919723, 0.48997455470737916, 0.8376968964441671, 0.6221978141482246, 0.6169267150717164, 0.44411458333333337, 0.4377804058493364, 0.5500056130897253, 0.699678016284234, 0.6833924649434026, 0.4110442136225756, 0.6044535101138875, 0.46938628093651524]
2018-03-15 18:20:15,147:INFO: Mean value of AUC: 
2018-03-15 18:20:15,147:INFO: 0.5915835820222805
2018-03-15 18:20:15,150:INFO: 

2018-03-15 18:20:15,150:INFO: Best eval loss: 0.155230
2018-03-15 18:20:15,150:INFO: Training complete in 44m 14s
