2018-03-15 07:29:28,318:INFO: Loading the datasets...
2018-03-15 07:29:28,331:INFO: Names of 14 diseases:
2018-03-15 07:29:28,343:INFO: Epoch 0/9
2018-03-15 07:29:28,343:INFO: ----------
2018-03-15 07:32:43,145:INFO: - Train metrics: total_accuracy: 0.930860 ; loss: 0.203393
2018-03-15 07:32:43,146:INFO: 

2018-03-15 07:32:43,146:INFO: Metric Report for the dev set
2018-03-15 07:33:41,848:INFO: - Eval metrics : total_accuracy: 0.000000 ; loss: 0.195619
2018-03-15 07:33:41,867:INFO: ROC AUC is :
2018-03-15 07:33:41,867:INFO: [0.5091757759514881, 0.5576609801348478, 0.5753907669938203, 0.5082819972967353, 0.463855146539068, 0.43772504188898526, 0.491943359375, 0.47625349627376995, 0.5044238163397041, 0.4398889711324944, 0.5154586923466802, 0.5410193951649968, 0.510015821336576, 0.5375211059042356]
2018-03-15 07:33:41,867:INFO: Mean value of AUC: 
2018-03-15 07:33:41,867:INFO: 0.5049010261913144
2018-03-15 07:33:41,870:INFO: Found better model!
2018-03-15 07:33:41,894:INFO: 

2018-03-15 07:33:41,894:INFO: Epoch 1/9
2018-03-15 07:33:41,894:INFO: ----------
2018-03-15 07:36:55,405:INFO: - Train metrics: total_accuracy: 0.932392 ; loss: 0.198393
2018-03-15 07:36:55,406:INFO: 

2018-03-15 07:36:55,406:INFO: Metric Report for the dev set
2018-03-15 07:37:54,732:INFO: - Eval metrics : total_accuracy: 0.000000 ; loss: 0.193470
2018-03-15 07:37:54,745:INFO: ROC AUC is :
2018-03-15 07:37:54,745:INFO: [0.4655341897390888, 0.47458736820670616, 0.554518356961105, 0.4824109092326887, 0.419857539013648, 0.43541372057373057, 0.551181640625, 0.4939835933246982, 0.44107659060930093, 0.4131347150259067, 0.3724165117981641, 0.33899025645739495, 0.5979223054694753, 0.5656517774105876]
2018-03-15 07:37:54,745:INFO: Mean value of AUC: 
2018-03-15 07:37:54,745:INFO: 0.4719056767462496
2018-03-15 07:37:54,747:INFO: Found better model!
2018-03-15 07:37:54,761:INFO: 

2018-03-15 07:37:54,761:INFO: Epoch 2/9
2018-03-15 07:37:54,761:INFO: ----------
2018-03-15 07:41:06,885:INFO: - Train metrics: total_accuracy: 0.932401 ; loss: 0.198374
2018-03-15 07:41:06,887:INFO: 

2018-03-15 07:41:06,887:INFO: Metric Report for the dev set
2018-03-15 07:42:06,263:INFO: - Eval metrics : total_accuracy: 0.000000 ; loss: 0.194384
2018-03-15 07:42:06,281:INFO: ROC AUC is :
2018-03-15 07:42:06,281:INFO: [0.5636453097156839, 0.5318184646364089, 0.5050381679389313, 0.5149004470783947, 0.5872850850959709, 0.567390761844779, 0.4488932291666667, 0.5150081657937715, 0.5737735398950352, 0.5889267209474464, 0.6871093090048995, 0.5571973526978583, 0.4463578237163143, 0.4288539155402659]
2018-03-15 07:42:06,281:INFO: Mean value of AUC: 
2018-03-15 07:42:06,281:INFO: 0.5368713066480305
2018-03-15 07:42:06,283:INFO: 

2018-03-15 07:42:06,284:INFO: Epoch 3/9
2018-03-15 07:42:06,284:INFO: ----------
2018-03-15 07:45:16,793:INFO: - Train metrics: total_accuracy: 0.932411 ; loss: 0.198360
2018-03-15 07:45:16,795:INFO: 

2018-03-15 07:45:16,795:INFO: Metric Report for the dev set
2018-03-15 07:46:15,508:INFO: - Eval metrics : total_accuracy: 0.000000 ; loss: 0.194388
2018-03-15 07:46:15,520:INFO: ROC AUC is :
2018-03-15 07:46:15,520:INFO: [0.568908215644033, 0.5185557038780035, 0.45868411486732097, 0.5438793148263673, 0.6067402533848079, 0.6038074413851291, 0.4486263020833333, 0.5035385106343038, 0.5828632370688445, 0.6183271650629163, 0.6756959696645454, 0.5480742715323099, 0.4427359144340276, 0.4007909635127448]
2018-03-15 07:46:15,520:INFO: Mean value of AUC: 
2018-03-15 07:46:15,520:INFO: 0.5372305269984776
2018-03-15 07:46:15,522:INFO: 

2018-03-15 07:46:15,522:INFO: Epoch 4/9
2018-03-15 07:46:15,523:INFO: ----------
2018-03-15 07:49:25,149:INFO: - Train metrics: total_accuracy: 0.932953 ; loss: 0.196042
2018-03-15 07:49:25,150:INFO: 

2018-03-15 07:49:25,150:INFO: Metric Report for the dev set
2018-03-15 07:50:23,845:INFO: - Eval metrics : total_accuracy: 0.000000 ; loss: 0.202394
2018-03-15 07:50:23,863:INFO: ROC AUC is :
2018-03-15 07:50:23,863:INFO: [0.5955615840846831, 0.5669600434408797, 0.5685350781533988, 0.6261144468704513, 0.595180251209831, 0.595964397333365, 0.46310546874999997, 0.5636274896285033, 0.6095885605231399, 0.6463360473723168, 0.6630999981228061, 0.4755262432208842, 0.4849697302527491, 0.44569349260954755]
2018-03-15 07:50:23,863:INFO: Mean value of AUC: 
2018-03-15 07:50:23,863:INFO: 0.5643044879694682
2018-03-15 07:50:23,866:INFO: 

2018-03-15 07:50:23,866:INFO: Epoch 5/9
2018-03-15 07:50:23,866:INFO: ----------
2018-03-15 07:53:32,891:INFO: - Train metrics: total_accuracy: 0.934313 ; loss: 0.193051
2018-03-15 07:53:32,892:INFO: 

2018-03-15 07:53:32,893:INFO: Metric Report for the dev set
2018-03-15 07:54:31,854:INFO: - Eval metrics : total_accuracy: 0.000000 ; loss: 0.194846
2018-03-15 07:54:31,872:INFO: ROC AUC is :
2018-03-15 07:54:31,872:INFO: [0.6251027952871087, 0.6058390651160686, 0.6491893856779353, 0.6639601528384279, 0.6402327225273232, 0.6513885752991646, 0.46130859375, 0.492275346811586, 0.5796076450282057, 0.6676757957068838, 0.7575040828968858, 0.49754113429543156, 0.470207507943357, 0.4371698675406994]
2018-03-15 07:54:31,872:INFO: Mean value of AUC: 
2018-03-15 07:54:31,873:INFO: 0.5856430479085056
2018-03-15 07:54:31,875:INFO: 

2018-03-15 07:54:31,875:INFO: Epoch 6/9
2018-03-15 07:54:31,875:INFO: ----------
2018-03-15 07:57:40,814:INFO: - Train metrics: total_accuracy: 0.935293 ; loss: 0.191080
2018-03-15 07:57:40,815:INFO: 

2018-03-15 07:57:40,816:INFO: Metric Report for the dev set
2018-03-15 07:58:39,787:INFO: - Eval metrics : total_accuracy: 0.000000 ; loss: 0.197133
2018-03-15 07:58:39,805:INFO: ROC AUC is :
2018-03-15 07:58:39,805:INFO: [0.6300295220617569, 0.617697633377076, 0.6439840058160669, 0.6620464233728426, 0.6455483660486108, 0.6476928378747727, 0.4546614583333334, 0.4951662255260836, 0.5841261822570234, 0.6731976313841599, 0.7757316363499839, 0.49965529920029417, 0.4640620300997659, 0.4255582342371626]
2018-03-15 07:58:39,805:INFO: Mean value of AUC: 
2018-03-15 07:58:39,805:INFO: 0.5870826775670667
2018-03-15 07:58:39,808:INFO: 

2018-03-15 07:58:39,808:INFO: Epoch 7/9
2018-03-15 07:58:39,808:INFO: ----------
2018-03-15 08:01:48,552:INFO: - Train metrics: total_accuracy: 0.935274 ; loss: 0.190789
2018-03-15 08:01:48,553:INFO: 

2018-03-15 08:01:48,553:INFO: Metric Report for the dev set
2018-03-15 08:02:47,830:INFO: - Eval metrics : total_accuracy: 0.000000 ; loss: 0.196759
2018-03-15 08:02:47,850:INFO: ROC AUC is :
2018-03-15 08:02:47,850:INFO: [0.6319221255884464, 0.6222708041087832, 0.6498727735368957, 0.6657634123518403, 0.6474710456201402, 0.6474432864731257, 0.45447916666666666, 0.4931013121585853, 0.581782717296736, 0.6759881569207994, 0.7786600589438907, 0.49574869013696116, 0.46640254187424, 0.42316547931847115]
2018-03-15 08:02:47,850:INFO: Mean value of AUC: 
2018-03-15 08:02:47,850:INFO: 0.5881479693568272
2018-03-15 08:02:47,853:INFO: 

2018-03-15 08:02:47,853:INFO: Epoch 8/9
2018-03-15 08:02:47,853:INFO: ----------
2018-03-15 08:05:56,342:INFO: - Train metrics: total_accuracy: 0.935512 ; loss: 0.190497
2018-03-15 08:05:56,343:INFO: 

2018-03-15 08:05:56,343:INFO: Metric Report for the dev set
2018-03-15 08:06:55,492:INFO: - Eval metrics : total_accuracy: 0.000000 ; loss: 0.196748
2018-03-15 08:06:55,509:INFO: ROC AUC is :
2018-03-15 08:06:55,510:INFO: [0.6321146839011677, 0.6225168559663333, 0.6498727735368957, 0.6657796579330423, 0.6476711434941003, 0.6472888022721061, 0.4545703125, 0.4933641193144487, 0.5818949790912408, 0.676099185788305, 0.7791669013159129, 0.49558782976376503, 0.4664417683285608, 0.4229397477223682]
2018-03-15 08:06:55,510:INFO: Mean value of AUC: 
2018-03-15 08:06:55,510:INFO: 0.5882363400663033
2018-03-15 08:06:55,512:INFO: 

2018-03-15 08:06:55,513:INFO: Epoch 9/9
2018-03-15 08:06:55,513:INFO: ----------
2018-03-15 08:10:04,625:INFO: - Train metrics: total_accuracy: 0.935502 ; loss: 0.190543
2018-03-15 08:10:04,626:INFO: 

2018-03-15 08:10:04,627:INFO: Metric Report for the dev set
2018-03-15 08:11:03,656:INFO: - Eval metrics : total_accuracy: 0.000000 ; loss: 0.196847
2018-03-15 08:11:03,668:INFO: ROC AUC is :
2018-03-15 08:11:03,668:INFO: [0.6321731960956409, 0.6229891624055387, 0.6504980007270084, 0.6662572780203785, 0.6477342178239356, 0.6469323002697531, 0.4548307291666667, 0.4929323647012445, 0.5815160955347872, 0.6761139896373057, 0.7794109365320719, 0.4950592885375494, 0.4667294289935799, 0.4231925671100035]
2018-03-15 08:11:03,668:INFO: Mean value of AUC: 
2018-03-15 08:11:03,668:INFO: 0.5883121111111046
2018-03-15 08:11:03,670:INFO: 

2018-03-15 08:11:03,670:INFO: Best eval loss: 0.193470
2018-03-15 08:11:03,670:INFO: Training complete in 41m 35s
