2018-03-15 10:18:16,726:INFO: Loading the datasets...
2018-03-15 10:18:16,739:INFO: Names of 14 diseases:
2018-03-15 10:18:16,752:INFO: Epoch 0/9
2018-03-15 10:18:16,752:INFO: ----------
2018-03-15 10:21:33,314:INFO: - Train metrics: total_accuracy: 0.926256 ; loss: 0.231096
2018-03-15 10:21:33,316:INFO: 

2018-03-15 10:21:33,316:INFO: Metric Report for the dev set
2018-03-15 10:22:33,174:INFO: - Eval metrics : total_accuracy: 0.000000 ; loss: 0.260339
2018-03-15 10:22:33,192:INFO: ROC AUC is :
2018-03-15 10:22:33,192:INFO: [0.695348280539376, 0.6687632924566722, 0.6165467102871682, 0.7760416666666667, 0.681779131096732, 0.66754999940583, 0.51046875, 0.4781776200934842, 0.6508868681765878, 0.7205107327905256, 0.7855681327551576, 0.6070640683886387, 0.571097948456439, 0.5454487995593719]
2018-03-15 10:22:33,192:INFO: Mean value of AUC: 
2018-03-15 10:22:33,192:INFO: 0.6410894286194752
2018-03-15 10:22:33,194:INFO: Found better model!
2018-03-15 10:22:33,217:INFO: 

2018-03-15 10:22:33,218:INFO: Epoch 1/9
2018-03-15 10:22:33,218:INFO: ----------
2018-03-15 10:25:50,282:INFO: - Train metrics: total_accuracy: 0.938033 ; loss: 0.186535
2018-03-15 10:25:50,283:INFO: 

2018-03-15 10:25:50,283:INFO: Metric Report for the dev set
2018-03-15 10:26:49,896:INFO: - Eval metrics : total_accuracy: 0.000000 ; loss: 0.208861
2018-03-15 10:26:49,910:INFO: ROC AUC is :
2018-03-15 10:26:49,910:INFO: [0.705898561131945, 0.6926062830897326, 0.5951435841512178, 0.8179357714701601, 0.6779011473003099, 0.6791244310822213, 0.5317903645833333, 0.49580447147603757, 0.6486696977351183, 0.7315173945225758, 0.7755251450132342, 0.6054784447099917, 0.5832973757502059, 0.5966627840832137]
2018-03-15 10:26:49,910:INFO: Mean value of AUC: 
2018-03-15 10:26:49,910:INFO: 0.6526682468642354
2018-03-15 10:26:49,913:INFO: Found better model!
2018-03-15 10:26:49,937:INFO: 

2018-03-15 10:26:49,938:INFO: Epoch 2/9
2018-03-15 10:26:49,938:INFO: ----------
2018-03-15 10:30:06,191:INFO: - Train metrics: total_accuracy: 0.939165 ; loss: 0.182792
2018-03-15 10:30:06,192:INFO: 

2018-03-15 10:30:06,192:INFO: Metric Report for the dev set
2018-03-15 10:31:06,225:INFO: - Eval metrics : total_accuracy: 0.000000 ; loss: 0.192299
2018-03-15 10:31:06,244:INFO: ROC AUC is :
2018-03-15 10:31:06,244:INFO: [0.7150190164632039, 0.6818379790940766, 0.5784514721919303, 0.8105310355583281, 0.6886433581643194, 0.7081080438735131, 0.5439095052083334, 0.5086632501736404, 0.658275097527434, 0.7464618800888231, 0.792776557601697, 0.6008134938873059, 0.595719086285124, 0.5966627840832136]
2018-03-15 10:31:06,244:INFO: Mean value of AUC: 
2018-03-15 10:31:06,244:INFO: 0.6589908971572102
2018-03-15 10:31:06,247:INFO: Found better model!
2018-03-15 10:31:06,272:INFO: 

2018-03-15 10:31:06,272:INFO: Epoch 3/9
2018-03-15 10:31:06,272:INFO: ----------
2018-03-15 10:34:23,162:INFO: - Train metrics: total_accuracy: 0.940202 ; loss: 0.180415
2018-03-15 10:34:23,164:INFO: 

2018-03-15 10:34:23,164:INFO: Metric Report for the dev set
2018-03-15 10:35:23,468:INFO: - Eval metrics : total_accuracy: 0.000000 ; loss: 0.188403
2018-03-15 10:35:23,486:INFO: ROC AUC is :
2018-03-15 10:35:23,486:INFO: [0.7078347828399691, 0.6627222951264764, 0.540196292257361, 0.7964168746101061, 0.6832820401283236, 0.711031360292807, 0.5370182291666666, 0.51985132623754, 0.6776542898038226, 0.7408438193930421, 0.7642432092508118, 0.6179106535527162, 0.5662338681206606, 0.5777374470659407]
2018-03-15 10:35:23,487:INFO: Mean value of AUC: 
2018-03-15 10:35:23,487:INFO: 0.6502126062747317
2018-03-15 10:35:23,489:INFO: Found better model!
2018-03-15 10:35:23,513:INFO: 

2018-03-15 10:35:23,514:INFO: Epoch 4/9
2018-03-15 10:35:23,514:INFO: ----------
2018-03-15 10:38:40,465:INFO: - Train metrics: total_accuracy: 0.940934 ; loss: 0.178049
2018-03-15 10:38:40,467:INFO: 

2018-03-15 10:38:40,467:INFO: Metric Report for the dev set
2018-03-15 10:39:40,518:INFO: - Eval metrics : total_accuracy: 0.000000 ; loss: 0.183825
2018-03-15 10:39:40,537:INFO: ROC AUC is :
2018-03-15 10:39:40,537:INFO: [0.718208462991037, 0.6936512964387529, 0.5810541621228644, 0.8116032439176544, 0.6892545266706541, 0.7221898729664532, 0.5393424479166666, 0.5171106230406788, 0.6633900255395583, 0.767498149518875, 0.8099904263107506, 0.6323421270337347, 0.5744975744975744, 0.6015114987675054]
2018-03-15 10:39:40,538:INFO: Mean value of AUC: 
2018-03-15 10:39:40,538:INFO: 0.6658317455523399
2018-03-15 10:39:40,540:INFO: Found better model!
2018-03-15 10:39:40,565:INFO: 

2018-03-15 10:39:40,565:INFO: Epoch 5/9
2018-03-15 10:39:40,565:INFO: ----------
2018-03-15 10:42:57,385:INFO: - Train metrics: total_accuracy: 0.942019 ; loss: 0.175415
2018-03-15 10:42:57,387:INFO: 

2018-03-15 10:42:57,387:INFO: Metric Report for the dev set
2018-03-15 10:43:57,307:INFO: - Eval metrics : total_accuracy: 0.000000 ; loss: 0.184012
2018-03-15 10:43:57,325:INFO: ROC AUC is :
2018-03-15 10:43:57,325:INFO: [0.7224904917683981, 0.6851667496266799, 0.551130498000727, 0.8105017935121646, 0.6845413517481378, 0.7454456869199415, 0.5618880208333333, 0.5370839668862983, 0.6983315090791726, 0.7307327905255366, 0.7993467364982823, 0.6622161963415755, 0.6090953072085148, 0.6097190996018095]
2018-03-15 10:43:57,325:INFO: Mean value of AUC: 
2018-03-15 10:43:57,325:INFO: 0.6719778713250408
2018-03-15 10:43:57,328:INFO: 

2018-03-15 10:43:57,328:INFO: Epoch 6/9
2018-03-15 10:43:57,328:INFO: ----------
2018-03-15 10:47:14,421:INFO: - Train metrics: total_accuracy: 0.942485 ; loss: 0.173595
2018-03-15 10:47:14,422:INFO: 

2018-03-15 10:47:14,422:INFO: Metric Report for the dev set
2018-03-15 10:48:14,006:INFO: - Eval metrics : total_accuracy: 0.000000 ; loss: 0.188300
2018-03-15 10:48:14,024:INFO: ROC AUC is :
2018-03-15 10:48:14,024:INFO: [0.7288119364876725, 0.6917960088691796, 0.595448927662668, 0.7747420201705136, 0.6815442335925181, 0.7233782129742963, 0.5663997395833332, 0.5355258958908224, 0.6607027588336, 0.7298149518874909, 0.7819263764524789, 0.6245518889603824, 0.6392604505812053, 0.5890420853987774]
2018-03-15 10:48:14,024:INFO: Mean value of AUC: 
2018-03-15 10:48:14,024:INFO: 0.6659246776674956
2018-03-15 10:48:14,027:INFO: 

2018-03-15 10:48:14,027:INFO: Epoch 7/9
2018-03-15 10:48:14,027:INFO: ----------
2018-03-15 10:51:30,259:INFO: - Train metrics: total_accuracy: 0.944911 ; loss: 0.167165
2018-03-15 10:51:30,260:INFO: 

2018-03-15 10:51:30,261:INFO: Metric Report for the dev set
2018-03-15 10:52:29,995:INFO: - Eval metrics : total_accuracy: 0.000000 ; loss: 0.189076
2018-03-15 10:52:30,011:INFO: ROC AUC is :
2018-03-15 10:52:30,011:INFO: [0.7273799835101997, 0.6753048780487806, 0.610745183569611, 0.8117754470783947, 0.6728138763525637, 0.7231643117728844, 0.5952018229166667, 0.5366240543635373, 0.6627936347562515, 0.7498371576609918, 0.7338514388691784, 0.6715001378803199, 0.6351024464232011, 0.662368737076866]
2018-03-15 10:52:30,011:INFO: Mean value of AUC: 
2018-03-15 10:52:30,011:INFO: 0.6763187935913891
2018-03-15 10:52:30,014:INFO: 

2018-03-15 10:52:30,014:INFO: Epoch 8/9
2018-03-15 10:52:30,014:INFO: ----------
2018-03-15 10:55:46,750:INFO: - Train metrics: total_accuracy: 0.946823 ; loss: 0.162333
2018-03-15 10:55:46,751:INFO: 

2018-03-15 10:55:46,752:INFO: Metric Report for the dev set
2018-03-15 10:56:46,292:INFO: - Eval metrics : total_accuracy: 0.000000 ; loss: 0.191879
2018-03-15 10:56:46,304:INFO: ROC AUC is :
2018-03-15 10:56:46,304:INFO: [0.7216819596265859, 0.6771205710665641, 0.6071392221010542, 0.8061902162611769, 0.6657647762492523, 0.7157966037242576, 0.58984375, 0.5162846576936795, 0.6584154247705649, 0.7506883789785345, 0.7324435433913385, 0.6720286791065355, 0.6310882725977066, 0.6551633845292593]
2018-03-15 10:56:46,304:INFO: Mean value of AUC: 
2018-03-15 10:56:46,304:INFO: 0.671403531435465
2018-03-15 10:56:46,305:INFO: 

2018-03-15 10:56:46,306:INFO: Epoch 9/9
2018-03-15 10:56:46,306:INFO: ----------
2018-03-15 11:00:02,832:INFO: - Train metrics: total_accuracy: 0.947793 ; loss: 0.159097
2018-03-15 11:00:02,833:INFO: 

2018-03-15 11:00:02,833:INFO: Metric Report for the dev set
2018-03-15 11:01:02,625:INFO: - Eval metrics : total_accuracy: 0.000000 ; loss: 0.191725
2018-03-15 11:01:02,643:INFO: ROC AUC is :
2018-03-15 11:01:02,643:INFO: [0.7214925928881087, 0.6807943798361917, 0.6053944020356233, 0.8092183925972135, 0.6658235006253058, 0.7128138703045716, 0.5890950520833332, 0.5158529030804754, 0.6580646066627376, 0.7525906735751295, 0.7328752980045429, 0.676647669822594, 0.6275709671936087, 0.6555245550830241]
2018-03-15 11:01:02,643:INFO: Mean value of AUC: 
2018-03-15 11:01:02,643:INFO: 0.6716970616994615
2018-03-15 11:01:02,646:INFO: 

2018-03-15 11:01:02,646:INFO: Best eval loss: 0.183825
2018-03-15 11:01:02,646:INFO: Training complete in 42m 46s
