2018-03-16 00:34:55,071:INFO: Loading the datasets...
2018-03-16 00:34:57,403:INFO: Names of 14 diseases:
2018-03-16 00:34:57,419:INFO: Epoch 0/9
2018-03-16 00:34:57,419:INFO: ----------
2018-03-16 01:17:20,610:INFO: - Train metrics: total_accuracy: 0.930534 ; loss: 0.193582
2018-03-16 01:17:20,612:INFO: 

2018-03-16 01:17:20,613:INFO: Metric Report for the dev set
2018-03-16 01:51:27,415:INFO: - Eval metrics : total_accuracy: 0.000000 ; loss: 0.178238
2018-03-16 01:51:27,502:INFO: ROC AUC is :
2018-03-16 01:51:27,502:INFO: [0.7677022452567571, 0.7993986494499046, 0.8906659619621696, 0.8803742840195693, 0.6989902181016934, 0.8286639793126352, 0.7483772670558277, 0.7280448423921919, 0.8658088517452754, 0.8017708519172972, 0.8845497902516981, 0.902224130188839, 0.7749994847408123, 0.7846022127372554, 0.8007408634341054]
2018-03-16 01:51:27,502:INFO: average ROC_AUC scores :
2018-03-16 01:51:27,502:INFO: 0.8104609088377355
2018-03-16 01:51:27,506:INFO: Found better model!
2018-03-16 01:51:27,519:INFO: 

2018-03-16 01:51:27,519:INFO: Epoch 1/9
2018-03-16 01:51:27,519:INFO: ----------
2018-03-16 02:38:17,330:INFO: - Train metrics: total_accuracy: 0.934404 ; loss: 0.175963
2018-03-16 02:38:17,331:INFO: 

2018-03-16 02:38:17,331:INFO: Metric Report for the dev set
2018-03-16 03:13:18,351:INFO: - Eval metrics : total_accuracy: 0.000000 ; loss: 0.175730
2018-03-16 03:13:18,436:INFO: ROC AUC is :
2018-03-16 03:13:18,436:INFO: [0.7723637937860534, 0.8066900072991654, 0.8874520669493431, 0.8803625468278737, 0.7084491275643267, 0.8437880638828384, 0.7635342735902977, 0.7458401164587671, 0.8763895466320191, 0.8057869305761379, 0.8904677511985618, 0.9171136249187422, 0.795493705857203, 0.7926801888072353, 0.8378239104829213]
2018-03-16 03:13:18,436:INFO: average ROC_AUC scores :
2018-03-16 03:13:18,436:INFO: 0.821615710322099
2018-03-16 03:13:18,440:INFO: Found better model!
2018-03-16 03:13:18,453:INFO: 

2018-03-16 03:13:18,453:INFO: Epoch 2/9
2018-03-16 03:13:18,453:INFO: ----------
2018-03-16 03:59:03,838:INFO: - Train metrics: total_accuracy: 0.936030 ; loss: 0.169550
2018-03-16 03:59:03,840:INFO: 

2018-03-16 03:59:03,840:INFO: Metric Report for the dev set
2018-03-16 04:33:59,502:INFO: - Eval metrics : total_accuracy: 0.000000 ; loss: 0.175795
2018-03-16 04:33:59,587:INFO: ROC AUC is :
2018-03-16 04:33:59,587:INFO: [0.7725816935173685, 0.8130383134633825, 0.8900080671625856, 0.8803661031969574, 0.7135190103574256, 0.8473402539179721, 0.773505820647165, 0.751173168822751, 0.8795680354445422, 0.8070752494023994, 0.8967460297642829, 0.9166188295125417, 0.8036966321264801, 0.8003883481849194, 0.8311575709985604]
2018-03-16 04:33:59,587:INFO: average ROC_AUC scores :
2018-03-16 04:33:59,587:INFO: 0.8251188751012889
2018-03-16 04:33:59,591:INFO: 

2018-03-16 04:33:59,592:INFO: Epoch 3/9
2018-03-16 04:33:59,592:INFO: ----------
