2018-03-15 13:10:48,814:INFO: Loading the datasets...
2018-03-15 13:10:48,827:INFO: Names of 14 diseases:
2018-03-15 13:10:48,839:INFO: Epoch 0/9
2018-03-15 13:10:48,839:INFO: ----------
2018-03-15 13:14:07,402:INFO: - Train metrics: total_accuracy: 0.930080 ; loss: 2.569837
2018-03-15 13:14:07,403:INFO: 

2018-03-15 13:14:07,404:INFO: Metric Report for the dev set
2018-03-15 13:15:13,519:INFO: - Eval metrics : total_accuracy: 0.000000 ; loss: 0.151533
2018-03-15 13:15:13,532:INFO: ROC AUC is :
2018-03-15 13:15:13,532:INFO: [0.5769211947126254, 0.5876142585637358, 0.44364958197019266, 0.5708128639010189, 0.596110053830678, 0.552976197549643, 0.48447265624999997, 0.4923692065101087, 0.5548398866155876, 0.617660991857883, 0.6551406956880855, 0.5646313999448479, 0.3665581401430458, 0.4155357513701908]
2018-03-15 13:15:13,532:INFO: Mean value of AUC: 
2018-03-15 13:15:13,532:INFO: 0.5342352056362601
2018-03-15 13:15:13,534:INFO: Found better model!
2018-03-15 13:15:13,548:INFO: 

2018-03-15 13:15:13,548:INFO: Epoch 1/9
2018-03-15 13:15:13,548:INFO: ----------
2018-03-15 13:18:31,434:INFO: - Train metrics: total_accuracy: 0.932087 ; loss: 2.523908
2018-03-15 13:18:31,435:INFO: 

2018-03-15 13:18:31,436:INFO: Metric Report for the dev set
2018-03-15 13:19:37,796:INFO: - Eval metrics : total_accuracy: 0.000000 ; loss: 0.156207
2018-03-15 13:19:37,816:INFO: ROC AUC is :
2018-03-15 13:19:37,817:INFO: [0.58671719992553, 0.6123353997918457, 0.42414394765539803, 0.5817331435849449, 0.5508128976129628, 0.600159237561051, 0.543125, 0.5658988943327514, 0.5222138025876343, 0.5689970392301998, 0.6530194665014735, 0.5592195973894659, 0.5091593770839055, 0.573954185515255]
2018-03-15 13:19:37,817:INFO: Mean value of AUC: 
2018-03-15 13:19:37,817:INFO: 0.560820656340887
2018-03-15 13:19:37,820:INFO: 

2018-03-15 13:19:37,820:INFO: Epoch 2/9
2018-03-15 13:19:37,820:INFO: ----------
2018-03-15 13:22:56,951:INFO: - Train metrics: total_accuracy: 0.932277 ; loss: 2.516812
2018-03-15 13:22:56,953:INFO: 

2018-03-15 13:22:56,953:INFO: Metric Report for the dev set
2018-03-15 13:24:03,106:INFO: - Eval metrics : total_accuracy: 0.000000 ; loss: 0.151134
2018-03-15 13:24:03,118:INFO: ROC AUC is :
2018-03-15 13:24:03,118:INFO: [0.512399265937924, 0.54273100592787, 0.4889131225009087, 0.4968028696194635, 0.578646076885433, 0.5477653266152511, 0.5178678385416666, 0.5351410711268796, 0.489840307597317, 0.5962324204293116, 0.6517617465412701, 0.5478674510524865, 0.5769884543469449, 0.5562026527977174]
2018-03-15 13:24:03,118:INFO: Mean value of AUC: 
2018-03-15 13:24:03,118:INFO: 0.5456542578514603
2018-03-15 13:24:03,121:INFO: Found better model!
2018-03-15 13:24:03,148:INFO: 

2018-03-15 13:24:03,148:INFO: Epoch 3/9
2018-03-15 13:24:03,149:INFO: ----------
2018-03-15 13:27:21,257:INFO: - Train metrics: total_accuracy: 0.933904 ; loss: 2.493233
2018-03-15 13:27:21,258:INFO: 

2018-03-15 13:27:21,258:INFO: Metric Report for the dev set
2018-03-15 13:28:27,456:INFO: - Eval metrics : total_accuracy: 0.000000 ; loss: 0.149721
2018-03-15 13:28:27,477:INFO: ROC AUC is :
2018-03-15 13:28:27,477:INFO: [0.5817213223755952, 0.6018654690257479, 0.6293275172664485, 0.600483793408193, 0.6182600184873036, 0.5879074520801892, 0.4552571614583333, 0.5387546695200015, 0.524802840223401, 0.6295188749074759, 0.7361040716337219, 0.48625792811839325, 0.5723531949947045, 0.5339003711027439]
2018-03-15 13:28:27,477:INFO: Mean value of AUC: 
2018-03-15 13:28:27,477:INFO: 0.5783224774715895
2018-03-15 13:28:27,481:INFO: Found better model!
2018-03-15 13:28:27,505:INFO: 

2018-03-15 13:28:27,506:INFO: Epoch 4/9
2018-03-15 13:28:27,506:INFO: ----------
2018-03-15 13:31:45,711:INFO: - Train metrics: total_accuracy: 0.933723 ; loss: 2.482371
2018-03-15 13:31:45,713:INFO: 

2018-03-15 13:31:45,713:INFO: Metric Report for the dev set
2018-03-15 13:32:51,673:INFO: - Eval metrics : total_accuracy: 0.000000 ; loss: 0.149689
2018-03-15 13:32:51,693:INFO: ROC AUC is :
2018-03-15 13:32:51,693:INFO: [0.594853054602516, 0.605341305036427, 0.6874736459469283, 0.6103269910584321, 0.6345495079114785, 0.6147164026571282, 0.48809895833333333, 0.5095079874603443, 0.5217156408745194, 0.6372316802368616, 0.7552326781926376, 0.5189125838771946, 0.6070555315838335, 0.5869202083954095]
2018-03-15 13:32:51,693:INFO: Mean value of AUC: 
2018-03-15 13:32:51,693:INFO: 0.5979954411547889
2018-03-15 13:32:51,696:INFO: Found better model!
2018-03-15 13:32:51,722:INFO: 

2018-03-15 13:32:51,722:INFO: Epoch 5/9
2018-03-15 13:32:51,723:INFO: ----------
2018-03-15 13:36:10,370:INFO: - Train metrics: total_accuracy: 0.934189 ; loss: 2.476865
2018-03-15 13:36:10,372:INFO: 

2018-03-15 13:36:10,372:INFO: Metric Report for the dev set
2018-03-15 13:37:16,506:INFO: - Eval metrics : total_accuracy: 0.000000 ; loss: 0.149621
2018-03-15 13:37:16,524:INFO: ROC AUC is :
2018-03-15 13:37:16,524:INFO: [0.5985563445836326, 0.6054798859676909, 0.6415848782260997, 0.6355872452692868, 0.632592028709695, 0.6204679682950887, 0.5057682291666666, 0.5268157158679206, 0.49806348404479245, 0.6407623982235381, 0.7385631957350153, 0.5377102674878205, 0.6167444658010696, 0.5877418714052243]
2018-03-15 13:37:16,524:INFO: Mean value of AUC: 
2018-03-15 13:37:16,524:INFO: 0.5990312841988243
2018-03-15 13:37:16,528:INFO: Found better model!
2018-03-15 13:37:16,551:INFO: 

2018-03-15 13:37:16,552:INFO: Epoch 6/9
2018-03-15 13:37:16,552:INFO: ----------
2018-03-15 13:40:35,210:INFO: - Train metrics: total_accuracy: 0.934056 ; loss: 2.471428
2018-03-15 13:40:35,212:INFO: 

2018-03-15 13:40:35,212:INFO: Metric Report for the dev set
2018-03-15 13:41:41,508:INFO: - Eval metrics : total_accuracy: 0.000000 ; loss: 0.149723
2018-03-15 13:41:41,526:INFO: ROC AUC is :
2018-03-15 13:41:41,527:INFO: [0.5990505066624112, 0.6075091067469116, 0.656415848782261, 0.6320830734040341, 0.6350638899461692, 0.6201352330928925, 0.5031640625, 0.5349439657599819, 0.4972215205860066, 0.6400814211695041, 0.732105648476657, 0.5313447927199191, 0.6088468729978163, 0.5946311997182868]
2018-03-15 13:41:41,527:INFO: Mean value of AUC: 
2018-03-15 13:41:41,527:INFO: 0.5994712244687751
2018-03-15 13:41:41,530:INFO: 

2018-03-15 13:41:41,530:INFO: Epoch 7/9
2018-03-15 13:41:41,531:INFO: ----------
2018-03-15 13:44:59,962:INFO: - Train metrics: total_accuracy: 0.934256 ; loss: 2.469240
2018-03-15 13:44:59,964:INFO: 

2018-03-15 13:44:59,964:INFO: Metric Report for the dev set
2018-03-15 13:46:06,014:INFO: - Eval metrics : total_accuracy: 0.000000 ; loss: 0.149798
2018-03-15 13:46:06,032:INFO: ROC AUC is :
2018-03-15 13:46:06,032:INFO: [0.6013670576345116, 0.6112069550658401, 0.6432860777898946, 0.6333599760865045, 0.63661464846936, 0.6124704400423049, 0.501357421875, 0.5384730904244335, 0.48611111111111116, 0.6443745373797188, 0.729195997822455, 0.5237154150197628, 0.6131617829731038, 0.5898005435616834]
2018-03-15 13:46:06,032:INFO: Mean value of AUC: 
2018-03-15 13:46:06,033:INFO: 0.597463932518263
2018-03-15 13:46:06,035:INFO: 

2018-03-15 13:46:06,036:INFO: Epoch 8/9
2018-03-15 13:46:06,036:INFO: ----------
2018-03-15 13:49:24,573:INFO: - Train metrics: total_accuracy: 0.934218 ; loss: 2.467177
2018-03-15 13:49:24,574:INFO: 

2018-03-15 13:49:24,574:INFO: Metric Report for the dev set
2018-03-15 13:50:30,346:INFO: - Eval metrics : total_accuracy: 0.000000 ; loss: 0.149878
2018-03-15 13:50:30,364:INFO: ROC AUC is :
2018-03-15 13:50:30,364:INFO: [0.6015346152823214, 0.6117612787908957, 0.6457579062159214, 0.6337076315242255, 0.636994181936817, 0.612803175244501, 0.5006315104166666, 0.5402939685757729, 0.48418511969913836, 0.6437231680236861, 0.7290645942445233, 0.524197996139351, 0.6123772538866878, 0.5903874457115511]
2018-03-15 13:50:30,365:INFO: Mean value of AUC: 
2018-03-15 13:50:30,365:INFO: 0.5976728461208615
2018-03-15 13:50:30,367:INFO: 

2018-03-15 13:50:30,368:INFO: Epoch 9/9
2018-03-15 13:50:30,368:INFO: ----------
2018-03-15 13:53:48,284:INFO: - Train metrics: total_accuracy: 0.934342 ; loss: 2.467103
2018-03-15 13:53:48,285:INFO: 

2018-03-15 13:53:48,286:INFO: Metric Report for the dev set
2018-03-15 13:54:54,309:INFO: - Eval metrics : total_accuracy: 0.000000 ; loss: 0.149876
2018-03-15 13:54:54,323:INFO: ROC AUC is :
2018-03-15 13:54:54,323:INFO: [0.601735684459693, 0.6118404678944749, 0.6412068338785896, 0.6340910272405904, 0.6364732749714535, 0.6115197680360305, 0.5006380208333333, 0.539055020555274, 0.48348348348348347, 0.6433900814211695, 0.7278444181637289, 0.5234166743266844, 0.6130964055492357, 0.5899720995747216]
2018-03-15 13:54:54,323:INFO: Mean value of AUC: 
2018-03-15 13:54:54,323:INFO: 0.5969830900277472
2018-03-15 13:54:54,327:INFO: 

2018-03-15 13:54:54,327:INFO: Best eval loss: 0.149621
2018-03-15 13:54:54,327:INFO: Training complete in 44m 6s
