2018-03-15 20:51:37,590:INFO: Loading the datasets...
2018-03-15 20:51:37,606:INFO: Names of 14 diseases:
2018-03-15 20:51:37,618:INFO: Epoch 0/9
2018-03-15 20:51:37,618:INFO: ----------
2018-03-15 20:54:54,392:INFO: - Train metrics: total_accuracy: 0.921338 ; loss: 0.250065
2018-03-15 20:54:54,393:INFO: 

2018-03-15 20:54:54,393:INFO: Metric Report for the dev set
2018-03-15 20:55:55,361:INFO: - Eval metrics : total_accuracy: 0.000000 ; loss: 0.515627
2018-03-15 20:55:55,378:INFO: ROC AUC is :
2018-03-15 20:55:55,378:INFO: [0.6625841112795554, 0.6421557536540115, 0.5981097782624499, 0.7219698741942191, 0.6734522320700342, 0.6724340768380649, 0.5130013020833333, 0.47064068630211553, 0.6137352305576604, 0.7138712065136935, 0.7696495278857164, 0.5882204246713852, 0.49496593836216485, 0.5462433747776544]
2018-03-15 20:55:55,378:INFO: Mean value of AUC: 
2018-03-15 20:55:55,378:INFO: 0.6200738226751471
2018-03-15 20:55:55,380:INFO: Found better model!
2018-03-15 20:55:55,403:INFO: 

2018-03-15 20:55:55,403:INFO: Epoch 1/9
2018-03-15 20:55:55,403:INFO: ----------
2018-03-15 20:59:12,581:INFO: - Train metrics: total_accuracy: 0.932810 ; loss: 0.197700
2018-03-15 20:59:12,582:INFO: 

2018-03-15 20:59:12,582:INFO: Metric Report for the dev set
2018-03-15 21:00:13,727:INFO: - Eval metrics : total_accuracy: 0.000000 ; loss: 0.522619
2018-03-15 21:00:13,740:INFO: ROC AUC is :
2018-03-15 21:00:13,740:INFO: [0.6130939652650336, 0.594531992397846, 0.6127081061432207, 0.6998661364108961, 0.6179500842803546, 0.6052215659944623, 0.5515104166666667, 0.5006288599801016, 0.5806250175409053, 0.6553293856402664, 0.7134838842897636, 0.6161182093942458, 0.4992873860798389, 0.5463607552076278]
2018-03-15 21:00:13,741:INFO: Mean value of AUC: 
2018-03-15 21:00:13,741:INFO: 0.6004796975208021
2018-03-15 21:00:13,743:INFO: 

2018-03-15 21:00:13,743:INFO: Epoch 2/9
2018-03-15 21:00:13,743:INFO: ----------
2018-03-15 21:03:30,563:INFO: - Train metrics: total_accuracy: 0.932810 ; loss: 0.197369
2018-03-15 21:03:30,564:INFO: 

2018-03-15 21:03:30,564:INFO: Metric Report for the dev set
2018-03-15 21:04:31,836:INFO: - Eval metrics : total_accuracy: 0.000000 ; loss: 0.481606
2018-03-15 21:04:31,853:INFO: ROC AUC is :
2018-03-15 21:04:31,854:INFO: [0.5795877549934838, 0.5642096361826328, 0.5953762268266085, 0.6076350982532751, 0.5963786634767007, 0.6489405948830079, 0.49347005208333333, 0.48863359050890726, 0.5893884538744352, 0.6011658031088082, 0.651048412832498, 0.44013696111774975, 0.44662587115417307, 0.5062979115312729]
2018-03-15 21:04:31,854:INFO: Mean value of AUC: 
2018-03-15 21:04:31,854:INFO: 0.5577782164876347
2018-03-15 21:04:31,856:INFO: Found better model!
2018-03-15 21:04:31,880:INFO: 

2018-03-15 21:04:31,880:INFO: Epoch 3/9
2018-03-15 21:04:31,880:INFO: ----------
2018-03-15 21:07:48,819:INFO: - Train metrics: total_accuracy: 0.932810 ; loss: 0.197216
2018-03-15 21:07:48,821:INFO: 

2018-03-15 21:07:48,821:INFO: Metric Report for the dev set
2018-03-15 21:08:51,368:INFO: - Eval metrics : total_accuracy: 0.000000 ; loss: 0.486275
2018-03-15 21:08:51,382:INFO: ROC AUC is :
2018-03-15 21:08:51,382:INFO: [0.5818894119524456, 0.557101000045251, 0.5628644129407488, 0.5839587882096069, 0.5768615083464739, 0.5946572233247377, 0.4907747395833334, 0.49291359276154006, 0.6327355392775954, 0.6264914877868245, 0.6423945486287097, 0.4841897233201581, 0.4100341270152591, 0.48176540166680204]
2018-03-15 21:08:51,382:INFO: Mean value of AUC: 
2018-03-15 21:08:51,383:INFO: 0.5513308217756776
2018-03-15 21:08:51,385:INFO: 

2018-03-15 21:08:51,385:INFO: Epoch 4/9
2018-03-15 21:08:51,385:INFO: ----------
2018-03-15 21:12:08,243:INFO: - Train metrics: total_accuracy: 0.932810 ; loss: 0.197125
2018-03-15 21:12:08,244:INFO: 

2018-03-15 21:12:08,245:INFO: Metric Report for the dev set
2018-03-15 21:13:11,546:INFO: - Eval metrics : total_accuracy: 0.000000 ; loss: 0.506109
2018-03-15 21:13:11,564:INFO: ROC AUC is :
2018-03-15 21:13:11,564:INFO: [0.5742195271150828, 0.5738523236345535, 0.5615557978916756, 0.5984254782699107, 0.6100212060246861, 0.5617877387077991, 0.5087630208333334, 0.4315668938071371, 0.5586111812747327, 0.617461139896373, 0.7236582756096187, 0.4848101847596286, 0.4103087121955047, 0.4266733483219113]
2018-03-15 21:13:11,565:INFO: Mean value of AUC: 
2018-03-15 21:13:11,565:INFO: 0.5458367734529963
2018-03-15 21:13:11,568:INFO: 

2018-03-15 21:13:11,568:INFO: Epoch 5/9
2018-03-15 21:13:11,568:INFO: ----------
2018-03-15 21:16:27,919:INFO: - Train metrics: total_accuracy: 0.932810 ; loss: 0.196946
2018-03-15 21:16:27,920:INFO: 

2018-03-15 21:16:27,920:INFO: Metric Report for the dev set
2018-03-15 21:17:29,427:INFO: - Eval metrics : total_accuracy: 0.000000 ; loss: 0.474485
2018-03-15 21:17:29,444:INFO: ROC AUC is :
2018-03-15 21:17:29,444:INFO: [0.6089810899226044, 0.5983076157292185, 0.5860123591421301, 0.6228490850488667, 0.6358240443695287, 0.6091549714204227, 0.49789713541666664, 0.4393572487845169, 0.5990640172883164, 0.6637897853441895, 0.7620093484259729, 0.5167064987590771, 0.403627139476196, 0.4427770403878972]
2018-03-15 21:17:29,444:INFO: Mean value of AUC: 
2018-03-15 21:17:29,444:INFO: 0.5704540985368288
2018-03-15 21:17:29,447:INFO: Found better model!
2018-03-15 21:17:29,473:INFO: 

2018-03-15 21:17:29,473:INFO: Epoch 6/9
2018-03-15 21:17:29,473:INFO: ----------
2018-03-15 21:20:45,520:INFO: - Train metrics: total_accuracy: 0.932810 ; loss: 0.196848
2018-03-15 21:20:45,521:INFO: 

2018-03-15 21:20:45,522:INFO: Metric Report for the dev set
2018-03-15 21:21:47,860:INFO: - Eval metrics : total_accuracy: 0.000000 ; loss: 0.489734
2018-03-15 21:21:47,880:INFO: ROC AUC is :
2018-03-15 21:21:47,880:INFO: [0.6183010186441129, 0.6032724897054166, 0.5800799709196656, 0.6334769442711583, 0.6412603991082595, 0.6110087818326579, 0.49693359375, 0.4510146233410298, 0.609637675058236, 0.6685936343449297, 0.7700625105592162, 0.5006204614394705, 0.4525425280142261, 0.44794177930673307]
2018-03-15 21:21:47,880:INFO: Mean value of AUC: 
2018-03-15 21:21:47,881:INFO: 0.5774818864496509
2018-03-15 21:21:47,883:INFO: 

2018-03-15 21:21:47,883:INFO: Epoch 7/9
2018-03-15 21:21:47,883:INFO: ----------
2018-03-15 21:25:04,347:INFO: - Train metrics: total_accuracy: 0.932810 ; loss: 0.196817
2018-03-15 21:25:04,348:INFO: 

2018-03-15 21:25:04,348:INFO: Metric Report for the dev set
2018-03-15 21:26:06,723:INFO: - Eval metrics : total_accuracy: 0.000000 ; loss: 0.506091
2018-03-15 21:26:06,735:INFO: ROC AUC is :
2018-03-15 21:26:06,736:INFO: [0.6276044575653608, 0.606659237974569, 0.6172591784805526, 0.6454466885007277, 0.6449034854004676, 0.6275267079416763, 0.47896484375, 0.45418708115109535, 0.5944402346271505, 0.675980754996299, 0.7721837397458279, 0.4766522658332568, 0.4831718510963794, 0.4413142996451499]
2018-03-15 21:26:06,736:INFO: Mean value of AUC: 
2018-03-15 21:26:06,736:INFO: 0.5818782019077509
2018-03-15 21:26:06,738:INFO: 

2018-03-15 21:26:06,738:INFO: Epoch 8/9
2018-03-15 21:26:06,738:INFO: ----------
2018-03-15 21:29:22,622:INFO: - Train metrics: total_accuracy: 0.932810 ; loss: 0.196745
2018-03-15 21:29:22,623:INFO: 

2018-03-15 21:29:22,623:INFO: Metric Report for the dev set
2018-03-15 21:30:23,814:INFO: - Eval metrics : total_accuracy: 0.000000 ; loss: 0.501085
2018-03-15 21:30:23,826:INFO: ROC AUC is :
2018-03-15 21:30:23,826:INFO: [0.6291076890342828, 0.6062095569935291, 0.6190476190476191, 0.6470598747140778, 0.6448675982817683, 0.6245202077218333, 0.48121744791666665, 0.4591241012933866, 0.5957382616261121, 0.6834566987416728, 0.7732725122486906, 0.48232833900174654, 0.48408059728814445, 0.43786512085669654]
2018-03-15 21:30:23,826:INFO: Mean value of AUC: 
2018-03-15 21:30:23,826:INFO: 0.5834211160547306
2018-03-15 21:30:23,828:INFO: 

2018-03-15 21:30:23,828:INFO: Epoch 9/9
2018-03-15 21:30:23,828:INFO: ----------
2018-03-15 21:33:40,332:INFO: - Train metrics: total_accuracy: 0.932810 ; loss: 0.196742
2018-03-15 21:33:40,333:INFO: 

2018-03-15 21:33:40,333:INFO: Metric Report for the dev set
2018-03-15 21:34:43,431:INFO: - Eval metrics : total_accuracy: 0.000000 ; loss: 0.501457
2018-03-15 21:34:43,447:INFO: ROC AUC is :
2018-03-15 21:34:43,447:INFO: [0.6321056411074762, 0.6120242997420697, 0.6228789531079607, 0.6554279735911832, 0.6463835571747051, 0.6273246901403429, 0.48261718750000004, 0.4595933997859999, 0.5942507928489237, 0.6883567727609179, 0.7770832160087101, 0.48287986028127583, 0.4939133618378901, 0.4370886041661023]
2018-03-15 21:34:43,447:INFO: Mean value of AUC: 
2018-03-15 21:34:43,448:INFO: 0.5865663078609684
2018-03-15 21:34:43,450:INFO: 

2018-03-15 21:34:43,451:INFO: Best eval loss: 0.474485
2018-03-15 21:34:43,451:INFO: Training complete in 43m 6s
