2018-03-15 21:34:43,529:INFO: Loading the datasets...
2018-03-15 21:34:43,545:INFO: Names of 14 diseases:
2018-03-15 21:34:43,558:INFO: Epoch 0/9
2018-03-15 21:34:43,558:INFO: ----------
2018-03-15 21:38:01,882:INFO: - Train metrics: total_accuracy: 0.930622 ; loss: 0.229229
2018-03-15 21:38:01,884:INFO: 

2018-03-15 21:38:01,884:INFO: Metric Report for the dev set
2018-03-15 21:39:04,787:INFO: - Eval metrics : total_accuracy: 0.000000 ; loss: 0.328706
2018-03-15 21:39:04,799:INFO: ROC AUC is :
2018-03-15 21:39:04,799:INFO: [0.6629559296789809, 0.6185149780533056, 0.5543874954561978, 0.735427713661884, 0.6412571366429233, 0.6825587337048877, 0.5522591145833333, 0.5315837885528711, 0.6389520361482979, 0.6890007401924501, 0.7403653019466501, 0.5935058369335418, 0.5640371866786961, 0.6088793780643064]
2018-03-15 21:39:04,799:INFO: Mean value of AUC: 
2018-03-15 21:39:04,799:INFO: 0.6295489550213089
2018-03-15 21:39:04,801:INFO: Found better model!
2018-03-15 21:39:04,815:INFO: 

2018-03-15 21:39:04,815:INFO: Epoch 1/9
2018-03-15 21:39:04,815:INFO: ----------
2018-03-15 21:42:23,144:INFO: - Train metrics: total_accuracy: 0.932810 ; loss: 0.196827
2018-03-15 21:42:23,145:INFO: 

2018-03-15 21:42:23,145:INFO: Metric Report for the dev set
2018-03-15 21:43:23,717:INFO: - Eval metrics : total_accuracy: 0.000000 ; loss: 0.336119
2018-03-15 21:43:23,734:INFO: ROC AUC is :
2018-03-15 21:43:23,734:INFO: [0.6723551158275486, 0.6418276845106115, 0.5582842602689931, 0.7939800374298189, 0.6496394975803383, 0.6870387755344559, 0.5640559895833334, 0.5032006157196224, 0.6329109483315091, 0.705099925980755, 0.728632839631319, 0.6422005699053221, 0.5806692033107128, 0.6089064658558387]
2018-03-15 21:43:23,735:INFO: Mean value of AUC: 
2018-03-15 21:43:23,735:INFO: 0.64062870924787
2018-03-15 21:43:23,737:INFO: 

2018-03-15 21:43:23,737:INFO: Epoch 2/9
2018-03-15 21:43:23,738:INFO: ----------
2018-03-15 21:46:42,277:INFO: - Train metrics: total_accuracy: 0.932962 ; loss: 0.195936
2018-03-15 21:46:42,279:INFO: 

2018-03-15 21:46:42,279:INFO: Metric Report for the dev set
2018-03-15 21:47:44,331:INFO: - Eval metrics : total_accuracy: 0.000000 ; loss: 0.259109
2018-03-15 21:47:44,343:INFO: ROC AUC is :
2018-03-15 21:47:44,343:INFO: [0.6614473789196521, 0.6600355219693199, 0.6055398037077426, 0.7253457059679768, 0.6741862867707031, 0.6736818338463, 0.46002278645833333, 0.4917309605601547, 0.6180573096460946, 0.7050629163582532, 0.776895496611665, 0.6016407758065998, 0.5103230952287556, 0.46957589547724177]
2018-03-15 21:47:44,343:INFO: Mean value of AUC: 
2018-03-15 21:47:44,343:INFO: 0.6166818405234852
2018-03-15 21:47:44,345:INFO: Found better model!
2018-03-15 21:47:44,360:INFO: 

2018-03-15 21:47:44,360:INFO: Epoch 3/9
2018-03-15 21:47:44,360:INFO: ----------
2018-03-15 21:51:02,520:INFO: - Train metrics: total_accuracy: 0.935750 ; loss: 0.190827
2018-03-15 21:51:02,521:INFO: 

2018-03-15 21:51:02,521:INFO: Metric Report for the dev set
2018-03-15 21:52:03,778:INFO: - Eval metrics : total_accuracy: 0.000000 ; loss: 0.293975
2018-03-15 21:52:03,796:INFO: ROC AUC is :
2018-03-15 21:52:03,796:INFO: [0.6832000851086466, 0.6717922756685822, 0.5904907306434024, 0.7428909336660428, 0.6614583220053287, 0.6592435027510072, 0.50484375, 0.5606239792757786, 0.6133563470012068, 0.6980606957809029, 0.749788815678324, 0.59065631032264, 0.5803684671609199, 0.5151375608346651]
2018-03-15 21:52:03,797:INFO: Mean value of AUC: 
2018-03-15 21:52:03,797:INFO: 0.6301365554212461
2018-03-15 21:52:03,799:INFO: 

2018-03-15 21:52:03,799:INFO: Epoch 4/9
2018-03-15 21:52:03,799:INFO: ----------
2018-03-15 21:55:22,016:INFO: - Train metrics: total_accuracy: 0.937300 ; loss: 0.187387
2018-03-15 21:55:22,017:INFO: 

2018-03-15 21:55:22,017:INFO: Metric Report for the dev set
2018-03-15 21:56:22,190:INFO: - Eval metrics : total_accuracy: 0.000000 ; loss: 0.269300
2018-03-15 21:56:22,202:INFO: ROC AUC is :
2018-03-15 21:56:22,202:INFO: [0.7023075081784089, 0.690373433187022, 0.5683315158124318, 0.7856070648783531, 0.6884867598281768, 0.6740502192487314, 0.5073307291666667, 0.5389799327964558, 0.6262173388341613, 0.7445521835677277, 0.7697997034033526, 0.5652173913043478, 0.5906327227081944, 0.5337829906727705]
2018-03-15 21:56:22,202:INFO: Mean value of AUC: 
2018-03-15 21:56:22,202:INFO: 0.6418335352562001
2018-03-15 21:56:22,203:INFO: 

2018-03-15 21:56:22,203:INFO: Epoch 5/9
2018-03-15 21:56:22,203:INFO: ----------
2018-03-15 21:59:40,029:INFO: - Train metrics: total_accuracy: 0.938936 ; loss: 0.183436
2018-03-15 21:59:40,030:INFO: 

2018-03-15 21:59:40,030:INFO: Metric Report for the dev set
2018-03-15 22:00:41,580:INFO: - Eval metrics : total_accuracy: 0.000000 ; loss: 0.263067
2018-03-15 22:00:41,596:INFO: ROC AUC is :
2018-03-15 22:00:41,597:INFO: [0.70865820899492, 0.6837243766686274, 0.5523809523809524, 0.7893549204616344, 0.6896112228807569, 0.6871813763353971, 0.51966796875, 0.5464887086782677, 0.6342300244169403, 0.7413693560325685, 0.7614274182951324, 0.5751677543891903, 0.6038651132990756, 0.561719533006474]
2018-03-15 22:00:41,597:INFO: Mean value of AUC: 
2018-03-15 22:00:41,597:INFO: 0.6467747810421384
2018-03-15 22:00:41,599:INFO: 

2018-03-15 22:00:41,600:INFO: Epoch 6/9
2018-03-15 22:00:41,600:INFO: ----------
2018-03-15 22:03:59,954:INFO: - Train metrics: total_accuracy: 0.939374 ; loss: 0.182436
2018-03-15 22:03:59,955:INFO: 

2018-03-15 22:03:59,955:INFO: Metric Report for the dev set
2018-03-15 22:05:03,105:INFO: - Eval metrics : total_accuracy: 0.000000 ; loss: 0.263237
2018-03-15 22:05:03,121:INFO: ROC AUC is :
2018-03-15 22:05:03,121:INFO: [0.7099593074283891, 0.6861594416036925, 0.5554343874954563, 0.7934569297151175, 0.6883714860529606, 0.6959156753930433, 0.5283138020833333, 0.5434101105667248, 0.6363770312368443, 0.7460695780903036, 0.7644121567081527, 0.5848423568342678, 0.5908027040102513, 0.5717420158734458]
2018-03-15 22:05:03,122:INFO: Mean value of AUC: 
2018-03-15 22:05:03,122:INFO: 0.6496619273637131
2018-03-15 22:05:03,124:INFO: 

2018-03-15 22:05:03,125:INFO: Epoch 7/9
2018-03-15 22:05:03,125:INFO: ----------
2018-03-15 22:08:21,298:INFO: - Train metrics: total_accuracy: 0.939583 ; loss: 0.181879
2018-03-15 22:08:21,299:INFO: 

2018-03-15 22:08:21,299:INFO: Metric Report for the dev set
2018-03-15 22:09:21,467:INFO: - Eval metrics : total_accuracy: 0.000000 ; loss: 0.265341
2018-03-15 22:09:21,484:INFO: ROC AUC is :
2018-03-15 22:09:21,484:INFO: [0.7102837841431954, 0.6859133897461422, 0.5532242820792439, 0.794132745893117, 0.688467185036159, 0.697472400803318, 0.52974609375, 0.5419834431491806, 0.6371488310740647, 0.7476980014803849, 0.7648814552007659, 0.5895532677635812, 0.5877691915427765, 0.5723830936063783]
2018-03-15 22:09:21,484:INFO: Mean value of AUC: 
2018-03-15 22:09:21,484:INFO: 0.6500469403763077
2018-03-15 22:09:21,487:INFO: 

2018-03-15 22:09:21,487:INFO: Epoch 8/9
2018-03-15 22:09:21,487:INFO: ----------
2018-03-15 22:12:39,504:INFO: - Train metrics: total_accuracy: 0.939850 ; loss: 0.181651
2018-03-15 22:12:39,505:INFO: 

2018-03-15 22:12:39,506:INFO: Metric Report for the dev set
2018-03-15 22:13:39,742:INFO: - Eval metrics : total_accuracy: 0.000000 ; loss: 0.263296
2018-03-15 22:13:39,755:INFO: ROC AUC is :
2018-03-15 22:13:39,755:INFO: [0.7103380409053432, 0.6851441241685143, 0.5538785896037804, 0.7944933977957995, 0.6888173563155892, 0.6978407862057492, 0.52919921875, 0.5417018640536126, 0.6381451545002947, 0.7494078460399703, 0.7665521578344691, 0.5912078316021694, 0.5841080558061691, 0.5708571480167222]
2018-03-15 22:13:39,755:INFO: Mean value of AUC: 
2018-03-15 22:13:39,755:INFO: 0.6501208265427273
2018-03-15 22:13:39,757:INFO: 

2018-03-15 22:13:39,757:INFO: Epoch 9/9
2018-03-15 22:13:39,757:INFO: ----------
2018-03-15 22:16:57,719:INFO: - Train metrics: total_accuracy: 0.939783 ; loss: 0.181674
2018-03-15 22:16:57,720:INFO: 

2018-03-15 22:16:57,721:INFO: Metric Report for the dev set
2018-03-15 22:17:57,769:INFO: - Eval metrics : total_accuracy: 0.000000 ; loss: 0.262359
2018-03-15 22:17:57,784:INFO: ROC AUC is :
2018-03-15 22:17:57,784:INFO: [0.7100635655203597, 0.684479501334902, 0.5529334787350054, 0.7938858130588479, 0.6888499809689521, 0.6974486340031609, 0.5287955729166667, 0.541964671209476, 0.6383486290028346, 0.749637305699482, 0.7666647894726962, 0.5917593528816987, 0.5836373383543194, 0.5702973336583869]
2018-03-15 22:17:57,784:INFO: Mean value of AUC: 
2018-03-15 22:17:57,785:INFO: 0.6499118547726276
2018-03-15 22:17:57,787:INFO: 

2018-03-15 22:17:57,787:INFO: Best eval loss: 0.259109
2018-03-15 22:17:57,787:INFO: Training complete in 43m 14s
