2018-03-15 11:43:55,551:INFO: Loading the datasets...
2018-03-15 11:43:55,563:INFO: Names of 14 diseases:
2018-03-15 11:43:55,575:INFO: Epoch 0/9
2018-03-15 11:43:55,575:INFO: ----------
2018-03-15 11:47:12,589:INFO: - Train metrics: total_accuracy: 0.919968 ; loss: 0.263527
2018-03-15 11:47:12,590:INFO: 

2018-03-15 11:47:12,591:INFO: Metric Report for the dev set
2018-03-15 11:48:12,787:INFO: - Eval metrics : total_accuracy: 0.000000 ; loss: 0.257325
2018-03-15 11:48:12,805:INFO: ROC AUC is :
2018-03-15 11:48:12,805:INFO: [0.6950301869730577, 0.6849602923209195, 0.6157906215921483, 0.7659596589727594, 0.6783557174705019, 0.6969970648001806, 0.5148242187500001, 0.4882018358957031, 0.6394572142235694, 0.7319022945965951, 0.8080381445814796, 0.5735131905506021, 0.5727846859922332, 0.5671551498406334]
2018-03-15 11:48:12,805:INFO: Mean value of AUC: 
2018-03-15 11:48:12,805:INFO: 0.645212162611456
2018-03-15 11:48:12,807:INFO: Found better model!
2018-03-15 11:48:12,832:INFO: 

2018-03-15 11:48:12,832:INFO: Epoch 1/9
2018-03-15 11:48:12,833:INFO: ----------
2018-03-15 11:51:29,692:INFO: - Train metrics: total_accuracy: 0.935255 ; loss: 0.192329
2018-03-15 11:51:29,694:INFO: 

2018-03-15 11:51:29,694:INFO: Metric Report for the dev set
2018-03-15 11:52:29,844:INFO: - Eval metrics : total_accuracy: 0.000000 ; loss: 0.248781
2018-03-15 11:52:29,856:INFO: ROC AUC is :
2018-03-15 11:52:29,856:INFO: [0.713923242639432, 0.6769508801303226, 0.5983715012722647, 0.7996854855479311, 0.6885737589038117, 0.7304607194210407, 0.5270833333333333, 0.4920688554748362, 0.6794855603266817, 0.7451443375277572, 0.7782658482100955, 0.604122621564482, 0.6144954824200107, 0.6025679226372673]
2018-03-15 11:52:29,856:INFO: Mean value of AUC: 
2018-03-15 11:52:29,856:INFO: 0.6607999678149475
2018-03-15 11:52:29,858:INFO: Found better model!
2018-03-15 11:52:29,875:INFO: 

2018-03-15 11:52:29,876:INFO: Epoch 2/9
2018-03-15 11:52:29,876:INFO: ----------
2018-03-15 11:55:46,881:INFO: - Train metrics: total_accuracy: 0.939536 ; loss: 0.183659
2018-03-15 11:55:46,882:INFO: 

2018-03-15 11:55:46,883:INFO: Metric Report for the dev set
2018-03-15 11:56:46,980:INFO: - Eval metrics : total_accuracy: 0.000000 ; loss: 0.208642
2018-03-15 11:56:46,998:INFO: ROC AUC is :
2018-03-15 11:56:46,998:INFO: [0.7206457618553685, 0.6941603692474773, 0.5989967284623774, 0.8204473383239759, 0.6872252732314719, 0.7243526517807275, 0.5249283854166666, 0.49124289012783684, 0.692086946759844, 0.7381125092524056, 0.7925137504458335, 0.6072708888684621, 0.6007008459838649, 0.5858366967341153]
2018-03-15 11:56:46,998:INFO: Mean value of AUC: 
2018-03-15 11:56:46,998:INFO: 0.6627515026064589
2018-03-15 11:56:47,001:INFO: Found better model!
2018-03-15 11:56:47,027:INFO: 

2018-03-15 11:56:47,027:INFO: Epoch 3/9
2018-03-15 11:56:47,027:INFO: ----------
2018-03-15 12:00:04,568:INFO: - Train metrics: total_accuracy: 0.941277 ; loss: 0.178488
2018-03-15 12:00:04,569:INFO: 

2018-03-15 12:00:04,569:INFO: Metric Report for the dev set
2018-03-15 12:01:04,897:INFO: - Eval metrics : total_accuracy: 0.000000 ; loss: 0.205149
2018-03-15 12:01:04,914:INFO: ROC AUC is :
2018-03-15 12:01:04,915:INFO: [0.7166818266443256, 0.7033802434499299, 0.6133042529989096, 0.8330701549178624, 0.678892936762547, 0.7147983981176694, 0.5320182291666667, 0.506166582192938, 0.6690592461620499, 0.7364322723908217, 0.7777590058380733, 0.600376872874345, 0.5676329449914356, 0.5974031837184314]
2018-03-15 12:01:04,915:INFO: Mean value of AUC: 
2018-03-15 12:01:04,915:INFO: 0.6604982964447147
2018-03-15 12:01:04,918:INFO: Found better model!
2018-03-15 12:01:04,942:INFO: 

2018-03-15 12:01:04,943:INFO: Epoch 4/9
2018-03-15 12:01:04,943:INFO: ----------
2018-03-15 12:04:21,924:INFO: - Train metrics: total_accuracy: 0.943350 ; loss: 0.173353
2018-03-15 12:04:21,926:INFO: 

2018-03-15 12:04:21,926:INFO: Metric Report for the dev set
2018-03-15 12:05:22,077:INFO: - Eval metrics : total_accuracy: 0.000000 ; loss: 0.202501
2018-03-15 12:05:22,094:INFO: ROC AUC is :
2018-03-15 12:05:22,095:INFO: [0.7240006383148487, 0.6965756369066475, 0.5950563431479462, 0.8267798658764816, 0.6821575770757435, 0.7371035400648833, 0.5623372395833334, 0.49021043344408777, 0.6844812101821447, 0.7546262028127314, 0.781081639165775, 0.6225066642154609, 0.5912080440382327, 0.604211248656897]
2018-03-15 12:05:22,095:INFO: Mean value of AUC: 
2018-03-15 12:05:22,095:INFO: 0.6680240202489438
2018-03-15 12:05:22,097:INFO: Found better model!
2018-03-15 12:05:22,121:INFO: 

2018-03-15 12:05:22,122:INFO: Epoch 5/9
2018-03-15 12:05:22,122:INFO: ----------
2018-03-15 12:08:38,647:INFO: - Train metrics: total_accuracy: 0.944920 ; loss: 0.168589
2018-03-15 12:08:38,648:INFO: 

2018-03-15 12:08:38,648:INFO: Metric Report for the dev set
2018-03-15 12:09:38,814:INFO: - Eval metrics : total_accuracy: 0.000000 ; loss: 0.201910
2018-03-15 12:09:38,832:INFO: ROC AUC is :
2018-03-15 12:09:38,832:INFO: [0.7193638128673635, 0.6949579166478123, 0.5834678298800435, 0.8214188240798502, 0.6761372410418139, 0.7143943625150029, 0.55248046875, 0.4592367329316138, 0.6901995453397323, 0.7288527017024427, 0.7703065457753749, 0.6247587094402058, 0.5951437649550857, 0.6038771658946647]
2018-03-15 12:09:38,832:INFO: Mean value of AUC: 
2018-03-15 12:09:38,832:INFO: 0.6596139729872147
2018-03-15 12:09:38,835:INFO: Found better model!
2018-03-15 12:09:38,859:INFO: 

2018-03-15 12:09:38,859:INFO: Epoch 6/9
2018-03-15 12:09:38,859:INFO: ----------
2018-03-15 12:12:55,091:INFO: - Train metrics: total_accuracy: 0.947203 ; loss: 0.162415
2018-03-15 12:12:55,093:INFO: 

2018-03-15 12:12:55,093:INFO: Metric Report for the dev set
2018-03-15 12:13:55,471:INFO: - Eval metrics : total_accuracy: 0.000000 ; loss: 0.194183
2018-03-15 12:13:55,483:INFO: ROC AUC is :
2018-03-15 12:13:55,483:INFO: [0.7086486342721882, 0.6820614054934613, 0.5949836423118866, 0.8042602412143897, 0.6811201130987984, 0.7101876388872385, 0.5506770833333333, 0.4675902461001295, 0.6778367152198927, 0.7362842339008142, 0.8003041054232134, 0.652702454269694, 0.5923979131526301, 0.55320493720147]
2018-03-15 12:13:55,484:INFO: Mean value of AUC: 
2018-03-15 12:13:55,484:INFO: 0.6580185259913672
2018-03-15 12:13:55,485:INFO: Found better model!
2018-03-15 12:13:55,499:INFO: 

2018-03-15 12:13:55,499:INFO: Epoch 7/9
2018-03-15 12:13:55,499:INFO: ----------
2018-03-15 12:17:11,939:INFO: - Train metrics: total_accuracy: 0.949058 ; loss: 0.156708
2018-03-15 12:17:11,941:INFO: 

2018-03-15 12:17:11,941:INFO: Metric Report for the dev set
2018-03-15 12:18:12,521:INFO: - Eval metrics : total_accuracy: 0.000000 ; loss: 0.191681
2018-03-15 12:18:12,539:INFO: ROC AUC is :
2018-03-15 12:18:12,539:INFO: [0.7176084470331658, 0.7100292999683243, 0.579614685568884, 0.8115577562902891, 0.666678266543418, 0.7147627479174342, 0.56029296875, 0.5047774586548027, 0.6678875136819062, 0.7287490747594374, 0.7765388297572788, 0.6596194503171248, 0.5908811569188928, 0.6249966140260584]
2018-03-15 12:18:12,539:INFO: Mean value of AUC: 
2018-03-15 12:18:12,540:INFO: 0.6652853050133584
2018-03-15 12:18:12,542:INFO: Found better model!
2018-03-15 12:18:12,566:INFO: 

2018-03-15 12:18:12,567:INFO: Epoch 8/9
2018-03-15 12:18:12,567:INFO: ----------
2018-03-15 12:21:29,430:INFO: - Train metrics: total_accuracy: 0.951180 ; loss: 0.150088
2018-03-15 12:21:29,431:INFO: 

2018-03-15 12:21:29,432:INFO: Metric Report for the dev set
2018-03-15 12:22:29,547:INFO: - Eval metrics : total_accuracy: 0.000000 ; loss: 0.194575
2018-03-15 12:22:29,565:INFO: ROC AUC is :
2018-03-15 12:22:29,565:INFO: [0.7195531796058405, 0.6935834200642563, 0.5675172664485642, 0.823361795591599, 0.6671023870371378, 0.725802426590296, 0.5861783854166667, 0.5077058812487094, 0.7014187084280542, 0.7186158401184308, 0.7632482964464717, 0.6957211140729846, 0.581832921455563, 0.6655650964776841]
2018-03-15 12:22:29,565:INFO: Mean value of AUC: 
2018-03-15 12:22:29,565:INFO: 0.6726576227858756
2018-03-15 12:22:29,568:INFO: 

2018-03-15 12:22:29,568:INFO: Epoch 9/9
2018-03-15 12:22:29,568:INFO: ----------
2018-03-15 12:25:46,471:INFO: - Train metrics: total_accuracy: 0.952255 ; loss: 0.145316
2018-03-15 12:25:46,472:INFO: 

2018-03-15 12:25:46,473:INFO: Metric Report for the dev set
2018-03-15 12:26:46,758:INFO: - Eval metrics : total_accuracy: 0.000000 ; loss: 0.194531
2018-03-15 12:26:46,777:INFO: ROC AUC is :
2018-03-15 12:26:46,777:INFO: [0.7167121465996436, 0.6958572786098918, 0.5663976735732461, 0.8213733364524849, 0.6699864063944321, 0.7246853869829236, 0.5886067708333333, 0.49794447260235397, 0.677085964469142, 0.7311621021465581, 0.7648439113213568, 0.6830820847504366, 0.6105859124727049, 0.6505133136495381]
2018-03-15 12:26:46,778:INFO: Mean value of AUC: 
2018-03-15 12:26:46,778:INFO: 0.6713454829184318
2018-03-15 12:26:46,780:INFO: 

2018-03-15 12:26:46,781:INFO: Best eval loss: 0.191681
2018-03-15 12:26:46,781:INFO: Training complete in 42m 51s
