2018-03-17 00:02:31,170:INFO: Loading the datasets...
2018-03-17 00:02:33,504:INFO: Names of 14 diseases:
2018-03-17 00:02:33,520:INFO: Epoch 0/9
2018-03-17 00:02:33,520:INFO: ----------
2018-03-17 00:34:45,896:INFO: - Train metrics: total_accuracy: 0.930385 ; loss: 0.193456
2018-03-17 00:34:45,898:INFO: 

2018-03-17 00:34:45,898:INFO: Metric Report for the dev set
2018-03-17 00:44:20,709:INFO: - Eval metrics : total_accuracy: 0.000000 ; loss: 0.178519
2018-03-17 00:44:20,784:INFO: ROC AUC is :
2018-03-17 00:44:20,784:INFO: [0.7688371425076799, 0.796978360120794, 0.8711632459347803, 0.8790103167098079, 0.6997698386583363, 0.818876451116386, 0.7361832183835023, 0.7304718566866722, 0.8612447665216296, 0.7955051834877875, 0.8876355872952456, 0.9088264083733755, 0.7862173358605054, 0.7876609361699214, 0.7759767414278237]
2018-03-17 00:44:20,784:INFO: average ROC_AUC scores :
2018-03-17 00:44:20,784:INFO: 0.8069571592836163
2018-03-17 00:44:20,788:INFO: Found better model!
2018-03-17 00:44:20,801:INFO: 

2018-03-17 00:44:20,801:INFO: Epoch 1/9
2018-03-17 00:44:20,801:INFO: ----------
2018-03-17 01:16:34,012:INFO: - Train metrics: total_accuracy: 0.934298 ; loss: 0.176063
2018-03-17 01:16:34,014:INFO: 

2018-03-17 01:16:34,014:INFO: Metric Report for the dev set
2018-03-17 01:26:11,316:INFO: - Eval metrics : total_accuracy: 0.000000 ; loss: 0.176687
2018-03-17 01:26:11,393:INFO: ROC AUC is :
2018-03-17 01:26:11,393:INFO: [0.7688420295811271, 0.8071022849250762, 0.8821190039519465, 0.8827313468558927, 0.7066250778757679, 0.8350388235799879, 0.7628019696038425, 0.7386358003271698, 0.8726328583437244, 0.8001624481255262, 0.8937762809628444, 0.9207434338523928, 0.8123687929282575, 0.7937331028523519, 0.8097915439733021]
2018-03-17 01:26:11,393:INFO: average ROC_AUC scores :
2018-03-17 01:26:11,393:INFO: 0.8191403198492807
2018-03-17 01:26:11,397:INFO: Found better model!
2018-03-17 01:26:11,410:INFO: 

2018-03-17 01:26:11,411:INFO: Epoch 2/9
2018-03-17 01:26:11,411:INFO: ----------
2018-03-17 01:58:24,466:INFO: - Train metrics: total_accuracy: 0.936018 ; loss: 0.169609
2018-03-17 01:58:24,467:INFO: 

2018-03-17 01:58:24,468:INFO: Metric Report for the dev set
2018-03-17 02:08:04,393:INFO: - Eval metrics : total_accuracy: 0.000000 ; loss: 0.176751
2018-03-17 02:08:04,476:INFO: ROC AUC is :
2018-03-17 02:08:04,476:INFO: [0.768090284683425, 0.8133358004649385, 0.8862881982627991, 0.8821025737595644, 0.7085272985272861, 0.8430614256765414, 0.7611258915562799, 0.7403173702848843, 0.8741480502161109, 0.8048568283945935, 0.8988583699560526, 0.9156324734121117, 0.8087759254791097, 0.7925589423439471, 0.8322587439471274]
2018-03-17 02:08:04,477:INFO: average ROC_AUC scores :
2018-03-17 02:08:04,477:INFO: 0.821995878464318
2018-03-17 02:08:04,481:INFO: 

2018-03-17 02:08:04,481:INFO: Epoch 3/9
2018-03-17 02:08:04,481:INFO: ----------
2018-03-17 02:40:16,365:INFO: - Train metrics: total_accuracy: 0.937876 ; loss: 0.163328
2018-03-17 02:40:16,366:INFO: 

2018-03-17 02:40:16,367:INFO: Metric Report for the dev set
2018-03-17 02:49:50,249:INFO: - Eval metrics : total_accuracy: 0.000000 ; loss: 0.177687
2018-03-17 02:49:50,323:INFO: ROC AUC is :
2018-03-17 02:49:50,324:INFO: [0.7675691304548046, 0.8115093095030229, 0.8822390720178558, 0.8823985622597457, 0.7065668563209113, 0.8490449100080248, 0.7687570291031247, 0.7370093314344862, 0.878403284597389, 0.8017973588134234, 0.9001013159208949, 0.9121924727559272, 0.8051247911263224, 0.7968409582793189, 0.8229703450137417]
2018-03-17 02:49:50,324:INFO: average ROC_AUC scores :
2018-03-17 02:49:50,324:INFO: 0.8215016485072663
2018-03-17 02:49:50,328:INFO: 

2018-03-17 02:49:50,328:INFO: Epoch 4/9
2018-03-17 02:49:50,328:INFO: ----------
2018-03-17 03:22:03,707:INFO: - Train metrics: total_accuracy: 0.941761 ; loss: 0.150706
2018-03-17 03:22:03,709:INFO: 

2018-03-17 03:22:03,709:INFO: Metric Report for the dev set
2018-03-17 03:31:41,682:INFO: - Eval metrics : total_accuracy: 0.000000 ; loss: 0.176248
2018-03-17 03:31:41,763:INFO: ROC AUC is :
2018-03-17 03:31:41,763:INFO: [0.771162500909807, 0.8112812233565121, 0.8817849305326608, 0.8839412752618404, 0.7137324921443012, 0.8461118046611056, 0.7698127356963929, 0.7449087307143804, 0.8888247009344191, 0.8020883369955883, 0.8992396624051139, 0.9148154775884716, 0.8120088088400811, 0.8066391533204967, 0.8309673962832089]
2018-03-17 03:31:41,763:INFO: average ROC_AUC scores :
2018-03-17 03:31:41,763:INFO: 0.8251546153096253
2018-03-17 03:31:41,767:INFO: Found better model!
2018-03-17 03:31:41,780:INFO: 

2018-03-17 03:31:41,780:INFO: Epoch 5/9
2018-03-17 03:31:41,780:INFO: ----------
2018-03-17 04:03:56,145:INFO: - Train metrics: total_accuracy: 0.944109 ; loss: 0.143879
2018-03-17 04:03:56,146:INFO: 

2018-03-17 04:03:56,147:INFO: Metric Report for the dev set
2018-03-17 04:13:28,226:INFO: - Eval metrics : total_accuracy: 0.000000 ; loss: 0.178965
2018-03-17 04:13:28,307:INFO: ROC AUC is :
2018-03-17 04:13:28,307:INFO: [0.7677391156181905, 0.8091155358752968, 0.8805306531674176, 0.8819300722532131, 0.7092319188878207, 0.845371468725344, 0.7703400336619487, 0.7428571541425633, 0.888725832548556, 0.7998808534443574, 0.8971475479424691, 0.9122629432667332, 0.8072365014877432, 0.8053013764234048, 0.8301044529511844]
2018-03-17 04:13:28,307:INFO: average ROC_AUC scores :
2018-03-17 04:13:28,307:INFO: 0.8231850306930827
2018-03-17 04:13:28,311:INFO: 

2018-03-17 04:13:28,311:INFO: Epoch 6/9
2018-03-17 04:13:28,311:INFO: ----------
2018-03-17 04:45:40,333:INFO: - Train metrics: total_accuracy: 0.945660 ; loss: 0.139981
2018-03-17 04:45:40,334:INFO: 

2018-03-17 04:45:40,334:INFO: Metric Report for the dev set
2018-03-17 04:55:12,926:INFO: - Eval metrics : total_accuracy: 0.000000 ; loss: 0.178275
2018-03-17 04:55:13,008:INFO: ROC AUC is :
2018-03-17 04:55:13,008:INFO: [0.7685780310324914, 0.8101724709004552, 0.8826278865569447, 0.8834598273956759, 0.7117099227249438, 0.8475884198973641, 0.774028431618419, 0.742600707071086, 0.8892915323967774, 0.8010425248909318, 0.9003258589692369, 0.9154096248623659, 0.8082034066613017, 0.8054846370502315, 0.837365855254548]
2018-03-17 04:55:13,008:INFO: average ROC_AUC scores :
2018-03-17 04:55:13,008:INFO: 0.8251926091521848
2018-03-17 04:55:13,012:INFO: 

2018-03-17 04:55:13,012:INFO: Epoch 7/9
2018-03-17 04:55:13,012:INFO: ----------
2018-03-17 05:27:27,630:INFO: - Train metrics: total_accuracy: 0.946177 ; loss: 0.138704
2018-03-17 05:27:27,632:INFO: 

2018-03-17 05:27:27,632:INFO: Metric Report for the dev set
2018-03-17 05:37:18,311:INFO: - Eval metrics : total_accuracy: 0.000000 ; loss: 0.178462
2018-03-17 05:37:18,393:INFO: ROC AUC is :
2018-03-17 05:37:18,393:INFO: [0.7681277876600971, 0.8103100203027213, 0.8813154348309353, 0.883220130466867, 0.7115657849485185, 0.8473093813431024, 0.7745408467110739, 0.7423421863036131, 0.8890973508238581, 0.8011094645158727, 0.9004681881741909, 0.9157750317897094, 0.8081413431110156, 0.8054502275350589, 0.8379476262923701]
2018-03-17 05:37:18,393:INFO: average ROC_AUC scores :
2018-03-17 05:37:18,393:INFO: 0.8251147203206004
2018-03-17 05:37:18,397:INFO: 

2018-03-17 05:37:18,397:INFO: Epoch 8/9
2018-03-17 05:37:18,398:INFO: ----------
2018-03-17 06:09:35,928:INFO: - Train metrics: total_accuracy: 0.946333 ; loss: 0.138159
2018-03-17 06:09:35,929:INFO: 

2018-03-17 06:09:35,929:INFO: Metric Report for the dev set
2018-03-17 06:19:26,732:INFO: - Eval metrics : total_accuracy: 0.000000 ; loss: 0.178318
2018-03-17 06:19:26,812:INFO: ROC AUC is :
2018-03-17 06:19:26,812:INFO: [0.768729419239508, 0.8109315611218224, 0.8824501686531939, 0.8833755660964927, 0.7118727217854391, 0.8479609454552198, 0.7741942534784272, 0.742522795350102, 0.8894725371614208, 0.8017262055781627, 0.9011899470635237, 0.9160515996632664, 0.807778724614962, 0.8057199827267658, 0.8380069280853291]
2018-03-17 06:19:26,812:INFO: average ROC_AUC scores :
2018-03-17 06:19:26,813:INFO: 0.8254655570715757
2018-03-17 06:19:26,816:INFO: 

2018-03-17 06:19:26,816:INFO: Epoch 9/9
2018-03-17 06:19:26,817:INFO: ----------
2018-03-17 06:51:44,098:INFO: - Train metrics: total_accuracy: 0.946432 ; loss: 0.138063
2018-03-17 06:51:44,100:INFO: 

2018-03-17 06:51:44,100:INFO: Metric Report for the dev set
2018-03-17 07:01:31,818:INFO: - Eval metrics : total_accuracy: 0.000000 ; loss: 0.178540
2018-03-17 07:01:31,903:INFO: ROC AUC is :
2018-03-17 07:01:31,903:INFO: [0.7689696488400135, 0.8108884459524388, 0.8826543988066056, 0.8834313060198555, 0.7118205692765078, 0.8485819267521293, 0.7745542412966848, 0.7431120212551865, 0.8894712956634249, 0.801634880804136, 0.9012768427886536, 0.9160772463081829, 0.807785775530163, 0.8053045006704292, 0.8388555571914671]
2018-03-17 07:01:31,903:INFO: average ROC_AUC scores :
2018-03-17 07:01:31,904:INFO: 0.8256279104770585
2018-03-17 07:01:31,908:INFO: 

2018-03-17 07:01:31,908:INFO: Best eval loss: 0.176248
2018-03-17 07:01:31,908:INFO: Training complete in 418m 58s
