2018-03-15 08:11:03,733:INFO: Loading the datasets...
2018-03-15 08:11:03,745:INFO: Names of 14 diseases:
2018-03-15 08:11:03,758:INFO: Epoch 0/9
2018-03-15 08:11:03,758:INFO: ----------
2018-03-15 08:14:17,119:INFO: - Train metrics: total_accuracy: 0.930556 ; loss: 0.210495
2018-03-15 08:14:17,120:INFO: 

2018-03-15 08:14:17,120:INFO: Metric Report for the dev set
2018-03-15 08:15:16,340:INFO: - Eval metrics : total_accuracy: 0.000000 ; loss: 0.223464
2018-03-15 08:15:16,358:INFO: ROC AUC is :
2018-03-15 08:15:16,359:INFO: [0.5599085082050055, 0.5795525250011313, 0.5234750999636495, 0.5208333333333334, 0.5764189005491817, 0.4988889020926668, 0.43288411458333337, 0.4624842785004975, 0.5734963935898515, 0.5732124352331606, 0.6555536783615851, 0.5656310322639948, 0.4713189241491128, 0.4283302182373071]
2018-03-15 08:15:16,359:INFO: Mean value of AUC: 
2018-03-15 08:15:16,359:INFO: 0.5301420245759865
2018-03-15 08:15:16,361:INFO: Found better model!
2018-03-15 08:15:16,384:INFO: 

2018-03-15 08:15:16,384:INFO: Epoch 1/9
2018-03-15 08:15:16,384:INFO: ----------
2018-03-15 08:18:28,865:INFO: - Train metrics: total_accuracy: 0.932544 ; loss: 0.196875
2018-03-15 08:18:28,866:INFO: 

2018-03-15 08:18:28,866:INFO: Metric Report for the dev set
2018-03-15 08:19:27,659:INFO: - Eval metrics : total_accuracy: 0.000000 ; loss: 0.229495
2018-03-15 08:19:27,677:INFO: ROC AUC is :
2018-03-15 08:19:27,677:INFO: [0.5655485518231869, 0.6149656093035883, 0.5448200654307525, 0.5465874532127261, 0.5804360828666195, 0.5524117360459174, 0.45251953125, 0.5094141277618216, 0.5291810502090876, 0.6080421909696521, 0.6789998310525426, 0.5068020957808622, 0.503576145085579, 0.39233054329080547]
2018-03-15 08:19:27,677:INFO: Mean value of AUC: 
2018-03-15 08:19:27,677:INFO: 0.54183107243451
2018-03-15 08:19:27,680:INFO: 

2018-03-15 08:19:27,680:INFO: Epoch 2/9
2018-03-15 08:19:27,680:INFO: ----------
2018-03-15 08:22:39,844:INFO: - Train metrics: total_accuracy: 0.932905 ; loss: 0.195643
2018-03-15 08:22:39,845:INFO: 

2018-03-15 08:22:39,846:INFO: Metric Report for the dev set
2018-03-15 08:23:38,139:INFO: - Eval metrics : total_accuracy: 0.000000 ; loss: 0.242019
2018-03-15 08:23:38,151:INFO: ROC AUC is :
2018-03-15 08:23:38,151:INFO: [0.5302566557621213, 0.4931133761708675, 0.5408069792802617, 0.48698404034102727, 0.5344005219944539, 0.5490012002234079, 0.42823567708333327, 0.5121736028983874, 0.5631612921332547, 0.5614951887490748, 0.5429595840138162, 0.5650795109844655, 0.4938349089292486, 0.4405919585376204]
2018-03-15 08:23:38,151:INFO: Mean value of AUC: 
2018-03-15 08:23:38,151:INFO: 0.5172924640786672
2018-03-15 08:23:38,153:INFO: 

2018-03-15 08:23:38,153:INFO: Epoch 3/9
2018-03-15 08:23:38,153:INFO: ----------
2018-03-15 08:26:50,104:INFO: - Train metrics: total_accuracy: 0.933914 ; loss: 0.193332
2018-03-15 08:26:50,105:INFO: 

2018-03-15 08:26:50,106:INFO: Metric Report for the dev set
2018-03-15 08:27:49,449:INFO: - Eval metrics : total_accuracy: 0.000000 ; loss: 0.222542
2018-03-15 08:27:49,461:INFO: ROC AUC is :
2018-03-15 08:27:49,461:INFO: [0.6107034761562808, 0.6205823792931807, 0.5690149036713922, 0.6446214129756707, 0.6558218693926376, 0.5953939941296004, 0.4321158854166666, 0.48196955191379925, 0.5639751901434145, 0.6878164322723909, 0.7626475943759268, 0.534516040077213, 0.40135200512559, 0.41317911350687575]
2018-03-15 08:27:49,462:INFO: Mean value of AUC: 
2018-03-15 08:27:49,462:INFO: 0.5695507034607599
2018-03-15 08:27:49,463:INFO: Found better model!
2018-03-15 08:27:49,481:INFO: 

2018-03-15 08:27:49,481:INFO: Epoch 4/9
2018-03-15 08:27:49,481:INFO: ----------
2018-03-15 08:31:01,701:INFO: - Train metrics: total_accuracy: 0.934465 ; loss: 0.192171
2018-03-15 08:31:01,702:INFO: 

2018-03-15 08:31:01,703:INFO: Metric Report for the dev set
2018-03-15 08:32:01,502:INFO: - Eval metrics : total_accuracy: 0.000000 ; loss: 0.220943
2018-03-15 08:32:01,514:INFO: ROC AUC is :
2018-03-15 08:32:01,514:INFO: [0.6437442485172478, 0.6534656545545048, 0.6257797164667394, 0.6803616916198795, 0.6701364797999022, 0.6070516096065406, 0.45584635416666663, 0.4896097313735428, 0.5691602817771042, 0.6953960029607698, 0.7936588387678098, 0.5181542421178418, 0.47261339714169903, 0.41818132567651756]
2018-03-15 08:32:01,514:INFO: Mean value of AUC: 
2018-03-15 08:32:01,514:INFO: 0.5923685410390548
2018-03-15 08:32:01,516:INFO: Found better model!
2018-03-15 08:32:01,531:INFO: 

2018-03-15 08:32:01,531:INFO: Epoch 5/9
2018-03-15 08:32:01,531:INFO: ----------
2018-03-15 08:35:13,878:INFO: - Train metrics: total_accuracy: 0.935217 ; loss: 0.191333
2018-03-15 08:35:13,879:INFO: 

2018-03-15 08:35:13,880:INFO: Metric Report for the dev set
2018-03-15 08:36:13,585:INFO: - Eval metrics : total_accuracy: 0.000000 ; loss: 0.222338
2018-03-15 08:36:13,597:INFO: ROC AUC is :
2018-03-15 08:36:13,597:INFO: [0.6486853373759941, 0.6622895832390606, 0.6509778262450018, 0.6878703992514037, 0.6681985753901365, 0.5974973559434825, 0.4516861979166667, 0.48364025454750237, 0.5637506665544049, 0.6893856402664693, 0.8018997202980984, 0.5018154242117843, 0.479281894376234, 0.41422650811279355]
2018-03-15 08:36:13,597:INFO: Mean value of AUC: 
2018-03-15 08:36:13,598:INFO: 0.5929432416949308
2018-03-15 08:36:13,599:INFO: 

2018-03-15 08:36:13,600:INFO: Epoch 6/9
2018-03-15 08:36:13,600:INFO: ----------
2018-03-15 08:39:25,872:INFO: - Train metrics: total_accuracy: 0.935464 ; loss: 0.190648
2018-03-15 08:39:25,873:INFO: 

2018-03-15 08:39:25,874:INFO: Metric Report for the dev set
2018-03-15 08:40:25,623:INFO: - Eval metrics : total_accuracy: 0.000000 ; loss: 0.218320
2018-03-15 08:40:25,641:INFO: ROC AUC is :
2018-03-15 08:40:25,641:INFO: [0.6547392217878135, 0.6619784831892845, 0.6553544165757906, 0.6945960698689956, 0.6733695829481812, 0.6062554218012858, 0.4572786458333333, 0.48673762459874975, 0.5649995790182706, 0.6945077720207253, 0.8087139344108426, 0.5001608603731961, 0.4916905294263785, 0.417224223709041]
2018-03-15 08:40:25,641:INFO: Mean value of AUC: 
2018-03-15 08:40:25,641:INFO: 0.5976861689687063
2018-03-15 08:40:25,644:INFO: Found better model!
2018-03-15 08:40:25,669:INFO: 

2018-03-15 08:40:25,669:INFO: Epoch 7/9
2018-03-15 08:40:25,669:INFO: ----------
2018-03-15 08:43:37,964:INFO: - Train metrics: total_accuracy: 0.935826 ; loss: 0.190067
2018-03-15 08:43:37,965:INFO: 

2018-03-15 08:43:37,966:INFO: Metric Report for the dev set
2018-03-15 08:44:37,487:INFO: - Eval metrics : total_accuracy: 0.000000 ; loss: 0.223474
2018-03-15 08:44:37,505:INFO: ROC AUC is :
2018-03-15 08:44:37,506:INFO: [0.6637671214659966, 0.6680208946106159, 0.7036132315521628, 0.7185875441879809, 0.6731488227937579, 0.6036886073843448, 0.4648828125, 0.5037450019710537, 0.5738401953355223, 0.6954552183567727, 0.8223611345760358, 0.4712059931979042, 0.5152525529884021, 0.4190300764778648]
2018-03-15 08:44:37,506:INFO: Mean value of AUC: 
2018-03-15 08:44:37,506:INFO: 0.606899943385601
2018-03-15 08:44:37,508:INFO: 

2018-03-15 08:44:37,509:INFO: Epoch 8/9
2018-03-15 08:44:37,509:INFO: ----------
2018-03-15 08:47:49,568:INFO: - Train metrics: total_accuracy: 0.936339 ; loss: 0.189270
2018-03-15 08:47:49,569:INFO: 

2018-03-15 08:47:49,569:INFO: Metric Report for the dev set
2018-03-15 08:48:49,358:INFO: - Eval metrics : total_accuracy: 0.000000 ; loss: 0.226872
2018-03-15 08:48:49,370:INFO: ROC AUC is :
2018-03-15 08:48:49,371:INFO: [0.6698827096465331, 0.6722928639304946, 0.7030461650308978, 0.7210406269494698, 0.666693491381654, 0.6155601240626969, 0.47510416666666666, 0.5151020254922941, 0.5903707445763522, 0.6919467061435972, 0.8212160462540594, 0.470976192664767, 0.5432733168582226, 0.4428853915540266]
2018-03-15 08:48:49,371:INFO: Mean value of AUC: 
2018-03-15 08:48:49,371:INFO: 0.614242183657981
2018-03-15 08:48:49,373:INFO: 

2018-03-15 08:48:49,373:INFO: Epoch 9/9
2018-03-15 08:48:49,373:INFO: ----------
2018-03-15 08:52:01,548:INFO: - Train metrics: total_accuracy: 0.936663 ; loss: 0.188087
2018-03-15 08:52:01,549:INFO: 

2018-03-15 08:52:01,549:INFO: Metric Report for the dev set
2018-03-15 08:53:01,325:INFO: - Eval metrics : total_accuracy: 0.000000 ; loss: 0.218510
2018-03-15 08:53:01,343:INFO: ROC AUC is :
2018-03-15 08:53:01,343:INFO: [0.6745913455145083, 0.6602419792750803, 0.6872700836059614, 0.7140225358702433, 0.6700125061171225, 0.6116623688369716, 0.49091796875000004, 0.5110660584558202, 0.6071117846818781, 0.696698741672835, 0.8254209607478741, 0.5131675705487637, 0.5555904235149518, 0.44859188630350966]
2018-03-15 08:53:01,343:INFO: Mean value of AUC: 
2018-03-15 08:53:01,343:INFO: 0.6190261581353943
2018-03-15 08:53:01,346:INFO: 

2018-03-15 08:53:01,346:INFO: Best eval loss: 0.218320
2018-03-15 08:53:01,346:INFO: Training complete in 41m 58s
