2018-03-15 19:26:23,343:INFO: Loading the datasets...
2018-03-15 19:26:26,187:INFO: Names of 14 diseases:
2018-03-15 19:26:26,204:INFO: Epoch 0/9
2018-03-15 19:26:26,204:INFO: ----------
2018-03-15 19:29:44,363:INFO: - Train metrics: total_accuracy: 0.924724 ; loss: 0.247565
2018-03-15 19:29:44,364:INFO: 

2018-03-15 19:29:44,365:INFO: Metric Report for the dev set
2018-03-15 19:30:44,269:INFO: - Eval metrics : total_accuracy: 0.000000 ; loss: 0.453385
2018-03-15 19:30:44,286:INFO: ROC AUC is :
2018-03-15 19:30:44,286:INFO: [0.6842522407510838, 0.6702820263360334, 0.6218102508178844, 0.7445122426699937, 0.6753618617802186, 0.6725053772385354, 0.51455078125, 0.47966060333014204, 0.6282310347730907, 0.7218948926720947, 0.7728032137560774, 0.5802463461715232, 0.5528445717124962, 0.5380809202625709]
2018-03-15 19:30:44,286:INFO: Mean value of AUC: 
2018-03-15 19:30:44,286:INFO: 0.6326454545372674
2018-03-15 19:30:44,288:INFO: Found better model!
2018-03-15 19:30:44,311:INFO: 

2018-03-15 19:30:44,311:INFO: Epoch 1/9
2018-03-15 19:30:44,311:INFO: ----------
2018-03-15 19:34:03,179:INFO: - Train metrics: total_accuracy: 0.932810 ; loss: 0.197236
2018-03-15 19:34:03,180:INFO: 

2018-03-15 19:34:03,180:INFO: Metric Report for the dev set
2018-03-15 19:35:02,965:INFO: - Eval metrics : total_accuracy: 0.000000 ; loss: 0.440674
2018-03-15 19:35:02,984:INFO: ROC AUC is :
2018-03-15 19:35:02,984:INFO: [0.6547652863108062, 0.6437197384497036, 0.571893856779353, 0.7407026538781453, 0.6558099070197381, 0.6704733158251238, 0.5350716145833333, 0.45007602635580335, 0.5837823805113525, 0.725, 0.7612584708377916, 0.5380779483408402, 0.5467252448384523, 0.5299094364836435]
2018-03-15 19:35:02,984:INFO: Mean value of AUC: 
2018-03-15 19:35:02,984:INFO: 0.6148047057295776
2018-03-15 19:35:02,987:INFO: Found better model!
2018-03-15 19:35:03,011:INFO: 

2018-03-15 19:35:03,011:INFO: Epoch 2/9
2018-03-15 19:35:03,011:INFO: ----------
2018-03-15 19:38:22,010:INFO: - Train metrics: total_accuracy: 0.934018 ; loss: 0.193946
2018-03-15 19:38:22,011:INFO: 

2018-03-15 19:38:22,012:INFO: Metric Report for the dev set
2018-03-15 19:39:22,242:INFO: - Eval metrics : total_accuracy: 0.000000 ; loss: 0.482757
2018-03-15 19:39:22,259:INFO: ROC AUC is :
2018-03-15 19:39:22,259:INFO: [0.6719242533046093, 0.6427468437485859, 0.5705416212286442, 0.7575509461426493, 0.644544614213474, 0.6892372045489655, 0.5476953125, 0.5266467684105799, 0.639183576099464, 0.7034492968171725, 0.7062566875035198, 0.5766154977479547, 0.603852037814302, 0.57221153759334]
2018-03-15 19:39:22,259:INFO: Mean value of AUC: 
2018-03-15 19:39:22,260:INFO: 0.6323182998338044
2018-03-15 19:39:22,262:INFO: 

2018-03-15 19:39:22,262:INFO: Epoch 3/9
2018-03-15 19:39:22,262:INFO: ----------
2018-03-15 19:42:40,953:INFO: - Train metrics: total_accuracy: 0.937281 ; loss: 0.188890
2018-03-15 19:42:40,954:INFO: 

2018-03-15 19:42:40,954:INFO: Metric Report for the dev set
2018-03-15 19:43:40,848:INFO: - Eval metrics : total_accuracy: 0.000000 ; loss: 0.301677
2018-03-15 19:43:40,864:INFO: ROC AUC is :
2018-03-15 19:43:40,865:INFO: [0.6989680576611081, 0.6634349970586905, 0.6184514721919301, 0.7696084165107092, 0.6776303626773965, 0.7014889900298273, 0.5364453124999999, 0.5092451803044808, 0.6621902276107884, 0.726980014803849, 0.7790542696776858, 0.5665042742899163, 0.5852848494357928, 0.5476880569927134]
2018-03-15 19:43:40,865:INFO: Mean value of AUC: 
2018-03-15 19:43:40,865:INFO: 0.6459267486960635
2018-03-15 19:43:40,867:INFO: Found better model!
2018-03-15 19:43:40,891:INFO: 

2018-03-15 19:43:40,892:INFO: Epoch 4/9
2018-03-15 19:43:40,892:INFO: ----------
2018-03-15 19:46:57,987:INFO: - Train metrics: total_accuracy: 0.937890 ; loss: 0.186908
2018-03-15 19:46:57,988:INFO: 

2018-03-15 19:46:57,988:INFO: Metric Report for the dev set
2018-03-15 19:47:58,165:INFO: - Eval metrics : total_accuracy: 0.000000 ; loss: 0.303770
2018-03-15 19:47:58,185:INFO: ROC AUC is :
2018-03-15 19:47:58,185:INFO: [0.7142264421926116, 0.6834344879858817, 0.5865212649945475, 0.8058653046371388, 0.6869925507041488, 0.7201934617532769, 0.5462955729166666, 0.52324904732406, 0.6625550784429288, 0.7473649148778682, 0.7487563589945749, 0.5838771945950915, 0.6269694948940232, 0.5888073245388302]
2018-03-15 19:47:58,185:INFO: Mean value of AUC: 
2018-03-15 19:47:58,185:INFO: 0.6589363213465463
2018-03-15 19:47:58,187:INFO: 

2018-03-15 19:47:58,188:INFO: Epoch 5/9
2018-03-15 19:47:58,188:INFO: ----------
2018-03-15 19:51:16,347:INFO: - Train metrics: total_accuracy: 0.938699 ; loss: 0.184650
2018-03-15 19:51:16,348:INFO: 

2018-03-15 19:51:16,349:INFO: Metric Report for the dev set
2018-03-15 19:52:16,229:INFO: - Eval metrics : total_accuracy: 0.000000 ; loss: 0.294952
2018-03-15 19:52:16,246:INFO: ROC AUC is :
2018-03-15 19:52:16,246:INFO: [0.7120317029708237, 0.68324358568261, 0.5734787350054525, 0.7953251715533375, 0.6866554292860638, 0.719753775950375, 0.5244661458333333, 0.5278106286722607, 0.6708484185119699, 0.7311472982975574, 0.7553265378911603, 0.6029276587921684, 0.604793472718001, 0.5911007575552365]
2018-03-15 19:52:16,246:INFO: Mean value of AUC: 
2018-03-15 19:52:16,246:INFO: 0.6556363799085965
2018-03-15 19:52:16,249:INFO: Found better model!
2018-03-15 19:52:16,273:INFO: 

2018-03-15 19:52:16,273:INFO: Epoch 6/9
2018-03-15 19:52:16,273:INFO: ----------
2018-03-15 19:55:34,617:INFO: - Train metrics: total_accuracy: 0.938946 ; loss: 0.183666
2018-03-15 19:55:34,618:INFO: 

2018-03-15 19:55:34,618:INFO: Metric Report for the dev set
2018-03-15 19:56:34,524:INFO: - Eval metrics : total_accuracy: 0.000000 ; loss: 0.280902
2018-03-15 19:56:34,541:INFO: ROC AUC is :
2018-03-15 19:56:34,541:INFO: [0.711368919386154, 0.6873783881623603, 0.5747873500545256, 0.8017649199417759, 0.6844739274645206, 0.7100688048864541, 0.5388671875000001, 0.537496949559798, 0.6614675423086639, 0.740318282753516, 0.7796925156276397, 0.6043294420443056, 0.5805384484629768, 0.5707126797952162]
2018-03-15 19:56:34,541:INFO: Mean value of AUC: 
2018-03-15 19:56:34,541:INFO: 0.6559475255677077
2018-03-15 19:56:34,544:INFO: Found better model!
2018-03-15 19:56:34,568:INFO: 

2018-03-15 19:56:34,568:INFO: Epoch 7/9
2018-03-15 19:56:34,568:INFO: ----------
2018-03-15 19:59:53,527:INFO: - Train metrics: total_accuracy: 0.939745 ; loss: 0.182070
2018-03-15 19:59:53,528:INFO: 

2018-03-15 19:59:53,529:INFO: Metric Report for the dev set
2018-03-15 20:00:53,857:INFO: - Eval metrics : total_accuracy: 0.000000 ; loss: 0.274502
2018-03-15 20:00:53,873:INFO: ROC AUC is :
2018-03-15 20:00:53,874:INFO: [0.719095720630868, 0.6732601022670708, 0.5625881497637223, 0.8012418122270742, 0.69359143059105, 0.7366400874618245, 0.55599609375, 0.517504833774474, 0.6634882546097499, 0.7353737971872687, 0.7659702277036287, 0.6054095045500505, 0.6083761555459669, 0.6015927621421026]
2018-03-15 20:00:53,874:INFO: Mean value of AUC: 
2018-03-15 20:00:53,874:INFO: 0.6600092094432037
2018-03-15 20:00:53,876:INFO: Found better model!
2018-03-15 20:00:53,899:INFO: 

2018-03-15 20:00:53,899:INFO: Epoch 8/9
2018-03-15 20:00:53,899:INFO: ----------
2018-03-15 20:04:09,595:INFO: - Train metrics: total_accuracy: 0.939688 ; loss: 0.181716
2018-03-15 20:04:09,597:INFO: 

2018-03-15 20:04:09,597:INFO: Metric Report for the dev set
2018-03-15 20:05:09,156:INFO: - Eval metrics : total_accuracy: 0.000000 ; loss: 0.274887
2018-03-15 20:05:09,172:INFO: ROC AUC is :
2018-03-15 20:05:09,173:INFO: [0.7186627303917656, 0.6872963708765103, 0.5698000727008361, 0.7992436057392389, 0.6825403730085368, 0.7335741702415896, 0.5502669270833334, 0.5363330892981172, 0.6657405068620023, 0.7426720947446336, 0.7711888269414878, 0.6223687838955787, 0.589835118137005, 0.5972225984415489]
2018-03-15 20:05:09,173:INFO: Mean value of AUC: 
2018-03-15 20:05:09,173:INFO: 0.6619103763115846
2018-03-15 20:05:09,175:INFO: 

2018-03-15 20:05:09,176:INFO: Epoch 9/9
2018-03-15 20:05:09,176:INFO: ----------
2018-03-15 20:08:23,267:INFO: - Train metrics: total_accuracy: 0.940249 ; loss: 0.180744
2018-03-15 20:08:23,268:INFO: 

2018-03-15 20:08:23,268:INFO: Metric Report for the dev set
2018-03-15 20:09:22,717:INFO: - Eval metrics : total_accuracy: 0.000000 ; loss: 0.274300
2018-03-15 20:09:22,734:INFO: ROC AUC is :
2018-03-15 20:09:22,735:INFO: [0.7139689885369291, 0.6847679759265125, 0.5378698655034533, 0.8071535792264504, 0.6845000271872111, 0.7165096077289633, 0.5383463541666667, 0.5402939685757728, 0.6668280429962673, 0.7534048852701702, 0.7596816279026112, 0.6027208383123449, 0.5750075184037449, 0.5859811649556211]
2018-03-15 20:09:22,735:INFO: Mean value of AUC: 
2018-03-15 20:09:22,735:INFO: 0.6547881746209084
2018-03-15 20:09:22,737:INFO: Found better model!
2018-03-15 20:09:22,762:INFO: 

2018-03-15 20:09:22,762:INFO: Best eval loss: 0.274300
2018-03-15 20:09:22,763:INFO: Training complete in 42m 57s
