2018-03-14 20:19:25,613:INFO: Loading the datasets...
2018-03-14 20:19:25,616:INFO: Names of 14 diseases:
2018-03-14 20:19:25,620:INFO: Epoch 0/9
2018-03-14 20:19:25,620:INFO: ----------
2018-03-14 20:20:36,669:INFO: - Train metrics: total_accuracy: 0.939212 ; loss: 0.174296
2018-03-14 20:20:36,670:INFO: 

2018-03-14 20:20:36,670:INFO: Metric Report for the dev set
2018-03-14 20:20:54,595:INFO: - Eval metrics : total_accuracy: 0.000000 ; loss: 0.175335
2018-03-14 20:20:54,615:INFO: ROC AUC is :
2018-03-14 20:20:54,615:INFO: [0.6932397138221762, 0.7223856283089733, 0.6920101781170482, 0.8042634903306299, 0.686688053939427, 0.6682986536107711, 0.5498046875, 0.4920125396557226, 0.6355140186915889, 0.7558475203552925, 0.7947100673912635, 0.6669500873242025, 0.6894049346879536, 0.6764002130906266, 0.5610163824807757]
2018-03-14 20:20:54,616:INFO: average ROC_AUC scores :
2018-03-14 20:20:54,616:INFO: 0.6725697446204302
2018-03-14 20:20:54,617:INFO: Found better model!
2018-03-14 20:20:54,621:INFO: 

2018-03-14 20:20:54,621:INFO: Epoch 1/9
2018-03-14 20:20:54,621:INFO: ----------
2018-03-14 20:22:05,776:INFO: - Train metrics: total_accuracy: 0.939916 ; loss: 0.170348
2018-03-14 20:22:05,776:INFO: 

2018-03-14 20:22:05,776:INFO: Metric Report for the dev set
2018-03-14 20:22:23,763:INFO: - Eval metrics : total_accuracy: 0.000000 ; loss: 0.175702
2018-03-14 20:22:23,784:INFO: ROC AUC is :
2018-03-14 20:22:23,785:INFO: [0.6899066464533632, 0.7252364360378298, 0.6811050527081061, 0.8048548294863798, 0.6849197977271491, 0.6621549357702226, 0.5605859375, 0.4806179722550731, 0.6234739412309507, 0.7582013323464102, 0.783277956111205, 0.6792214357937311, 0.675989487310242, 0.6882736950456428, 0.5333500501504513]
2018-03-14 20:22:23,785:INFO: average ROC_AUC scores :
2018-03-14 20:22:23,785:INFO: 0.6687446337284505
2018-03-14 20:22:23,786:INFO: 

2018-03-14 20:22:23,786:INFO: Epoch 2/9
2018-03-14 20:22:23,786:INFO: ----------
2018-03-14 20:23:34,860:INFO: - Train metrics: total_accuracy: 0.940373 ; loss: 0.168432
2018-03-14 20:23:34,860:INFO: 

2018-03-14 20:23:34,861:INFO: Metric Report for the dev set
2018-03-14 20:23:52,754:INFO: - Eval metrics : total_accuracy: 0.000000 ; loss: 0.177225
2018-03-14 20:23:52,773:INFO: ROC AUC is :
2018-03-14 20:23:52,773:INFO: [0.6885566105481529, 0.7234942757590841, 0.6815848782260997, 0.8033732324807653, 0.6828644445652766, 0.676272415063398, 0.5570638020833333, 0.4680970884721518, 0.6315357413488254, 0.7595854922279792, 0.7859623434889527, 0.6666053865244967, 0.676250997005714, 0.6757139890384736, 0.5126211969241057]
2018-03-14 20:23:52,773:INFO: average ROC_AUC scores :
2018-03-14 20:23:52,773:INFO: 0.6659721262504538
2018-03-14 20:23:52,774:INFO: 

2018-03-14 20:23:52,774:INFO: Epoch 3/9
2018-03-14 20:23:52,775:INFO: ----------
2018-03-14 20:25:03,683:INFO: - Train metrics: total_accuracy: 0.940934 ; loss: 0.164935
2018-03-14 20:25:03,683:INFO: 

2018-03-14 20:25:03,683:INFO: Metric Report for the dev set
2018-03-14 20:25:21,546:INFO: - Eval metrics : total_accuracy: 0.000000 ; loss: 0.176623
2018-03-14 20:25:21,565:INFO: ROC AUC is :
2018-03-14 20:25:21,566:INFO: [0.6845086305486848, 0.7164096791710032, 0.6766266812068339, 0.7991136410896236, 0.6768375836006743, 0.6798017848866917, 0.5801953125, 0.4672148073060389, 0.6230599758637142, 0.7581125092524056, 0.7753749694955979, 0.689539479731593, 0.6694778958929903, 0.6879667000749429, 0.5570043463724507]
2018-03-14 20:25:21,566:INFO: average ROC_AUC scores :
2018-03-14 20:25:21,566:INFO: 0.6694162664662162
2018-03-14 20:25:21,567:INFO: 

2018-03-14 20:25:21,567:INFO: Epoch 4/9
2018-03-14 20:25:21,567:INFO: ----------
2018-03-14 20:26:32,595:INFO: - Train metrics: total_accuracy: 0.941629 ; loss: 0.163878
2018-03-14 20:26:32,596:INFO: 

2018-03-14 20:26:32,596:INFO: Metric Report for the dev set
2018-03-14 20:26:50,580:INFO: - Eval metrics : total_accuracy: 0.000000 ; loss: 0.176755
2018-03-14 20:26:50,599:INFO: ROC AUC is :
2018-03-14 20:26:50,599:INFO: [0.6827617755791378, 0.7152388117109372, 0.6767430025445292, 0.7976515387814515, 0.6749388287749443, 0.6815248778980643, 0.5886588541666667, 0.4626344540181337, 0.6208568381465579, 0.7579052553663952, 0.7759193557470293, 0.6973297178049452, 0.6697524810732358, 0.6898899332737402, 0.5723838181210298]
2018-03-14 20:26:50,599:INFO: average ROC_AUC scores :
2018-03-14 20:26:50,599:INFO: 0.6709459695337865
2018-03-14 20:26:50,600:INFO: 

2018-03-14 20:26:50,600:INFO: Epoch 5/9
2018-03-14 20:26:50,600:INFO: ----------
2018-03-14 20:28:01,531:INFO: - Train metrics: total_accuracy: 0.941457 ; loss: 0.163189
2018-03-14 20:28:01,532:INFO: 

2018-03-14 20:28:01,532:INFO: Metric Report for the dev set
2018-03-14 20:28:19,451:INFO: - Eval metrics : total_accuracy: 0.000000 ; loss: 0.176780
2018-03-14 20:28:19,471:INFO: ROC AUC is :
2018-03-14 20:28:19,472:INFO: [0.6823468709274183, 0.7152529526222906, 0.6785314431115957, 0.7976125493865669, 0.6746604317329128, 0.6812277928961035, 0.5906184895833334, 0.46190234836965705, 0.62211276697258, 0.7577128053293857, 0.7764261981190517, 0.6971458773784356, 0.6692948391061598, 0.6911359716842286, 0.5745570043463725]
2018-03-14 20:28:19,472:INFO: average ROC_AUC scores :
2018-03-14 20:28:19,472:INFO: 0.6713692227710728
2018-03-14 20:28:19,473:INFO: 

2018-03-14 20:28:19,473:INFO: Epoch 6/9
2018-03-14 20:28:19,473:INFO: ----------
2018-03-14 20:29:30,262:INFO: - Train metrics: total_accuracy: 0.941438 ; loss: 0.163204
2018-03-14 20:29:30,262:INFO: 

2018-03-14 20:29:30,262:INFO: Metric Report for the dev set
2018-03-14 20:29:48,188:INFO: - Eval metrics : total_accuracy: 0.000000 ; loss: 0.176949
2018-03-14 20:29:48,208:INFO: ROC AUC is :
2018-03-14 20:29:48,208:INFO: [0.682480917045666, 0.714452577039685, 0.6782406397673573, 0.7970601996257018, 0.6751541514871404, 0.6816555952989269, 0.5887630208333333, 0.46248427850049745, 0.6235791866632988, 0.7576831976313841, 0.7759005838073247, 0.6988234212703374, 0.6692817636213862, 0.6912984984334227, 0.5733868271481111]
2018-03-14 20:29:48,208:INFO: average ROC_AUC scores :
2018-03-14 20:29:48,208:INFO: 0.6713496572115715
2018-03-14 20:29:48,209:INFO: 

2018-03-14 20:29:48,209:INFO: Epoch 7/9
2018-03-14 20:29:48,210:INFO: ----------
2018-03-14 20:30:58,970:INFO: - Train metrics: total_accuracy: 0.941353 ; loss: 0.163386
2018-03-14 20:30:58,971:INFO: 

2018-03-14 20:30:58,971:INFO: Metric Report for the dev set
2018-03-14 20:31:16,857:INFO: - Eval metrics : total_accuracy: 0.000000 ; loss: 0.176777
2018-03-14 20:31:16,876:INFO: ROC AUC is :
2018-03-14 20:31:16,877:INFO: [0.6822426128354478, 0.7151652789718991, 0.678313340603417, 0.797316879808692, 0.6747213310858572, 0.682071514301672, 0.5907096354166668, 0.4611326988417713, 0.6223513232859027, 0.7576905995558846, 0.7761633909631882, 0.6992370622299844, 0.6692686881366127, 0.6910908253650079, 0.575810765630224]
2018-03-14 20:31:16,877:INFO: average ROC_AUC scores :
2018-03-14 20:31:16,877:INFO: 0.6715523964688153
2018-03-14 20:31:16,878:INFO: 

2018-03-14 20:31:16,878:INFO: Epoch 8/9
2018-03-14 20:31:16,878:INFO: ----------
2018-03-14 20:32:27,742:INFO: - Train metrics: total_accuracy: 0.941315 ; loss: 0.163926
2018-03-14 20:32:27,743:INFO: 

2018-03-14 20:32:27,743:INFO: Metric Report for the dev set
2018-03-14 20:32:45,591:INFO: - Eval metrics : total_accuracy: 0.000000 ; loss: 0.176793
2018-03-14 20:32:45,603:INFO: ROC AUC is :
2018-03-14 20:32:45,603:INFO: [0.682361764940557, 0.7150832616860491, 0.6775572519083969, 0.7970926907881056, 0.6748061551846013, 0.6826894511057504, 0.5913020833333335, 0.46156445345497554, 0.6209480508545929, 0.757542561065877, 0.7765763736366879, 0.6998345436161413, 0.6683011022633664, 0.6906935377558667, 0.5743898361751922]
2018-03-14 20:32:45,604:INFO: average ROC_AUC scores :
2018-03-14 20:32:45,604:INFO: 0.6713828745179664
2018-03-14 20:32:45,604:INFO: 

2018-03-14 20:32:45,604:INFO: Epoch 9/9
2018-03-14 20:32:45,604:INFO: ----------
2018-03-14 20:33:56,339:INFO: - Train metrics: total_accuracy: 0.941124 ; loss: 0.163117
2018-03-14 20:33:56,339:INFO: 

2018-03-14 20:33:56,339:INFO: Metric Report for the dev set
2018-03-14 20:34:14,348:INFO: - Eval metrics : total_accuracy: 0.000000 ; loss: 0.176838
2018-03-14 20:34:14,367:INFO: ROC AUC is :
2018-03-14 20:34:14,367:INFO: [0.6823362323466049, 0.7151285126023803, 0.6772373682297347, 0.7973656165522978, 0.6747039312707303, 0.6823685993036328, 0.5910611979166667, 0.4612828743594075, 0.6205060200387303, 0.7572834937083641, 0.7762947945411199, 0.7001792444158471, 0.6691379332888767, 0.6904316891043873, 0.5736375794048814]
2018-03-14 20:34:14,367:INFO: average ROC_AUC scores :
2018-03-14 20:34:14,367:INFO: 0.6712636724722442
2018-03-14 20:34:14,368:INFO: 

2018-03-14 20:34:14,368:INFO: Best eval loss: 0.175335
2018-03-14 20:34:14,368:INFO: Training complete in 14m 49s
