2018-03-15 15:23:20,927:INFO: Loading the datasets...
2018-03-15 15:23:20,939:INFO: Names of 14 diseases:
2018-03-15 15:23:20,952:INFO: Epoch 0/9
2018-03-15 15:23:20,952:INFO: ----------
2018-03-15 15:26:40,396:INFO: - Train metrics: total_accuracy: 0.926494 ; loss: 2.768511
2018-03-15 15:26:40,397:INFO: 

2018-03-15 15:26:40,398:INFO: Metric Report for the dev set
2018-03-15 15:27:46,547:INFO: - Eval metrics : total_accuracy: 0.000000 ; loss: 0.189387
2018-03-15 15:27:46,565:INFO: ROC AUC is :
2018-03-15 15:27:46,565:INFO: [0.6924732040745764, 0.6349735847775918, 0.6042602689930934, 0.7263041952588896, 0.6432505029634059, 0.683117253508574, 0.48116536458333325, 0.5019992115785324, 0.5682972692318486, 0.6960621761658031, 0.6062961085768992, 0.5435472010295064, 0.4813347454856889, 0.5831008297893472]
2018-03-15 15:27:46,565:INFO: Mean value of AUC: 
2018-03-15 15:27:46,565:INFO: 0.6032987082869349
2018-03-15 15:27:46,568:INFO: Found better model!
2018-03-15 15:27:46,592:INFO: 

2018-03-15 15:27:46,592:INFO: Epoch 1/9
2018-03-15 15:27:46,592:INFO: ----------
2018-03-15 15:31:05,545:INFO: - Train metrics: total_accuracy: 0.935674 ; loss: 2.483829
2018-03-15 15:31:05,546:INFO: 

2018-03-15 15:31:05,547:INFO: Metric Report for the dev set
2018-03-15 15:32:12,048:INFO: - Eval metrics : total_accuracy: 0.000000 ; loss: 0.176341
2018-03-15 15:32:12,066:INFO: ROC AUC is :
2018-03-15 15:32:12,066:INFO: [0.7065219819676055, 0.6764106973166207, 0.5751799345692475, 0.7762333645248494, 0.6787254635419498, 0.6607764613611247, 0.49978515625000003, 0.5373280021024572, 0.623670399371334, 0.7190673575129534, 0.7305663494208857, 0.6445215552900083, 0.6026752441846782, 0.5382434470117651]
2018-03-15 15:32:12,066:INFO: Mean value of AUC: 
2018-03-15 15:32:12,066:INFO: 0.6406932438875342
2018-03-15 15:32:12,070:INFO: Found better model!
2018-03-15 15:32:12,094:INFO: 

2018-03-15 15:32:12,094:INFO: Epoch 2/9
2018-03-15 15:32:12,094:INFO: ----------
2018-03-15 15:35:31,632:INFO: - Train metrics: total_accuracy: 0.938927 ; loss: 2.431626
2018-03-15 15:35:31,633:INFO: 

2018-03-15 15:35:31,633:INFO: Metric Report for the dev set
2018-03-15 15:36:37,792:INFO: - Eval metrics : total_accuracy: 0.000000 ; loss: 0.164100
2018-03-15 15:36:37,813:INFO: ROC AUC is :
2018-03-15 15:36:37,813:INFO: [0.7060735657863241, 0.6840764853613286, 0.5397310069065794, 0.7932457371594925, 0.6900255559784677, 0.7003957172226117, 0.4815755208333333, 0.5305888757485311, 0.6085290898375011, 0.7498815692079941, 0.7638489985170167, 0.661595734902105, 0.5719609304514964, 0.5205370606134482]
2018-03-15 15:36:37,813:INFO: Mean value of AUC: 
2018-03-15 15:36:37,813:INFO: 0.6430047034661592
2018-03-15 15:36:37,816:INFO: Found better model!
2018-03-15 15:36:37,841:INFO: 

2018-03-15 15:36:37,841:INFO: Epoch 3/9
2018-03-15 15:36:37,842:INFO: ----------
2018-03-15 15:39:57,925:INFO: - Train metrics: total_accuracy: 0.939564 ; loss: 2.409707
2018-03-15 15:39:57,927:INFO: 

2018-03-15 15:39:57,927:INFO: Metric Report for the dev set
2018-03-15 15:41:04,407:INFO: - Eval metrics : total_accuracy: 0.000000 ; loss: 0.159718
2018-03-15 15:41:04,419:INFO: ROC AUC is :
2018-03-15 15:41:04,419:INFO: [0.712577462166547, 0.6974919679623512, 0.533944020356234, 0.8038800946142649, 0.684991571964548, 0.6809188244940643, 0.46355794270833334, 0.5118920238028196, 0.5088230754118606, 0.7432124352331606, 0.7904300651386308, 0.5923798143211692, 0.5604152773964095, 0.5131962691081795]
2018-03-15 15:41:04,419:INFO: Mean value of AUC: 
2018-03-15 15:41:04,419:INFO: 0.628407917477041
2018-03-15 15:41:04,422:INFO: Found better model!
2018-03-15 15:41:04,448:INFO: 

2018-03-15 15:41:04,449:INFO: Epoch 4/9
2018-03-15 15:41:04,449:INFO: ----------
2018-03-15 15:44:24,439:INFO: - Train metrics: total_accuracy: 0.940097 ; loss: 2.390691
2018-03-15 15:44:24,441:INFO: 

2018-03-15 15:44:24,441:INFO: Metric Report for the dev set
2018-03-15 15:45:31,026:INFO: - Eval metrics : total_accuracy: 0.000000 ; loss: 0.156246
2018-03-15 15:45:31,043:INFO: ROC AUC is :
2018-03-15 15:45:31,044:INFO: [0.7151136998324423, 0.7023423005565863, 0.5196801163213377, 0.8125194946974422, 0.6767788592246207, 0.6786609784791625, 0.4622330729166667, 0.48230744682848076, 0.49238023069798764, 0.7334641006661732, 0.7687672467196036, 0.5877608236051107, 0.511970606310229, 0.48217171853978746]
2018-03-15 15:45:31,044:INFO: Mean value of AUC: 
2018-03-15 15:45:31,044:INFO: 0.6161536210996879
2018-03-15 15:45:31,047:INFO: Found better model!
2018-03-15 15:45:31,072:INFO: 

2018-03-15 15:45:31,072:INFO: Epoch 5/9
2018-03-15 15:45:31,072:INFO: ----------
2018-03-15 15:48:50,401:INFO: - Train metrics: total_accuracy: 0.941039 ; loss: 2.366280
2018-03-15 15:48:50,402:INFO: 

2018-03-15 15:48:50,402:INFO: Metric Report for the dev set
2018-03-15 15:49:56,274:INFO: - Eval metrics : total_accuracy: 0.000000 ; loss: 0.154400
2018-03-15 15:49:56,291:INFO: ROC AUC is :
2018-03-15 15:49:56,291:INFO: [0.7127008697039815, 0.6978766007511652, 0.4164740094511087, 0.8126462102308171, 0.6641835680495893, 0.6448170550557926, 0.44370442708333335, 0.4513149743763023, 0.4142109399118745, 0.7214729829755737, 0.7623847872200634, 0.5383077488739774, 0.5043868251415421, 0.4592464176395698]
2018-03-15 15:49:56,291:INFO: Mean value of AUC: 
2018-03-15 15:49:56,292:INFO: 0.5888376726046207
2018-03-15 15:49:56,294:INFO: Found better model!
2018-03-15 15:49:56,318:INFO: 

2018-03-15 15:49:56,319:INFO: Epoch 6/9
2018-03-15 15:49:56,319:INFO: ----------
2018-03-15 15:53:16,279:INFO: - Train metrics: total_accuracy: 0.942209 ; loss: 2.339777
2018-03-15 15:53:16,280:INFO: 

2018-03-15 15:53:16,281:INFO: Metric Report for the dev set
2018-03-15 15:54:22,736:INFO: - Eval metrics : total_accuracy: 0.000000 ; loss: 0.151859
2018-03-15 15:54:22,755:INFO: ROC AUC is :
2018-03-15 15:54:22,755:INFO: [0.7242522407510839, 0.7065067989501788, 0.43826972010178117, 0.8229783998752338, 0.5663781197324779, 0.6012168601680312, 0.41658854166666665, 0.4615644534549755, 0.452450113665067, 0.7210436713545522, 0.8038895459067785, 0.5975733063700708, 0.40992952313707026, 0.38305748932289546]
2018-03-15 15:54:22,755:INFO: Mean value of AUC: 
2018-03-15 15:54:22,755:INFO: 0.5789784846040616
2018-03-15 15:54:22,758:INFO: Found better model!
2018-03-15 15:54:22,783:INFO: 

2018-03-15 15:54:22,783:INFO: Epoch 7/9
2018-03-15 15:54:22,783:INFO: ----------
2018-03-15 15:57:41,090:INFO: - Train metrics: total_accuracy: 0.943617 ; loss: 2.301682
2018-03-15 15:57:41,091:INFO: 

2018-03-15 15:57:41,092:INFO: Metric Report for the dev set
2018-03-15 15:58:47,695:INFO: - Eval metrics : total_accuracy: 0.000000 ; loss: 0.152162
2018-03-15 15:58:47,713:INFO: ROC AUC is :
2018-03-15 15:58:47,714:INFO: [0.7179217532381181, 0.7179482103262591, 0.3837150127226463, 0.8216397639841964, 0.6270599749877657, 0.660039690556262, 0.42676432291666666, 0.45704041598618383, 0.43226754792175354, 0.7091191709844559, 0.7441572337669652, 0.5282884456291939, 0.37023235136442684, 0.3976216919034591]
2018-03-15 15:58:47,714:INFO: Mean value of AUC: 
2018-03-15 15:58:47,714:INFO: 0.5709868275920252
2018-03-15 15:58:47,717:INFO: 

2018-03-15 15:58:47,717:INFO: Epoch 8/9
2018-03-15 15:58:47,717:INFO: ----------
2018-03-15 16:02:06,757:INFO: - Train metrics: total_accuracy: 0.944235 ; loss: 2.277196
2018-03-15 16:02:06,759:INFO: 

2018-03-15 16:02:06,759:INFO: Metric Report for the dev set
2018-03-15 16:03:13,004:INFO: - Eval metrics : total_accuracy: 0.000000 ; loss: 0.152128
2018-03-15 16:03:13,017:INFO: ROC AUC is :
2018-03-15 16:03:13,017:INFO: [0.7156892470544429, 0.6845247522512331, 0.4870083605961468, 0.8025739498856311, 0.5812179870588876, 0.6032132713812075, 0.44262369791666667, 0.5151583413114077, 0.4924539025006315, 0.6952701702442635, 0.7816635692966154, 0.625907712105892, 0.43988545875338325, 0.42684038970302746]
2018-03-15 16:03:13,017:INFO: Mean value of AUC: 
2018-03-15 16:03:13,017:INFO: 0.5924307721471026
2018-03-15 16:03:13,019:INFO: 

2018-03-15 16:03:13,019:INFO: Epoch 9/9
2018-03-15 16:03:13,019:INFO: ----------
2018-03-15 16:06:32,218:INFO: - Train metrics: total_accuracy: 0.947051 ; loss: 2.218110
2018-03-15 16:06:32,219:INFO: 

2018-03-15 16:06:32,220:INFO: Metric Report for the dev set
2018-03-15 16:07:38,751:INFO: - Eval metrics : total_accuracy: 0.000000 ; loss: 0.151292
2018-03-15 16:07:38,768:INFO: ROC AUC is :
2018-03-15 16:07:38,769:INFO: [0.7181132476927579, 0.6934702927734286, 0.4838822246455834, 0.824209814930339, 0.6524800173998151, 0.6289170657508526, 0.41312499999999996, 0.4880516603780668, 0.4484648199601471, 0.7265358993338268, 0.7539749582324341, 0.5188206636639396, 0.42384183893617855, 0.3892244765284286]
2018-03-15 16:07:38,769:INFO: Mean value of AUC: 
2018-03-15 16:07:38,769:INFO: 0.5830794271589858
2018-03-15 16:07:38,772:INFO: Found better model!
2018-03-15 16:07:38,796:INFO: 

2018-03-15 16:07:38,797:INFO: Best eval loss: 0.151292
2018-03-15 16:07:38,797:INFO: Training complete in 44m 18s
