2018-03-15 11:01:02,720:INFO: Loading the datasets...
2018-03-15 11:01:02,732:INFO: Names of 14 diseases:
2018-03-15 11:01:02,746:INFO: Epoch 0/9
2018-03-15 11:01:02,746:INFO: ----------
2018-03-15 11:04:19,699:INFO: - Train metrics: total_accuracy: 0.922631 ; loss: 0.285024
2018-03-15 11:04:19,700:INFO: 

2018-03-15 11:04:19,700:INFO: Metric Report for the dev set
2018-03-15 11:05:19,806:INFO: - Eval metrics : total_accuracy: 0.000000 ; loss: 0.361129
2018-03-15 11:05:19,824:INFO: ROC AUC is :
2018-03-15 11:05:19,824:INFO: [0.6882135163169233, 0.6544074392506448, 0.5916830243547802, 0.760793564150551, 0.6807231798162146, 0.7048876424522584, 0.530654296875, 0.47810253233466615, 0.6416919255704303, 0.7291561806069579, 0.8153967449456552, 0.589231547017189, 0.5528968736515906, 0.5727532934239872]
2018-03-15 11:05:19,825:INFO: Mean value of AUC: 
2018-03-15 11:05:19,825:INFO: 0.6421851257690606
2018-03-15 11:05:19,827:INFO: Found better model!
2018-03-15 11:05:19,850:INFO: 

2018-03-15 11:05:19,851:INFO: Epoch 1/9
2018-03-15 11:05:19,851:INFO: ----------
2018-03-15 11:08:37,193:INFO: - Train metrics: total_accuracy: 0.932810 ; loss: 0.196668
2018-03-15 11:08:37,194:INFO: 

2018-03-15 11:08:37,194:INFO: Metric Report for the dev set
2018-03-15 11:09:36,862:INFO: - Eval metrics : total_accuracy: 0.000000 ; loss: 0.337812
2018-03-15 11:09:36,880:INFO: ROC AUC is :
2018-03-15 11:09:36,880:INFO: [0.699751589138009, 0.6471036585365854, 0.5594765539803708, 0.7887132200041588, 0.6866978413354359, 0.7350001782510012, 0.5353059895833333, 0.52324904732406, 0.6587592265162358, 0.741421169504071, 0.7759193557470293, 0.5919431933082084, 0.5646974986597628, 0.5945138192883134]
2018-03-15 11:09:36,880:INFO: Mean value of AUC: 
2018-03-15 11:09:36,880:INFO: 0.650182310084041
2018-03-15 11:09:36,883:INFO: Found better model!
2018-03-15 11:09:36,908:INFO: 

2018-03-15 11:09:36,909:INFO: Epoch 2/9
2018-03-15 11:09:36,909:INFO: ----------
2018-03-15 11:12:53,226:INFO: - Train metrics: total_accuracy: 0.936748 ; loss: 0.190538
2018-03-15 11:12:53,227:INFO: 

2018-03-15 11:12:53,227:INFO: Metric Report for the dev set
2018-03-15 11:13:53,233:INFO: - Eval metrics : total_accuracy: 0.000000 ; loss: 0.320929
2018-03-15 11:13:53,251:INFO: ROC AUC is :
2018-03-15 11:13:53,251:INFO: [0.7059826059203702, 0.6674708131589664, 0.5842239185750636, 0.7803045071740486, 0.6827143711598064, 0.7288445770103742, 0.5390494791666667, 0.5262150137973757, 0.6729673598832477, 0.7191191709844559, 0.8014679656848942, 0.6259306921592058, 0.5672799069025485, 0.6062428330218237]
2018-03-15 11:13:53,251:INFO: Mean value of AUC: 
2018-03-15 11:13:53,251:INFO: 0.6577009438999177
2018-03-15 11:13:53,254:INFO: Found better model!
2018-03-15 11:13:53,278:INFO: 

2018-03-15 11:13:53,279:INFO: Epoch 3/9
2018-03-15 11:13:53,279:INFO: ----------
2018-03-15 11:17:10,223:INFO: - Train metrics: total_accuracy: 0.940068 ; loss: 0.184050
2018-03-15 11:17:10,224:INFO: 

2018-03-15 11:17:10,224:INFO: Metric Report for the dev set
2018-03-15 11:18:10,614:INFO: - Eval metrics : total_accuracy: 0.000000 ; loss: 0.292931
2018-03-15 11:18:10,632:INFO: ROC AUC is :
2018-03-15 11:18:10,632:INFO: [0.7077161626639007, 0.6684012851260238, 0.602079243911305, 0.7938305780827615, 0.6844369528573759, 0.7393970362800204, 0.538046875, 0.5126804452704098, 0.6714097274844939, 0.7523982235381199, 0.8024253346098251, 0.6236556668811473, 0.5705095516416272, 0.5997056459986817]
2018-03-15 11:18:10,632:INFO: Mean value of AUC: 
2018-03-15 11:18:10,632:INFO: 0.6619066235246924
2018-03-15 11:18:10,635:INFO: Found better model!
2018-03-15 11:18:10,659:INFO: 

2018-03-15 11:18:10,659:INFO: Epoch 4/9
2018-03-15 11:18:10,659:INFO: ----------
2018-03-15 11:21:28,552:INFO: - Train metrics: total_accuracy: 0.941581 ; loss: 0.179862
2018-03-15 11:21:28,553:INFO: 

2018-03-15 11:21:28,553:INFO: Metric Report for the dev set
2018-03-15 11:22:28,844:INFO: - Eval metrics : total_accuracy: 0.000000 ; loss: 0.286459
2018-03-15 11:22:28,862:INFO: ROC AUC is :
2018-03-15 11:22:28,862:INFO: [0.7192552993430676, 0.6795174555409748, 0.586230461650309, 0.8171884747348721, 0.6885933336958294, 0.7486779717412746, 0.54822265625, 0.5245630831033771, 0.6577418540035364, 0.7505773501110289, 0.7851176062022488, 0.5999402518613843, 0.5886321735378339, 0.6104143529178067]
2018-03-15 11:22:28,863:INFO: Mean value of AUC: 
2018-03-15 11:22:28,863:INFO: 0.6646194517638245
2018-03-15 11:22:28,865:INFO: Found better model!
2018-03-15 11:22:28,890:INFO: 

2018-03-15 11:22:28,890:INFO: Epoch 5/9
2018-03-15 11:22:28,890:INFO: ----------
2018-03-15 11:25:45,425:INFO: - Train metrics: total_accuracy: 0.942599 ; loss: 0.176553
2018-03-15 11:25:45,426:INFO: 

2018-03-15 11:25:45,427:INFO: Metric Report for the dev set
2018-03-15 11:26:45,718:INFO: - Eval metrics : total_accuracy: 0.000000 ; loss: 0.270959
2018-03-15 11:26:45,736:INFO: ROC AUC is :
2018-03-15 11:26:45,736:INFO: [0.7163711800845767, 0.6877460518575502, 0.5855034532897128, 0.8068432886254937, 0.6795117176879996, 0.7551663081840976, 0.5509830729166667, 0.5024121942520321, 0.6715079565546854, 0.7512509252405627, 0.7805372529143436, 0.6416030885191653, 0.5849579623164529, 0.6309107818439563]
2018-03-15 11:26:45,736:INFO: Mean value of AUC: 
2018-03-15 11:26:45,736:INFO: 0.6675218024490926
2018-03-15 11:26:45,739:INFO: Found better model!
2018-03-15 11:26:45,764:INFO: 

2018-03-15 11:26:45,764:INFO: Epoch 6/9
2018-03-15 11:26:45,764:INFO: ----------
2018-03-15 11:30:02,324:INFO: - Train metrics: total_accuracy: 0.944197 ; loss: 0.172509
2018-03-15 11:30:02,325:INFO: 

2018-03-15 11:30:02,325:INFO: Metric Report for the dev set
2018-03-15 11:31:02,675:INFO: - Eval metrics : total_accuracy: 0.000000 ; loss: 0.236040
2018-03-15 11:31:02,692:INFO: ROC AUC is :
2018-03-15 11:31:02,692:INFO: [0.7178557940370754, 0.658771324494321, 0.5976154125772446, 0.8032562642961115, 0.6812321244086782, 0.7532887309717057, 0.5835742187499999, 0.503970265247508, 0.6636496309393506, 0.738260547742413, 0.7441947776463741, 0.6192205165915985, 0.6189411472430341, 0.6349558920461214]
2018-03-15 11:31:02,693:INFO: Mean value of AUC: 
2018-03-15 11:31:02,693:INFO: 0.6656276176422525
2018-03-15 11:31:02,695:INFO: Found better model!
2018-03-15 11:31:02,720:INFO: 

2018-03-15 11:31:02,720:INFO: Epoch 7/9
2018-03-15 11:31:02,720:INFO: ----------
2018-03-15 11:34:20,296:INFO: - Train metrics: total_accuracy: 0.945500 ; loss: 0.169013
2018-03-15 11:34:20,298:INFO: 

2018-03-15 11:34:20,298:INFO: Metric Report for the dev set
2018-03-15 11:35:20,625:INFO: - Eval metrics : total_accuracy: 0.000000 ; loss: 0.235372
2018-03-15 11:35:20,642:INFO: ROC AUC is :
2018-03-15 11:35:20,643:INFO: [0.7165812920556398, 0.6712096701208199, 0.5422319156670302, 0.788570258889582, 0.6751117394377686, 0.7451486019179807, 0.5563216145833333, 0.512192374838092, 0.685021470068199, 0.768541820873427, 0.7801054983011395, 0.6465897600882434, 0.5969743328233894, 0.6145226679668806]
2018-03-15 11:35:20,643:INFO: Mean value of AUC: 
2018-03-15 11:35:20,643:INFO: 0.6642230726879662
2018-03-15 11:35:20,645:INFO: Found better model!
2018-03-15 11:35:20,669:INFO: 

2018-03-15 11:35:20,670:INFO: Epoch 8/9
2018-03-15 11:35:20,670:INFO: ----------
2018-03-15 11:38:37,515:INFO: - Train metrics: total_accuracy: 0.946775 ; loss: 0.165019
2018-03-15 11:38:37,516:INFO: 

2018-03-15 11:38:37,516:INFO: Metric Report for the dev set
2018-03-15 11:39:37,089:INFO: - Eval metrics : total_accuracy: 0.000000 ; loss: 0.231822
2018-03-15 11:39:37,107:INFO: ROC AUC is :
2018-03-15 11:39:37,107:INFO: [0.7153206202292614, 0.6805850943481605, 0.5910868774990913, 0.7899608806404658, 0.677448752107009, 0.7338712552435502, 0.5764192708333333, 0.4980195603611721, 0.6738163397041902, 0.7507846039970393, 0.7621407520039045, 0.6082130710543248, 0.6143647275722748, 0.6003286652039259]
2018-03-15 11:39:37,108:INFO: Mean value of AUC: 
2018-03-15 11:39:37,108:INFO: 0.6623114621998359
2018-03-15 11:39:37,110:INFO: Found better model!
2018-03-15 11:39:37,135:INFO: 

2018-03-15 11:39:37,136:INFO: Epoch 9/9
2018-03-15 11:39:37,136:INFO: ----------
2018-03-15 11:42:55,002:INFO: - Train metrics: total_accuracy: 0.948097 ; loss: 0.160995
2018-03-15 11:42:55,003:INFO: 

2018-03-15 11:42:55,003:INFO: Metric Report for the dev set
2018-03-15 11:43:55,446:INFO: - Eval metrics : total_accuracy: 0.000000 ; loss: 0.227677
2018-03-15 11:43:55,464:INFO: ROC AUC is :
2018-03-15 11:43:55,465:INFO: [0.7034894545067687, 0.6736588759672383, 0.5670956015994184, 0.7775005198585985, 0.6725920287096949, 0.7189575881451201, 0.5817838541666667, 0.5000093859698522, 0.6509149336252141, 0.7522205773501109, 0.7404028458260592, 0.6358350951374208, 0.568103662443285, 0.6099358019340684]
2018-03-15 11:43:55,465:INFO: Mean value of AUC: 
2018-03-15 11:43:55,465:INFO: 0.6537500160885369
2018-03-15 11:43:55,467:INFO: Found better model!
2018-03-15 11:43:55,491:INFO: 

2018-03-15 11:43:55,492:INFO: Best eval loss: 0.227677
2018-03-15 11:43:55,492:INFO: Training complete in 42m 53s
