2018-03-15 14:39:09,513:INFO: Loading the datasets...
2018-03-15 14:39:09,525:INFO: Names of 14 diseases:
2018-03-15 14:39:09,538:INFO: Epoch 0/9
2018-03-15 14:39:09,538:INFO: ----------
2018-03-15 14:42:29,925:INFO: - Train metrics: total_accuracy: 0.930413 ; loss: 2.557671
2018-03-15 14:42:29,926:INFO: 

2018-03-15 14:42:29,927:INFO: Metric Report for the dev set
2018-03-15 14:43:36,211:INFO: - Eval metrics : total_accuracy: 0.000000 ; loss: 0.153949
2018-03-15 14:43:36,229:INFO: ROC AUC is :
2018-03-15 14:43:36,230:INFO: [0.6186308146493258, 0.616699285035522, 0.44581606688476916, 0.6567292446454565, 0.6321483334239574, 0.44282302052263195, 0.5933072916666667, 0.45809164460963747, 0.4760040414246022, 0.6420947446336046, 0.6725235118544799, 0.5418007169776633, 0.5269551118607723, 0.5870556473530713]
2018-03-15 14:43:36,230:INFO: Mean value of AUC: 
2018-03-15 14:43:36,230:INFO: 0.5650485339672972
2018-03-15 14:43:36,233:INFO: Found better model!
2018-03-15 14:43:36,256:INFO: 

2018-03-15 14:43:36,256:INFO: Epoch 1/9
2018-03-15 14:43:36,257:INFO: ----------
2018-03-15 14:46:54,862:INFO: - Train metrics: total_accuracy: 0.933914 ; loss: 2.485670
2018-03-15 14:46:54,863:INFO: 

2018-03-15 14:46:54,863:INFO: Metric Report for the dev set
2018-03-15 14:48:00,996:INFO: - Eval metrics : total_accuracy: 0.000000 ; loss: 0.148487
2018-03-15 14:48:01,016:INFO: ROC AUC is :
2018-03-15 14:48:01,016:INFO: [0.6735875954147716, 0.6894472034933707, 0.26002181025081783, 0.7541978581825745, 0.6381545321080964, 0.49991087449941174, 0.52861328125, 0.48424095661804734, 0.4771547248182762, 0.6984455958549223, 0.7484935518387115, 0.5500965162239178, 0.45571987081421045, 0.5228124351021661]
2018-03-15 14:48:01,016:INFO: Mean value of AUC: 
2018-03-15 14:48:01,016:INFO: 0.5700640576049496
2018-03-15 14:48:01,019:INFO: Found better model!
2018-03-15 14:48:01,043:INFO: 

2018-03-15 14:48:01,044:INFO: Epoch 2/9
2018-03-15 14:48:01,044:INFO: ----------
2018-03-15 14:51:19,458:INFO: - Train metrics: total_accuracy: 0.934846 ; loss: 2.471209
2018-03-15 14:51:19,459:INFO: 

2018-03-15 14:51:19,460:INFO: Metric Report for the dev set
2018-03-15 14:52:25,998:INFO: - Eval metrics : total_accuracy: 0.000000 ; loss: 0.147145
2018-03-15 14:52:26,010:INFO: ROC AUC is :
2018-03-15 14:52:26,010:INFO: [0.6724444799063805, 0.6962447395809764, 0.4482006543075245, 0.7542628405073821, 0.6665020934152573, 0.6085370346163445, 0.5398502604166666, 0.4666891929943121, 0.504995649855463, 0.6977276091783864, 0.7791856732556175, 0.5170282195054692, 0.46253219838125503, 0.5271735695388755]
2018-03-15 14:52:26,011:INFO: Mean value of AUC: 
2018-03-15 14:52:26,011:INFO: 0.5958124439614221
2018-03-15 14:52:26,013:INFO: Found better model!
2018-03-15 14:52:26,027:INFO: 

2018-03-15 14:52:26,027:INFO: Epoch 3/9
2018-03-15 14:52:26,028:INFO: ----------
2018-03-15 14:55:45,341:INFO: - Train metrics: total_accuracy: 0.935702 ; loss: 2.461694
2018-03-15 14:55:45,342:INFO: 

2018-03-15 14:55:45,342:INFO: Metric Report for the dev set
2018-03-15 14:56:51,657:INFO: - Eval metrics : total_accuracy: 0.000000 ; loss: 0.146608
2018-03-15 14:56:51,675:INFO: ROC AUC is :
2018-03-15 14:56:51,675:INFO: [0.6682789435889251, 0.6873557627041947, 0.5169611050527081, 0.7591885007278022, 0.6498178456853897, 0.5922211263086594, 0.5427799479166666, 0.5548422218467834, 0.5314333024613398, 0.7027905255366396, 0.7449268832948508, 0.5866807610993658, 0.5005426326181043, 0.5729158201731812]
2018-03-15 14:56:51,675:INFO: Mean value of AUC: 
2018-03-15 14:56:51,675:INFO: 0.6150525270724723
2018-03-15 14:56:51,678:INFO: Found better model!
2018-03-15 14:56:51,702:INFO: 

2018-03-15 14:56:51,703:INFO: Epoch 4/9
2018-03-15 14:56:51,703:INFO: ----------
2018-03-15 15:00:10,187:INFO: - Train metrics: total_accuracy: 0.936111 ; loss: 2.445549
2018-03-15 15:00:10,188:INFO: 

2018-03-15 15:00:10,188:INFO: Metric Report for the dev set
2018-03-15 15:01:16,456:INFO: - Eval metrics : total_accuracy: 0.000000 ; loss: 0.147703
2018-03-15 15:01:16,468:INFO: ROC AUC is :
2018-03-15 15:01:16,469:INFO: [0.6792542354849864, 0.6947910538938413, 0.33503453289712826, 0.7601372426699937, 0.6605165570115817, 0.6139796318522656, 0.533564453125, 0.525802031123876, 0.5555976537284949, 0.7046188008882309, 0.7532428525839575, 0.5745702730030333, 0.4624275945030662, 0.5652319166418361]
2018-03-15 15:01:16,469:INFO: Mean value of AUC: 
2018-03-15 15:01:16,469:INFO: 0.6013406306719494
2018-03-15 15:01:16,471:INFO: 

2018-03-15 15:01:16,471:INFO: Epoch 5/9
2018-03-15 15:01:16,471:INFO: ----------
2018-03-15 15:04:34,810:INFO: - Train metrics: total_accuracy: 0.935873 ; loss: 2.430613
2018-03-15 15:04:34,812:INFO: 

2018-03-15 15:04:34,812:INFO: Metric Report for the dev set
2018-03-15 15:05:41,219:INFO: - Eval metrics : total_accuracy: 0.000000 ; loss: 0.146101
2018-03-15 15:05:41,237:INFO: ROC AUC is :
2018-03-15 15:05:41,237:INFO: [0.6739243064975131, 0.6898671885605684, 0.40824427480916026, 0.7709210594718234, 0.6600315371649176, 0.6083231334149327, 0.5457877604166667, 0.5278294006119653, 0.5489250933176166, 0.7126054774241303, 0.7232452929361192, 0.5414789962312712, 0.5111206997999451, 0.5918140693989219]
2018-03-15 15:05:41,237:INFO: Mean value of AUC: 
2018-03-15 15:05:41,237:INFO: 0.6081513064325395
2018-03-15 15:05:41,241:INFO: Found better model!
2018-03-15 15:05:41,265:INFO: 

2018-03-15 15:05:41,265:INFO: Epoch 6/9
2018-03-15 15:05:41,265:INFO: ----------
2018-03-15 15:08:59,727:INFO: - Train metrics: total_accuracy: 0.937814 ; loss: 2.390987
2018-03-15 15:08:59,728:INFO: 

2018-03-15 15:08:59,729:INFO: Metric Report for the dev set
2018-03-15 15:10:05,974:INFO: - Eval metrics : total_accuracy: 0.000000 ; loss: 0.146418
2018-03-15 15:10:05,986:INFO: ROC AUC is :
2018-03-15 15:10:05,986:INFO: [0.6713550892310967, 0.7009932576134665, 0.42956015994183927, 0.7847882875857767, 0.6460333858952749, 0.5833798766503073, 0.54775390625, 0.5245067672842634, 0.5646206954618169, 0.7158697261287935, 0.7166375701601246, 0.5639764684254067, 0.4922789262411904, 0.594486731496781]
2018-03-15 15:10:05,986:INFO: Mean value of AUC: 
2018-03-15 15:10:05,986:INFO: 0.6097314891690099
2018-03-15 15:10:05,989:INFO: 

2018-03-15 15:10:05,989:INFO: Epoch 7/9
2018-03-15 15:10:05,989:INFO: ----------
2018-03-15 15:13:24,395:INFO: - Train metrics: total_accuracy: 0.938280 ; loss: 2.377311
2018-03-15 15:13:24,396:INFO: 

2018-03-15 15:13:24,396:INFO: Metric Report for the dev set
2018-03-15 15:14:30,592:INFO: - Eval metrics : total_accuracy: 0.000000 ; loss: 0.147292
2018-03-15 15:14:30,609:INFO: ROC AUC is :
2018-03-15 15:14:30,609:INFO: [0.6707125189499721, 0.6971271324494321, 0.43488186114140315, 0.7865168174256603, 0.6394867054537546, 0.5918289741060713, 0.5520963541666667, 0.5237371177563778, 0.583291235160394, 0.7104219096965212, 0.7049801956036117, 0.5752826546557589, 0.5065442801291857, 0.6022428691388791]
2018-03-15 15:14:30,610:INFO: Mean value of AUC: 
2018-03-15 15:14:30,610:INFO: 0.6127964732738348
2018-03-15 15:14:30,613:INFO: 

2018-03-15 15:14:30,613:INFO: Epoch 8/9
2018-03-15 15:14:30,613:INFO: ----------
2018-03-15 15:17:48,810:INFO: - Train metrics: total_accuracy: 0.938451 ; loss: 2.366377
2018-03-15 15:17:48,811:INFO: 

2018-03-15 15:17:48,812:INFO: Metric Report for the dev set
2018-03-15 15:18:55,501:INFO: - Eval metrics : total_accuracy: 0.000000 ; loss: 0.147310
2018-03-15 15:18:55,518:INFO: ROC AUC is :
2018-03-15 15:18:55,519:INFO: [0.669677385036836, 0.6947599438888638, 0.43588513267902584, 0.7857695206903722, 0.6371638301343049, 0.5866121614716402, 0.5510872395833334, 0.5202079930919261, 0.5797690213578064, 0.7053293856402665, 0.702370895984682, 0.5742025921500138, 0.5089370938427542, 0.6036965806177821]
2018-03-15 15:18:55,519:INFO: Mean value of AUC: 
2018-03-15 15:18:55,519:INFO: 0.6111049125835434
2018-03-15 15:18:55,522:INFO: 

2018-03-15 15:18:55,522:INFO: Epoch 9/9
2018-03-15 15:18:55,522:INFO: ----------
2018-03-15 15:22:14,518:INFO: - Train metrics: total_accuracy: 0.938613 ; loss: 2.363497
2018-03-15 15:22:14,519:INFO: 

2018-03-15 15:22:14,519:INFO: Metric Report for the dev set
2018-03-15 15:23:20,846:INFO: - Eval metrics : total_accuracy: 0.000000 ; loss: 0.147159
2018-03-15 15:23:20,858:INFO: ROC AUC is :
2018-03-15 15:23:20,859:INFO: [0.6696795127529988, 0.6955970858409883, 0.4388222464558342, 0.7866597785402369, 0.6357109455712033, 0.5858635072666991, 0.5505013020833334, 0.5183307991214732, 0.5790814178664645, 0.70279792746114, 0.6999680877025023, 0.5657459325305635, 0.5129512676682488, 0.6059719551065001]
2018-03-15 15:23:20,859:INFO: Mean value of AUC: 
2018-03-15 15:23:20,859:INFO: 0.6105486975691561
2018-03-15 15:23:20,861:INFO: 

2018-03-15 15:23:20,861:INFO: Best eval loss: 0.146101
2018-03-15 15:23:20,861:INFO: Training complete in 44m 11s
