2018-03-15 20:09:22,826:INFO: Loading the datasets...
2018-03-15 20:09:22,839:INFO: Names of 14 diseases:
2018-03-15 20:09:22,852:INFO: Epoch 0/9
2018-03-15 20:09:22,852:INFO: ----------
2018-03-15 20:12:36,902:INFO: - Train metrics: total_accuracy: 0.929481 ; loss: 0.228094
2018-03-15 20:12:36,903:INFO: 

2018-03-15 20:12:36,903:INFO: Metric Report for the dev set
2018-03-15 20:13:36,097:INFO: - Eval metrics : total_accuracy: 0.000000 ; loss: 0.265059
2018-03-15 20:13:36,113:INFO: ROC AUC is :
2018-03-15 20:13:36,114:INFO: [0.6852490757732917, 0.6520034843205574, 0.6091021446746638, 0.7643480973175296, 0.6726398782012941, 0.7251607229860608, 0.5067773437499999, 0.49809464811999027, 0.644831747635486, 0.7215433012583271, 0.7620656642450864, 0.5802463461715232, 0.5513670419330797, 0.5714982257496547]
2018-03-15 20:13:36,114:INFO: Mean value of AUC: 
2018-03-15 20:13:36,114:INFO: 0.638923408724039
2018-03-15 20:13:36,116:INFO: Found better model!
2018-03-15 20:13:36,138:INFO: 

2018-03-15 20:13:36,138:INFO: Epoch 1/9
2018-03-15 20:13:36,138:INFO: ----------
2018-03-15 20:16:50,014:INFO: - Train metrics: total_accuracy: 0.936140 ; loss: 0.190638
2018-03-15 20:16:50,016:INFO: 

2018-03-15 20:16:50,016:INFO: Metric Report for the dev set
2018-03-15 20:17:49,230:INFO: - Eval metrics : total_accuracy: 0.000000 ; loss: 0.232379
2018-03-15 20:17:49,246:INFO: ROC AUC is :
2018-03-15 20:17:49,246:INFO: [0.7044229899731376, 0.6829833929137066, 0.5870592511813886, 0.8002118423788729, 0.6863270077755423, 0.7165333745291204, 0.5006315104166666, 0.49266955754538116, 0.648845106789032, 0.7270466321243524, 0.7578982936306808, 0.5847504366210129, 0.5816760156382798, 0.5637782051629331]
2018-03-15 20:17:49,247:INFO: Mean value of AUC: 
2018-03-15 20:17:49,247:INFO: 0.6453452583342932
2018-03-15 20:17:49,249:INFO: Found better model!
2018-03-15 20:17:49,265:INFO: 

2018-03-15 20:17:49,265:INFO: Epoch 2/9
2018-03-15 20:17:49,265:INFO: ----------
2018-03-15 20:21:02,917:INFO: - Train metrics: total_accuracy: 0.938394 ; loss: 0.184813
2018-03-15 20:21:02,918:INFO: 

2018-03-15 20:21:02,919:INFO: Metric Report for the dev set
2018-03-15 20:22:02,321:INFO: - Eval metrics : total_accuracy: 0.000000 ; loss: 0.215627
2018-03-15 20:22:02,337:INFO: ROC AUC is :
2018-03-15 20:22:02,338:INFO: [0.7129072581717599, 0.6847934295669488, 0.5933260632497274, 0.8162039925140363, 0.6930759610679137, 0.7378640776699028, 0.5351171875, 0.5156088678643165, 0.6475470797900704, 0.744381939304219, 0.7696495278857165, 0.5923568342678556, 0.5797669948613345, 0.5930781663370985]
2018-03-15 20:22:02,338:INFO: Mean value of AUC: 
2018-03-15 20:22:02,338:INFO: 0.6582626700036357
2018-03-15 20:22:02,340:INFO: Found better model!
2018-03-15 20:22:02,365:INFO: 

2018-03-15 20:22:02,365:INFO: Epoch 3/9
2018-03-15 20:22:02,365:INFO: ----------
2018-03-15 20:25:16,237:INFO: - Train metrics: total_accuracy: 0.939003 ; loss: 0.182876
2018-03-15 20:25:16,239:INFO: 

2018-03-15 20:25:16,239:INFO: Metric Report for the dev set
2018-03-15 20:26:15,723:INFO: - Eval metrics : total_accuracy: 0.000000 ; loss: 0.209412
2018-03-15 20:26:15,740:INFO: ROC AUC is :
2018-03-15 20:26:15,740:INFO: [0.7179222851671587, 0.6985044572152587, 0.5904761904761905, 0.8021580630068621, 0.6892675765319993, 0.7166284417297477, 0.53064453125, 0.53083291096469, 0.6575804776739357, 0.7396002960769801, 0.7686733870210809, 0.5599779391488189, 0.6033159429385845, 0.592653790936425]
2018-03-15 20:26:15,741:INFO: Mean value of AUC: 
2018-03-15 20:26:15,741:INFO: 0.6570168778669807
2018-03-15 20:26:15,743:INFO: Found better model!
2018-03-15 20:26:15,767:INFO: 

2018-03-15 20:26:15,767:INFO: Epoch 4/9
2018-03-15 20:26:15,767:INFO: ----------
2018-03-15 20:29:29,778:INFO: - Train metrics: total_accuracy: 0.940059 ; loss: 0.180862
2018-03-15 20:29:29,779:INFO: 

2018-03-15 20:29:29,779:INFO: Metric Report for the dev set
2018-03-15 20:30:29,267:INFO: - Eval metrics : total_accuracy: 0.000000 ; loss: 0.205134
2018-03-15 20:30:29,281:INFO: ROC AUC is :
2018-03-15 20:30:29,281:INFO: [0.7232585973031198, 0.6990163582062536, 0.5882951653944021, 0.8194888490330632, 0.6946767440595943, 0.7168066927309242, 0.5327799479166667, 0.5194758874434495, 0.671514972916842, 0.7423686158401185, 0.7627414540744495, 0.5987912491956983, 0.5819244498489782, 0.603525024604744]
2018-03-15 20:30:29,281:INFO: Mean value of AUC: 
2018-03-15 20:30:29,281:INFO: 0.6610474291834504
2018-03-15 20:30:29,283:INFO: Found better model!
2018-03-15 20:30:29,307:INFO: 

2018-03-15 20:30:29,307:INFO: Epoch 5/9
2018-03-15 20:30:29,308:INFO: ----------
2018-03-15 20:33:43,127:INFO: - Train metrics: total_accuracy: 0.940544 ; loss: 0.179140
2018-03-15 20:33:43,128:INFO: 

2018-03-15 20:33:43,128:INFO: Metric Report for the dev set
2018-03-15 20:34:42,449:INFO: - Eval metrics : total_accuracy: 0.000000 ; loss: 0.211118
2018-03-15 20:34:42,461:INFO: ROC AUC is :
2018-03-15 20:34:42,461:INFO: [0.7201133008856618, 0.6968810805918819, 0.5864485641584878, 0.8085068361405697, 0.6838562340275134, 0.7030813656403371, 0.5499869791666666, 0.513750445833568, 0.6422076281889366, 0.7322353811991117, 0.7818325167539562, 0.5772359591874253, 0.6081407968200421, 0.6000126409693817]
2018-03-15 20:34:42,461:INFO: Mean value of AUC: 
2018-03-15 20:34:42,461:INFO: 0.6574492663973956
2018-03-15 20:34:42,462:INFO: 

2018-03-15 20:34:42,463:INFO: Epoch 6/9
2018-03-15 20:34:42,463:INFO: ----------
2018-03-15 20:37:56,409:INFO: - Train metrics: total_accuracy: 0.941495 ; loss: 0.177347
2018-03-15 20:37:56,410:INFO: 

2018-03-15 20:37:56,410:INFO: Metric Report for the dev set
2018-03-15 20:38:55,937:INFO: - Eval metrics : total_accuracy: 0.000000 ; loss: 0.214910
2018-03-15 20:38:55,954:INFO: ROC AUC is :
2018-03-15 20:38:55,954:INFO: [0.7150956142450596, 0.6574562197384497, 0.5880334423845874, 0.7807951237263464, 0.6772225545103584, 0.7252795569868451, 0.5869075520833333, 0.525163785173922, 0.630749908787292, 0.7100444115470023, 0.7743988286309624, 0.5908171706958361, 0.633350331463539, 0.591136874610613]
2018-03-15 20:38:55,955:INFO: Mean value of AUC: 
2018-03-15 20:38:55,955:INFO: 0.6561750981845821
2018-03-15 20:38:55,957:INFO: 

2018-03-15 20:38:55,957:INFO: Epoch 7/9
2018-03-15 20:38:55,957:INFO: ----------
2018-03-15 20:42:10,014:INFO: - Train metrics: total_accuracy: 0.943160 ; loss: 0.172713
2018-03-15 20:42:10,015:INFO: 

2018-03-15 20:42:10,015:INFO: Metric Report for the dev set
2018-03-15 20:43:09,354:INFO: - Eval metrics : total_accuracy: 0.000000 ; loss: 0.211586
2018-03-15 20:43:09,371:INFO: ROC AUC is :
2018-03-15 20:43:09,371:INFO: [0.7320173408867257, 0.6777144893434093, 0.5788440567066522, 0.8173606778956124, 0.6833342395737045, 0.749046357143706, 0.5873958333333332, 0.5203393966698578, 0.6621130476270662, 0.7426868985936342, 0.7762760226014154, 0.6231960658148727, 0.6184573543064109, 0.6095204557972389]
2018-03-15 20:43:09,371:INFO: Mean value of AUC: 
2018-03-15 20:43:09,371:INFO: 0.6698787311638313
2018-03-15 20:43:09,373:INFO: 

2018-03-15 20:43:09,374:INFO: Epoch 8/9
2018-03-15 20:43:09,374:INFO: ----------
2018-03-15 20:46:24,008:INFO: - Train metrics: total_accuracy: 0.944207 ; loss: 0.168945
2018-03-15 20:46:24,009:INFO: 

2018-03-15 20:46:24,009:INFO: Metric Report for the dev set
2018-03-15 20:47:23,426:INFO: - Eval metrics : total_accuracy: 0.000000 ; loss: 0.213446
2018-03-15 20:47:23,442:INFO: ROC AUC is :
2018-03-15 20:47:23,442:INFO: [0.7313620043086251, 0.6751974071224943, 0.5733769538349691, 0.810115148679559, 0.6802414224348866, 0.7482264025382942, 0.5940299479166666, 0.5120046554410467, 0.6638390727175774, 0.7452775721687639, 0.7686921589607854, 0.6361338358304991, 0.6122988009780462, 0.6066220621032767]
2018-03-15 20:47:23,442:INFO: Mean value of AUC: 
2018-03-15 20:47:23,443:INFO: 0.6683869603596779
2018-03-15 20:47:23,445:INFO: 

2018-03-15 20:47:23,445:INFO: Epoch 9/9
2018-03-15 20:47:23,446:INFO: ----------
2018-03-15 20:50:37,781:INFO: - Train metrics: total_accuracy: 0.945700 ; loss: 0.166557
2018-03-15 20:50:37,782:INFO: 

2018-03-15 20:50:37,783:INFO: Metric Report for the dev set
2018-03-15 20:51:37,497:INFO: - Eval metrics : total_accuracy: 0.000000 ; loss: 0.215805
2018-03-15 20:51:37,509:INFO: ROC AUC is :
2018-03-15 20:51:37,509:INFO: [0.7310869969946009, 0.6767302819132087, 0.5679098509632861, 0.8097431248700354, 0.6796095916480888, 0.7457190051217455, 0.59443359375, 0.509320268063299, 0.6632707473828969, 0.7466469282013323, 0.7651067184772202, 0.6396038238808714, 0.610062893081761, 0.6078139249307004]
2018-03-15 20:51:37,509:INFO: Mean value of AUC: 
2018-03-15 20:51:37,509:INFO: 0.6676469820913605
2018-03-15 20:51:37,510:INFO: 

2018-03-15 20:51:37,511:INFO: Best eval loss: 0.205134
2018-03-15 20:51:37,511:INFO: Training complete in 42m 15s
