2018-03-15 13:54:54,400:INFO: Loading the datasets...
2018-03-15 13:54:54,412:INFO: Names of 14 diseases:
2018-03-15 13:54:54,425:INFO: Epoch 0/9
2018-03-15 13:54:54,425:INFO: ----------
2018-03-15 13:58:13,692:INFO: - Train metrics: total_accuracy: 0.930746 ; loss: 2.581729
2018-03-15 13:58:13,693:INFO: 

2018-03-15 13:58:13,694:INFO: Metric Report for the dev set
2018-03-15 13:59:20,163:INFO: - Eval metrics : total_accuracy: 0.000000 ; loss: 0.159802
2018-03-15 13:59:20,181:INFO: ROC AUC is :
2018-03-15 13:59:20,181:INFO: [0.6263650629006091, 0.6031240101362053, 0.6212286441294075, 0.6597444245165316, 0.6494165624490238, 0.6223693123076375, 0.5864453125, 0.49882675376846686, 0.49114885913951334, 0.6836861584011844, 0.7082465131121998, 0.5990899898887765, 0.5328129290393441, 0.5392547245623063]
2018-03-15 13:59:20,181:INFO: Mean value of AUC: 
2018-03-15 13:59:20,181:INFO: 0.6015542326322291
2018-03-15 13:59:20,185:INFO: Found better model!
2018-03-15 13:59:20,208:INFO: 

2018-03-15 13:59:20,208:INFO: Epoch 1/9
2018-03-15 13:59:20,208:INFO: ----------
2018-03-15 14:02:39,227:INFO: - Train metrics: total_accuracy: 0.934618 ; loss: 2.491309
2018-03-15 14:02:39,228:INFO: 

2018-03-15 14:02:39,228:INFO: Metric Report for the dev set
2018-03-15 14:03:45,996:INFO: - Eval metrics : total_accuracy: 0.000000 ; loss: 0.154567
2018-03-15 14:03:46,008:INFO: ROC AUC is :
2018-03-15 14:03:46,009:INFO: [0.6569876858427085, 0.6639129598624373, 0.398495092693566, 0.7339851060511542, 0.6599445380892828, 0.5916031895045811, 0.4974088541666667, 0.5143699198438174, 0.38263731020740366, 0.7052775721687639, 0.7631356648082446, 0.5815562092104054, 0.43221014919128126, 0.5410876651226626]
2018-03-15 14:03:46,009:INFO: Mean value of AUC: 
2018-03-15 14:03:46,009:INFO: 0.5801865654830697
2018-03-15 14:03:46,011:INFO: Found better model!
2018-03-15 14:03:46,034:INFO: 

2018-03-15 14:03:46,035:INFO: Epoch 2/9
2018-03-15 14:03:46,035:INFO: ----------
2018-03-15 14:07:05,141:INFO: - Train metrics: total_accuracy: 0.935807 ; loss: 2.466934
2018-03-15 14:07:05,142:INFO: 

2018-03-15 14:07:05,143:INFO: Metric Report for the dev set
2018-03-15 14:08:11,562:INFO: - Eval metrics : total_accuracy: 0.000000 ; loss: 0.152590
2018-03-15 14:08:11,580:INFO: ROC AUC is :
2018-03-15 14:08:11,580:INFO: [0.6707880528737467, 0.652685076247794, 0.5384223918575064, 0.7450385995009356, 0.6663781197324777, 0.6211512637995983, 0.5636555989583333, 0.516200183965009, 0.4830274199433078, 0.7070244263508512, 0.7647688235625387, 0.5667570548763673, 0.43611971913858705, 0.5235167176820074]
2018-03-15 14:08:11,580:INFO: Mean value of AUC: 
2018-03-15 14:08:11,580:INFO: 0.6039666748920757
2018-03-15 14:08:11,583:INFO: Found better model!
2018-03-15 14:08:11,608:INFO: 

2018-03-15 14:08:11,608:INFO: Epoch 3/9
2018-03-15 14:08:11,608:INFO: ----------
2018-03-15 14:11:29,887:INFO: - Train metrics: total_accuracy: 0.936035 ; loss: 2.458906
2018-03-15 14:11:29,888:INFO: 

2018-03-15 14:11:29,889:INFO: Metric Report for the dev set
2018-03-15 14:12:35,941:INFO: - Eval metrics : total_accuracy: 0.000000 ; loss: 0.149733
2018-03-15 14:12:35,957:INFO: ROC AUC is :
2018-03-15 14:12:35,958:INFO: [0.6809766217186627, 0.6730197067740622, 0.41775354416575794, 0.7561440788105634, 0.6700146810940134, 0.6105809794298344, 0.51857421875, 0.510315180867639, 0.43703516600712866, 0.7134863064396744, 0.7745114602691896, 0.6237705671477157, 0.45926332718785545, 0.5212323139294454]
2018-03-15 14:12:35,958:INFO: Mean value of AUC: 
2018-03-15 14:12:35,958:INFO: 0.597619868042253
2018-03-15 14:12:35,961:INFO: Found better model!
2018-03-15 14:12:35,985:INFO: 

2018-03-15 14:12:35,986:INFO: Epoch 4/9
2018-03-15 14:12:35,986:INFO: ----------
2018-03-15 14:15:55,269:INFO: - Train metrics: total_accuracy: 0.936682 ; loss: 2.444661
2018-03-15 14:15:55,270:INFO: 

2018-03-15 14:15:55,271:INFO: Metric Report for the dev set
2018-03-15 14:17:01,761:INFO: - Eval metrics : total_accuracy: 0.000000 ; loss: 0.148701
2018-03-15 14:17:01,778:INFO: ROC AUC is :
2018-03-15 14:17:01,778:INFO: [0.6843783079337217, 0.6633897461423595, 0.4663031624863686, 0.7668791588687877, 0.670153879615029, 0.627134555739088, 0.5205794270833333, 0.5211465900771527, 0.507717998372204, 0.7248112509252407, 0.7822830433068648, 0.4772497472194135, 0.46105466860183847, 0.5088080468799379]
2018-03-15 14:17:01,779:INFO: Mean value of AUC: 
2018-03-15 14:17:01,779:INFO: 0.5987063988036672
2018-03-15 14:17:01,782:INFO: Found better model!
2018-03-15 14:17:01,806:INFO: 

2018-03-15 14:17:01,807:INFO: Epoch 5/9
2018-03-15 14:17:01,807:INFO: ----------
2018-03-15 14:20:20,770:INFO: - Train metrics: total_accuracy: 0.936787 ; loss: 2.437149
2018-03-15 14:20:20,771:INFO: 

2018-03-15 14:20:20,771:INFO: Metric Report for the dev set
2018-03-15 14:21:27,276:INFO: - Eval metrics : total_accuracy: 0.000000 ; loss: 0.147485
2018-03-15 14:21:27,294:INFO: ROC AUC is :
2018-03-15 14:21:27,294:INFO: [0.6874874331764143, 0.6607001448029322, 0.44724100327153765, 0.7601502391349554, 0.6728106138872275, 0.5916863733051302, 0.53080078125, 0.5043269321018942, 0.5135415789621397, 0.7249222797927463, 0.7900733982842447, 0.5217391304347826, 0.5099046797160005, 0.5179546911540303]
2018-03-15 14:21:27,294:INFO: Mean value of AUC: 
2018-03-15 14:21:27,294:INFO: 0.6023813770910025
2018-03-15 14:21:27,297:INFO: Found better model!
2018-03-15 14:21:27,322:INFO: 

2018-03-15 14:21:27,322:INFO: Epoch 6/9
2018-03-15 14:21:27,322:INFO: ----------
2018-03-15 14:24:46,877:INFO: - Train metrics: total_accuracy: 0.937034 ; loss: 2.431820
2018-03-15 14:24:46,879:INFO: 

2018-03-15 14:24:46,879:INFO: Metric Report for the dev set
2018-03-15 14:25:53,551:INFO: - Eval metrics : total_accuracy: 0.000000 ; loss: 0.146571
2018-03-15 14:25:53,569:INFO: ROC AUC is :
2018-03-15 14:25:53,569:INFO: [0.6838197824410224, 0.6676348477306665, 0.5120901490367139, 0.7650823975878561, 0.6659126746778316, 0.6466886905681454, 0.5391666666666667, 0.507762197067823, 0.5419648620583201, 0.7249444855662472, 0.7732912841883952, 0.5286101663755859, 0.5127420599118713, 0.5610152504266327]
2018-03-15 14:25:53,569:INFO: Mean value of AUC: 
2018-03-15 14:25:53,569:INFO: 0.6164803938788413
2018-03-15 14:25:53,572:INFO: Found better model!
2018-03-15 14:25:53,596:INFO: 

2018-03-15 14:25:53,597:INFO: Epoch 7/9
2018-03-15 14:25:53,597:INFO: ----------
2018-03-15 14:29:12,838:INFO: - Train metrics: total_accuracy: 0.937376 ; loss: 2.421376
2018-03-15 14:29:12,840:INFO: 

2018-03-15 14:29:12,840:INFO: Metric Report for the dev set
2018-03-15 14:30:19,007:INFO: - Eval metrics : total_accuracy: 0.000000 ; loss: 0.147127
2018-03-15 14:30:19,025:INFO: ROC AUC is :
2018-03-15 14:30:19,025:INFO: [0.6741509082688368, 0.6913816801665233, 0.4651472191930207, 0.7543213245997089, 0.6405089445924638, 0.6309491271642642, 0.5319596354166667, 0.5267969439282161, 0.5461255648171537, 0.7194522575869726, 0.7526984663325261, 0.5080889787664308, 0.5174100079760456, 0.5481756372402957]
2018-03-15 14:30:19,026:INFO: Mean value of AUC: 
2018-03-15 14:30:19,026:INFO: 0.6076547640035089
2018-03-15 14:30:19,029:INFO: 

2018-03-15 14:30:19,029:INFO: Epoch 8/9
2018-03-15 14:30:19,029:INFO: ----------
2018-03-15 14:33:37,662:INFO: - Train metrics: total_accuracy: 0.938356 ; loss: 2.390908
2018-03-15 14:33:37,664:INFO: 

2018-03-15 14:33:37,664:INFO: Metric Report for the dev set
2018-03-15 14:34:44,052:INFO: - Eval metrics : total_accuracy: 0.000000 ; loss: 0.145754
2018-03-15 14:34:44,071:INFO: ROC AUC is :
2018-03-15 14:34:44,071:INFO: [0.6776775978084524, 0.6978030680121272, 0.45363867684478376, 0.7622329226450405, 0.639183296177478, 0.6410975508312438, 0.5176953125, 0.5189315011920181, 0.558986556650108, 0.7138415988156921, 0.7597754876011339, 0.5219459509146062, 0.5013794636436145, 0.5410696065949743]
2018-03-15 14:34:44,071:INFO: Mean value of AUC: 
2018-03-15 14:34:44,071:INFO: 0.6075184707308052
2018-03-15 14:34:44,074:INFO: Found better model!
2018-03-15 14:34:44,099:INFO: 

2018-03-15 14:34:44,099:INFO: Epoch 9/9
2018-03-15 14:34:44,099:INFO: ----------
2018-03-15 14:38:02,783:INFO: - Train metrics: total_accuracy: 0.938870 ; loss: 2.374177
2018-03-15 14:38:02,785:INFO: 

2018-03-15 14:38:02,785:INFO: Metric Report for the dev set
2018-03-15 14:39:09,409:INFO: - Eval metrics : total_accuracy: 0.000000 ; loss: 0.145635
2018-03-15 14:39:09,421:INFO: ROC AUC is :
2018-03-15 14:39:09,421:INFO: [0.6805638447831059, 0.7109371464772162, 0.4538131588513267, 0.7676963116032439, 0.641157087705943, 0.6490713122838707, 0.5217643229166667, 0.531790279889621, 0.5851575874940361, 0.7160177646188008, 0.7603761896716787, 0.5378021877010755, 0.5036676734789942, 0.5390289929662034]
2018-03-15 14:39:09,422:INFO: Mean value of AUC: 
2018-03-15 14:39:09,422:INFO: 0.6142031328886988
2018-03-15 14:39:09,424:INFO: Found better model!
2018-03-15 14:39:09,444:INFO: 

2018-03-15 14:39:09,445:INFO: Best eval loss: 0.145635
2018-03-15 14:39:09,445:INFO: Training complete in 44m 15s
