2018-03-16 14:02:10,566:INFO: Loading the datasets...
2018-03-16 14:02:10,574:INFO: Names of 14 diseases:
2018-03-16 14:02:10,586:INFO: Epoch 0/9
2018-03-16 14:02:10,586:INFO: ----------
2018-03-16 15:01:52,426:INFO: - Train metrics: total_accuracy: 0.930266 ; loss: 2.038237
2018-03-16 15:01:52,428:INFO: 

2018-03-16 15:01:52,428:INFO: Metric Report for the dev set
2018-03-16 15:18:06,250:INFO: - Eval metrics : total_accuracy: 0.000000 ; loss: 0.149011
2018-03-16 15:18:06,330:INFO: ROC AUC is :
2018-03-16 15:18:06,330:INFO: [0.7588789238950153, 0.7813368181567255, 0.8716051803409952, 0.8682153280775129, 0.6473841462483181, 0.83635459586219, 0.748149292541526, 0.7274861294424739, 0.8725774988194482, 0.7915302547680289, 0.8954748052337194, 0.9116774603999052, 0.7761814815692951, 0.7917158664243165, 0.8735695998560399]
2018-03-16 15:18:06,330:INFO: average ROC_AUC scores :
2018-03-16 15:18:06,330:INFO: 0.8101424921090341
2018-03-16 15:18:06,334:INFO: Found better model!
2018-03-16 15:18:06,347:INFO: 

2018-03-16 15:18:06,347:INFO: Epoch 1/9
2018-03-16 15:18:06,347:INFO: ----------
2018-03-16 15:50:43,487:INFO: - Train metrics: total_accuracy: 0.930730 ; loss: 1.899067
2018-03-16 15:50:43,489:INFO: 

2018-03-16 15:50:43,489:INFO: Metric Report for the dev set
2018-03-16 16:01:20,026:INFO: - Eval metrics : total_accuracy: 0.000000 ; loss: 0.156794
2018-03-16 16:01:20,101:INFO: ROC AUC is :
2018-03-16 16:01:20,101:INFO: [0.7467163405810373, 0.7804304412008252, 0.8639205380193766, 0.8543974022496159, 0.6260570647203884, 0.8345231304074421, 0.7516367050741044, 0.7194962775181928, 0.8514077007186241, 0.7859421408547176, 0.8828855373551738, 0.9021358687621901, 0.7702580929397402, 0.7819900426395522, 0.8545183876455963]
2018-03-16 16:01:20,101:INFO: average ROC_AUC scores :
2018-03-16 16:01:20,102:INFO: 0.8004210447124385
2018-03-16 16:01:20,106:INFO: 

2018-03-16 16:01:20,106:INFO: Epoch 2/9
2018-03-16 16:01:20,106:INFO: ----------
2018-03-16 16:34:02,887:INFO: - Train metrics: total_accuracy: 0.933403 ; loss: 1.740948
2018-03-16 16:34:02,889:INFO: 

2018-03-16 16:34:02,889:INFO: Metric Report for the dev set
2018-03-16 16:44:40,857:INFO: - Eval metrics : total_accuracy: 0.000000 ; loss: 0.164529
2018-03-16 16:44:40,930:INFO: ROC AUC is :
2018-03-16 16:44:40,931:INFO: [0.742398587044689, 0.7845149453993789, 0.8621724461622516, 0.8456545442133907, 0.6089989088103142, 0.8338548919438806, 0.7380513299179732, 0.7074030749554205, 0.8515510373054347, 0.7801191106951292, 0.8736458125249699, 0.8944929375262749, 0.7619033008045946, 0.7745447479909593, 0.8404873789425468]
2018-03-16 16:44:40,931:INFO: average ROC_AUC scores :
2018-03-16 16:44:40,931:INFO: 0.7933195369491471
2018-03-16 16:44:40,935:INFO: 

2018-03-16 16:44:40,935:INFO: Epoch 3/9
2018-03-16 16:44:40,935:INFO: ----------
2018-03-16 17:17:32,545:INFO: - Train metrics: total_accuracy: 0.940240 ; loss: 1.513722
2018-03-16 17:17:32,546:INFO: 

2018-03-16 17:17:32,547:INFO: Metric Report for the dev set
2018-03-16 17:28:10,227:INFO: - Eval metrics : total_accuracy: 0.000000 ; loss: 0.163311
2018-03-16 17:28:10,299:INFO: ROC AUC is :
2018-03-16 17:28:10,299:INFO: [0.7523259427261262, 0.7753448702404635, 0.8503508438477132, 0.8533937901992947, 0.6015321987657954, 0.8291181117279538, 0.7260714835492054, 0.6568558463316219, 0.863828662441661, 0.7602627559581496, 0.8697741460247704, 0.8883614254590085, 0.7531282431304327, 0.7677142880376006, 0.8411131151027352]
2018-03-16 17:28:10,299:INFO: average ROC_AUC scores :
2018-03-16 17:28:10,300:INFO: 0.7859450482361688
2018-03-16 17:28:10,303:INFO: 

2018-03-16 17:28:10,304:INFO: Epoch 4/9
2018-03-16 17:28:10,304:INFO: ----------
2018-03-16 18:00:56,443:INFO: - Train metrics: total_accuracy: 0.945491 ; loss: 1.353719
2018-03-16 18:00:56,445:INFO: 

2018-03-16 18:00:56,446:INFO: Metric Report for the dev set
2018-03-16 18:11:33,867:INFO: - Eval metrics : total_accuracy: 0.000000 ; loss: 0.169373
2018-03-16 18:11:33,941:INFO: ROC AUC is :
2018-03-16 18:11:33,941:INFO: [0.7438972622035053, 0.773283788798541, 0.8407777282606944, 0.8489830709319809, 0.600556923728607, 0.8271397117829133, 0.7194224156946336, 0.6459202598716324, 0.8613578557027195, 0.7523337275001427, 0.8637888284059129, 0.8824340468222248, 0.7477360751010799, 0.7609774698991637, 0.8394547097892946]
2018-03-16 18:11:33,941:INFO: average ROC_AUC scores :
2018-03-16 18:11:33,941:INFO: 0.7805375916328697
2018-03-16 18:11:33,945:INFO: 

2018-03-16 18:11:33,945:INFO: Epoch 5/9
2018-03-16 18:11:33,945:INFO: ----------
2018-03-16 18:44:11,073:INFO: - Train metrics: total_accuracy: 0.947951 ; loss: 1.286026
2018-03-16 18:44:11,076:INFO: 

2018-03-16 18:44:11,076:INFO: Metric Report for the dev set
2018-03-16 18:54:47,759:INFO: - Eval metrics : total_accuracy: 0.000000 ; loss: 0.170040
2018-03-16 18:54:47,834:INFO: ROC AUC is :
2018-03-16 18:54:47,834:INFO: [0.7447792630617759, 0.7716279822816333, 0.8478842509512222, 0.8540400869228248, 0.6077548369676735, 0.8237104061861474, 0.7163142498621112, 0.647237451818661, 0.8619838810672007, 0.7421628192818394, 0.8651550639232921, 0.8763136251960033, 0.7447051113556461, 0.7551670552003091, 0.8420333153383066]
2018-03-16 18:54:47,834:INFO: average ROC_AUC scores :
2018-03-16 18:54:47,834:INFO: 0.7800579599609764
2018-03-16 18:54:47,838:INFO: 

2018-03-16 18:54:47,838:INFO: Epoch 6/9
2018-03-16 18:54:47,838:INFO: ----------
2018-03-16 19:27:25,318:INFO: - Train metrics: total_accuracy: 0.948825 ; loss: 1.257760
2018-03-16 19:27:25,321:INFO: 

2018-03-16 19:27:25,321:INFO: Metric Report for the dev set
2018-03-16 19:38:02,412:INFO: - Eval metrics : total_accuracy: 0.000000 ; loss: 0.169978
2018-03-16 19:38:02,493:INFO: ROC AUC is :
2018-03-16 19:38:02,493:INFO: [0.7441052235977113, 0.771059728438326, 0.8475766897815973, 0.8540684791895365, 0.6074990039746058, 0.823097722552279, 0.7164517942636076, 0.6455446246541124, 0.8634176983891225, 0.7386730235403351, 0.863719911106672, 0.8745888305626678, 0.7442131744258501, 0.7545604377027284, 0.842299150961916]
2018-03-16 19:38:02,493:INFO: average ROC_AUC scores :
2018-03-16 19:38:02,494:INFO: 0.779391699542738
2018-03-16 19:38:02,497:INFO: 

2018-03-16 19:38:02,498:INFO: Epoch 7/9
2018-03-16 19:38:02,498:INFO: ----------
2018-03-16 20:10:38,627:INFO: - Train metrics: total_accuracy: 0.949677 ; loss: 1.246708
2018-03-16 20:10:38,628:INFO: 

2018-03-16 20:10:38,628:INFO: Metric Report for the dev set
2018-03-16 20:21:09,520:INFO: - Eval metrics : total_accuracy: 0.000000 ; loss: 0.169382
2018-03-16 20:21:09,601:INFO: ROC AUC is :
2018-03-16 20:21:09,601:INFO: [0.7440999936564627, 0.772590074157069, 0.8487814712562868, 0.8541394657249122, 0.6056048175838838, 0.8242789146424936, 0.7159938460431217, 0.6437526550714803, 0.8641831665512449, 0.7397344050845426, 0.8628369706352377, 0.8745813791725907, 0.7442699691603816, 0.7552579151514426, 0.8416509210181914]
2018-03-16 20:21:09,601:INFO: average ROC_AUC scores :
2018-03-16 20:21:09,602:INFO: 0.7794503976606227
2018-03-16 20:21:09,605:INFO: 

2018-03-16 20:21:09,606:INFO: Epoch 8/9
2018-03-16 20:21:09,606:INFO: ----------
2018-03-16 20:53:47,538:INFO: - Train metrics: total_accuracy: 0.949470 ; loss: 1.245379
2018-03-16 20:53:47,540:INFO: 

2018-03-16 20:53:47,540:INFO: Metric Report for the dev set
2018-03-16 21:04:21,926:INFO: - Eval metrics : total_accuracy: 0.000000 ; loss: 0.169441
2018-03-16 21:04:22,004:INFO: ROC AUC is :
2018-03-16 21:04:22,004:INFO: [0.7435428962582092, 0.7726938879199832, 0.8487892914162586, 0.8544546445335158, 0.604640995290503, 0.8241654605640261, 0.7164579917584425, 0.6447335132774805, 0.8632524380763373, 0.739860843277902, 0.8636774620455454, 0.875167612954698, 0.7449862181726724, 0.7547108295389424, 0.8424750114513807]
2018-03-16 21:04:22,004:INFO: average ROC_AUC scores :
2018-03-16 21:04:22,004:INFO: 0.7795739397690598
2018-03-16 21:04:22,008:INFO: 

2018-03-16 21:04:22,008:INFO: Epoch 9/9
2018-03-16 21:04:22,008:INFO: ----------
2018-03-16 21:36:59,616:INFO: - Train metrics: total_accuracy: 0.949552 ; loss: 1.244280
2018-03-16 21:36:59,618:INFO: 

2018-03-16 21:36:59,618:INFO: Metric Report for the dev set
2018-03-16 21:47:33,058:INFO: - Eval metrics : total_accuracy: 0.000000 ; loss: 0.169751
2018-03-16 21:47:33,139:INFO: ROC AUC is :
2018-03-16 21:47:33,139:INFO: [0.743083757639481, 0.7719831904509741, 0.8493165800075322, 0.8542042432858804, 0.6042631620885279, 0.8238305510786225, 0.7164581472511444, 0.6432156665560038, 0.8631421140498748, 0.7391527176740631, 0.8641129394726329, 0.8752438597368816, 0.7445420879975913, 0.7543942106418702, 0.8436303739693757]
2018-03-16 21:47:33,139:INFO: average ROC_AUC scores :
2018-03-16 21:47:33,140:INFO: 0.7793715734600304
2018-03-16 21:47:33,143:INFO: 

2018-03-16 21:47:33,143:INFO: Best eval loss: 0.149011
2018-03-16 21:47:33,143:INFO: Training complete in 465m 23s
