2018-03-15 06:47:37,570:INFO: Loading the datasets...
2018-03-15 06:47:40,395:INFO: Names of 14 diseases:
2018-03-15 06:47:40,411:INFO: Epoch 0/9
2018-03-15 06:47:40,411:INFO: ----------
2018-03-15 06:50:52,224:INFO: - Train metrics: total_accuracy: 0.930965 ; loss: 0.206075
2018-03-15 06:50:52,225:INFO: 

2018-03-15 06:50:52,225:INFO: Metric Report for the dev set
2018-03-15 06:51:51,097:INFO: - Eval metrics : total_accuracy: 0.000000 ; loss: 0.217749
2018-03-15 06:51:51,115:INFO: ROC AUC is :
2018-03-15 06:51:51,115:INFO: [0.5352004042660709, 0.5724594438662383, 0.633980370774264, 0.5469984664171345, 0.5074297210592138, 0.45282884338867035, 0.4356119791666667, 0.48591165925175045, 0.5616913642614577, 0.4984381939304219, 0.521653432449175, 0.42534929681036854, 0.5268178192706495, 0.4362849996839757]
2018-03-15 06:51:51,116:INFO: Mean value of AUC: 
2018-03-15 06:51:51,116:INFO: 0.5100468567568612
2018-03-15 06:51:51,119:INFO: Found better model!
2018-03-15 06:51:51,141:INFO: 

2018-03-15 06:51:51,142:INFO: Epoch 1/9
2018-03-15 06:51:51,142:INFO: ----------
2018-03-15 06:55:02,006:INFO: - Train metrics: total_accuracy: 0.932458 ; loss: 0.198435
2018-03-15 06:55:02,007:INFO: 

2018-03-15 06:55:02,008:INFO: Metric Report for the dev set
2018-03-15 06:56:01,324:INFO: - Eval metrics : total_accuracy: 0.000000 ; loss: 0.212680
2018-03-15 06:56:01,341:INFO: ROC AUC is :
2018-03-15 06:56:01,342:INFO: [0.564701188861406, 0.5354710620390063, 0.5270519810977827, 0.5370529216053234, 0.5898537328040889, 0.5720668797756414, 0.444541015625, 0.5199639578757673, 0.5452660604529763, 0.6136861584011843, 0.7095793208312214, 0.4267855501424763, 0.4880163182049974, 0.41791044776119407]
2018-03-15 06:56:01,342:INFO: Mean value of AUC: 
2018-03-15 06:56:01,342:INFO: 0.5351390425341476
2018-03-15 06:56:01,345:INFO: Found better model!
2018-03-15 06:56:01,368:INFO: 

2018-03-15 06:56:01,368:INFO: Epoch 2/9
2018-03-15 06:56:01,368:INFO: ----------
2018-03-15 06:59:11,797:INFO: - Train metrics: total_accuracy: 0.932506 ; loss: 0.198315
2018-03-15 06:59:11,798:INFO: 

2018-03-15 06:59:11,798:INFO: Metric Report for the dev set
2018-03-15 07:00:10,928:INFO: - Eval metrics : total_accuracy: 0.000000 ; loss: 0.204762
2018-03-15 07:00:10,946:INFO: ROC AUC is :
2018-03-15 07:00:10,946:INFO: [0.5502109098646241, 0.420784028689081, 0.39757179207560883, 0.4338366214389686, 0.44398455766407485, 0.5114793644757638, 0.5737760416666666, 0.524807118319536, 0.4620660380006175, 0.47536269430051814, 0.3795498488858854, 0.5115359867634893, 0.48554505158278743, 0.5738142319256712]
2018-03-15 07:00:10,946:INFO: Mean value of AUC: 
2018-03-15 07:00:10,946:INFO: 0.4817374489752351
2018-03-15 07:00:10,949:INFO: Found better model!
2018-03-15 07:00:10,973:INFO: 

2018-03-15 07:00:10,974:INFO: Epoch 3/9
2018-03-15 07:00:10,974:INFO: ----------
2018-03-15 07:03:21,321:INFO: - Train metrics: total_accuracy: 0.932534 ; loss: 0.198241
2018-03-15 07:03:21,323:INFO: 

2018-03-15 07:03:21,323:INFO: Metric Report for the dev set
2018-03-15 07:04:21,173:INFO: - Eval metrics : total_accuracy: 0.000000 ; loss: 0.210607
2018-03-15 07:04:21,191:INFO: ROC AUC is :
2018-03-15 07:04:21,191:INFO: [0.5177972818426022, 0.49935800262455315, 0.4450599781897492, 0.49242306092742777, 0.5806927301397422, 0.570236836163563, 0.45277994791666665, 0.5103339528073436, 0.5763169711767842, 0.5976831976313841, 0.6470687616151377, 0.6206452798970494, 0.38044430497260684, 0.4269667993968452]
2018-03-15 07:04:21,191:INFO: Mean value of AUC: 
2018-03-15 07:04:21,191:INFO: 0.5227005075215325
2018-03-15 07:04:21,194:INFO: 

2018-03-15 07:04:21,194:INFO: Epoch 4/9
2018-03-15 07:04:21,194:INFO: ----------
2018-03-15 07:07:36,727:INFO: - Train metrics: total_accuracy: 0.932544 ; loss: 0.197780
2018-03-15 07:07:36,728:INFO: 

2018-03-15 07:07:36,728:INFO: Metric Report for the dev set
2018-03-15 07:08:36,219:INFO: - Eval metrics : total_accuracy: 0.000000 ; loss: 0.214172
2018-03-15 07:08:36,236:INFO: ROC AUC is :
2018-03-15 07:08:36,236:INFO: [0.5889087475730738, 0.5520555228743382, 0.5650163576881133, 0.6116298866708255, 0.6202642596922407, 0.6215493577022259, 0.43838541666666664, 0.5160406224775206, 0.570781061435267, 0.6080162842339009, 0.6719415817236395, 0.6214955418696572, 0.46484655918618184, 0.440104378290038]
2018-03-15 07:08:36,236:INFO: Mean value of AUC: 
2018-03-15 07:08:36,237:INFO: 0.5636453984345492
2018-03-15 07:08:36,239:INFO: 

2018-03-15 07:08:36,239:INFO: Epoch 5/9
2018-03-15 07:08:36,240:INFO: ----------
2018-03-15 07:11:50,430:INFO: - Train metrics: total_accuracy: 0.933714 ; loss: 0.193196
2018-03-15 07:11:50,431:INFO: 

2018-03-15 07:11:50,431:INFO: Metric Report for the dev set
2018-03-15 07:12:49,662:INFO: - Eval metrics : total_accuracy: 0.000000 ; loss: 0.208900
2018-03-15 07:12:49,691:INFO: ROC AUC is :
2018-03-15 07:12:49,691:INFO: [0.6319598925503339, 0.6280487804878048, 0.6245874227553617, 0.6719952173008941, 0.6528008264912185, 0.6350489001913227, 0.43513671875000004, 0.5083065833192544, 0.5827229098257136, 0.6684974093264249, 0.7538060107750933, 0.535756962956154, 0.46938375240262037, 0.41639353143538205]
2018-03-15 07:12:49,691:INFO: Mean value of AUC: 
2018-03-15 07:12:49,691:INFO: 0.58674606561197
2018-03-15 07:12:49,694:INFO: 

2018-03-15 07:12:49,694:INFO: Epoch 6/9
2018-03-15 07:12:49,694:INFO: ----------
2018-03-15 07:16:00,120:INFO: - Train metrics: total_accuracy: 0.935046 ; loss: 0.191719
2018-03-15 07:16:00,122:INFO: 

2018-03-15 07:16:00,122:INFO: Metric Report for the dev set
2018-03-15 07:16:58,977:INFO: - Eval metrics : total_accuracy: 0.000000 ; loss: 0.212532
2018-03-15 07:16:58,995:INFO: ROC AUC is :
2018-03-15 07:16:58,996:INFO: [0.638224420862257, 0.6288237024299741, 0.6512250090876045, 0.6800660220420046, 0.6518362242401176, 0.6500338676902235, 0.4445963541666667, 0.5161720260554523, 0.5731525918441805, 0.6788304959289415, 0.7578419778115673, 0.5259444801911941, 0.4851004851004851, 0.4244205469928037]
2018-03-15 07:16:58,996:INFO: Mean value of AUC: 
2018-03-15 07:16:58,996:INFO: 0.5933048717459624
2018-03-15 07:16:58,999:INFO: 

2018-03-15 07:16:58,999:INFO: Epoch 7/9
2018-03-15 07:16:58,999:INFO: ----------
2018-03-15 07:20:08,795:INFO: - Train metrics: total_accuracy: 0.935559 ; loss: 0.190474
2018-03-15 07:20:08,796:INFO: 

2018-03-15 07:20:08,797:INFO: Metric Report for the dev set
2018-03-15 07:21:07,997:INFO: - Eval metrics : total_accuracy: 0.000000 ; loss: 0.209717
2018-03-15 07:21:08,009:INFO: ROC AUC is :
2018-03-15 07:21:08,010:INFO: [0.6401319184020852, 0.6321100502285171, 0.6609669211195928, 0.6890270846329797, 0.6514229786308521, 0.6531829687110076, 0.44694010416666663, 0.5151958851908167, 0.5708231596082063, 0.6809696521095484, 0.7589495222541345, 0.5174418604651163, 0.48742792139018554, 0.42864624247185124]
2018-03-15 07:21:08,010:INFO: Mean value of AUC: 
2018-03-15 07:21:08,010:INFO: 0.5952311620986829
2018-03-15 07:21:08,011:INFO: 

2018-03-15 07:21:08,012:INFO: Epoch 8/9
2018-03-15 07:21:08,012:INFO: ----------
2018-03-15 07:24:17,894:INFO: - Train metrics: total_accuracy: 0.935835 ; loss: 0.190151
2018-03-15 07:24:17,895:INFO: 

2018-03-15 07:24:17,895:INFO: Metric Report for the dev set
2018-03-15 07:25:17,037:INFO: - Eval metrics : total_accuracy: 0.000000 ; loss: 0.209869
2018-03-15 07:25:17,053:INFO: ROC AUC is :
2018-03-15 07:25:17,053:INFO: [0.6410335381260139, 0.6340134168966922, 0.6661141403126136, 0.6906808847993346, 0.6516143765972486, 0.6528858837090469, 0.4479427083333333, 0.5135251825571137, 0.5687322836855547, 0.6823908216136195, 0.7618216290289276, 0.510386984097803, 0.4891931118346213, 0.4297387833969897]
2018-03-15 07:25:17,054:INFO: Mean value of AUC: 
2018-03-15 07:25:17,054:INFO: 0.5957195532134938
2018-03-15 07:25:17,056:INFO: 

2018-03-15 07:25:17,056:INFO: Epoch 9/9
2018-03-15 07:25:17,057:INFO: ----------
2018-03-15 07:28:29,100:INFO: - Train metrics: total_accuracy: 0.935674 ; loss: 0.190015
2018-03-15 07:28:29,101:INFO: 

2018-03-15 07:28:29,101:INFO: Metric Report for the dev set
2018-03-15 07:29:28,226:INFO: - Eval metrics : total_accuracy: 0.000000 ; loss: 0.210258
2018-03-15 07:29:28,245:INFO: ROC AUC is :
2018-03-15 07:29:28,245:INFO: [0.6410494959972339, 0.6339653377980904, 0.6669429298436932, 0.6912494801414015, 0.6515447773367409, 0.6534919371130468, 0.44821614583333336, 0.513506410617409, 0.5684656619236058, 0.6823649148778682, 0.7612584708377916, 0.5098354628182737, 0.4894807724996404, 0.43008189542306613]
2018-03-15 07:29:28,246:INFO: Mean value of AUC: 
2018-03-15 07:29:28,246:INFO: 0.5958181209329425
2018-03-15 07:29:28,248:INFO: 

2018-03-15 07:29:28,248:INFO: Best eval loss: 0.204762
2018-03-15 07:29:28,249:INFO: Training complete in 41m 48s
