2018-03-14 19:48:32,989:INFO: Loading the datasets...
2018-03-14 19:48:32,992:INFO: Names of 14 diseases:
2018-03-14 19:48:32,995:INFO: Epoch 0/9
2018-03-14 19:48:32,996:INFO: ----------
2018-03-14 19:49:44,441:INFO: - Train metrics: total_accuracy: 0.937224 ; loss: 0.182990
2018-03-14 19:49:44,442:INFO: 

2018-03-14 19:49:44,442:INFO: Metric Report for the dev set
2018-03-14 19:50:02,174:INFO: - Eval metrics : total_accuracy: 0.000000 ; loss: 0.175428
2018-03-14 19:50:02,193:INFO: ROC AUC is :
2018-03-14 19:50:02,194:INFO: [0.692021596319051, 0.7185930358839766, 0.6622028353326064, 0.7984735651902682, 0.6900092436517861, 0.669677128019869, 0.546123046875, 0.5077246531884139, 0.58870786674525, 0.729659511472983, 0.7958176118338307, 0.6028357385789135, 0.7083905385792179, 0.6811315473449449, 0.6538783015713807]
2018-03-14 19:50:02,194:INFO: average ROC_AUC scores :
2018-03-14 19:50:02,194:INFO: 0.6696830813724994
2018-03-14 19:50:02,195:INFO: Found better model!
2018-03-14 19:50:02,199:INFO: 

2018-03-14 19:50:02,199:INFO: Epoch 1/9
2018-03-14 19:50:02,199:INFO: ----------
2018-03-14 19:51:13,510:INFO: - Train metrics: total_accuracy: 0.937567 ; loss: 0.181940
2018-03-14 19:51:13,511:INFO: 

2018-03-14 19:51:13,511:INFO: Metric Report for the dev set
2018-03-14 19:51:31,302:INFO: - Eval metrics : total_accuracy: 0.000000 ; loss: 0.175455
2018-03-14 19:51:31,323:INFO: ROC AUC is :
2018-03-14 19:51:31,323:INFO: [0.695392962578792, 0.7313113715552741, 0.6602399127589967, 0.7999064254522771, 0.6848001739981513, 0.6495347648869294, 0.5670638020833333, 0.5135439544968181, 0.5712792231483821, 0.7412953367875649, 0.7950667342456496, 0.5657689125838772, 0.7017351168294564, 0.6682467878393874, 0.5809929789368105]
2018-03-14 19:51:31,323:INFO: average ROC_AUC scores :
2018-03-14 19:51:31,324:INFO: 0.6617452305454468
2018-03-14 19:51:31,324:INFO: 

2018-03-14 19:51:31,325:INFO: Epoch 2/9
2018-03-14 19:51:31,325:INFO: ----------
2018-03-14 19:52:42,391:INFO: - Train metrics: total_accuracy: 0.937842 ; loss: 0.181494
2018-03-14 19:52:42,391:INFO: 

2018-03-14 19:52:42,391:INFO: Metric Report for the dev set
2018-03-14 19:53:00,020:INFO: - Eval metrics : total_accuracy: 0.000000 ; loss: 0.175417
2018-03-14 19:53:00,039:INFO: ROC AUC is :
2018-03-14 19:53:00,039:INFO: [0.6893459932445012, 0.71913887506222, 0.6948745910577971, 0.8013555312954876, 0.689087053450057, 0.6462311796651259, 0.5485091145833333, 0.4968369281597867, 0.5949945272375179, 0.740118430792006, 0.7971504195528524, 0.5843597757146797, 0.6809189450698884, 0.6525178102229324, 0.6223671013039117]
2018-03-14 19:53:00,040:INFO: average ROC_AUC scores :
2018-03-14 19:53:00,040:INFO: 0.6638537517608064
2018-03-14 19:53:00,041:INFO: Found better model!
2018-03-14 19:53:00,045:INFO: 

2018-03-14 19:53:00,045:INFO: Epoch 3/9
2018-03-14 19:53:00,045:INFO: ----------
2018-03-14 19:54:11,195:INFO: - Train metrics: total_accuracy: 0.938309 ; loss: 0.178526
2018-03-14 19:54:11,196:INFO: 

2018-03-14 19:54:11,196:INFO: Metric Report for the dev set
2018-03-14 19:54:28,909:INFO: - Eval metrics : total_accuracy: 0.000000 ; loss: 0.172596
2018-03-14 19:54:28,928:INFO: ROC AUC is :
2018-03-14 19:54:28,928:INFO: [0.700501609085348, 0.7261753925516992, 0.7063467829880044, 0.812142597213558, 0.690281115763145, 0.6497724328884981, 0.5728255208333333, 0.5068236000825965, 0.6403132104066683, 0.752679496669134, 0.7973569108896021, 0.6058001654563838, 0.6871428758221211, 0.6832534243483129, 0.6217820127047811]
2018-03-14 19:54:28,929:INFO: average ROC_AUC scores :
2018-03-14 19:54:28,929:INFO: 0.676879809846879
2018-03-14 19:54:28,929:INFO: Found better model!
2018-03-14 19:54:28,934:INFO: 

2018-03-14 19:54:28,934:INFO: Epoch 4/9
2018-03-14 19:54:28,934:INFO: ----------
2018-03-14 19:55:40,005:INFO: - Train metrics: total_accuracy: 0.938670 ; loss: 0.176261
2018-03-14 19:55:40,006:INFO: 

2018-03-14 19:55:40,006:INFO: Metric Report for the dev set
2018-03-14 19:55:57,788:INFO: - Eval metrics : total_accuracy: 0.000000 ; loss: 0.173246
2018-03-14 19:55:57,809:INFO: ROC AUC is :
2018-03-14 19:55:57,809:INFO: [0.6987632649804516, 0.7228494502013665, 0.6974918211559432, 0.8114505354543563, 0.6897482464248818, 0.6587087497474777, 0.5599609375, 0.5013609656285785, 0.6399623922988409, 0.7530569948186528, 0.794728839330968, 0.6203924993105985, 0.6974594333084898, 0.6887522460293812, 0.6154296221999331]
2018-03-14 19:55:57,809:INFO: average ROC_AUC scores :
2018-03-14 19:55:57,809:INFO: 0.6766743998926614
2018-03-14 19:55:57,810:INFO: 

2018-03-14 19:55:57,810:INFO: Epoch 5/9
2018-03-14 19:55:57,810:INFO: ----------
2018-03-14 19:57:08,856:INFO: - Train metrics: total_accuracy: 0.938803 ; loss: 0.175129
2018-03-14 19:57:08,857:INFO: 

2018-03-14 19:57:08,857:INFO: Metric Report for the dev set
2018-03-14 19:57:26,636:INFO: - Eval metrics : total_accuracy: 0.000000 ; loss: 0.173544
2018-03-14 19:57:26,655:INFO: ROC AUC is :
2018-03-14 19:57:26,656:INFO: [0.6963919253171627, 0.7211751662971175, 0.7016648491457651, 0.809715507381992, 0.6889282801370235, 0.6602654751577521, 0.5652213541666666, 0.49124289012783695, 0.6413796974544638, 0.7548852701702442, 0.788027256856451, 0.6342724515120874, 0.693523712391637, 0.696950817599841, 0.6066532932129722]
2018-03-14 19:57:26,656:INFO: average ROC_AUC scores :
2018-03-14 19:57:26,656:INFO: 0.6766865297952676
2018-03-14 19:57:26,657:INFO: 

2018-03-14 19:57:26,657:INFO: Epoch 6/9
2018-03-14 19:57:26,657:INFO: ----------
2018-03-14 19:58:37,565:INFO: - Train metrics: total_accuracy: 0.939450 ; loss: 0.174008
2018-03-14 19:58:37,566:INFO: 

2018-03-14 19:58:37,566:INFO: Metric Report for the dev set
2018-03-14 19:58:55,379:INFO: - Eval metrics : total_accuracy: 0.000000 ; loss: 0.173171
2018-03-14 19:58:55,399:INFO: ROC AUC is :
2018-03-14 19:58:55,399:INFO: [0.6959142530386446, 0.7220462464364903, 0.7053725917848055, 0.8087700145560408, 0.6877407427546084, 0.6596950719539875, 0.5742513020833333, 0.49450920763642503, 0.6361384749235217, 0.7557216876387861, 0.788984625781382, 0.6350537733247541, 0.6882673675126505, 0.6970681980298147, 0.6345703778000669]
2018-03-14 19:58:55,399:INFO: average ROC_AUC scores :
2018-03-14 19:58:55,399:INFO: 0.6789402623503541
2018-03-14 19:58:55,400:INFO: 

2018-03-14 19:58:55,400:INFO: Epoch 7/9
2018-03-14 19:58:55,400:INFO: ----------
2018-03-14 20:00:06,364:INFO: - Train metrics: total_accuracy: 0.939450 ; loss: 0.173327
2018-03-14 20:00:06,364:INFO: 

2018-03-14 20:00:06,364:INFO: Metric Report for the dev set
2018-03-14 20:00:24,213:INFO: - Eval metrics : total_accuracy: 0.000000 ; loss: 0.173384
2018-03-14 20:00:24,232:INFO: ROC AUC is :
2018-03-14 20:00:24,233:INFO: [0.695354663687864, 0.7201485361328568, 0.7067393675027263, 0.8086757901850696, 0.6871295742482736, 0.6588870007486543, 0.5727669270833333, 0.4908299074543373, 0.6383345962785214, 0.756299037749815, 0.7891348012990183, 0.6374207188160677, 0.6866852338550451, 0.6940253361143466, 0.6317285188900033]
2018-03-14 20:00:24,233:INFO: average ROC_AUC scores :
2018-03-14 20:00:24,233:INFO: 0.6782773340030622
2018-03-14 20:00:24,234:INFO: 

2018-03-14 20:00:24,234:INFO: Epoch 8/9
2018-03-14 20:00:24,234:INFO: ----------
2018-03-14 20:01:35,212:INFO: - Train metrics: total_accuracy: 0.939498 ; loss: 0.173153
2018-03-14 20:01:35,213:INFO: 

2018-03-14 20:01:35,213:INFO: Metric Report for the dev set
2018-03-14 20:01:52,999:INFO: - Eval metrics : total_accuracy: 0.000000 ; loss: 0.173290
2018-03-14 20:01:53,018:INFO: ROC AUC is :
2018-03-14 20:01:53,018:INFO: [0.6952801936221709, 0.7203945879904067, 0.7066230461650308, 0.8088674880432523, 0.6868751019520417, 0.6576867773407327, 0.5753385416666666, 0.4920500835351317, 0.6362226712694002, 0.756661732050333, 0.7890784854799047, 0.6364325765235775, 0.6862668183422901, 0.694819911332629, 0.6357405549983284]
2018-03-14 20:01:53,018:INFO: average ROC_AUC scores :
2018-03-14 20:01:53,018:INFO: 0.6785559046874599
2018-03-14 20:01:53,019:INFO: 

2018-03-14 20:01:53,019:INFO: Epoch 9/9
2018-03-14 20:01:53,019:INFO: ----------
2018-03-14 20:03:04,042:INFO: - Train metrics: total_accuracy: 0.939403 ; loss: 0.172979
2018-03-14 20:03:04,043:INFO: 

2018-03-14 20:03:04,043:INFO: Metric Report for the dev set
2018-03-14 20:03:21,747:INFO: - Eval metrics : total_accuracy: 0.000000 ; loss: 0.173348
2018-03-14 20:03:21,767:INFO: ROC AUC is :
2018-03-14 20:03:21,767:INFO: [0.6953504082555386, 0.720329539798181, 0.7076844783715013, 0.8089552141817425, 0.6868359523680061, 0.6576986607408112, 0.57447265625, 0.4909237671528599, 0.6389871179590806, 0.7567283493708364, 0.7889095380225639, 0.6363406563103227, 0.6870513474287059, 0.6939531020035937, 0.6342360414577064]
2018-03-14 20:03:21,767:INFO: average ROC_AUC scores :
2018-03-14 20:03:21,767:INFO: 0.6785637886447634
2018-03-14 20:03:21,768:INFO: 

2018-03-14 20:03:21,768:INFO: Best eval loss: 0.172596
2018-03-14 20:03:21,768:INFO: Training complete in 14m 49s
