2018-03-14 20:50:19,101:INFO: Loading the datasets...
2018-03-14 20:50:19,104:INFO: Names of 14 diseases:
2018-03-14 20:50:19,108:INFO: Epoch 0/9
2018-03-14 20:50:19,108:INFO: ----------
2018-03-14 20:51:30,096:INFO: - Train metrics: total_accuracy: 0.939726 ; loss: 0.171044
2018-03-14 20:51:30,097:INFO: 

2018-03-14 20:51:30,097:INFO: Metric Report for the dev set
2018-03-14 20:51:48,222:INFO: - Eval metrics : total_accuracy: 0.000000 ; loss: 0.175834
2018-03-14 20:51:48,241:INFO: ROC AUC is :
2018-03-14 20:51:48,241:INFO: [0.6874491342854863, 0.7196592606000272, 0.6840567066521265, 0.7981616500311915, 0.6829470936871296, 0.6799206188874761, 0.569453125, 0.4887274502074299, 0.6256840953102636, 0.7570984455958549, 0.7780969007527547, 0.68446088794926, 0.6690071784411408, 0.6718765519047233, 0.5792377131394182]
2018-03-14 20:51:48,242:INFO: average ROC_AUC scores :
2018-03-14 20:51:48,242:INFO: 0.6717224541629522
2018-03-14 20:51:48,243:INFO: Found better model!
2018-03-14 20:51:48,247:INFO: 

2018-03-14 20:51:48,247:INFO: Epoch 1/9
2018-03-14 20:51:48,247:INFO: ----------
2018-03-14 20:52:59,553:INFO: - Train metrics: total_accuracy: 0.940202 ; loss: 0.166626
2018-03-14 20:52:59,554:INFO: 

2018-03-14 20:52:59,554:INFO: Metric Report for the dev set
2018-03-14 20:53:17,488:INFO: - Eval metrics : total_accuracy: 0.000000 ; loss: 0.176846
2018-03-14 20:53:17,508:INFO: ROC AUC is :
2018-03-14 20:53:17,508:INFO: [0.68710869969946, 0.7224421919543871, 0.6817302798982188, 0.8011605843210646, 0.6814311347941927, 0.6944896673836318, 0.5770768229166667, 0.48739464248840825, 0.6246035755381549, 0.7598371576609918, 0.7762760226014154, 0.686046511627907, 0.6718576341217851, 0.6806981426804273, 0.5673687729856236]
2018-03-14 20:53:17,509:INFO: average ROC_AUC scores :
2018-03-14 20:53:17,509:INFO: 0.6733014560448223
2018-03-14 20:53:17,509:INFO: 

2018-03-14 20:53:17,510:INFO: Epoch 2/9
2018-03-14 20:53:17,510:INFO: ----------
2018-03-14 20:54:28,603:INFO: - Train metrics: total_accuracy: 0.940820 ; loss: 0.165036
2018-03-14 20:54:28,603:INFO: 

2018-03-14 20:54:28,603:INFO: Metric Report for the dev set
2018-03-14 20:54:46,729:INFO: - Eval metrics : total_accuracy: 0.000000 ; loss: 0.177745
2018-03-14 20:54:46,749:INFO: ROC AUC is :
2018-03-14 20:54:46,749:INFO: [0.685666108141174, 0.7219529164215575, 0.6670592511813885, 0.7967125441879809, 0.6737578163232016, 0.6809425912942211, 0.5785351562500001, 0.4811248146270954, 0.6236774157334906, 0.7551073279052554, 0.7727468979369638, 0.7041777736924351, 0.6724329554518234, 0.6693844750837464, 0.5638582413908392]
2018-03-14 20:54:46,749:INFO: average ROC_AUC scores :
2018-03-14 20:54:46,749:INFO: 0.6698090857080782
2018-03-14 20:54:46,750:INFO: 

2018-03-14 20:54:46,750:INFO: Epoch 3/9
2018-03-14 20:54:46,750:INFO: ----------
2018-03-14 20:55:57,828:INFO: - Train metrics: total_accuracy: 0.941286 ; loss: 0.162536
2018-03-14 20:55:57,828:INFO: 

2018-03-14 20:55:57,828:INFO: Metric Report for the dev set
2018-03-14 20:56:15,743:INFO: - Eval metrics : total_accuracy: 0.000000 ; loss: 0.177557
2018-03-14 20:56:15,763:INFO: ROC AUC is :
2018-03-14 20:56:15,763:INFO: [0.6835692438628687, 0.7204794334585275, 0.6760450745183568, 0.7951074807652319, 0.6716459137621662, 0.6841511093153972, 0.5841145833333333, 0.4781400762140752, 0.6237756448036822, 0.7554034048852701, 0.7711888269414879, 0.7095091460612188, 0.6643653813465135, 0.6692941824453051, 0.5799063858241391]
2018-03-14 20:56:15,763:INFO: average ROC_AUC scores :
2018-03-14 20:56:15,763:INFO: 0.6711130591691715
2018-03-14 20:56:15,764:INFO: 

2018-03-14 20:56:15,764:INFO: Epoch 4/9
2018-03-14 20:56:15,764:INFO: ----------
2018-03-14 20:57:26,839:INFO: - Train metrics: total_accuracy: 0.941353 ; loss: 0.162458
2018-03-14 20:57:26,839:INFO: 

2018-03-14 20:57:26,840:INFO: Metric Report for the dev set
2018-03-14 20:57:44,961:INFO: - Eval metrics : total_accuracy: 0.000000 ; loss: 0.177488
2018-03-14 20:57:44,981:INFO: ROC AUC is :
2018-03-14 20:57:44,981:INFO: [0.6831394451980105, 0.720219240689624, 0.6787059251181389, 0.7946623518402994, 0.6717742373987277, 0.6856127675250443, 0.5873046875, 0.47376621426291976, 0.6260419297802475, 0.7547372316802369, 0.7746991796662349, 0.7122897325121795, 0.6633585690189464, 0.6726801563868496, 0.5844199264460047]
2018-03-14 20:57:44,981:INFO: average ROC_AUC scores :
2018-03-14 20:57:44,981:INFO: 0.672227439668231
2018-03-14 20:57:44,982:INFO: 

2018-03-14 20:57:44,982:INFO: Epoch 5/9
2018-03-14 20:57:44,982:INFO: ----------
2018-03-14 20:58:56,097:INFO: - Train metrics: total_accuracy: 0.941781 ; loss: 0.161928
2018-03-14 20:58:56,097:INFO: 

2018-03-14 20:58:56,097:INFO: Metric Report for the dev set
2018-03-14 20:59:14,076:INFO: - Eval metrics : total_accuracy: 0.000000 ; loss: 0.177519
2018-03-14 20:59:14,095:INFO: ROC AUC is :
2018-03-14 20:59:14,095:INFO: [0.6830500811191786, 0.7199788451966154, 0.6796655761541257, 0.7945551310043668, 0.672017834810505, 0.6850185975211228, 0.58794921875, 0.47217059938803474, 0.6254104571861581, 0.7555884529977795, 0.7753186536764843, 0.7105892085669638, 0.6639077393794375, 0.6725176296376556, 0.5841691741892343]
2018-03-14 20:59:14,096:INFO: average ROC_AUC scores :
2018-03-14 20:59:14,096:INFO: 0.6721271466385107
2018-03-14 20:59:14,096:INFO: 

2018-03-14 20:59:14,097:INFO: Epoch 6/9
2018-03-14 20:59:14,097:INFO: ----------
2018-03-14 21:00:25,176:INFO: - Train metrics: total_accuracy: 0.941762 ; loss: 0.161878
2018-03-14 21:00:25,176:INFO: 

2018-03-14 21:00:25,176:INFO: Metric Report for the dev set
2018-03-14 21:00:43,249:INFO: - Eval metrics : total_accuracy: 0.000000 ; loss: 0.177505
2018-03-14 21:00:43,268:INFO: ROC AUC is :
2018-03-14 21:00:43,268:INFO: [0.6830522088353413, 0.7200325806597584, 0.6817593602326426, 0.7943309419837804, 0.6722288075689196, 0.6864208387303776, 0.5872526041666667, 0.4706876161513769, 0.6275714967303752, 0.7555662472242785, 0.7750370745809165, 0.7107730489934737, 0.6631624367473424, 0.6727975368168233, 0.5865931126713474]
2018-03-14 21:00:43,269:INFO: average ROC_AUC scores :
2018-03-14 21:00:43,269:INFO: 0.6724843941395613
2018-03-14 21:00:43,269:INFO: 

2018-03-14 21:00:43,270:INFO: Epoch 7/9
2018-03-14 21:00:43,270:INFO: ----------
2018-03-14 21:01:54,332:INFO: - Train metrics: total_accuracy: 0.941495 ; loss: 0.162051
2018-03-14 21:01:54,332:INFO: 

2018-03-14 21:01:54,333:INFO: Metric Report for the dev set
2018-03-14 21:02:12,321:INFO: - Eval metrics : total_accuracy: 0.000000 ; loss: 0.177490
2018-03-14 21:02:12,341:INFO: ROC AUC is :
2018-03-14 21:02:12,341:INFO: [0.6828942259102636, 0.7203040861577448, 0.6788513267902582, 0.7948313058847993, 0.6719362731770975, 0.685054247721358, 0.5882552083333333, 0.47250849430271624, 0.6264629115096405, 0.7554256106587711, 0.7748305832441666, 0.712151852192297, 0.6632016632016633, 0.6734295852859118, 0.5825810765630225]
2018-03-14 21:02:12,341:INFO: average ROC_AUC scores :
2018-03-14 21:02:12,341:INFO: 0.6721812300622028
2018-03-14 21:02:12,342:INFO: 

2018-03-14 21:02:12,342:INFO: Epoch 8/9
2018-03-14 21:02:12,342:INFO: ----------
2018-03-14 21:03:23,491:INFO: - Train metrics: total_accuracy: 0.941391 ; loss: 0.161631
2018-03-14 21:03:23,492:INFO: 

2018-03-14 21:03:23,492:INFO: Metric Report for the dev set
2018-03-14 21:03:41,691:INFO: - Eval metrics : total_accuracy: 0.000000 ; loss: 0.177562
2018-03-14 21:03:41,710:INFO: ROC AUC is :
2018-03-14 21:03:41,711:INFO: [0.6830830607196999, 0.7205331689216706, 0.6797237368229735, 0.7952049542524434, 0.6720395845794138, 0.6857434849259071, 0.5876302083333333, 0.47183270447335324, 0.6249193118351997, 0.7548038490007402, 0.7746991796662349, 0.7129791341115912, 0.6640515697119471, 0.6724544247907469, 0.5869274490137077]
2018-03-14 21:03:41,711:INFO: average ROC_AUC scores :
2018-03-14 21:03:41,711:INFO: 0.6724417214105975
2018-03-14 21:03:41,712:INFO: 

2018-03-14 21:03:41,712:INFO: Epoch 9/9
2018-03-14 21:03:41,712:INFO: ----------
2018-03-14 21:04:52,851:INFO: - Train metrics: total_accuracy: 0.941638 ; loss: 0.161597
2018-03-14 21:04:52,851:INFO: 

2018-03-14 21:04:52,852:INFO: Metric Report for the dev set
2018-03-14 21:05:11,062:INFO: - Eval metrics : total_accuracy: 0.000000 ; loss: 0.177393
2018-03-14 21:05:11,082:INFO: ROC AUC is :
2018-03-14 21:05:11,082:INFO: [0.6829990159312748, 0.7204709489117154, 0.6806106870229007, 0.7945323871906842, 0.6720265347180685, 0.6856959513255934, 0.5880208333333333, 0.47155112537778526, 0.6248912463865735, 0.7553589933382678, 0.7747179516059395, 0.7119220516591598, 0.66304475738438, 0.672237722458488, 0.5889334670678703]
2018-03-14 21:05:11,082:INFO: average ROC_AUC scores :
2018-03-14 21:05:11,082:INFO: 0.672467578247469
2018-03-14 21:05:11,083:INFO: 

2018-03-14 21:05:11,083:INFO: Best eval loss: 0.175834
2018-03-14 21:05:11,083:INFO: Training complete in 14m 52s
