2018-03-14 19:17:25,737:INFO: Loading the datasets...
2018-03-14 19:17:28,054:INFO: Names of 14 diseases:
2018-03-14 19:17:28,058:INFO: Epoch 0/9
2018-03-14 19:17:28,059:INFO: ----------
2018-03-14 19:18:40,579:INFO: - Train metrics: total_accuracy: 0.931954 ; loss: 0.197959
2018-03-14 19:18:40,580:INFO: 

2018-03-14 19:18:40,580:INFO: Metric Report for the dev set
2018-03-14 19:18:58,111:INFO: - Eval metrics : total_accuracy: 0.000000 ; loss: 0.183891
2018-03-14 19:18:58,131:INFO: ROC AUC is :
2018-03-14 19:18:58,131:INFO: [0.6613601425569829, 0.6872907145119689, 0.5292911668484187, 0.7210958619255563, 0.6571801424609863, 0.5884897386840323, 0.5165494791666666, 0.5171481669200878, 0.6164365299879319, 0.701039970392302, 0.7605451371290195, 0.5224055519808806, 0.5245361471776566, 0.5193000514668039, 0.5949515212303577]
2018-03-14 19:18:58,131:INFO: average ROC_AUC scores :
2018-03-14 19:18:58,131:INFO: 0.6078413548293102
2018-03-14 19:18:58,132:INFO: Found better model!
2018-03-14 19:18:58,136:INFO: 

2018-03-14 19:18:58,136:INFO: Epoch 1/9
2018-03-14 19:18:58,137:INFO: ----------
2018-03-14 19:20:09,188:INFO: - Train metrics: total_accuracy: 0.934094 ; loss: 0.195014
2018-03-14 19:20:09,189:INFO: 

2018-03-14 19:20:09,189:INFO: Metric Report for the dev set
2018-03-14 19:20:26,816:INFO: - Eval metrics : total_accuracy: 0.000000 ; loss: 0.201064
2018-03-14 19:20:26,835:INFO: ROC AUC is :
2018-03-14 19:20:26,835:INFO: [0.6198952099789888, 0.6070424566722477, 0.5625009087604507, 0.6570232896652111, 0.6490283290740035, 0.6383762522132832, 0.47708984375, 0.4673086670045616, 0.4825432909545059, 0.6717764618800889, 0.7315988061046348, 0.6118209394245795, 0.4344460570875665, 0.47768417440926036, 0.3802240053493815]
2018-03-14 19:20:26,835:INFO: average ROC_AUC scores :
2018-03-14 19:20:26,836:INFO: 0.5645572461552509
2018-03-14 19:20:26,836:INFO: 

2018-03-14 19:20:26,837:INFO: Epoch 2/9
2018-03-14 19:20:26,837:INFO: ----------
2018-03-14 19:21:38,387:INFO: - Train metrics: total_accuracy: 0.934779 ; loss: 0.192712
2018-03-14 19:21:38,387:INFO: 

2018-03-14 19:21:38,387:INFO: Metric Report for the dev set
2018-03-14 19:21:56,256:INFO: - Eval metrics : total_accuracy: 0.000000 ; loss: 0.184406
2018-03-14 19:21:56,275:INFO: ROC AUC is :
2018-03-14 19:21:56,275:INFO: [0.6479353174286551, 0.6769310828544278, 0.5866957470010905, 0.723964831565814, 0.6535501060301234, 0.6116504854368932, 0.5198697916666667, 0.514745358637908, 0.6151034211781875, 0.6734641006661732, 0.781363218261343, 0.5383766890339186, 0.509564717111887, 0.4782710765591281, 0.3472082915412905]
2018-03-14 19:21:56,275:INFO: average ROC_AUC scores :
2018-03-14 19:21:56,276:INFO: 0.5919129489982338
2018-03-14 19:21:56,277:INFO: 

2018-03-14 19:21:56,277:INFO: Epoch 3/9
2018-03-14 19:21:56,277:INFO: ----------
2018-03-14 19:23:07,922:INFO: - Train metrics: total_accuracy: 0.937367 ; loss: 0.185730
2018-03-14 19:23:07,922:INFO: 

2018-03-14 19:23:07,922:INFO: Metric Report for the dev set
2018-03-14 19:23:25,440:INFO: - Eval metrics : total_accuracy: 0.000000 ; loss: 0.175976
2018-03-14 19:23:25,452:INFO: ROC AUC is :
2018-03-14 19:23:25,453:INFO: [0.6900460118620176, 0.7070342549436626, 0.6224209378407851, 0.7801745425244334, 0.6838105595128052, 0.6278594431438723, 0.501865234375, 0.5113476375513881, 0.6296202744800877, 0.7171502590673574, 0.8064425297065946, 0.5779023807335234, 0.5506478902705318, 0.49967043186968974, 0.4517719826145102]
2018-03-14 19:23:25,453:INFO: average ROC_AUC scores :
2018-03-14 19:23:25,453:INFO: 0.6238509580330839
2018-03-14 19:23:25,453:INFO: Found better model!
2018-03-14 19:23:25,456:INFO: 

2018-03-14 19:23:25,456:INFO: Epoch 4/9
2018-03-14 19:23:25,456:INFO: ----------
2018-03-14 19:24:37,253:INFO: - Train metrics: total_accuracy: 0.937709 ; loss: 0.183572
2018-03-14 19:24:37,253:INFO: 

2018-03-14 19:24:37,253:INFO: Metric Report for the dev set
2018-03-14 19:24:54,915:INFO: - Eval metrics : total_accuracy: 0.000000 ; loss: 0.175062
2018-03-14 19:24:54,935:INFO: ROC AUC is :
2018-03-14 19:24:54,935:INFO: [0.698652623739993, 0.7132392868455586, 0.637935296255907, 0.7952601892285298, 0.6875623946495568, 0.6410975508312439, 0.5396028645833334, 0.5243753637063318, 0.6606746933849738, 0.732139156180607, 0.805466388841959, 0.6109476973986581, 0.5766681049699918, 0.5644192828958654, 0.5335172183216316]
2018-03-14 19:24:54,935:INFO: average ROC_AUC scores :
2018-03-14 19:24:54,935:INFO: 0.648103874122276
2018-03-14 19:24:54,936:INFO: Found better model!
2018-03-14 19:24:54,940:INFO: 

2018-03-14 19:24:54,940:INFO: Epoch 5/9
2018-03-14 19:24:54,941:INFO: ----------
2018-03-14 19:26:06,736:INFO: - Train metrics: total_accuracy: 0.937947 ; loss: 0.182457
2018-03-14 19:26:06,736:INFO: 

2018-03-14 19:26:06,736:INFO: Metric Report for the dev set
2018-03-14 19:26:24,321:INFO: - Eval metrics : total_accuracy: 0.000000 ; loss: 0.175024
2018-03-14 19:26:24,341:INFO: ROC AUC is :
2018-03-14 19:26:24,342:INFO: [0.6978462193143434, 0.7244473731843071, 0.631319520174482, 0.7977132719900186, 0.6902115165026372, 0.6763199486637117, 0.5638802083333333, 0.524844662198945, 0.6655721141702451, 0.7357735011102887, 0.8191511328865612, 0.6047430830039526, 0.5852063965271512, 0.5944596437052487, 0.5705449682380476]
2018-03-14 19:26:24,342:INFO: average ROC_AUC scores :
2018-03-14 19:26:24,342:INFO: 0.6588022373335516
2018-03-14 19:26:24,343:INFO: Found better model!
2018-03-14 19:26:24,347:INFO: 

2018-03-14 19:26:24,347:INFO: Epoch 6/9
2018-03-14 19:26:24,347:INFO: ----------
2018-03-14 19:27:36,235:INFO: - Train metrics: total_accuracy: 0.938518 ; loss: 0.179316
2018-03-14 19:27:36,235:INFO: 

2018-03-14 19:27:36,235:INFO: Metric Report for the dev set
2018-03-14 19:27:54,131:INFO: - Eval metrics : total_accuracy: 0.000000 ; loss: 0.172907
2018-03-14 19:27:54,151:INFO: ROC AUC is :
2018-03-14 19:27:54,151:INFO: [0.7020181387802866, 0.727292524548622, 0.6490657942566339, 0.7945388854231648, 0.690030993420695, 0.6719112072346141, 0.5849153645833334, 0.5410823900433632, 0.6544301310656451, 0.7357883049592893, 0.8217792044451953, 0.6085118117474032, 0.622811490736019, 0.6310913671208386, 0.6288030758943497]
2018-03-14 19:27:54,151:INFO: average ROC_AUC scores :
2018-03-14 19:27:54,151:INFO: 0.6709380456172969
2018-03-14 19:27:54,152:INFO: Found better model!
2018-03-14 19:27:54,156:INFO: 

2018-03-14 19:27:54,156:INFO: Epoch 7/9
2018-03-14 19:27:54,156:INFO: ----------
2018-03-14 19:29:06,042:INFO: - Train metrics: total_accuracy: 0.938965 ; loss: 0.178444
2018-03-14 19:29:06,043:INFO: 

2018-03-14 19:29:06,043:INFO: Metric Report for the dev set
2018-03-14 19:29:23,664:INFO: - Eval metrics : total_accuracy: 0.000000 ; loss: 0.172491
2018-03-14 19:29:23,684:INFO: ROC AUC is :
2018-03-14 19:29:23,684:INFO: [0.7036942471874251, 0.7321089189556088, 0.6520392584514721, 0.7952374454148472, 0.6895350986895764, 0.6754999940583, 0.59255859375, 0.5466576561356085, 0.6589697173809324, 0.7388749074759439, 0.8271292072609863, 0.6326408677268132, 0.6293492331228181, 0.643967097362552, 0.6191073219658977]
2018-03-14 19:29:23,684:INFO: average ROC_AUC scores :
2018-03-14 19:29:23,684:INFO: 0.6758246376625855
2018-03-14 19:29:23,685:INFO: Found better model!
2018-03-14 19:29:23,691:INFO: 

2018-03-14 19:29:23,691:INFO: Epoch 8/9
2018-03-14 19:29:23,691:INFO: ----------
2018-03-14 19:30:35,467:INFO: - Train metrics: total_accuracy: 0.939013 ; loss: 0.177728
2018-03-14 19:30:35,467:INFO: 

2018-03-14 19:30:35,467:INFO: Metric Report for the dev set
2018-03-14 19:30:53,128:INFO: - Eval metrics : total_accuracy: 0.000000 ; loss: 0.172811
2018-03-14 19:30:53,147:INFO: ROC AUC is :
2018-03-14 19:30:53,147:INFO: [0.7022335700417566, 0.7300500022625457, 0.6535659760087241, 0.7914619723435226, 0.6923951933010712, 0.6768903518674763, 0.5973893229166667, 0.5430158998329297, 0.6646389380034239, 0.7353293856402664, 0.8309211390813013, 0.6316527254343229, 0.645706664574589, 0.634310299681267, 0.5789869608826479]
2018-03-14 19:30:53,147:INFO: average ROC_AUC scores :
2018-03-14 19:30:53,148:INFO: 0.6739032267915008
2018-03-14 19:30:53,149:INFO: 

2018-03-14 19:30:53,149:INFO: Epoch 9/9
2018-03-14 19:30:53,149:INFO: ----------
2018-03-14 19:32:05,026:INFO: - Train metrics: total_accuracy: 0.939098 ; loss: 0.176687
2018-03-14 19:32:05,027:INFO: 

2018-03-14 19:32:05,027:INFO: Metric Report for the dev set
2018-03-14 19:32:22,782:INFO: - Eval metrics : total_accuracy: 0.000000 ; loss: 0.172541
2018-03-14 19:32:22,801:INFO: ROC AUC is :
2018-03-14 19:32:22,801:INFO: [0.7025431527434242, 0.7315489388660122, 0.6557906215921484, 0.7931547619047619, 0.6928258387254635, 0.6780311582750057, 0.6001888020833333, 0.5448930938033827, 0.6673332210715387, 0.7356846780162842, 0.8325730697752999, 0.6348239727916168, 0.6428823598634918, 0.640842972072487, 0.5828318288197927]
2018-03-14 19:32:22,801:INFO: average ROC_AUC scores :
2018-03-14 19:32:22,802:INFO: 0.6757298980269363
2018-03-14 19:32:22,802:INFO: 

2018-03-14 19:32:22,803:INFO: Best eval loss: 0.172491
2018-03-14 19:32:22,803:INFO: Training complete in 14m 55s
