2018-03-15 16:51:46,258:INFO: Loading the datasets...
2018-03-15 16:51:46,271:INFO: Names of 14 diseases:
2018-03-15 16:51:46,283:INFO: Epoch 0/9
2018-03-15 16:51:46,283:INFO: ----------
2018-03-15 16:55:05,260:INFO: - Train metrics: total_accuracy: 0.920757 ; loss: 2.962452
2018-03-15 16:55:05,261:INFO: 

2018-03-15 16:55:05,261:INFO: Metric Report for the dev set
2018-03-15 16:56:11,809:INFO: - Eval metrics : total_accuracy: 0.000000 ; loss: 0.200506
2018-03-15 16:56:11,825:INFO: ROC AUC is :
2018-03-15 16:56:11,826:INFO: [0.6466783691055613, 0.5518490655685778, 0.496808433296983, 0.5817818803285506, 0.528896742972106, 0.5257929198702332, 0.49345052083333335, 0.5068236000825965, 0.40701916870141175, 0.5907179866765357, 0.48820183589570304, 0.4343230076293777, 0.4185201166333242, 0.48657799929571743]
2018-03-15 16:56:11,826:INFO: Mean value of AUC: 
2018-03-15 16:56:11,826:INFO: 0.5112458319207152
2018-03-15 16:56:11,829:INFO: Found better model!
2018-03-15 16:56:11,853:INFO: 

2018-03-15 16:56:11,853:INFO: Epoch 1/9
2018-03-15 16:56:11,853:INFO: ----------
2018-03-15 16:59:30,777:INFO: - Train metrics: total_accuracy: 0.932810 ; loss: 2.526502
2018-03-15 16:59:30,779:INFO: 

2018-03-15 16:59:30,779:INFO: Metric Report for the dev set
2018-03-15 17:00:37,471:INFO: - Eval metrics : total_accuracy: 0.000000 ; loss: 0.193401
2018-03-15 17:00:37,488:INFO: ROC AUC is :
2018-03-15 17:00:37,488:INFO: [0.6941168648102343, 0.6221322231775193, 0.55470737913486, 0.6712024329382407, 0.5733369582948181, 0.6147520528573636, 0.48400390625, 0.5088321976309812, 0.554731133002161, 0.6875573649148778, 0.6245612059094066, 0.4850629653460796, 0.4218543652505917, 0.4488131032676905]
2018-03-15 17:00:37,489:INFO: Mean value of AUC: 
2018-03-15 17:00:37,489:INFO: 0.5675474394846303
2018-03-15 17:00:37,491:INFO: Found better model!
2018-03-15 17:00:37,517:INFO: 

2018-03-15 17:00:37,517:INFO: Epoch 2/9
2018-03-15 17:00:37,517:INFO: ----------
2018-03-15 17:03:56,538:INFO: - Train metrics: total_accuracy: 0.935540 ; loss: 2.481391
2018-03-15 17:03:56,540:INFO: 

2018-03-15 17:03:56,540:INFO: Metric Report for the dev set
2018-03-15 17:05:03,347:INFO: - Eval metrics : total_accuracy: 0.000000 ; loss: 0.185019
2018-03-15 17:05:03,359:INFO: ROC AUC is :
2018-03-15 17:05:03,359:INFO: [0.7129849198116971, 0.7193509887325218, 0.6166775717920756, 0.8053486951549179, 0.6352824751237018, 0.6906632125583773, 0.5326367187500001, 0.5033695631769631, 0.6295150290477393, 0.7197631384159882, 0.7318803852002027, 0.5891626068572479, 0.5749421409798768, 0.5657917310001714]
2018-03-15 17:05:03,360:INFO: Mean value of AUC: 
2018-03-15 17:05:03,360:INFO: 0.644812084042963
2018-03-15 17:05:03,362:INFO: Found better model!
2018-03-15 17:05:03,376:INFO: 

2018-03-15 17:05:03,376:INFO: Epoch 3/9
2018-03-15 17:05:03,376:INFO: ----------
2018-03-15 17:08:21,917:INFO: - Train metrics: total_accuracy: 0.939697 ; loss: 2.425102
2018-03-15 17:08:21,918:INFO: 

2018-03-15 17:08:21,919:INFO: Metric Report for the dev set
2018-03-15 17:09:28,375:INFO: - Eval metrics : total_accuracy: 0.000000 ; loss: 0.176388
2018-03-15 17:09:28,394:INFO: ROC AUC is :
2018-03-15 17:09:28,394:INFO: [0.7198042501130351, 0.7207905335083036, 0.6411777535441657, 0.8222798398835517, 0.623955195476048, 0.6658506731946144, 0.4829427083333333, 0.5420773028477032, 0.627529398557436, 0.722176165803109, 0.6815715867920632, 0.6166237705671478, 0.59799422063573, 0.495896199582848]
2018-03-15 17:09:28,394:INFO: Mean value of AUC: 
2018-03-15 17:09:28,394:INFO: 0.6400478284885064
2018-03-15 17:09:28,397:INFO: Found better model!
2018-03-15 17:09:28,421:INFO: 

2018-03-15 17:09:28,422:INFO: Epoch 4/9
2018-03-15 17:09:28,422:INFO: ----------
2018-03-15 17:12:47,227:INFO: - Train metrics: total_accuracy: 0.941857 ; loss: 2.377050
2018-03-15 17:12:47,229:INFO: 

2018-03-15 17:12:47,229:INFO: Metric Report for the dev set
2018-03-15 17:13:53,136:INFO: - Eval metrics : total_accuracy: 0.000000 ; loss: 0.166151
2018-03-15 17:13:53,148:INFO: ROC AUC is :
2018-03-15 17:13:53,148:INFO: [0.7131349238011649, 0.7060217656907553, 0.626797528171574, 0.8316600384695363, 0.6170996683160241, 0.6221554111062257, 0.49499348958333333, 0.49854517467289894, 0.6002357497684601, 0.7038267949666912, 0.6031799665859474, 0.5943560989061495, 0.5721309117535534, 0.5140450199095268]
2018-03-15 17:13:53,148:INFO: Mean value of AUC: 
2018-03-15 17:13:53,148:INFO: 0.6212987529787029
2018-03-15 17:13:53,150:INFO: Found better model!
2018-03-15 17:13:53,172:INFO: 

2018-03-15 17:13:53,172:INFO: Epoch 5/9
2018-03-15 17:13:53,172:INFO: ----------
2018-03-15 17:17:11,359:INFO: - Train metrics: total_accuracy: 0.943769 ; loss: 2.326305
2018-03-15 17:17:11,361:INFO: 

2018-03-15 17:17:11,361:INFO: Metric Report for the dev set
2018-03-15 17:18:18,906:INFO: - Eval metrics : total_accuracy: 0.000000 ; loss: 0.162337
2018-03-15 17:18:18,924:INFO: ROC AUC is :
2018-03-15 17:18:18,924:INFO: [0.7192031702970824, 0.7213533417801711, 0.5793529625590694, 0.8404781399459348, 0.4682475123701811, 0.5139451699920381, 0.45970703125, 0.422312327532804, 0.5844208694675985, 0.706980014803849, 0.543025285802782, 0.5019533045316665, 0.5565449339034244, 0.4741627615100541]
2018-03-15 17:18:18,924:INFO: Mean value of AUC: 
2018-03-15 17:18:18,924:INFO: 0.5779776304104755
2018-03-15 17:18:18,927:INFO: Found better model!
2018-03-15 17:18:18,951:INFO: 

2018-03-15 17:18:18,951:INFO: Epoch 6/9
2018-03-15 17:18:18,951:INFO: ----------
2018-03-15 17:21:38,052:INFO: - Train metrics: total_accuracy: 0.946138 ; loss: 2.267349
2018-03-15 17:21:38,053:INFO: 

2018-03-15 17:21:38,054:INFO: Metric Report for the dev set
2018-03-15 17:22:45,212:INFO: - Eval metrics : total_accuracy: 0.000000 ; loss: 0.160407
2018-03-15 17:22:45,230:INFO: ROC AUC is :
2018-03-15 17:22:45,230:INFO: [0.7130700284582038, 0.714325308837504, 0.5458378771355871, 0.8234560199625701, 0.39680169648197483, 0.5194471842283515, 0.45474609375, 0.4556888363274577, 0.581719570037327, 0.6713915618060695, 0.6076101443562163, 0.5603686000551522, 0.49090600033996257, 0.43737754060911416]
2018-03-15 17:22:45,230:INFO: Mean value of AUC: 
2018-03-15 17:22:45,231:INFO: 0.5694818901703923
2018-03-15 17:22:45,233:INFO: Found better model!
2018-03-15 17:22:45,257:INFO: 

2018-03-15 17:22:45,258:INFO: Epoch 7/9
2018-03-15 17:22:45,258:INFO: ----------
2018-03-15 17:26:03,539:INFO: - Train metrics: total_accuracy: 0.948088 ; loss: 2.208366
2018-03-15 17:26:03,541:INFO: 

2018-03-15 17:26:03,541:INFO: Metric Report for the dev set
2018-03-15 17:27:10,067:INFO: - Eval metrics : total_accuracy: 0.000000 ; loss: 0.158586
2018-03-15 17:27:10,079:INFO: ROC AUC is :
2018-03-15 17:27:10,079:INFO: [0.7170988590122077, 0.6473468822118648, 0.5368811341330424, 0.820661779995841, 0.4036441737806536, 0.5846157502584639, 0.4502083333333333, 0.5276041373355109, 0.6137071651090342, 0.6897557364914878, 0.6467871825195697, 0.5863820204062874, 0.40429398919964954, 0.42391039358561095]
2018-03-15 17:27:10,079:INFO: Mean value of AUC: 
2018-03-15 17:27:10,079:INFO: 0.5752069669551828
2018-03-15 17:27:10,081:INFO: Found better model!
2018-03-15 17:27:10,096:INFO: 

2018-03-15 17:27:10,096:INFO: Epoch 8/9
2018-03-15 17:27:10,096:INFO: ----------
2018-03-15 17:30:29,402:INFO: - Train metrics: total_accuracy: 0.949477 ; loss: 2.159903
2018-03-15 17:30:29,404:INFO: 

2018-03-15 17:30:29,404:INFO: Metric Report for the dev set
2018-03-15 17:31:35,791:INFO: - Eval metrics : total_accuracy: 0.000000 ; loss: 0.157786
2018-03-15 17:31:35,803:INFO: ROC AUC is :
2018-03-15 17:31:35,803:INFO: [0.7162690497087689, 0.701522127698086, 0.6023264267539077, 0.8172404605947183, 0.4315795769669947, 0.5483951468194079, 0.43514322916666665, 0.4430365489666047, 0.584210378602902, 0.6916506291635827, 0.6564171875879935, 0.5885191653644637, 0.4015350619124204, 0.3838249767496456]
2018-03-15 17:31:35,803:INFO: Mean value of AUC: 
2018-03-15 17:31:35,803:INFO: 0.5715478547182975
2018-03-15 17:31:35,805:INFO: Found better model!
2018-03-15 17:31:35,825:INFO: 

2018-03-15 17:31:35,825:INFO: Epoch 9/9
2018-03-15 17:31:35,825:INFO: ----------
2018-03-15 17:34:54,501:INFO: - Train metrics: total_accuracy: 0.951922 ; loss: 2.091761
2018-03-15 17:34:54,502:INFO: 

2018-03-15 17:34:54,503:INFO: Metric Report for the dev set
2018-03-15 17:36:00,808:INFO: - Eval metrics : total_accuracy: 0.000000 ; loss: 0.159094
2018-03-15 17:36:00,820:INFO: ROC AUC is :
2018-03-15 17:36:00,820:INFO: [0.713574297188755, 0.70927417530205, 0.5436277717193747, 0.8215227957995425, 0.4635821869392638, 0.5716390773728179, 0.42345703125, 0.5184622026994049, 0.6118337964132357, 0.7140192450037011, 0.5952018922115223, 0.5904954499494438, 0.42984348644726, 0.3609989977517133]
2018-03-15 17:36:00,820:INFO: Mean value of AUC: 
2018-03-15 17:36:00,820:INFO: 0.5762523147177204
2018-03-15 17:36:00,822:INFO: 

2018-03-15 17:36:00,822:INFO: Best eval loss: 0.157786
2018-03-15 17:36:00,822:INFO: Training complete in 44m 15s
