2018-03-02 01:39:13,667:INFO: Loading the datasets...
2018-03-02 01:39:16,991:INFO: Names of 14 diseases:
2018-03-02 01:39:17,009:INFO: Epoch 0/4
2018-03-02 01:39:17,009:INFO: ----------
2018-03-02 01:47:34,849:INFO: Loading the datasets...
2018-03-02 01:47:38,184:INFO: Names of 14 diseases:
2018-03-02 01:47:38,202:INFO: Epoch 0/4
2018-03-02 01:47:38,202:INFO: ----------
2018-03-02 02:15:21,985:INFO: - Train metrics: accuracy: 0.540 ; total_accuracy: 0.949 ; loss: 0.172
2018-03-02 02:15:21,985:INFO: False positives of each disease: [ 13  10 144   3   0   0   2  31   8  19   0  14   0   0]
2018-03-02 02:15:21,986:INFO: False negatives of each disease: [ 7244  1733  8252 12715  3577  4048   870  3370  2914  1430  1614  1087
  2182   150]
2018-03-02 02:15:21,987:INFO: 

2018-03-02 02:15:21,988:INFO: Metric Report for the dev set
2018-03-02 02:25:06,520:INFO: - Eval metrics : accuracy: 0.541 ; total_accuracy: 0.949
2018-03-02 02:25:06,635:INFO: ROC AUC is :
2018-03-02 02:25:06,636:INFO: [0.622480714459504, 0.6062851770107515, 0.7623299785622542, 0.640404792977412, 0.5681906690223951, 0.5615630259679476, 0.6323551281415754, 0.7018039755926009, 0.7337475820301772, 0.8063767853575708, 0.6413710650162089, 0.6314924401017006, 0.6264463230822367, 0.6193811551171312]
2018-03-02 02:25:06,640:INFO: Found better model!
2018-03-02 02:25:06,654:INFO: 

2018-03-02 02:25:06,655:INFO: Epoch 1/4
2018-03-02 02:25:06,655:INFO: ----------
2018-03-02 02:52:42,241:INFO: - Train metrics: accuracy: 0.542 ; total_accuracy: 0.949 ; loss: 0.162
2018-03-02 02:52:42,241:INFO: False positives of each disease: [  0   0 346   2   0   0   0   0   0   0   0   0   0   0]
2018-03-02 02:52:42,242:INFO: False negatives of each disease: [ 7247  1734  7692 12711  3577  4048   870  3372  2915  1430  1614  1087
  2182   150]
2018-03-02 02:52:42,243:INFO: 

2018-03-02 02:52:42,244:INFO: Metric Report for the dev set
2018-03-02 03:02:26,472:INFO: - Eval metrics : accuracy: 0.542 ; total_accuracy: 0.949
2018-03-02 03:02:26,588:INFO: ROC AUC is :
2018-03-02 03:02:26,588:INFO: [0.749536467203847, 0.8132346956846737, 0.8556941506625364, 0.6507796742284777, 0.7043864818583057, 0.6497644174499242, 0.6702203232872308, 0.7737687048602615, 0.7728907667844386, 0.8499850179784258, 0.7566021915404657, 0.7058073042212667, 0.7270222116844272, 0.7135897215678576]
2018-03-02 03:02:26,593:INFO: Found better model!
2018-03-02 03:02:26,607:INFO: 

2018-03-02 03:02:26,607:INFO: Epoch 2/4
2018-03-02 03:02:26,607:INFO: ----------
2018-03-02 03:29:59,751:INFO: - Train metrics: accuracy: 0.542 ; total_accuracy: 0.949 ; loss: 0.158
2018-03-02 03:29:59,751:INFO: False positives of each disease: [  0   0 396   1   0   0   0   0   0   0   0   0   0   0]
2018-03-02 03:29:59,751:INFO: False negatives of each disease: [ 7247  1733  7519 12716  3577  4048   870  3372  2915  1430  1614  1087
  2182   150]
2018-03-02 03:29:59,753:INFO: 

2018-03-02 03:29:59,753:INFO: Metric Report for the dev set
2018-03-02 03:39:43,456:INFO: - Eval metrics : accuracy: 0.543 ; total_accuracy: 0.950
2018-03-02 03:39:43,573:INFO: ROC AUC is :
2018-03-02 03:39:43,573:INFO: [0.758671541636935, 0.8356407414694215, 0.8583801130845555, 0.656693699380751, 0.726638021904566, 0.6598512734519091, 0.6818155425687327, 0.7864173403862458, 0.7695997578219999, 0.8564789128046345, 0.7739923496751366, 0.7186336163152289, 0.7389921863865857, 0.7197857364873708]
2018-03-02 03:39:43,577:INFO: Found better model!
2018-03-02 03:39:43,591:INFO: 

2018-03-02 03:39:43,592:INFO: Epoch 3/4
2018-03-02 03:39:43,592:INFO: ----------
2018-03-02 04:07:17,188:INFO: - Train metrics: accuracy: 0.542 ; total_accuracy: 0.949 ; loss: 0.157
2018-03-02 04:07:17,189:INFO: False positives of each disease: [  0   0 394   4   0   0   0   0   0   0   0   0   0   0]
2018-03-02 04:07:17,189:INFO: False negatives of each disease: [ 7247  1734  7503 12715  3577  4048   870  3372  2915  1430  1614  1087
  2182   150]
2018-03-02 04:07:17,191:INFO: 

2018-03-02 04:07:17,191:INFO: Metric Report for the dev set
2018-03-02 04:17:02,557:INFO: - Eval metrics : accuracy: 0.543 ; total_accuracy: 0.950
2018-03-02 04:17:02,672:INFO: ROC AUC is :
2018-03-02 04:17:02,672:INFO: [0.7590895568772656, 0.8370847053978845, 0.8592905905187719, 0.6568334608383458, 0.7229628947474899, 0.6577309749681185, 0.6806869582098908, 0.7869930568660257, 0.7693779605468608, 0.8568318642628846, 0.7736998970552915, 0.7162375448682278, 0.738217629911969, 0.7155870673014003]
2018-03-02 04:17:02,677:INFO: 

2018-03-02 04:17:02,677:INFO: Epoch 4/4
2018-03-02 04:17:02,677:INFO: ----------
2018-03-02 04:44:36,729:INFO: - Train metrics: accuracy: 0.542 ; total_accuracy: 0.949 ; loss: 0.157
2018-03-02 04:44:36,730:INFO: False positives of each disease: [  0   0 410   3   0   0   0   0   0   0   0   0   0   0]
2018-03-02 04:44:36,730:INFO: False negatives of each disease: [ 7247  1733  7474 12715  3577  4048   870  3372  2915  1430  1614  1087
  2182   150]
2018-03-02 04:44:36,732:INFO: 

2018-03-02 04:44:36,732:INFO: Metric Report for the dev set
2018-03-02 04:54:21,400:INFO: - Eval metrics : accuracy: 0.543 ; total_accuracy: 0.950
2018-03-02 04:54:21,520:INFO: ROC AUC is :
2018-03-02 04:54:21,520:INFO: [0.7596422718806289, 0.8364013950783918, 0.8590398254181937, 0.6564752797850815, 0.722690626032598, 0.6583547228353694, 0.6801936160577539, 0.7866487104673179, 0.7692437824593679, 0.8558245730123851, 0.7744103206720161, 0.7157483198288936, 0.739251841272844, 0.7169438514265148]
2018-03-02 04:54:21,524:INFO: 

2018-03-02 04:54:21,524:INFO: Best training AUC: 0.752971
2018-03-02 04:54:21,524:INFO: Training complete in 186m 43s
