2018-03-11 06:59:54,723:INFO: Loading the datasets...
2018-03-11 06:59:59,174:INFO: Names of 14 diseases:
2018-03-11 06:59:59,178:INFO: Epoch 0/9
2018-03-11 06:59:59,178:INFO: ----------
2018-03-11 07:01:15,680:INFO: - Train metrics: accuracy: 0.459 ; total_accuracy: 0.930 ; loss: 2.538
2018-03-11 07:01:15,680:INFO: False positives of each disease: [848  35   1  65 398   5  26   7  20  10   0   5   2   0   9]
2018-03-11 07:01:15,681:INFO: False negatives of each disease: [1858  594  147  597  895  226  323   81  358  249   70  153  147  212
   12]
2018-03-11 07:01:15,681:INFO: 

2018-03-11 07:01:15,681:INFO: Metric Report for the dev set
2018-03-11 07:01:39,131:INFO: - Eval metrics : accuracy: 0.000 ; total_accuracy: 0.000 ; loss: 0.145
2018-03-11 07:01:39,150:INFO: ROC AUC is :
2018-03-11 07:01:39,150:INFO: [0.688656613207798, 0.7286019729399521, 0.6444783715012722, 0.7834399043460177, 0.6188505247131749, 0.6353816353935188, 0.56322265625, 0.4949034183702202, 0.4911593836827482, 0.690880829015544, 0.7523981152972536, 0.48961301590219686, 0.5650439990062631, 0.596003647822593]
2018-03-11 07:01:39,151:INFO: average ROC_AUC scores :
2018-03-11 07:01:39,151:INFO: 0.6244738633891824
2018-03-11 07:01:39,151:INFO: evaluation end! dev loss is:
2018-03-11 07:01:39,151:INFO: 0.14454170806193725
2018-03-11 07:01:39,153:INFO: Found better model!
2018-03-11 07:01:39,158:INFO: 

2018-03-11 07:01:39,158:INFO: Epoch 1/9
2018-03-11 07:01:39,158:INFO: ----------
2018-03-11 07:02:55,549:INFO: - Train metrics: accuracy: 0.462 ; total_accuracy: 0.933 ; loss: 2.453
2018-03-11 07:02:55,549:INFO: False positives of each disease: [808  46   0 119 339   0   5   0   9   0   0   0   0   1   0]
2018-03-11 07:02:55,550:INFO: False negatives of each disease: [1676  588  147  562  911  226  326   81  357  249   70  153  147  212
   12]
2018-03-11 07:02:55,550:INFO: 

2018-03-11 07:02:55,550:INFO: Metric Report for the dev set
2018-03-11 07:03:18,993:INFO: - Eval metrics : accuracy: 0.000 ; total_accuracy: 0.000 ; loss: 0.146
2018-03-11 07:03:19,012:INFO: ROC AUC is :
2018-03-11 07:03:19,012:INFO: [0.6834830713582809, 0.74783078419838, 0.7527444565612504, 0.7911370607194842, 0.5336871295742482, 0.5377000867488206, 0.6002473958333334, 0.5848210095549173, 0.4799612696808958, 0.6890303478904515, 0.7595877682040886, 0.5682737383950731, 0.5371278390146315, 0.574270209749799]
2018-03-11 07:03:19,013:INFO: average ROC_AUC scores :
2018-03-11 07:03:19,013:INFO: 0.6314215833916895
2018-03-11 07:03:19,013:INFO: evaluation end! dev loss is:
2018-03-11 07:03:19,013:INFO: 0.1457877111986745
2018-03-11 07:03:19,014:INFO: 

2018-03-11 07:03:19,014:INFO: Epoch 2/9
2018-03-11 07:03:19,014:INFO: ----------
2018-03-11 07:04:35,927:INFO: - Train metrics: accuracy: 0.456 ; total_accuracy: 0.933 ; loss: 2.429
2018-03-11 07:04:35,928:INFO: False positives of each disease: [820  41   0 111 398   0   3   0  12   0   0   0   0   3   0]
2018-03-11 07:04:35,928:INFO: False negatives of each disease: [1615  584  147  558  877  226  326   81  354  249   70  153  147  212
   12]
2018-03-11 07:04:35,928:INFO: 

2018-03-11 07:04:35,929:INFO: Metric Report for the dev set
2018-03-11 07:04:59,594:INFO: - Eval metrics : accuracy: 0.000 ; total_accuracy: 0.000 ; loss: 0.147
2018-03-11 07:04:59,606:INFO: ROC AUC is :
2018-03-11 07:04:59,606:INFO: [0.6847320407457644, 0.7298180913163492, 0.6947873500545256, 0.765998648367644, 0.5559197433527269, 0.5656914356335634, 0.57572265625, 0.5310018584220307, 0.4993404619572844, 0.6580458919319023, 0.7589495222541345, 0.555887489658976, 0.5585847095281058, 0.5950013995358957]
2018-03-11 07:04:59,606:INFO: average ROC_AUC scores :
2018-03-11 07:04:59,607:INFO: 0.6235343785006359
2018-03-11 07:04:59,607:INFO: evaluation end! dev loss is:
2018-03-11 07:04:59,607:INFO: 0.14722133414377458
2018-03-11 07:04:59,608:INFO: 

2018-03-11 07:04:59,608:INFO: Epoch 3/9
2018-03-11 07:04:59,608:INFO: ----------
2018-03-11 07:06:16,570:INFO: - Train metrics: accuracy: 0.474 ; total_accuracy: 0.936 ; loss: 2.326
2018-03-11 07:06:16,571:INFO: False positives of each disease: [792  83   0 123 392   0   0   0   7   0   0   0   0   0   0]
2018-03-11 07:06:16,571:INFO: False negatives of each disease: [1461  562  147  517  828  226  326   81  354  249   70  153  147  212
   12]
2018-03-11 07:06:16,572:INFO: 

2018-03-11 07:06:16,572:INFO: Metric Report for the dev set
2018-03-11 07:06:40,145:INFO: - Eval metrics : accuracy: 0.000 ; total_accuracy: 0.000 ; loss: 0.136
2018-03-11 07:06:40,164:INFO: ROC AUC is :
2018-03-11 07:06:40,164:INFO: [0.7042134099311153, 0.7521748721661614, 0.7015485278080698, 0.8117851944271159, 0.6097960959164809, 0.6839372081139855, 0.6345247395833333, 0.5305701038088266, 0.6584084084084085, 0.7060621761658032, 0.8220232396613542, 0.70957808622116, 0.653682710286484, 0.6417820155122753]
2018-03-11 07:06:40,164:INFO: average ROC_AUC scores :
2018-03-11 07:06:40,164:INFO: 0.6871490562864695
2018-03-11 07:06:40,165:INFO: evaluation end! dev loss is:
2018-03-11 07:06:40,165:INFO: 0.13647651606041472
2018-03-11 07:06:40,166:INFO: Found better model!
2018-03-11 07:06:40,170:INFO: 

2018-03-11 07:06:40,170:INFO: Epoch 4/9
2018-03-11 07:06:40,170:INFO: ----------
2018-03-11 07:07:57,116:INFO: - Train metrics: accuracy: 0.458 ; total_accuracy: 0.934 ; loss: 2.275
2018-03-11 07:07:57,117:INFO: False positives of each disease: [771 159   0 174 598   0   0   0  43   0   0   0   0   0   0]
2018-03-11 07:07:57,117:INFO: False negatives of each disease: [1424  535  147  471  755  226  326   81  342  249   70  153  147  212
   12]
2018-03-11 07:07:57,118:INFO: 

2018-03-11 07:07:57,118:INFO: Metric Report for the dev set
2018-03-11 07:08:20,856:INFO: - Eval metrics : accuracy: 0.000 ; total_accuracy: 0.000 ; loss: 0.136
2018-03-11 07:08:20,875:INFO: ROC AUC is :
2018-03-11 07:08:20,875:INFO: [0.7067198595707332, 0.7416936286709807, 0.7350490730643402, 0.8164704200457475, 0.6208101788918492, 0.7018811422324156, 0.6423437499999999, 0.5250323815959903, 0.6627304874968426, 0.7101036269430052, 0.8385800904807493, 0.7131170144314736, 0.630813687417461, 0.6647524627317134]
2018-03-11 07:08:20,875:INFO: average ROC_AUC scores :
2018-03-11 07:08:20,875:INFO: 0.6935784145409501
2018-03-11 07:08:20,875:INFO: evaluation end! dev loss is:
2018-03-11 07:08:20,875:INFO: 0.13595589110511355
2018-03-11 07:08:20,877:INFO: Found better model!
2018-03-11 07:08:20,882:INFO: 

2018-03-11 07:08:20,882:INFO: Epoch 5/9
2018-03-11 07:08:20,882:INFO: ----------
2018-03-11 07:09:38,004:INFO: - Train metrics: accuracy: 0.444 ; total_accuracy: 0.934 ; loss: 2.239
2018-03-11 07:09:38,005:INFO: False positives of each disease: [765 192   0 188 710   0   5   0  71   0   0   0   0   0   0]
2018-03-11 07:09:38,005:INFO: False negatives of each disease: [1384  519  147  430  707  226  324   81  333  249   70  153  147  212
   12]
2018-03-11 07:09:38,005:INFO: 

2018-03-11 07:09:38,005:INFO: Metric Report for the dev set
2018-03-11 07:10:01,445:INFO: - Eval metrics : accuracy: 0.000 ; total_accuracy: 0.000 ; loss: 0.136
2018-03-11 07:10:01,464:INFO: ROC AUC is :
2018-03-11 07:10:01,464:INFO: [0.7092582249527912, 0.7421772478392687, 0.7773900399854599, 0.821441567893533, 0.6353868740144636, 0.7038300198452783, 0.6337890625, 0.5305888757485311, 0.656829726923185, 0.7274019245003701, 0.8506879915901708, 0.7119909918191011, 0.6213993383804705, 0.6703325477873789]
2018-03-11 07:10:01,465:INFO: average ROC_AUC scores :
2018-03-11 07:10:01,465:INFO: 0.6994646024128572
2018-03-11 07:10:01,465:INFO: evaluation end! dev loss is:
2018-03-11 07:10:01,465:INFO: 0.13598084151232614
2018-03-11 07:10:01,466:INFO: 

2018-03-11 07:10:01,466:INFO: Epoch 6/9
2018-03-11 07:10:01,467:INFO: ----------
2018-03-11 07:11:18,616:INFO: - Train metrics: accuracy: 0.442 ; total_accuracy: 0.935 ; loss: 2.172
2018-03-11 07:11:18,616:INFO: False positives of each disease: [764 262   5 215 690   0   4   0 119   0   0   0   0   0   0]
2018-03-11 07:11:18,616:INFO: False negatives of each disease: [1328  487  144  387  689  226  319   81  304  249   70  153  147  212
   12]
2018-03-11 07:11:18,617:INFO: 

2018-03-11 07:11:18,617:INFO: Metric Report for the dev set
2018-03-11 07:11:42,466:INFO: - Eval metrics : accuracy: 0.000 ; total_accuracy: 0.000 ; loss: 0.136
2018-03-11 07:11:42,484:INFO: ROC AUC is :
2018-03-11 07:11:42,484:INFO: [0.7072847682119205, 0.740426603013711, 0.7704398400581607, 0.8215812798918695, 0.6258865749551411, 0.7193616237477867, 0.6383138020833332, 0.5328415085130747, 0.686235300721282, 0.7274833456698742, 0.8469336036492652, 0.7386248736097067, 0.6367499575046746, 0.6812760155664509]
2018-03-11 07:11:42,484:INFO: average ROC_AUC scores :
2018-03-11 07:11:42,485:INFO: 0.7052456497997323
2018-03-11 07:11:42,485:INFO: evaluation end! dev loss is:
2018-03-11 07:11:42,485:INFO: 0.1355255774880061
2018-03-11 07:11:42,486:INFO: Found better model!
2018-03-11 07:11:42,490:INFO: 

2018-03-11 07:11:42,491:INFO: Epoch 7/9
2018-03-11 07:11:42,491:INFO: ----------
2018-03-11 07:12:59,501:INFO: - Train metrics: accuracy: 0.427 ; total_accuracy: 0.934 ; loss: 2.148
2018-03-11 07:12:59,502:INFO: False positives of each disease: [769 276   7 205 855   0  12   0 111   0   0   0   0   0   0]
2018-03-11 07:12:59,502:INFO: False negatives of each disease: [1302  473  137  385  651  225  319   81  305  249   70  153  147  212
   12]
2018-03-11 07:12:59,503:INFO: 

2018-03-11 07:12:59,503:INFO: Metric Report for the dev set
2018-03-11 07:13:23,011:INFO: - Eval metrics : accuracy: 0.000 ; total_accuracy: 0.000 ; loss: 0.135
2018-03-11 07:13:23,023:INFO: ROC AUC is :
2018-03-11 07:13:23,023:INFO: [0.7060858001542594, 0.7396912756233315, 0.7748455107233734, 0.8236574651694739, 0.623705073133598, 0.7259450273912372, 0.6369986979166666, 0.5288806292354188, 0.6980157727821279, 0.7319541080680978, 0.848848341499127, 0.7424395624597849, 0.6517213875704442, 0.6853482135601484]
2018-03-11 07:13:23,023:INFO: average ROC_AUC scores :
2018-03-11 07:13:23,024:INFO: 0.7084383475205064
2018-03-11 07:13:23,024:INFO: evaluation end! dev loss is:
2018-03-11 07:13:23,024:INFO: 0.13542041450901887
2018-03-11 07:13:23,024:INFO: Found better model!
2018-03-11 07:13:23,027:INFO: 

2018-03-11 07:13:23,027:INFO: Epoch 8/9
2018-03-11 07:13:23,027:INFO: ----------
2018-03-11 07:14:40,080:INFO: - Train metrics: accuracy: 0.409 ; total_accuracy: 0.932 ; loss: 2.141
2018-03-11 07:14:40,081:INFO: False positives of each disease: [739 359   9 239 928   0  22   0 138   2   0   0   0   0   0]
2018-03-11 07:14:40,081:INFO: False negatives of each disease: [1332  455  133  350  644  225  316   81  292  249   70  153  147  212
   12]
2018-03-11 07:14:40,081:INFO: 

2018-03-11 07:14:40,081:INFO: Metric Report for the dev set
2018-03-11 07:15:03,489:INFO: - Eval metrics : accuracy: 0.000 ; total_accuracy: 0.000 ; loss: 0.136
2018-03-11 07:15:03,508:INFO: ROC AUC is :
2018-03-11 07:15:03,508:INFO: [0.7058485598021225, 0.7398835920177385, 0.7742929843693203, 0.8234690164275317, 0.6236833233646892, 0.725196373186296, 0.6366080729166665, 0.5285427343207374, 0.7005767449692683, 0.7318874907475944, 0.8474216740815829, 0.7440251861384318, 0.6532773702585024, 0.685014130797916]
2018-03-11 07:15:03,509:INFO: average ROC_AUC scores :
2018-03-11 07:15:03,509:INFO: 0.708551946671314
2018-03-11 07:15:03,509:INFO: evaluation end! dev loss is:
2018-03-11 07:15:03,509:INFO: 0.13554332138574682
2018-03-11 07:15:03,510:INFO: 

2018-03-11 07:15:03,510:INFO: Epoch 9/9
2018-03-11 07:15:03,511:INFO: ----------
2018-03-11 07:16:20,592:INFO: - Train metrics: accuracy: 0.417 ; total_accuracy: 0.933 ; loss: 2.130
2018-03-11 07:16:20,592:INFO: False positives of each disease: [739 331   8 232 914   0  24   0 129   2   0   0   0   0   0]
2018-03-11 07:16:20,592:INFO: False negatives of each disease: [1308  453  134  360  627  226  315   81  295  249   70  153  147  212
   12]
2018-03-11 07:16:20,593:INFO: 

2018-03-11 07:16:20,593:INFO: Metric Report for the dev set
2018-03-11 07:16:44,223:INFO: - Eval metrics : accuracy: 0.000 ; total_accuracy: 0.000 ; loss: 0.135
2018-03-11 07:16:44,241:INFO: ROC AUC is :
2018-03-11 07:16:44,241:INFO: [0.7057102582515493, 0.7406415448662835, 0.7744820065430752, 0.8230368839675608, 0.6234701756293839, 0.7250181221851195, 0.6368750000000001, 0.5291058925118732, 0.6999312396508658, 0.7327239082161363, 0.8473841302021737, 0.7434506848055887, 0.6544018619490318, 0.6846439309803073]
2018-03-11 07:16:44,242:INFO: average ROC_AUC scores :
2018-03-11 07:16:44,242:INFO: 0.7086339742684963
2018-03-11 07:16:44,242:INFO: evaluation end! dev loss is:
2018-03-11 07:16:44,242:INFO: 0.1354769306317903
2018-03-11 07:16:44,243:INFO: 

2018-03-11 07:16:44,243:INFO: Best eval loss: 0.135420
2018-03-11 07:16:44,244:INFO: Training complete in 16m 45s
