2018-03-12 04:28:58,691:INFO: Loading the datasets...
2018-03-12 04:29:03,151:INFO: Names of 14 diseases:
2018-03-12 04:29:03,155:INFO: Epoch 0/9
2018-03-12 04:29:03,155:INFO: ----------
2018-03-12 04:30:18,463:INFO: - Train metrics: accuracy: 0.483 ; total_accuracy: 0.933 ; loss: 0.198
2018-03-12 04:30:18,463:INFO: False positives of each disease: [778   9   1   2  19   4  18   6   2   9   0   2   1   0   6]
2018-03-12 04:30:18,464:INFO: False negatives of each disease: [1934  597  147  633 1000  225  325   81  359  249   70  153  147  212
   12]
2018-03-12 04:30:18,464:INFO: 

2018-03-12 04:30:18,464:INFO: Metric Report for the dev set
2018-03-12 04:30:36,417:INFO: - Eval metrics : accuracy: 0.000 ; total_accuracy: 0.000 ; loss: 0.182
2018-03-12 04:30:36,436:INFO: ROC AUC is :
2018-03-12 04:30:36,436:INFO: [0.6667028378414319, 0.7196988551518168, 0.6144093057070157, 0.7686499272197962, 0.6548442172801914, 0.5776164276122684, 0.5269726562500001, 0.5918041711250024, 0.5512194437428084, 0.6957660991857884, 0.7509526759400049, 0.5503033367037411, 0.5060735626773363, 0.5309026555064965]
2018-03-12 04:30:36,436:INFO: average ROC_AUC scores :
2018-03-12 04:30:36,436:INFO: 0.6218511551388356
2018-03-12 04:30:36,437:INFO: evaluation end! dev loss is:
2018-03-12 04:30:36,437:INFO: 0.1821905117437709
2018-03-12 04:30:36,437:INFO: Found better model!
2018-03-12 04:30:36,442:INFO: 

2018-03-12 04:30:36,442:INFO: Epoch 1/9
2018-03-12 04:30:36,442:INFO: ----------
2018-03-12 04:31:51,958:INFO: - Train metrics: accuracy: 0.484 ; total_accuracy: 0.934 ; loss: 0.195
2018-03-12 04:31:51,958:INFO: False positives of each disease: [777   0   0   4   3   0   0   0   0   0   0   0   0   0   0]
2018-03-12 04:31:51,959:INFO: False negatives of each disease: [1920  598  147  632 1003  226  326   81  359  249   70  153  147  212
   12]
2018-03-12 04:31:51,959:INFO: 

2018-03-12 04:31:51,959:INFO: Metric Report for the dev set
2018-03-12 04:32:09,968:INFO: - Eval metrics : accuracy: 0.000 ; total_accuracy: 0.000 ; loss: 0.209
2018-03-12 04:32:09,987:INFO: ROC AUC is :
2018-03-12 04:32:09,987:INFO: [0.6157706321976648, 0.64857572740848, 0.5710214467466376, 0.7107441775836972, 0.6075406448806481, 0.613302278047795, 0.5246028645833333, 0.4671021756678117, 0.5859434200555695, 0.6044115470022207, 0.6665915789078486, 0.5160630572662928, 0.45532760627100244, 0.5411418407057272]
2018-03-12 04:32:09,987:INFO: average ROC_AUC scores :
2018-03-12 04:32:09,987:INFO: 0.5805813569517664
2018-03-12 04:32:09,987:INFO: evaluation end! dev loss is:
2018-03-12 04:32:09,987:INFO: 0.20874863356165588
2018-03-12 04:32:09,988:INFO: 

2018-03-12 04:32:09,988:INFO: Epoch 2/9
2018-03-12 04:32:09,989:INFO: ----------
2018-03-12 04:33:25,252:INFO: - Train metrics: accuracy: 0.492 ; total_accuracy: 0.934 ; loss: 0.193
2018-03-12 04:33:25,252:INFO: False positives of each disease: [722   0   0   5   0   0   0   0   0   0   0   0   0   0   0]
2018-03-12 04:33:25,253:INFO: False negatives of each disease: [1976  598  147  630 1003  226  326   81  359  249   70  153  147  212
   12]
2018-03-12 04:33:25,253:INFO: 

2018-03-12 04:33:25,253:INFO: Metric Report for the dev set
2018-03-12 04:33:43,313:INFO: - Eval metrics : accuracy: 0.000 ; total_accuracy: 0.000 ; loss: 0.215
2018-03-12 04:33:43,332:INFO: ROC AUC is :
2018-03-12 04:33:43,332:INFO: [0.6593068964600122, 0.6668259876012488, 0.5684623773173391, 0.7459093626533583, 0.6509401337610787, 0.6238666207175197, 0.522841796875, 0.499220964502262, 0.630328927057899, 0.7225462620281273, 0.7665709297741736, 0.5656999724239361, 0.5259482995332052, 0.47973381730187536]
2018-03-12 04:33:43,332:INFO: average ROC_AUC scores :
2018-03-12 04:33:43,332:INFO: 0.6163001677147883
2018-03-12 04:33:43,332:INFO: evaluation end! dev loss is:
2018-03-12 04:33:43,333:INFO: 0.21540540600039093
2018-03-12 04:33:43,334:INFO: 

2018-03-12 04:33:43,334:INFO: Epoch 3/9
2018-03-12 04:33:43,334:INFO: ----------
2018-03-12 04:34:58,692:INFO: - Train metrics: accuracy: 0.489 ; total_accuracy: 0.937 ; loss: 0.187
2018-03-12 04:34:58,693:INFO: False positives of each disease: [742   0   0   5   0   0   0   0   0   0   0   0   0   0   0]
2018-03-12 04:34:58,693:INFO: False negatives of each disease: [1687  598  147  628 1003  226  326   81  359  249   70  153  147  212
   12]
2018-03-12 04:34:58,694:INFO: 

2018-03-12 04:34:58,694:INFO: Metric Report for the dev set
2018-03-12 04:35:16,851:INFO: - Eval metrics : accuracy: 0.000 ; total_accuracy: 0.000 ; loss: 0.177
2018-03-12 04:35:16,870:INFO: ROC AUC is :
2018-03-12 04:35:16,870:INFO: [0.6884991622117609, 0.716613308294493, 0.651690294438386, 0.7658849292992306, 0.6721853080311022, 0.6450190728571259, 0.5219596354166668, 0.51467027087909, 0.634903595183969, 0.7276609918578831, 0.7853428694787031, 0.5344700799705855, 0.582708978935394, 0.4770882429955486]
2018-03-12 04:35:16,870:INFO: average ROC_AUC scores :
2018-03-12 04:35:16,870:INFO: 0.6370497671321386
2018-03-12 04:35:16,870:INFO: evaluation end! dev loss is:
2018-03-12 04:35:16,871:INFO: 0.17687091714004055
2018-03-12 04:35:16,871:INFO: Found better model!
2018-03-12 04:35:16,876:INFO: 

2018-03-12 04:35:16,876:INFO: Epoch 4/9
2018-03-12 04:35:16,876:INFO: ----------
2018-03-12 04:36:32,182:INFO: - Train metrics: accuracy: 0.490 ; total_accuracy: 0.937 ; loss: 0.185
2018-03-12 04:36:32,183:INFO: False positives of each disease: [732   0   0   2   0   0   0   0   0   0   0   0   0   0   0]
2018-03-12 04:36:32,183:INFO: False negatives of each disease: [1636  598  147  631 1003  226  326   81  359  249   70  153  147  212
   12]
2018-03-12 04:36:32,183:INFO: 

2018-03-12 04:36:32,184:INFO: Metric Report for the dev set
2018-03-12 04:36:50,304:INFO: - Eval metrics : accuracy: 0.000 ; total_accuracy: 0.000 ; loss: 0.176
2018-03-12 04:36:50,323:INFO: ROC AUC is :
2018-03-12 04:36:50,323:INFO: [0.6933141838878694, 0.7213872799674192, 0.6878371501272265, 0.7792582917446454, 0.6765167745092708, 0.6514004586992431, 0.5481640624999999, 0.5248258902592404, 0.6558825180320507, 0.7301702442635084, 0.7877644497005876, 0.5624138248000734, 0.5926986493024229, 0.5519182671036831]
2018-03-12 04:36:50,323:INFO: average ROC_AUC scores :
2018-03-12 04:36:50,323:INFO: 0.6545394317783744
2018-03-12 04:36:50,323:INFO: evaluation end! dev loss is:
2018-03-12 04:36:50,324:INFO: 0.17560157110821456
2018-03-12 04:36:50,324:INFO: Found better model!
2018-03-12 04:36:50,329:INFO: 

2018-03-12 04:36:50,330:INFO: Epoch 5/9
2018-03-12 04:36:50,330:INFO: ----------
2018-03-12 04:38:05,824:INFO: - Train metrics: accuracy: 0.491 ; total_accuracy: 0.938 ; loss: 0.184
2018-03-12 04:38:05,825:INFO: False positives of each disease: [729   0   0   6   0   0   0   0   0   0   0   0   0   0   0]
2018-03-12 04:38:05,825:INFO: False negatives of each disease: [1586  598  147  631 1003  226  326   81  359  249   70  153  147  212
   12]
2018-03-12 04:38:05,826:INFO: 

2018-03-12 04:38:05,826:INFO: Metric Report for the dev set
2018-03-12 04:38:23,858:INFO: - Eval metrics : accuracy: 0.000 ; total_accuracy: 0.000 ; loss: 0.175
2018-03-12 04:38:23,877:INFO: ROC AUC is :
2018-03-12 04:38:23,877:INFO: [0.69438495704673, 0.7218001945789403, 0.675099963649582, 0.7913872426699937, 0.6787885378717851, 0.6560468681299093, 0.5689713541666667, 0.5215220288712433, 0.6587381774297663, 0.7342931162102146, 0.773460231645736, 0.561540582774152, 0.6275186652545144, 0.5967801645131873]
2018-03-12 04:38:23,877:INFO: average ROC_AUC scores :
2018-03-12 04:38:23,877:INFO: 0.6614522917723159
2018-03-12 04:38:23,877:INFO: evaluation end! dev loss is:
2018-03-12 04:38:23,877:INFO: 0.17531860693823545
2018-03-12 04:38:23,878:INFO: Found better model!
2018-03-12 04:38:23,883:INFO: 

2018-03-12 04:38:23,883:INFO: Epoch 6/9
2018-03-12 04:38:23,883:INFO: ----------
2018-03-12 04:39:39,444:INFO: - Train metrics: accuracy: 0.481 ; total_accuracy: 0.938 ; loss: 0.181
2018-03-12 04:39:39,445:INFO: False positives of each disease: [797   0   0   5   0   0   0   0   0   0   0   0   0   0   0]
2018-03-12 04:39:39,445:INFO: False negatives of each disease: [1479  598  147  628 1003  226  326   81  359  249   70  153  147  212
   12]
2018-03-12 04:39:39,446:INFO: 

2018-03-12 04:39:39,446:INFO: Metric Report for the dev set
2018-03-12 04:39:57,583:INFO: - Eval metrics : accuracy: 0.000 ; total_accuracy: 0.000 ; loss: 0.173
2018-03-12 04:39:57,601:INFO: ROC AUC is :
2018-03-12 04:39:57,602:INFO: [0.6954663687864039, 0.7324115344585729, 0.6911377680843329, 0.7906366968184654, 0.6757500951552389, 0.6734798160449668, 0.6056380208333334, 0.5214657130521296, 0.6670104684123376, 0.7370836417468541, 0.7807812881305025, 0.5942411986395808, 0.6419409249597928, 0.639931016424231]
2018-03-12 04:39:57,602:INFO: average ROC_AUC scores :
2018-03-12 04:39:57,602:INFO: 0.6747838965390531
2018-03-12 04:39:57,602:INFO: evaluation end! dev loss is:
2018-03-12 04:39:57,602:INFO: 0.1732208902121056
2018-03-12 04:39:57,603:INFO: Found better model!
2018-03-12 04:39:57,608:INFO: 

2018-03-12 04:39:57,609:INFO: Epoch 7/9
2018-03-12 04:39:57,609:INFO: ----------
2018-03-12 04:41:13,012:INFO: - Train metrics: accuracy: 0.487 ; total_accuracy: 0.938 ; loss: 0.180
2018-03-12 04:41:13,013:INFO: False positives of each disease: [759   0   0   6   0   0   0   0   0   0   0   0   0   0   0]
2018-03-12 04:41:13,013:INFO: False negatives of each disease: [1489  598  147  626 1003  226  326   81  359  249   70  153  147  212
   12]
2018-03-12 04:41:13,014:INFO: 

2018-03-12 04:41:13,014:INFO: Metric Report for the dev set
2018-03-12 04:41:30,903:INFO: - Eval metrics : accuracy: 0.000 ; total_accuracy: 0.000 ; loss: 0.173
2018-03-12 04:41:30,921:INFO: ROC AUC is :
2018-03-12 04:41:30,922:INFO: [0.6939461155881805, 0.7326038508529799, 0.6940312613595057, 0.7900843470576004, 0.6748039802077104, 0.6816674786990053, 0.6179231770833332, 0.5259522066415123, 0.6753809884651006, 0.7354330125832717, 0.7853428694787032, 0.603961761191286, 0.6468834582042129, 0.6500979675127088]
2018-03-12 04:41:30,922:INFO: average ROC_AUC scores :
2018-03-12 04:41:30,922:INFO: 0.6791508910660794
2018-03-12 04:41:30,922:INFO: evaluation end! dev loss is:
2018-03-12 04:41:30,922:INFO: 0.17297175671858714
2018-03-12 04:41:30,923:INFO: Found better model!
2018-03-12 04:41:30,927:INFO: 

2018-03-12 04:41:30,927:INFO: Epoch 8/9
2018-03-12 04:41:30,928:INFO: ----------
2018-03-12 04:42:46,450:INFO: - Train metrics: accuracy: 0.488 ; total_accuracy: 0.939 ; loss: 0.179
2018-03-12 04:42:46,450:INFO: False positives of each disease: [753   0   0   8   0   0   0   0   0   0   0   0   0   0   0]
2018-03-12 04:42:46,451:INFO: False negatives of each disease: [1475  598  147  619 1003  226  326   81  359  249   70  153  147  212
   12]
2018-03-12 04:42:46,451:INFO: 

2018-03-12 04:42:46,451:INFO: Metric Report for the dev set
2018-03-12 04:43:04,476:INFO: - Eval metrics : accuracy: 0.000 ; total_accuracy: 0.000 ; loss: 0.173
2018-03-12 04:43:04,494:INFO: ROC AUC is :
2018-03-12 04:43:04,495:INFO: [0.6941801643660737, 0.7342894474863116, 0.6938131588513268, 0.7931905021834063, 0.6757587950628025, 0.6891302539482597, 0.6280078124999999, 0.5213155375344934, 0.6812186017793495, 0.7350111028867506, 0.7893788365151772, 0.6115451787848147, 0.6532119928346343, 0.6589105290245687]
2018-03-12 04:43:04,495:INFO: average ROC_AUC scores :
2018-03-12 04:43:04,495:INFO: 0.682782993839855
2018-03-12 04:43:04,495:INFO: evaluation end! dev loss is:
2018-03-12 04:43:04,495:INFO: 0.1726904138997197
2018-03-12 04:43:04,496:INFO: Found better model!
2018-03-12 04:43:04,502:INFO: 

2018-03-12 04:43:04,502:INFO: Epoch 9/9
2018-03-12 04:43:04,502:INFO: ----------
2018-03-12 04:44:19,890:INFO: - Train metrics: accuracy: 0.489 ; total_accuracy: 0.938 ; loss: 0.178
2018-03-12 04:44:19,890:INFO: False positives of each disease: [745   0   0  23   0   0   0   0   0   0   0   0   0   0   0]
2018-03-12 04:44:19,890:INFO: False negatives of each disease: [1497  598  147  611 1003  226  326   81  359  249   70  153  147  212
   12]
2018-03-12 04:44:19,891:INFO: 

2018-03-12 04:44:19,891:INFO: Metric Report for the dev set
2018-03-12 04:44:37,777:INFO: - Eval metrics : accuracy: 0.000 ; total_accuracy: 0.000 ; loss: 0.172
2018-03-12 04:44:37,790:INFO: ROC AUC is :
2018-03-12 04:44:37,790:INFO: [0.6947998616984494, 0.7350502285171275, 0.6944383860414395, 0.7935576523185693, 0.6763460388233375, 0.691982269967083, 0.6338736979166667, 0.5215032569315388, 0.6827902669024164, 0.7345003700962249, 0.7896416436710405, 0.615267947421638, 0.6478771950470064, 0.6613123132071042]
2018-03-12 04:44:37,790:INFO: average ROC_AUC scores :
2018-03-12 04:44:37,790:INFO: 0.6837815091828316
2018-03-12 04:44:37,790:INFO: evaluation end! dev loss is:
2018-03-12 04:44:37,790:INFO: 0.17244912402704357
2018-03-12 04:44:37,791:INFO: Found better model!
2018-03-12 04:44:37,793:INFO: 

2018-03-12 04:44:37,793:INFO: Best eval loss: 0.172449
2018-03-12 04:44:37,794:INFO: Training complete in 15m 35s
