2018-03-11 07:17:51,537:INFO: Loading the datasets...
2018-03-11 07:17:55,949:INFO: Names of 14 diseases:
2018-03-11 07:17:55,953:INFO: Epoch 0/9
2018-03-11 07:17:55,953:INFO: ----------
2018-03-11 07:19:12,454:INFO: - Train metrics: accuracy: 0.458 ; total_accuracy: 0.925 ; loss: 2.733
2018-03-11 07:19:12,455:INFO: False positives of each disease: [586 112   1  73 492  14  40   8  43  14   0  11   8  11   6]
2018-03-11 07:19:12,455:INFO: False negatives of each disease: [2392  589  147  624  921  225  324   81  358  249   70  153  147  211
   12]
2018-03-11 07:19:12,456:INFO: 

2018-03-11 07:19:12,456:INFO: Metric Report for the dev set
2018-03-11 07:19:36,050:INFO: - Eval metrics : accuracy: 0.000 ; total_accuracy: 0.000 ; loss: 0.149
2018-03-11 07:19:36,068:INFO: ROC AUC is :
2018-03-11 07:19:36,068:INFO: [0.5914790286975717, 0.48962057106656415, 0.5114067611777535, 0.5153666952588896, 0.6137599913000925, 0.4287649582298487, 0.59376953125, 0.5390737924949784, 0.4609539445988044, 0.5686528497409327, 0.6922340485442361, 0.5618623035205441, 0.46229683965533014, 0.4269035945499363]
2018-03-11 07:19:36,068:INFO: average ROC_AUC scores :
2018-03-11 07:19:36,068:INFO: 0.5325817792918203
2018-03-11 07:19:36,068:INFO: evaluation end! dev loss is:
2018-03-11 07:19:36,068:INFO: 0.14871937146503478
2018-03-11 07:19:36,069:INFO: Found better model!
2018-03-11 07:19:36,074:INFO: 

2018-03-11 07:19:36,074:INFO: Epoch 1/9
2018-03-11 07:19:36,075:INFO: ----------
2018-03-11 07:20:51,992:INFO: - Train metrics: accuracy: 0.540 ; total_accuracy: 0.931 ; loss: 2.549
2018-03-11 07:20:51,993:INFO: False positives of each disease: [358   6   0   0  48   3   0   0   6   0   0   0   0   3   0]
2018-03-11 07:20:51,993:INFO: False negatives of each disease: [2563  598  147  633  997  226  326   81  358  249   70  153  147  212
   12]
2018-03-11 07:20:51,994:INFO: 

2018-03-11 07:20:51,994:INFO: Metric Report for the dev set
2018-03-11 07:21:15,466:INFO: - Eval metrics : accuracy: 0.000 ; total_accuracy: 0.000 ; loss: 0.149
2018-03-11 07:21:15,485:INFO: ROC AUC is :
2018-03-11 07:21:15,485:INFO: [0.5591590201867072, 0.5522732929091814, 0.4391857506361323, 0.565481064150551, 0.5672742102115165, 0.561235160604152, 0.5837532552083333, 0.5081470218317659, 0.4516923465521596, 0.5633826794966691, 0.708603179966586, 0.5433403805496829, 0.5760797081551797, 0.545986040758097]
2018-03-11 07:21:15,485:INFO: average ROC_AUC scores :
2018-03-11 07:21:15,485:INFO: 0.5518280793726225
2018-03-11 07:21:15,485:INFO: evaluation end! dev loss is:
2018-03-11 07:21:15,485:INFO: 0.14850081973150372
2018-03-11 07:21:15,487:INFO: Found better model!
2018-03-11 07:21:15,491:INFO: 

2018-03-11 07:21:15,491:INFO: Epoch 2/9
2018-03-11 07:21:15,491:INFO: ----------
2018-03-11 07:22:31,464:INFO: - Train metrics: accuracy: 0.538 ; total_accuracy: 0.932 ; loss: 2.528
2018-03-11 07:22:31,465:INFO: False positives of each disease: [388   0   0   0  38   0   3   0   0   0   0   0   3   0   0]
2018-03-11 07:22:31,465:INFO: False negatives of each disease: [2482  598  147  633  993  226  326   81  359  249   70  153  147  212
   12]
2018-03-11 07:22:31,466:INFO: 

2018-03-11 07:22:31,466:INFO: Metric Report for the dev set
2018-03-11 07:22:54,864:INFO: - Eval metrics : accuracy: 0.000 ; total_accuracy: 0.000 ; loss: 0.164
2018-03-11 07:22:54,882:INFO: ROC AUC is :
2018-03-11 07:22:54,882:INFO: [0.6071384877257374, 0.6146743065297073, 0.5545474372955289, 0.6001085204824288, 0.6269436137241042, 0.6356193033950874, 0.4819856770833333, 0.4969495597980139, 0.43110633998484466, 0.6461287934863065, 0.7453774098477596, 0.3786653185035389, 0.5763150668811047, 0.4588130129750521]
2018-03-11 07:22:54,882:INFO: average ROC_AUC scores :
2018-03-11 07:22:54,883:INFO: 0.5610266319794677
2018-03-11 07:22:54,883:INFO: evaluation end! dev loss is:
2018-03-11 07:22:54,883:INFO: 0.163965654237516
2018-03-11 07:22:54,884:INFO: 

2018-03-11 07:22:54,884:INFO: Epoch 3/9
2018-03-11 07:22:54,884:INFO: ----------
2018-03-11 07:24:10,951:INFO: - Train metrics: accuracy: 0.495 ; total_accuracy: 0.934 ; loss: 2.470
2018-03-11 07:24:10,952:INFO: False positives of each disease: [701   0   0   0  19   0   0   0   0   0   0   0   0   0   0]
2018-03-11 07:24:10,952:INFO: False negatives of each disease: [1972  598  147  633  991  226  326   81  359  249   70  153  147  212
   12]
2018-03-11 07:24:10,952:INFO: 

2018-03-11 07:24:10,953:INFO: Metric Report for the dev set
2018-03-11 07:24:34,209:INFO: - Eval metrics : accuracy: 0.000 ; total_accuracy: 0.000 ; loss: 0.145
2018-03-11 07:24:34,227:INFO: ROC AUC is :
2018-03-11 07:24:34,228:INFO: [0.622320274475385, 0.6339116023349473, 0.5838894947291894, 0.6430293460178832, 0.6518035995867544, 0.5054366555358819, 0.5605794270833333, 0.5301008053162133, 0.48921585136538404, 0.6470762398223538, 0.7728219856957819, 0.4532126114532586, 0.5741968383477818, 0.5681754566550189]
2018-03-11 07:24:34,228:INFO: average ROC_AUC scores :
2018-03-11 07:24:34,228:INFO: 0.5882692991727977
2018-03-11 07:24:34,228:INFO: evaluation end! dev loss is:
2018-03-11 07:24:34,228:INFO: 0.1445824871752411
2018-03-11 07:24:34,229:INFO: Found better model!
2018-03-11 07:24:34,234:INFO: 

2018-03-11 07:24:34,234:INFO: Epoch 4/9
2018-03-11 07:24:34,234:INFO: ----------
2018-03-11 07:25:50,371:INFO: - Train metrics: accuracy: 0.501 ; total_accuracy: 0.935 ; loss: 2.456
2018-03-11 07:25:50,372:INFO: False positives of each disease: [666   0   0   0  37   0   0   0   0   0   0   0   0   0   0]
2018-03-11 07:25:50,372:INFO: False negatives of each disease: [1959  598  147  633  984  226  326   81  359  249   70  153  147  212
   12]
2018-03-11 07:25:50,372:INFO: 

2018-03-11 07:25:50,372:INFO: Metric Report for the dev set
2018-03-11 07:26:13,739:INFO: - Eval metrics : accuracy: 0.000 ; total_accuracy: 0.000 ; loss: 0.145
2018-03-11 07:26:13,758:INFO: ROC AUC is :
2018-03-11 07:26:13,758:INFO: [0.6275810526875715, 0.6498059866962306, 0.649233006179571, 0.6581214909544605, 0.6524887173073787, 0.5885729224845813, 0.5746940104166667, 0.5289932608736461, 0.49952990373551126, 0.6616506291635826, 0.7944284882956956, 0.5231409136869197, 0.5855986610703592, 0.5782701736327438]
2018-03-11 07:26:13,758:INFO: average ROC_AUC scores :
2018-03-11 07:26:13,759:INFO: 0.6122935155132084
2018-03-11 07:26:13,759:INFO: evaluation end! dev loss is:
2018-03-11 07:26:13,759:INFO: 0.14503446000255643
2018-03-11 07:26:13,760:INFO: 

2018-03-11 07:26:13,760:INFO: Epoch 5/9
2018-03-11 07:26:13,760:INFO: ----------
2018-03-11 07:27:30,040:INFO: - Train metrics: accuracy: 0.499 ; total_accuracy: 0.935 ; loss: 2.450
2018-03-11 07:27:30,040:INFO: False positives of each disease: [677   0   0   0  34   0   0   0   0   0   0   0   0   0   0]
2018-03-11 07:27:30,041:INFO: False negatives of each disease: [1922  598  147  633  983  226  326   81  359  249   70  153  147  212
   12]
2018-03-11 07:27:30,041:INFO: 

2018-03-11 07:27:30,041:INFO: Metric Report for the dev set
2018-03-11 07:27:53,503:INFO: - Eval metrics : accuracy: 0.000 ; total_accuracy: 0.000 ; loss: 0.144
2018-03-11 07:27:53,522:INFO: ROC AUC is :
2018-03-11 07:27:53,523:INFO: [0.6360786191122104, 0.6703668718041541, 0.6615776081424937, 0.6877436837180286, 0.6585221032026535, 0.6128031752445009, 0.5877799479166667, 0.5290683486324642, 0.5044764390558784, 0.6587934863064396, 0.8093334084210921, 0.5447881239084474, 0.565370886125603, 0.5808254553006293]
2018-03-11 07:27:53,523:INFO: average ROC_AUC scores :
2018-03-11 07:27:53,523:INFO: 0.6219662969208045
2018-03-11 07:27:53,523:INFO: evaluation end! dev loss is:
2018-03-11 07:27:53,523:INFO: 0.14422332484275102
2018-03-11 07:27:53,525:INFO: Found better model!
2018-03-11 07:27:53,529:INFO: 

2018-03-11 07:27:53,529:INFO: Epoch 6/9
2018-03-11 07:27:53,529:INFO: ----------
2018-03-11 07:29:09,727:INFO: - Train metrics: accuracy: 0.498 ; total_accuracy: 0.935 ; loss: 2.431
2018-03-11 07:29:09,727:INFO: False positives of each disease: [684   0   0   0  36   0   0   0   0   0   0   0   0   0   0]
2018-03-11 07:29:09,727:INFO: False negatives of each disease: [1882  598  147  633  981  226  326   81  359  249   70  153  147  212
   12]
2018-03-11 07:29:09,728:INFO: 

2018-03-11 07:29:09,728:INFO: Metric Report for the dev set
2018-03-11 07:29:33,513:INFO: - Eval metrics : accuracy: 0.000 ; total_accuracy: 0.000 ; loss: 0.143
2018-03-11 07:29:33,531:INFO: ROC AUC is :
2018-03-11 07:29:33,531:INFO: [0.639657437697811, 0.6631521788316214, 0.6882733551435841, 0.7027870919110002, 0.6532847588494373, 0.5665410987391712, 0.5832682291666667, 0.5022244748549868, 0.5253080182986726, 0.6761065877128054, 0.8178934129263576, 0.5324248552256642, 0.5650570744910368, 0.5770421937499435]
2018-03-11 07:29:33,531:INFO: average ROC_AUC scores :
2018-03-11 07:29:33,531:INFO: 0.6209300548284827
2018-03-11 07:29:33,532:INFO: evaluation end! dev loss is:
2018-03-11 07:29:33,532:INFO: 0.14310723325563596
2018-03-11 07:29:33,533:INFO: Found better model!
2018-03-11 07:29:33,537:INFO: 

2018-03-11 07:29:33,537:INFO: Epoch 7/9
2018-03-11 07:29:33,537:INFO: ----------
2018-03-11 07:30:49,729:INFO: - Train metrics: accuracy: 0.502 ; total_accuracy: 0.935 ; loss: 2.425
2018-03-11 07:30:49,730:INFO: False positives of each disease: [662   0   0   0  49   0   0   0   0   0   0   0   0   0   0]
2018-03-11 07:30:49,730:INFO: False negatives of each disease: [1901  598  147  633  977  226  326   81  359  249   70  153  147  212
   12]
2018-03-11 07:30:49,730:INFO: 

2018-03-11 07:30:49,730:INFO: Metric Report for the dev set
2018-03-11 07:31:13,474:INFO: - Eval metrics : accuracy: 0.000 ; total_accuracy: 0.000 ; loss: 0.143
2018-03-11 07:31:13,493:INFO: ROC AUC is :
2018-03-11 07:31:13,493:INFO: [0.6409978988802894, 0.655897891307299, 0.7116830243547801, 0.7008181274693284, 0.6508335598934261, 0.5603617306983875, 0.5802604166666666, 0.5049839499915526, 0.5347380090370745, 0.6787860843819393, 0.8264909613110323, 0.5477065906792904, 0.5763935197897462, 0.583001507887062]
2018-03-11 07:31:13,493:INFO: average ROC_AUC scores :
2018-03-11 07:31:13,493:INFO: 0.6252109480248481
2018-03-11 07:31:13,494:INFO: evaluation end! dev loss is:
2018-03-11 07:31:13,494:INFO: 0.14300054593523964
2018-03-11 07:31:13,495:INFO: Found better model!
2018-03-11 07:31:13,499:INFO: 

2018-03-11 07:31:13,499:INFO: Epoch 8/9
2018-03-11 07:31:13,499:INFO: ----------
2018-03-11 07:32:29,742:INFO: - Train metrics: accuracy: 0.501 ; total_accuracy: 0.935 ; loss: 2.416
2018-03-11 07:32:29,743:INFO: False positives of each disease: [673   0   0   3  64   0   0   0   0   0   0   0   0   0   0]
2018-03-11 07:32:29,743:INFO: False negatives of each disease: [1894  598  147  629  971  226  326   81  359  249   70  153  147  212
   12]
2018-03-11 07:32:29,743:INFO: 

2018-03-11 07:32:29,744:INFO: Metric Report for the dev set
2018-03-11 07:32:53,145:INFO: - Eval metrics : accuracy: 0.000 ; total_accuracy: 0.000 ; loss: 0.143
2018-03-11 07:32:53,163:INFO: ROC AUC is :
2018-03-11 07:32:53,163:INFO: [0.6425075134976994, 0.6562712113670303, 0.7187931661214104, 0.7047170669577875, 0.6482083627861455, 0.5778422122137586, 0.5738020833333333, 0.4999718420904432, 0.5358465942578092, 0.6762398223538121, 0.8242758724258977, 0.6039158010846585, 0.5947253494423306, 0.5864416574116712]
2018-03-11 07:32:53,163:INFO: average ROC_AUC scores :
2018-03-11 07:32:53,164:INFO: 0.6316827539531278
2018-03-11 07:32:53,164:INFO: evaluation end! dev loss is:
2018-03-11 07:32:53,164:INFO: 0.14285776192508637
2018-03-11 07:32:53,165:INFO: Found better model!
2018-03-11 07:32:53,170:INFO: 

2018-03-11 07:32:53,170:INFO: Epoch 9/9
2018-03-11 07:32:53,170:INFO: ----------
2018-03-11 07:34:09,373:INFO: - Train metrics: accuracy: 0.499 ; total_accuracy: 0.935 ; loss: 2.412
2018-03-11 07:34:09,374:INFO: False positives of each disease: [677   0   0  18  78   0   0   0   0   0   0   0   0   0   0]
2018-03-11 07:34:09,374:INFO: False negatives of each disease: [1877  598  147  617  976  226  326   81  359  249   70  153  147  212
   12]
2018-03-11 07:34:09,374:INFO: 

2018-03-11 07:34:09,375:INFO: Metric Report for the dev set
2018-03-11 07:34:32,770:INFO: - Eval metrics : accuracy: 0.000 ; total_accuracy: 0.000 ; loss: 0.143
2018-03-11 07:34:32,788:INFO: ROC AUC is :
2018-03-11 07:34:32,788:INFO: [0.644817149392271, 0.6563532286528803, 0.7271973827699019, 0.7082326107298815, 0.648501984666413, 0.5726135161792492, 0.5722330729166667, 0.5032193876593267, 0.5398389043248856, 0.6765877128053294, 0.8261530663963508, 0.6167156907804026, 0.5919533466703277, 0.5883468320827803]
2018-03-11 07:34:32,789:INFO: average ROC_AUC scores :
2018-03-11 07:34:32,789:INFO: 0.6337688490019049
2018-03-11 07:34:32,789:INFO: evaluation end! dev loss is:
2018-03-11 07:34:32,789:INFO: 0.14272993261087685
2018-03-11 07:34:32,790:INFO: Found better model!
2018-03-11 07:34:32,795:INFO: 

2018-03-11 07:34:32,795:INFO: Best eval loss: 0.142730
2018-03-11 07:34:32,795:INFO: Training complete in 16m 37s
