2018-03-12 05:12:42,358:INFO: Loading the datasets...
2018-03-12 05:12:46,830:INFO: Names of 14 diseases:
2018-03-12 05:12:46,834:INFO: Epoch 0/9
2018-03-12 05:12:46,834:INFO: ----------
2018-03-12 05:14:00,758:INFO: - Train metrics: accuracy: 0.483 ; total_accuracy: 0.930 ; loss: 0.213
2018-03-12 05:14:00,758:INFO: False positives of each disease: [778  12   2   4  23   5  11   6   4   7   0   3   1   0   7]
2018-03-12 05:14:00,759:INFO: False negatives of each disease: [2277  597  147  633  999  226  324   81  359  249   70  153  147  212
   12]
2018-03-12 05:14:00,759:INFO: 

2018-03-12 05:14:00,759:INFO: Metric Report for the dev set
2018-03-12 05:14:18,764:INFO: - Eval metrics : accuracy: 0.000 ; total_accuracy: 0.000 ; loss: 0.188
2018-03-12 05:14:18,783:INFO: ROC AUC is :
2018-03-12 05:14:18,783:INFO: [0.5669794409425782, 0.5080716322005521, 0.5442239185750636, 0.5609647925764192, 0.5581664944809961, 0.5809081294339937, 0.43336588541666665, 0.5664808244635918, 0.5667887513681906, 0.6003811991117691, 0.5459255504871318, 0.45318963139994484, 0.5006080100419722, 0.4340367129867902]
2018-03-12 05:14:18,783:INFO: average ROC_AUC scores :
2018-03-12 05:14:18,783:INFO: 0.5300064981061186
2018-03-12 05:14:18,783:INFO: evaluation end! dev loss is:
2018-03-12 05:14:18,784:INFO: 0.18802449091896414
2018-03-12 05:14:18,784:INFO: Found better model!
2018-03-12 05:14:18,789:INFO: 

2018-03-12 05:14:18,790:INFO: Epoch 1/9
2018-03-12 05:14:18,790:INFO: ----------
2018-03-12 05:15:34,257:INFO: - Train metrics: accuracy: 0.543 ; total_accuracy: 0.932 ; loss: 0.200
2018-03-12 05:15:34,258:INFO: False positives of each disease: [362   0   0   0   0   0   0   0   0   0   0   0   0   0   0]
2018-03-12 05:15:34,258:INFO: False negatives of each disease: [2549  598  147  633 1003  226  326   81  359  249   70  153  147  212
   12]
2018-03-12 05:15:34,259:INFO: 

2018-03-12 05:15:34,259:INFO: Metric Report for the dev set
2018-03-12 05:15:52,231:INFO: - Eval metrics : accuracy: 0.000 ; total_accuracy: 0.000 ; loss: 0.188
2018-03-12 05:15:52,252:INFO: ROC AUC is :
2018-03-12 05:15:52,252:INFO: [0.5778233463655948, 0.5764061722249876, 0.501504907306434, 0.5072325327510917, 0.5889946169321951, 0.525786978170194, 0.4629752604166667, 0.527960804189897, 0.5060586287221802, 0.5646262028127313, 0.661147716393535, 0.4021509329901646, 0.4980713659958943, 0.42322868416537995]
2018-03-12 05:15:52,252:INFO: average ROC_AUC scores :
2018-03-12 05:15:52,253:INFO: 0.5231405821026391
2018-03-12 05:15:52,253:INFO: evaluation end! dev loss is:
2018-03-12 05:15:52,253:INFO: 0.1875242132432759
2018-03-12 05:15:52,254:INFO: Found better model!
2018-03-12 05:15:52,258:INFO: 

2018-03-12 05:15:52,258:INFO: Epoch 2/9
2018-03-12 05:15:52,258:INFO: ----------
2018-03-12 05:17:06,907:INFO: - Train metrics: accuracy: 0.541 ; total_accuracy: 0.932 ; loss: 0.198
2018-03-12 05:17:06,907:INFO: False positives of each disease: [373   0   0   0   0   0   0   0   0   0   0   0   0   0   0]
2018-03-12 05:17:06,907:INFO: False negatives of each disease: [2505  598  147  633 1003  226  326   81  359  249   70  153  147  212
   12]
2018-03-12 05:17:06,908:INFO: 

2018-03-12 05:17:06,908:INFO: Metric Report for the dev set
2018-03-12 05:17:24,944:INFO: - Eval metrics : accuracy: 0.000 ; total_accuracy: 0.000 ; loss: 0.216
2018-03-12 05:17:24,962:INFO: ROC AUC is :
2018-03-12 05:17:24,962:INFO: [0.5532726934226975, 0.5154701570206797, 0.5792366412213741, 0.5985781867332086, 0.5854537545538578, 0.574930779194543, 0.43259114583333336, 0.5071802669369826, 0.5520193090286548, 0.5909844559585493, 0.6147810253233467, 0.48513190550602076, 0.4952470612847971, 0.44780634034907135]
2018-03-12 05:17:24,962:INFO: average ROC_AUC scores :
2018-03-12 05:17:24,962:INFO: 0.5380488373119369
2018-03-12 05:17:24,963:INFO: evaluation end! dev loss is:
2018-03-12 05:17:24,963:INFO: 0.21552587181469426
2018-03-12 05:17:24,964:INFO: 

2018-03-12 05:17:24,964:INFO: Epoch 3/9
2018-03-12 05:17:24,964:INFO: ----------
2018-03-12 05:18:39,128:INFO: - Train metrics: accuracy: 0.524 ; total_accuracy: 0.934 ; loss: 0.192
2018-03-12 05:18:39,128:INFO: False positives of each disease: [494   0   0   0   0   0   0   0   0   0   0   0   0   0   0]
2018-03-12 05:18:39,129:INFO: False negatives of each disease: [2190  598  147  633 1003  226  326   81  359  249   70  153  147  212
   12]
2018-03-12 05:18:39,129:INFO: 

2018-03-12 05:18:39,129:INFO: Metric Report for the dev set
2018-03-12 05:18:57,195:INFO: - Eval metrics : accuracy: 0.000 ; total_accuracy: 0.000 ; loss: 0.183
2018-03-12 05:18:57,213:INFO: ROC AUC is :
2018-03-12 05:18:57,213:INFO: [0.6167515093486529, 0.5946394633241323, 0.6198909487459106, 0.6581409856519027, 0.6453917677124681, 0.6799681524877899, 0.49666666666666665, 0.5148016744570216, 0.558256854985827, 0.6562102146558105, 0.7862814664639297, 0.5099273830315287, 0.6662613266386851, 0.5942068243176133]
2018-03-12 05:18:57,213:INFO: average ROC_AUC scores :
2018-03-12 05:18:57,214:INFO: 0.6140996598919956
2018-03-12 05:18:57,214:INFO: evaluation end! dev loss is:
2018-03-12 05:18:57,214:INFO: 0.1825300980117172
2018-03-12 05:18:57,215:INFO: Found better model!
2018-03-12 05:18:57,219:INFO: 

2018-03-12 05:18:57,219:INFO: Epoch 4/9
2018-03-12 05:18:57,220:INFO: ----------
2018-03-12 05:20:11,423:INFO: - Train metrics: accuracy: 0.502 ; total_accuracy: 0.935 ; loss: 0.190
2018-03-12 05:20:11,424:INFO: False positives of each disease: [650   0   0   0   0   0   0   0   0   0   0   0   0   0   0]
2018-03-12 05:20:11,424:INFO: False negatives of each disease: [1948  598  147  633 1003  226  326   81  359  249   70  153  147  212
   12]
2018-03-12 05:20:11,425:INFO: 

2018-03-12 05:20:11,425:INFO: Metric Report for the dev set
2018-03-12 05:20:29,535:INFO: - Eval metrics : accuracy: 0.000 ; total_accuracy: 0.000 ; loss: 0.183
2018-03-12 05:20:29,554:INFO: ROC AUC is :
2018-03-12 05:20:29,554:INFO: [0.6239910635921168, 0.6182491289198605, 0.6410905125408942, 0.6721804169265958, 0.6507074112337556, 0.6757614288600253, 0.4854915364583333, 0.5194571155037451, 0.5584673458505233, 0.6685159141376759, 0.7845732199508175, 0.49928761834727453, 0.6630186064148328, 0.5804552554830205]
2018-03-12 05:20:29,554:INFO: average ROC_AUC scores :
2018-03-12 05:20:29,554:INFO: 0.6172318981585336
2018-03-12 05:20:29,555:INFO: evaluation end! dev loss is:
2018-03-12 05:20:29,555:INFO: 0.1825529455160722
2018-03-12 05:20:29,555:INFO: 

2018-03-12 05:20:29,556:INFO: Epoch 5/9
2018-03-12 05:20:29,556:INFO: ----------
2018-03-12 05:21:43,643:INFO: - Train metrics: accuracy: 0.498 ; total_accuracy: 0.935 ; loss: 0.190
2018-03-12 05:21:43,644:INFO: False positives of each disease: [679   0   0   0   0   0   0   0   0   0   0   0   0   0   0]
2018-03-12 05:21:43,644:INFO: False negatives of each disease: [1892  598  147  633 1003  226  326   81  359  249   70  153  147  212
   12]
2018-03-12 05:21:43,644:INFO: 

2018-03-12 05:21:43,645:INFO: Metric Report for the dev set
2018-03-12 05:22:01,730:INFO: - Eval metrics : accuracy: 0.000 ; total_accuracy: 0.000 ; loss: 0.181
2018-03-12 05:22:01,748:INFO: ROC AUC is :
2018-03-12 05:22:01,748:INFO: [0.6339455836591399, 0.6359959726684465, 0.6542202835332607, 0.6739836764400083, 0.6534674569082703, 0.6681441694097514, 0.4876953125, 0.5318841395881435, 0.5551486065504757, 0.6754774241302739, 0.8030823524994837, 0.5022060851181174, 0.7000483792936623, 0.5835432637177091]
2018-03-12 05:22:01,748:INFO: average ROC_AUC scores :
2018-03-12 05:22:01,749:INFO: 0.6256316218583388
2018-03-12 05:22:01,749:INFO: evaluation end! dev loss is:
2018-03-12 05:22:01,749:INFO: 0.18111860464792698
2018-03-12 05:22:01,750:INFO: Found better model!
2018-03-12 05:22:01,754:INFO: 

2018-03-12 05:22:01,754:INFO: Epoch 6/9
2018-03-12 05:22:01,754:INFO: ----------
2018-03-12 05:23:15,750:INFO: - Train metrics: accuracy: 0.494 ; total_accuracy: 0.935 ; loss: 0.189
2018-03-12 05:23:15,751:INFO: False positives of each disease: [703   0   0   0   0   0   0   0   0   0   0   0   0   0   0]
2018-03-12 05:23:15,751:INFO: False negatives of each disease: [1854  598  147  633 1003  226  326   81  359  249   70  153  147  212
   12]
2018-03-12 05:23:15,751:INFO: 

2018-03-12 05:23:15,752:INFO: Metric Report for the dev set
2018-03-12 05:23:33,848:INFO: - Eval metrics : accuracy: 0.000 ; total_accuracy: 0.000 ; loss: 0.180
2018-03-12 05:23:33,868:INFO: ROC AUC is :
2018-03-12 05:23:33,868:INFO: [0.6422266549642277, 0.634352798769175, 0.6782115594329334, 0.6789190840091495, 0.6522755695720733, 0.6848403465199463, 0.49867838541666665, 0.5375720373186161, 0.5649995790182706, 0.6788897113249446, 0.8153592010662462, 0.48508594539939337, 0.698400868212189, 0.5856019358741682]
2018-03-12 05:23:33,868:INFO: average ROC_AUC scores :
2018-03-12 05:23:33,868:INFO: 0.6311009769212858
2018-03-12 05:23:33,868:INFO: evaluation end! dev loss is:
2018-03-12 05:23:33,869:INFO: 0.1802346939072013
2018-03-12 05:23:33,869:INFO: Found better model!
2018-03-12 05:23:33,874:INFO: 

2018-03-12 05:23:33,874:INFO: Epoch 7/9
2018-03-12 05:23:33,874:INFO: ----------
2018-03-12 05:24:47,778:INFO: - Train metrics: accuracy: 0.494 ; total_accuracy: 0.936 ; loss: 0.188
2018-03-12 05:24:47,778:INFO: False positives of each disease: [705   0   0   0   0   0   0   0   0   0   0   0   0   0   0]
2018-03-12 05:24:47,779:INFO: False negatives of each disease: [1815  598  147  633 1003  226  326   81  359  249   70  153  147  212
   12]
2018-03-12 05:24:47,779:INFO: 

2018-03-12 05:24:47,779:INFO: Metric Report for the dev set
2018-03-12 05:25:05,813:INFO: - Eval metrics : accuracy: 0.000 ; total_accuracy: 0.000 ; loss: 0.180
2018-03-12 05:25:05,831:INFO: ROC AUC is :
2018-03-12 05:25:05,832:INFO: [0.6436639272321072, 0.6364173718267796, 0.6822246455834242, 0.6815703628613018, 0.6529682997118156, 0.6856127675250443, 0.50150390625, 0.5356385275290496, 0.5645435154780949, 0.6803700962250184, 0.8148711306339285, 0.4929910837393142, 0.6961780358006774, 0.5895116071186717]
2018-03-12 05:25:05,832:INFO: average ROC_AUC scores :
2018-03-12 05:25:05,832:INFO: 0.6327189483939447
2018-03-12 05:25:05,832:INFO: evaluation end! dev loss is:
2018-03-12 05:25:05,832:INFO: 0.1800284535791725
2018-03-12 05:25:05,833:INFO: Found better model!
2018-03-12 05:25:05,838:INFO: 

2018-03-12 05:25:05,838:INFO: Epoch 8/9
2018-03-12 05:25:05,838:INFO: ----------
2018-03-12 05:26:19,707:INFO: - Train metrics: accuracy: 0.495 ; total_accuracy: 0.936 ; loss: 0.188
2018-03-12 05:26:19,707:INFO: False positives of each disease: [697   0   0   0   0   0   0   0   0   0   0   0   0   0   0]
2018-03-12 05:26:19,708:INFO: False negatives of each disease: [1825  598  147  633 1003  226  326   81  359  249   70  153  147  212
   12]
2018-03-12 05:26:19,708:INFO: 

2018-03-12 05:26:19,708:INFO: Metric Report for the dev set
2018-03-12 05:26:37,759:INFO: - Eval metrics : accuracy: 0.000 ; total_accuracy: 0.000 ; loss: 0.180
2018-03-12 05:26:37,777:INFO: ROC AUC is :
2018-03-12 05:26:37,777:INFO: [0.6444628846511875, 0.639067378614417, 0.6826172300981461, 0.6830779527968391, 0.6534826817465065, 0.6815724114983779, 0.4992252604166667, 0.5347187024835276, 0.5638453874435183, 0.6809770540340488, 0.8150776219706782, 0.49287618347274564, 0.6936675427241464, 0.5851685312096504]
2018-03-12 05:26:37,777:INFO: average ROC_AUC scores :
2018-03-12 05:26:37,777:INFO: 0.6321312016543182
2018-03-12 05:26:37,777:INFO: evaluation end! dev loss is:
2018-03-12 05:26:37,778:INFO: 0.1799001918323338
2018-03-12 05:26:37,778:INFO: Found better model!
2018-03-12 05:26:37,784:INFO: 

2018-03-12 05:26:37,784:INFO: Epoch 9/9
2018-03-12 05:26:37,784:INFO: ----------
2018-03-12 05:27:51,637:INFO: - Train metrics: accuracy: 0.496 ; total_accuracy: 0.936 ; loss: 0.188
2018-03-12 05:27:51,637:INFO: False positives of each disease: [690   0   0   0   0   0   0   0   0   0   0   0   0   0   0]
2018-03-12 05:27:51,637:INFO: False negatives of each disease: [1799  598  147  633 1003  226  326   81  359  249   70  153  147  212
   12]
2018-03-12 05:27:51,638:INFO: 

2018-03-12 05:27:51,638:INFO: Metric Report for the dev set
2018-03-12 05:28:09,690:INFO: - Eval metrics : accuracy: 0.000 ; total_accuracy: 0.000 ; loss: 0.180
2018-03-12 05:28:09,710:INFO: ROC AUC is :
2018-03-12 05:28:09,710:INFO: [0.6460389903986807, 0.642251911851215, 0.6886077789894584, 0.6863433146184239, 0.6532782339187646, 0.6842342931159463, 0.50591796875, 0.5366897561525033, 0.5659678369958744, 0.6814655810510732, 0.81400762140752, 0.4930830039525692, 0.6955504125315446, 0.5912000794575217]
2018-03-12 05:28:09,710:INFO: average ROC_AUC scores :
2018-03-12 05:28:09,710:INFO: 0.6346169130850782
2018-03-12 05:28:09,711:INFO: evaluation end! dev loss is:
2018-03-12 05:28:09,711:INFO: 0.1797784107895568
2018-03-12 05:28:09,711:INFO: Found better model!
2018-03-12 05:28:09,716:INFO: 

2018-03-12 05:28:09,716:INFO: Best eval loss: 0.179778
2018-03-12 05:28:09,717:INFO: Training complete in 15m 23s
