2018-03-12 04:12:28,899:INFO: Loading the datasets...
2018-03-12 04:12:34,643:INFO: Names of 14 diseases:
2018-03-12 04:12:34,651:INFO: Epoch 0/9
2018-03-12 04:12:34,651:INFO: ----------
2018-03-12 04:13:50,308:INFO: - Train metrics: accuracy: 0.469 ; total_accuracy: 0.934 ; loss: 0.203
2018-03-12 04:13:50,309:INFO: False positives of each disease: [868  27   0  30  64  14 102  36  10  41   0  11   4   0  27]
2018-03-12 04:13:50,309:INFO: False negatives of each disease: [1556  596  147  599  984  224  314   80  358  249   70  151  147  212
   12]
2018-03-12 04:13:50,309:INFO: 

2018-03-12 04:13:50,309:INFO: Metric Report for the dev set
2018-03-12 04:14:08,053:INFO: - Eval metrics : accuracy: 0.000 ; total_accuracy: 0.000 ; loss: 0.171
2018-03-12 04:14:08,071:INFO: ROC AUC is :
2018-03-12 04:14:08,072:INFO: [0.7113284927790634, 0.7609846599393637, 0.7561904761904762, 0.8333203368683717, 0.6897656462400087, 0.788831980606291, 0.6482486979166666, 0.5158153592010661, 0.7235763801184362, 0.7378238341968912, 0.8631713314936832, 0.7002022244691607, 0.6606257927012643, 0.7050771550595479]
2018-03-12 04:14:08,072:INFO: average ROC_AUC scores :
2018-03-12 04:14:08,072:INFO: 0.7210687405557351
2018-03-12 04:14:08,072:INFO: evaluation end! dev loss is:
2018-03-12 04:14:08,072:INFO: 0.1714284433166031
2018-03-12 04:14:08,073:INFO: Found better model!
2018-03-12 04:14:08,078:INFO: 

2018-03-12 04:14:08,078:INFO: Epoch 1/9
2018-03-12 04:14:08,078:INFO: ----------
2018-03-12 04:15:23,301:INFO: - Train metrics: accuracy: 0.489 ; total_accuracy: 0.939 ; loss: 0.170
2018-03-12 04:15:23,302:INFO: False positives of each disease: [794  14   1  72  48   0   0   0   1   0   0   0   0   0   0]
2018-03-12 04:15:23,302:INFO: False negatives of each disease: [1382  581  142  527  966  226  323   81  359  249   70  153  147  212
   12]
2018-03-12 04:15:23,302:INFO: 

2018-03-12 04:15:23,303:INFO: Metric Report for the dev set
2018-03-12 04:15:41,275:INFO: - Eval metrics : accuracy: 0.000 ; total_accuracy: 0.000 ; loss: 0.174
2018-03-12 04:15:41,293:INFO: ROC AUC is :
2018-03-12 04:15:41,294:INFO: [0.7146924120322349, 0.7632160957509391, 0.8294729189385678, 0.8363420149719276, 0.7029307813604481, 0.8104835355491913, 0.6644140625, 0.4883707833530438, 0.7295122225028767, 0.747520355292376, 0.8644478233935912, 0.7220332751171983, 0.6786438107192825, 0.7265306859531743]
2018-03-12 04:15:41,294:INFO: average ROC_AUC scores :
2018-03-12 04:15:41,294:INFO: 0.7341864841024892
2018-03-12 04:15:41,294:INFO: evaluation end! dev loss is:
2018-03-12 04:15:41,294:INFO: 0.17391246131819207
2018-03-12 04:15:41,295:INFO: 

2018-03-12 04:15:41,295:INFO: Epoch 2/9
2018-03-12 04:15:41,295:INFO: ----------
2018-03-12 04:16:57,429:INFO: - Train metrics: accuracy: 0.500 ; total_accuracy: 0.943 ; loss: 0.157
2018-03-12 04:16:57,429:INFO: False positives of each disease: [791  45   8  81  79   2   5   0  13   1   0   1   0   0   0]
2018-03-12 04:16:57,429:INFO: False negatives of each disease: [1173  554  120  466  901  222  310   81  336  249   70  147  147  212
   12]
2018-03-12 04:16:57,430:INFO: 

2018-03-12 04:16:57,430:INFO: Metric Report for the dev set
2018-03-12 04:17:15,605:INFO: - Eval metrics : accuracy: 0.000 ; total_accuracy: 0.000 ; loss: 0.174
2018-03-12 04:17:15,623:INFO: ROC AUC is :
2018-03-12 04:17:15,623:INFO: [0.7136466395382857, 0.7701507986786732, 0.8095238095238095, 0.8380965377417343, 0.694180849328476, 0.8077741203313091, 0.6715039062499999, 0.5486287098045841, 0.7377283825881957, 0.7446854182087344, 0.8642037881774324, 0.752987406930784, 0.6739758626551079, 0.7145217650404964]
2018-03-12 04:17:15,624:INFO: average ROC_AUC scores :
2018-03-12 04:17:15,624:INFO: 0.7386862853426873
2018-03-12 04:17:15,624:INFO: evaluation end! dev loss is:
2018-03-12 04:17:15,624:INFO: 0.17438637256389483
2018-03-12 04:17:15,625:INFO: 

2018-03-12 04:17:15,625:INFO: Epoch 3/9
2018-03-12 04:17:15,625:INFO: ----------
2018-03-12 04:18:31,360:INFO: - Train metrics: accuracy: 0.555 ; total_accuracy: 0.951 ; loss: 0.134
2018-03-12 04:18:31,360:INFO: False positives of each disease: [604  33  13  76  76   0   6   0  23   0   0   3   0   0   0]
2018-03-12 04:18:31,360:INFO: False negatives of each disease: [936 478  80 387 794 208 289  81 259 246  70 142 147 212  12]
2018-03-12 04:18:31,361:INFO: 

2018-03-12 04:18:31,361:INFO: Metric Report for the dev set
2018-03-12 04:18:49,263:INFO: - Eval metrics : accuracy: 0.000 ; total_accuracy: 0.000 ; loss: 0.169
2018-03-12 04:18:49,281:INFO: ROC AUC is :
2018-03-12 04:18:49,281:INFO: [0.7122263889997075, 0.7848997692203266, 0.7978771355870593, 0.8497608650447079, 0.6879930400739493, 0.8070373495264465, 0.668828125, 0.5415892324153855, 0.7591563526142967, 0.7536565507031829, 0.8692346680182463, 0.7804485706406838, 0.6793368114122831, 0.7463408908271708]
2018-03-12 04:18:49,281:INFO: average ROC_AUC scores :
2018-03-12 04:18:49,281:INFO: 0.7455989821488176
2018-03-12 04:18:49,282:INFO: evaluation end! dev loss is:
2018-03-12 04:18:49,282:INFO: 0.16935361614311115
2018-03-12 04:18:49,282:INFO: Found better model!
2018-03-12 04:18:49,287:INFO: 

2018-03-12 04:18:49,287:INFO: Epoch 4/9
2018-03-12 04:18:49,287:INFO: ----------
2018-03-12 04:20:04,816:INFO: - Train metrics: accuracy: 0.594 ; total_accuracy: 0.957 ; loss: 0.119
2018-03-12 04:20:04,817:INFO: False positives of each disease: [489  55   9  69  81   5   5   0  15   0   0   2   1   0   0]
2018-03-12 04:20:04,817:INFO: False negatives of each disease: [765 402  69 322 678 196 271  80 238 241  70 124 146 212  12]
2018-03-12 04:20:04,817:INFO: 

2018-03-12 04:20:04,818:INFO: Metric Report for the dev set
2018-03-12 04:20:22,751:INFO: - Eval metrics : accuracy: 0.000 ; total_accuracy: 0.000 ; loss: 0.172
2018-03-12 04:20:22,770:INFO: ROC AUC is :
2018-03-12 04:20:22,770:INFO: [0.7118753158328679, 0.7828238834336395, 0.7861868411486732, 0.8487991266375545, 0.6868120276222066, 0.8040189659065252, 0.6621940104166667, 0.5221978187006062, 0.769000308719935, 0.7556476683937824, 0.8724634416474255, 0.7861246438091737, 0.6761594686122987, 0.7327879657971486]
2018-03-12 04:20:22,771:INFO: average ROC_AUC scores :
2018-03-12 04:20:22,771:INFO: 0.7426493919056075
2018-03-12 04:20:22,771:INFO: evaluation end! dev loss is:
2018-03-12 04:20:22,771:INFO: 0.1724597693597316
2018-03-12 04:20:22,772:INFO: 

2018-03-12 04:20:22,772:INFO: Epoch 5/9
2018-03-12 04:20:22,772:INFO: ----------
2018-03-12 04:21:38,416:INFO: - Train metrics: accuracy: 0.630 ; total_accuracy: 0.961 ; loss: 0.107
2018-03-12 04:21:38,416:INFO: False positives of each disease: [391  48   8  61  85   2   9   0  12   1   0   5   0   0   0]
2018-03-12 04:21:38,416:INFO: False negatives of each disease: [602 353  70 285 610 179 250  81 210 233  70 122 142 206  12]
2018-03-12 04:21:38,417:INFO: 

2018-03-12 04:21:38,417:INFO: Metric Report for the dev set
2018-03-12 04:21:56,294:INFO: - Eval metrics : accuracy: 0.000 ; total_accuracy: 0.000 ; loss: 0.177
2018-03-12 04:21:56,313:INFO: ROC AUC is :
2018-03-12 04:21:56,313:INFO: [0.7045761855368494, 0.7766301642608263, 0.7779280261723011, 0.8471160844250363, 0.6792692077646676, 0.7968176254589964, 0.6628971354166668, 0.507405530213437, 0.7674216272347114, 0.7441450777202072, 0.8644665953332957, 0.7942595826822318, 0.6724198799670499, 0.7369323979015991]
2018-03-12 04:21:56,313:INFO: average ROC_AUC scores :
2018-03-12 04:21:56,313:INFO: 0.7380203657205625
2018-03-12 04:21:56,313:INFO: evaluation end! dev loss is:
2018-03-12 04:21:56,314:INFO: 0.17676280726605909
2018-03-12 04:21:56,314:INFO: 

2018-03-12 04:21:56,315:INFO: Epoch 6/9
2018-03-12 04:21:56,315:INFO: ----------
2018-03-12 04:23:11,892:INFO: - Train metrics: accuracy: 0.648 ; total_accuracy: 0.964 ; loss: 0.098
2018-03-12 04:23:11,892:INFO: False positives of each disease: [344  40   8  59  74   0   4   0  12   0   0   3   0   0   0]
2018-03-12 04:23:11,892:INFO: False negatives of each disease: [544 318  71 242 554 178 246  80 186 231  70 117 140 207  12]
2018-03-12 04:23:11,893:INFO: 

2018-03-12 04:23:11,893:INFO: Metric Report for the dev set
2018-03-12 04:23:29,895:INFO: - Eval metrics : accuracy: 0.000 ; total_accuracy: 0.000 ; loss: 0.177
2018-03-12 04:23:29,914:INFO: ROC AUC is :
2018-03-12 04:23:29,914:INFO: [0.7006069310353998, 0.772093759898638, 0.7773173391494003, 0.8445590299438553, 0.671987385134033, 0.7945241292438593, 0.667412109375, 0.502768861106418, 0.7695125031573631, 0.7333752775721687, 0.8617071201967299, 0.7952247449214082, 0.6750742033760903, 0.742024902709682]
2018-03-12 04:23:29,914:INFO: average ROC_AUC scores :
2018-03-12 04:23:29,914:INFO: 0.7362991640585747
2018-03-12 04:23:29,914:INFO: evaluation end! dev loss is:
2018-03-12 04:23:29,914:INFO: 0.17672407213454425
2018-03-12 04:23:29,915:INFO: 

2018-03-12 04:23:29,916:INFO: Epoch 7/9
2018-03-12 04:23:29,916:INFO: ----------
2018-03-12 04:24:45,572:INFO: - Train metrics: accuracy: 0.658 ; total_accuracy: 0.965 ; loss: 0.096
2018-03-12 04:24:45,572:INFO: False positives of each disease: [336  47   7  53  73   0   5   0   7   1   0   2   0   0   0]
2018-03-12 04:24:45,573:INFO: False negatives of each disease: [510 318  72 247 545 174 232  80 188 230  70 120 138 204  12]
2018-03-12 04:24:45,573:INFO: 

2018-03-12 04:24:45,573:INFO: Metric Report for the dev set
2018-03-12 04:25:03,667:INFO: - Eval metrics : accuracy: 0.000 ; total_accuracy: 0.000 ; loss: 0.177
2018-03-12 04:25:03,685:INFO: ROC AUC is :
2018-03-12 04:25:03,685:INFO: [0.7000324476714805, 0.7713471197791755, 0.7753834969102145, 0.8441171501351633, 0.6709629710184329, 0.7938586588394672, 0.6668359374999999, 0.4981321919993993, 0.7687898178552385, 0.7334492968171725, 0.8617071201967299, 0.7952707050280357, 0.6751657317695055, 0.741564410253632]
2018-03-12 04:25:03,686:INFO: average ROC_AUC scores :
2018-03-12 04:25:03,686:INFO: 0.7354726468409749
2018-03-12 04:25:03,686:INFO: evaluation end! dev loss is:
2018-03-12 04:25:03,686:INFO: 0.17715473143447888
2018-03-12 04:25:03,687:INFO: 

2018-03-12 04:25:03,687:INFO: Epoch 8/9
2018-03-12 04:25:03,687:INFO: ----------
2018-03-12 04:26:19,146:INFO: - Train metrics: accuracy: 0.662 ; total_accuracy: 0.966 ; loss: 0.095
2018-03-12 04:26:19,147:INFO: False positives of each disease: [310  44   4  53  76   2   5   0   6   1   0   2   0   0   0]
2018-03-12 04:26:19,147:INFO: False negatives of each disease: [489 323  63 252 535 168 230  81 192 231  70 121 140 201  12]
2018-03-12 04:26:19,147:INFO: 

2018-03-12 04:26:19,148:INFO: Metric Report for the dev set
2018-03-12 04:26:37,047:INFO: - Eval metrics : accuracy: 0.000 ; total_accuracy: 0.000 ; loss: 0.177
2018-03-12 04:26:37,065:INFO: ROC AUC is :
2018-03-12 04:26:37,065:INFO: [0.7001133008856618, 0.7716638761934929, 0.775281715739731, 0.8444323144104804, 0.6706149747158936, 0.7946904968449572, 0.6677473958333333, 0.4972874547126955, 0.7684249670230979, 0.7326350851221318, 0.8622515064481613, 0.7963967276404081, 0.675597222767034, 0.7414741176151908]
2018-03-12 04:26:37,065:INFO: average ROC_AUC scores :
2018-03-12 04:26:37,065:INFO: 0.7356150825680193
2018-03-12 04:26:37,065:INFO: evaluation end! dev loss is:
2018-03-12 04:26:37,066:INFO: 0.17722270059782022
2018-03-12 04:26:37,066:INFO: 

2018-03-12 04:26:37,067:INFO: Epoch 9/9
2018-03-12 04:26:37,067:INFO: ----------
2018-03-12 04:27:52,578:INFO: - Train metrics: accuracy: 0.660 ; total_accuracy: 0.966 ; loss: 0.094
2018-03-12 04:27:52,579:INFO: False positives of each disease: [308  41   5  53  84   2   1   0   8   0   0   0   0   0   0]
2018-03-12 04:27:52,579:INFO: False negatives of each disease: [485 307  70 259 534 179 230  80 174 227  70 119 142 203  12]
2018-03-12 04:27:52,579:INFO: 

2018-03-12 04:27:52,579:INFO: Metric Report for the dev set
2018-03-12 04:28:10,583:INFO: - Eval metrics : accuracy: 0.000 ; total_accuracy: 0.000 ; loss: 0.177
2018-03-12 04:28:10,601:INFO: ROC AUC is :
2018-03-12 04:28:10,602:INFO: [0.6999436155216894, 0.77148852889271, 0.7756888404216649, 0.8444550582241631, 0.6711326192159209, 0.7948330976458985, 0.6686653645833334, 0.4951662255260836, 0.7686073924391681, 0.7333752775721688, 0.8621576467496387, 0.7957532861476239, 0.6750088259522222, 0.7415282931982555]
2018-03-12 04:28:10,602:INFO: average ROC_AUC scores :
2018-03-12 04:28:10,602:INFO: 0.7355574337207529
2018-03-12 04:28:10,602:INFO: evaluation end! dev loss is:
2018-03-12 04:28:10,602:INFO: 0.1773223367909668
2018-03-12 04:28:10,603:INFO: 

2018-03-12 04:28:10,603:INFO: Best eval loss: 0.169354
2018-03-12 04:28:10,603:INFO: Training complete in 15m 36s
