2018-03-11 07:54:50,952:INFO: Loading the datasets...
2018-03-11 07:54:55,362:INFO: Names of 14 diseases:
2018-03-11 07:54:55,366:INFO: Epoch 0/9
2018-03-11 07:54:55,366:INFO: ----------
2018-03-11 07:56:11,814:INFO: - Train metrics: accuracy: 0.411 ; total_accuracy: 0.926 ; loss: 2.487
2018-03-11 07:56:11,815:INFO: False positives of each disease: [920 185   5 175 652  16 203  49  33  55   0  12   4   0  46]
2018-03-11 07:56:11,815:INFO: False negatives of each disease: [1537  538  147  548  807  223  311   81  357  248   70  153  147  212
   12]
2018-03-11 07:56:11,816:INFO: 

2018-03-11 07:56:11,816:INFO: Metric Report for the dev set
2018-03-11 07:56:35,433:INFO: - Eval metrics : accuracy: 0.000 ; total_accuracy: 0.000 ; loss: 0.138
2018-03-11 07:56:35,451:INFO: ROC AUC is :
2018-03-11 07:56:35,451:INFO: [0.7034070055054655, 0.7704901805511561, 0.7772155579789168, 0.8132245529216052, 0.548409548148551, 0.7015246402300627, 0.6021874999999999, 0.5644346830357981, 0.6454983020403582, 0.7140044411547002, 0.8212723620731729, 0.6936299292214357, 0.6387243557054878, 0.6990365775478325]
2018-03-11 07:56:35,451:INFO: average ROC_AUC scores :
2018-03-11 07:56:35,451:INFO: 0.6923614025796103
2018-03-11 07:56:35,451:INFO: evaluation end! dev loss is:
2018-03-11 07:56:35,452:INFO: 0.1380817222018086
2018-03-11 07:56:35,453:INFO: Found better model!
2018-03-11 07:56:35,457:INFO: 

2018-03-11 07:56:35,458:INFO: Epoch 1/9
2018-03-11 07:56:35,458:INFO: ----------
2018-03-11 07:57:51,987:INFO: - Train metrics: accuracy: 0.410 ; total_accuracy: 0.932 ; loss: 2.189
2018-03-11 07:57:51,988:INFO: False positives of each disease: [798 272  23 206 882   1  40   0  65   0   0   0   1   4   0]
2018-03-11 07:57:51,988:INFO: False negatives of each disease: [1387  469  125  437  686  225  315   81  323  248   70  150  147  211
   12]
2018-03-11 07:57:51,988:INFO: 

2018-03-11 07:57:51,988:INFO: Metric Report for the dev set
2018-03-11 07:58:15,543:INFO: - Eval metrics : accuracy: 0.000 ; total_accuracy: 0.000 ; loss: 0.140
2018-03-11 07:58:15,560:INFO: ROC AUC is :
2018-03-11 07:58:15,560:INFO: [0.707193276416926, 0.7631453911941717, 0.7661359505634314, 0.8280925088375962, 0.589686259583492, 0.7095340518829247, 0.6378125, 0.5542790636556474, 0.6836076730936543, 0.7222649888971132, 0.8266974526477822, 0.701351227134847, 0.6321212358948207, 0.680373089182039]
2018-03-11 07:58:15,561:INFO: average ROC_AUC scores :
2018-03-11 07:58:15,561:INFO: 0.7001639049274605
2018-03-11 07:58:15,561:INFO: evaluation end! dev loss is:
2018-03-11 07:58:15,561:INFO: 0.13981795949513617
2018-03-11 07:58:15,562:INFO: 

2018-03-11 07:58:15,562:INFO: Epoch 2/9
2018-03-11 07:58:15,562:INFO: ----------
2018-03-11 07:59:32,586:INFO: - Train metrics: accuracy: 0.374 ; total_accuracy: 0.934 ; loss: 1.950
2018-03-11 07:59:32,586:INFO: False positives of each disease: [ 735  392   54  223 1145   13  106    0  118    2    0    4    3   12
    0]
2018-03-11 07:59:32,587:INFO: False negatives of each disease: [1150  387   99  340  559  215  272   81  262  243   70  139  145  202
   12]
2018-03-11 07:59:32,587:INFO: 

2018-03-11 07:59:32,588:INFO: Metric Report for the dev set
2018-03-11 07:59:56,240:INFO: - Eval metrics : accuracy: 0.000 ; total_accuracy: 0.000 ; loss: 0.142
2018-03-11 07:59:56,259:INFO: ROC AUC is :
2018-03-11 07:59:56,259:INFO: [0.703952764701189, 0.7326604144983936, 0.7841802980734278, 0.8190729621542939, 0.5922853569680822, 0.7085952632767287, 0.6467057291666667, 0.5094704435809352, 0.7063722601105779, 0.7222057735011103, 0.8263971016125096, 0.6582406471183013, 0.6018776396134886, 0.6743505701980117]
2018-03-11 07:59:56,259:INFO: average ROC_AUC scores :
2018-03-11 07:59:56,259:INFO: 0.6918833731838369
2018-03-11 07:59:56,260:INFO: evaluation end! dev loss is:
2018-03-11 07:59:56,260:INFO: 0.14224084311901242
2018-03-11 07:59:56,261:INFO: 

2018-03-11 07:59:56,261:INFO: Epoch 3/9
2018-03-11 07:59:56,261:INFO: ----------
2018-03-11 08:01:13,395:INFO: - Train metrics: accuracy: 0.417 ; total_accuracy: 0.941 ; loss: 1.646
2018-03-11 08:01:13,395:INFO: False positives of each disease: [ 639  369   61  170 1106   12   61    0  230   14    0    5    5   14
    0]
2018-03-11 08:01:13,396:INFO: False negatives of each disease: [938 312  66 267 456 173 242  81 179 228  70 128 141 190  12]
2018-03-11 08:01:13,396:INFO: 

2018-03-11 08:01:13,396:INFO: Metric Report for the dev set
2018-03-11 08:01:37,171:INFO: - Eval metrics : accuracy: 0.000 ; total_accuracy: 0.000 ; loss: 0.139
2018-03-11 08:01:37,189:INFO: ROC AUC is :
2018-03-11 08:01:37,190:INFO: [0.6992973217372803, 0.7414645459070548, 0.7877717193747729, 0.8272639841962984, 0.6148050676961558, 0.7260163277917078, 0.63322265625, 0.5304199282911903, 0.7540414246021723, 0.6727165062916358, 0.8190197293086294, 0.6873104145601618, 0.6144693314504635, 0.6494027141967116]
2018-03-11 08:01:37,190:INFO: average ROC_AUC scores :
2018-03-11 08:01:37,190:INFO: 0.6969444051181596
2018-03-11 08:01:37,190:INFO: evaluation end! dev loss is:
2018-03-11 08:01:37,190:INFO: 0.13907526260678424
2018-03-11 08:01:37,191:INFO: 

2018-03-11 08:01:37,192:INFO: Epoch 4/9
2018-03-11 08:01:37,192:INFO: ----------
2018-03-11 08:02:54,403:INFO: - Train metrics: accuracy: 0.443 ; total_accuracy: 0.947 ; loss: 1.440
2018-03-11 08:02:54,403:INFO: False positives of each disease: [ 524  385   55  156 1175   22  109    0  135    9    0    8    6   18
    0]
2018-03-11 08:02:54,403:INFO: False negatives of each disease: [808 230  56 224 350 152 195  81 145 218  65 111 132 166  12]
2018-03-11 08:02:54,404:INFO: 

2018-03-11 08:02:54,404:INFO: Metric Report for the dev set
2018-03-11 08:03:18,026:INFO: - Eval metrics : accuracy: 0.000 ; total_accuracy: 0.000 ; loss: 0.141
2018-03-11 08:03:18,038:INFO: ROC AUC is :
2018-03-11 08:03:18,038:INFO: [0.6975855740844171, 0.7415889859269651, 0.7830025445292621, 0.8276798710750677, 0.6175977380240335, 0.7115185796960226, 0.6221940104166668, 0.5425090574609074, 0.7528275939490892, 0.6697335307179867, 0.819432711982129, 0.6866210129607501, 0.6168359941944848, 0.6550008577800652]
2018-03-11 08:03:18,039:INFO: average ROC_AUC scores :
2018-03-11 08:03:18,039:INFO: 0.6960091473427034
2018-03-11 08:03:18,039:INFO: evaluation end! dev loss is:
2018-03-11 08:03:18,039:INFO: 0.140697251005382
2018-03-11 08:03:18,040:INFO: 

2018-03-11 08:03:18,040:INFO: Epoch 5/9
2018-03-11 08:03:18,040:INFO: ----------
2018-03-11 08:04:35,090:INFO: - Train metrics: accuracy: 0.465 ; total_accuracy: 0.950 ; loss: 1.315
2018-03-11 08:04:35,090:INFO: False positives of each disease: [ 423  419   45  168 1189   12  107    0  151   10    0    7    7   21
    0]
2018-03-11 08:04:35,091:INFO: False negatives of each disease: [746 197  46 193 284 148 192  78 127 204  63 105 131 145  12]
2018-03-11 08:04:35,091:INFO: 

2018-03-11 08:04:35,091:INFO: Metric Report for the dev set
2018-03-11 08:04:58,637:INFO: - Eval metrics : accuracy: 0.000 ; total_accuracy: 0.000 ; loss: 0.140
2018-03-11 08:04:58,654:INFO: ROC AUC is :
2018-03-11 08:04:58,655:INFO: [0.6970408787467752, 0.7444115118331146, 0.7838313340603417, 0.8262697546267416, 0.6186634767005601, 0.7227840429703747, 0.6241601562500001, 0.533385894764506, 0.7568620021891049, 0.671502590673575, 0.8179497287454712, 0.6909182829304163, 0.616404503196956, 0.6591272313568274]
2018-03-11 08:04:58,655:INFO: average ROC_AUC scores :
2018-03-11 08:04:58,655:INFO: 0.6973793849317689
2018-03-11 08:04:58,655:INFO: evaluation end! dev loss is:
2018-03-11 08:04:58,655:INFO: 0.14010019903437204
2018-03-11 08:04:58,656:INFO: 

2018-03-11 08:04:58,656:INFO: Epoch 6/9
2018-03-11 08:04:58,656:INFO: ----------
2018-03-11 08:06:15,967:INFO: - Train metrics: accuracy: 0.467 ; total_accuracy: 0.951 ; loss: 1.307
2018-03-11 08:06:15,967:INFO: False positives of each disease: [ 430  398   45  159 1166   15  124    0  148   10    0    6    4   19
    0]
2018-03-11 08:06:15,967:INFO: False negatives of each disease: [729 180  52 188 276 145 183  78 134 206  62 107 131 151  12]
2018-03-11 08:06:15,968:INFO: 

2018-03-11 08:06:15,968:INFO: Metric Report for the dev set
2018-03-11 08:06:39,649:INFO: - Eval metrics : accuracy: 0.000 ; total_accuracy: 0.000 ; loss: 0.141
2018-03-11 08:06:39,666:INFO: ROC AUC is :
2018-03-11 08:06:39,666:INFO: [0.6958259528178941, 0.7434414453142676, 0.7832788077062885, 0.8262112705344147, 0.618983198303518, 0.7249349383845706, 0.6234114583333334, 0.534699930543823, 0.7590019926468525, 0.6726572908956328, 0.8176118338307897, 0.6917685449030243, 0.6146523882372938, 0.6581159538062861]
2018-03-11 08:06:39,667:INFO: average ROC_AUC scores :
2018-03-11 08:06:39,667:INFO: 0.6974710718755707
2018-03-11 08:06:39,667:INFO: evaluation end! dev loss is:
2018-03-11 08:06:39,667:INFO: 0.1405227243744739
2018-03-11 08:06:39,668:INFO: 

2018-03-11 08:06:39,668:INFO: Epoch 7/9
2018-03-11 08:06:39,669:INFO: ----------
2018-03-11 08:07:56,772:INFO: - Train metrics: accuracy: 0.471 ; total_accuracy: 0.952 ; loss: 1.276
2018-03-11 08:07:56,772:INFO: False positives of each disease: [ 402  417   47  166 1163   17  118    0  130    9    0    6    5   18
    0]
2018-03-11 08:07:56,773:INFO: False negatives of each disease: [695 181  46 177 276 141 171  79 125 204  63 111 128 147  12]
2018-03-11 08:07:56,773:INFO: 

2018-03-11 08:07:56,773:INFO: Metric Report for the dev set
2018-03-11 08:08:20,328:INFO: - Eval metrics : accuracy: 0.000 ; total_accuracy: 0.000 ; loss: 0.140
2018-03-11 08:08:20,347:INFO: ROC AUC is :
2018-03-11 08:08:20,347:INFO: [0.6956748849703449, 0.7442050545273542, 0.7828571428571429, 0.826324989602828, 0.6183600674242836, 0.7229979441717863, 0.6231119791666666, 0.533385894764506, 0.7583845527770762, 0.6738267949666914, 0.816241482232359, 0.6905965621840243, 0.6135278965467644, 0.6584500365685185]
2018-03-11 08:08:20,347:INFO: average ROC_AUC scores :
2018-03-11 08:08:20,347:INFO: 0.6969960916257392
2018-03-11 08:08:20,347:INFO: evaluation end! dev loss is:
2018-03-11 08:08:20,348:INFO: 0.14038607086922275
2018-03-11 08:08:20,349:INFO: 

2018-03-11 08:08:20,349:INFO: Epoch 8/9
2018-03-11 08:08:20,349:INFO: ----------
2018-03-11 08:09:37,392:INFO: - Train metrics: accuracy: 0.473 ; total_accuracy: 0.952 ; loss: 1.280
2018-03-11 08:09:37,392:INFO: False positives of each disease: [ 398  406   45  162 1173   17  112    0  140   10    0    6    3   16
    0]
2018-03-11 08:09:37,393:INFO: False negatives of each disease: [706 183  46 181 270 139 166  80 121 203  63 114 131 141  12]
2018-03-11 08:09:37,393:INFO: 

2018-03-11 08:09:37,393:INFO: Metric Report for the dev set
2018-03-11 08:10:01,016:INFO: - Eval metrics : accuracy: 0.000 ; total_accuracy: 0.000 ; loss: 0.140
2018-03-11 08:10:01,034:INFO: ROC AUC is :
2018-03-11 08:10:01,034:INFO: [0.6952296603633075, 0.7433537716638762, 0.7818829516539441, 0.8257563942607611, 0.6197509651459954, 0.7263847131941391, 0.6222200520833334, 0.5335360702821422, 0.7586301254525555, 0.672879348630644, 0.8184565711174936, 0.6901369611177498, 0.6157768799278234, 0.6581611001255068]
2018-03-11 08:10:01,034:INFO: average ROC_AUC scores :
2018-03-11 08:10:01,034:INFO: 0.6972968260728053
2018-03-11 08:10:01,035:INFO: evaluation end! dev loss is:
2018-03-11 08:10:01,035:INFO: 0.1404023597642954
2018-03-11 08:10:01,036:INFO: 

2018-03-11 08:10:01,036:INFO: Epoch 9/9
2018-03-11 08:10:01,036:INFO: ----------
2018-03-11 08:11:18,089:INFO: - Train metrics: accuracy: 0.474 ; total_accuracy: 0.952 ; loss: 1.282
2018-03-11 08:11:18,089:INFO: False positives of each disease: [ 400  410   45  171 1161   14  111    0  143    8    0   11    5   20
    0]
2018-03-11 08:11:18,089:INFO: False negatives of each disease: [701 198  50 181 282 135 166  79 122 205  64 108 127 157  12]
2018-03-11 08:11:18,090:INFO: 

2018-03-11 08:11:18,090:INFO: Metric Report for the dev set
2018-03-11 08:11:41,885:INFO: - Eval metrics : accuracy: 0.000 ; total_accuracy: 0.000 ; loss: 0.140
2018-03-11 08:11:41,902:INFO: ROC AUC is :
2018-03-11 08:11:41,903:INFO: [0.6960865980478205, 0.7439363772116384, 0.7838313340603418, 0.8266466521106259, 0.6194812680115274, 0.7234613967748453, 0.6229492187500001, 0.5346248427850049, 0.7590932053548876, 0.6725536639526277, 0.8188695537909932, 0.6912170236234948, 0.6160776160776161, 0.6590640265099187]
2018-03-11 08:11:41,903:INFO: average ROC_AUC scores :
2018-03-11 08:11:41,903:INFO: 0.6977066269329529
2018-03-11 08:11:41,903:INFO: evaluation end! dev loss is:
2018-03-11 08:11:41,903:INFO: 0.14048124220032332
2018-03-11 08:11:41,904:INFO: 

2018-03-11 08:11:41,904:INFO: Best eval loss: 0.138082
2018-03-11 08:11:41,904:INFO: Training complete in 16m 47s
